15:00:59.415 [DEBUG] [org.gradle.internal.nativeintegration.services.NativeServices] Native-platform posix files is not available.  Continuing with fallback.
15:00:59.420 [DEBUG] [org.gradle.internal.nativeintegration.filesystem.services.FileSystemServices] Using JDK 7 file service org.gradle.internal.nativeintegration.filesystem.jdk7.WindowsJdk7Symlink
15:01:00.007 [INFO] [org.gradle.launcher.daemon.server.Daemon] start() called on daemon - DefaultDaemonContext[uid=d54fb49a-52ea-4d9f-a63b-ec79d61c1265,javaHome=C:\Program Files\Java\jdk1.8.0_101,daemonRegistryDir=C:\Users\TIH\.gradle\daemon,pid=2208,idleTimeout=10800000,daemonOpts=-Xmx1536m,-Dfile.encoding=windows-1252,-Duser.country=US,-Duser.language=en,-Duser.variant]
15:01:00.013 [DEBUG] [org.gradle.launcher.daemon.server.DaemonStateCoordinator] updating lastActivityAt to 1475154060013
15:01:00.200 [DEBUG] [org.gradle.internal.remote.internal.inet.InetAddressFactory] Adding IP addresses for network interface Software Loopback Interface 1
15:01:00.201 [DEBUG] [org.gradle.internal.remote.internal.inet.InetAddressFactory] Is this a loopback interface? true
15:01:00.203 [DEBUG] [org.gradle.internal.remote.internal.inet.InetAddressFactory] Is this a multicast interface? true
15:01:00.208 [DEBUG] [org.gradle.internal.remote.internal.inet.InetAddressFactory] Adding loopback address /127.0.0.1
15:01:00.208 [DEBUG] [org.gradle.internal.remote.internal.inet.InetAddressFactory] Adding loopback address /0:0:0:0:0:0:0:1
15:01:00.208 [DEBUG] [org.gradle.internal.remote.internal.inet.InetAddressFactory] Adding loopback multicast interface Software Loopback Interface 1
15:01:00.209 [DEBUG] [org.gradle.internal.remote.internal.inet.InetAddressFactory] Adding IP addresses for network interface WAN Miniport (SSTP)
15:01:00.210 [DEBUG] [org.gradle.internal.remote.internal.inet.InetAddressFactory] Is this a loopback interface? false
15:01:00.212 [DEBUG] [org.gradle.internal.remote.internal.inet.InetAddressFactory] Is this a multicast interface? true
15:01:00.212 [DEBUG] [org.gradle.internal.remote.internal.inet.InetAddressFactory] Adding loopback multicast interface WAN Miniport (SSTP)
15:01:00.212 [DEBUG] [org.gradle.internal.remote.internal.inet.InetAddressFactory] Adding IP addresses for network interface WAN Miniport (L2TP)
15:01:00.214 [DEBUG] [org.gradle.internal.remote.internal.inet.InetAddressFactory] Is this a loopback interface? false
15:01:00.216 [DEBUG] [org.gradle.internal.remote.internal.inet.InetAddressFactory] Is this a multicast interface? true
15:01:00.216 [DEBUG] [org.gradle.internal.remote.internal.inet.InetAddressFactory] Adding loopback multicast interface WAN Miniport (L2TP)
15:01:00.216 [DEBUG] [org.gradle.internal.remote.internal.inet.InetAddressFactory] Adding IP addresses for network interface WAN Miniport (PPTP)
15:01:00.218 [DEBUG] [org.gradle.internal.remote.internal.inet.InetAddressFactory] Is this a loopback interface? false
15:01:00.219 [DEBUG] [org.gradle.internal.remote.internal.inet.InetAddressFactory] Is this a multicast interface? true
15:01:00.219 [DEBUG] [org.gradle.internal.remote.internal.inet.InetAddressFactory] Adding loopback multicast interface WAN Miniport (PPTP)
15:01:00.219 [DEBUG] [org.gradle.internal.remote.internal.inet.InetAddressFactory] Adding IP addresses for network interface WAN Miniport (PPPOE)
15:01:00.221 [DEBUG] [org.gradle.internal.remote.internal.inet.InetAddressFactory] Is this a loopback interface? false
15:01:00.223 [DEBUG] [org.gradle.internal.remote.internal.inet.InetAddressFactory] Is this a multicast interface? true
15:01:00.223 [DEBUG] [org.gradle.internal.remote.internal.inet.InetAddressFactory] Adding loopback multicast interface WAN Miniport (PPPOE)
15:01:00.223 [DEBUG] [org.gradle.internal.remote.internal.inet.InetAddressFactory] Adding IP addresses for network interface WAN Miniport (IPv6)
15:01:00.225 [DEBUG] [org.gradle.internal.remote.internal.inet.InetAddressFactory] Is this a loopback interface? false
15:01:00.226 [DEBUG] [org.gradle.internal.remote.internal.inet.InetAddressFactory] Is this a multicast interface? true
15:01:00.226 [DEBUG] [org.gradle.internal.remote.internal.inet.InetAddressFactory] Adding loopback multicast interface WAN Miniport (IPv6)
15:01:00.227 [DEBUG] [org.gradle.internal.remote.internal.inet.InetAddressFactory] Adding IP addresses for network interface WAN Miniport (Network Monitor)
15:01:00.228 [DEBUG] [org.gradle.internal.remote.internal.inet.InetAddressFactory] Is this a loopback interface? false
15:01:00.230 [DEBUG] [org.gradle.internal.remote.internal.inet.InetAddressFactory] Is this a multicast interface? true
15:01:00.230 [DEBUG] [org.gradle.internal.remote.internal.inet.InetAddressFactory] Adding loopback multicast interface WAN Miniport (Network Monitor)
15:01:00.231 [DEBUG] [org.gradle.internal.remote.internal.inet.InetAddressFactory] Adding IP addresses for network interface WAN Miniport (IP)
15:01:00.232 [DEBUG] [org.gradle.internal.remote.internal.inet.InetAddressFactory] Is this a loopback interface? false
15:01:00.234 [DEBUG] [org.gradle.internal.remote.internal.inet.InetAddressFactory] Is this a multicast interface? true
15:01:00.234 [DEBUG] [org.gradle.internal.remote.internal.inet.InetAddressFactory] Adding loopback multicast interface WAN Miniport (IP)
15:01:00.234 [DEBUG] [org.gradle.internal.remote.internal.inet.InetAddressFactory] Adding IP addresses for network interface RAS Async Adapter
15:01:00.235 [DEBUG] [org.gradle.internal.remote.internal.inet.InetAddressFactory] Is this a loopback interface? false
15:01:00.237 [DEBUG] [org.gradle.internal.remote.internal.inet.InetAddressFactory] Is this a multicast interface? true
15:01:00.237 [DEBUG] [org.gradle.internal.remote.internal.inet.InetAddressFactory] Adding loopback multicast interface RAS Async Adapter
15:01:00.237 [DEBUG] [org.gradle.internal.remote.internal.inet.InetAddressFactory] Adding IP addresses for network interface WAN Miniport (IKEv2)
15:01:00.239 [DEBUG] [org.gradle.internal.remote.internal.inet.InetAddressFactory] Is this a loopback interface? false
15:01:00.241 [DEBUG] [org.gradle.internal.remote.internal.inet.InetAddressFactory] Is this a multicast interface? true
15:01:00.241 [DEBUG] [org.gradle.internal.remote.internal.inet.InetAddressFactory] Adding loopback multicast interface WAN Miniport (IKEv2)
15:01:00.241 [DEBUG] [org.gradle.internal.remote.internal.inet.InetAddressFactory] Adding IP addresses for network interface Intel(R) Ethernet Connection I217-LM
15:01:00.242 [DEBUG] [org.gradle.internal.remote.internal.inet.InetAddressFactory] Is this a loopback interface? false
15:01:00.244 [DEBUG] [org.gradle.internal.remote.internal.inet.InetAddressFactory] Is this a multicast interface? true
15:01:00.244 [DEBUG] [org.gradle.internal.remote.internal.inet.InetAddressFactory] Adding remote address /fe80:0:0:0:2cef:80cc:b40:5c91%eth3
15:01:00.245 [DEBUG] [org.gradle.internal.remote.internal.inet.InetAddressFactory] Adding remote multicast interface Intel(R) Ethernet Connection I217-LM
15:01:00.245 [DEBUG] [org.gradle.internal.remote.internal.inet.InetAddressFactory] Adding IP addresses for network interface Microsoft 6to4 Adapter
15:01:00.246 [DEBUG] [org.gradle.internal.remote.internal.inet.InetAddressFactory] Is this a loopback interface? false
15:01:00.248 [DEBUG] [org.gradle.internal.remote.internal.inet.InetAddressFactory] Is this a multicast interface? false
15:01:00.248 [DEBUG] [org.gradle.internal.remote.internal.inet.InetAddressFactory] Adding IP addresses for network interface Bluetooth Device (RFCOMM Protocol TDI) #2
15:01:00.249 [DEBUG] [org.gradle.internal.remote.internal.inet.InetAddressFactory] Is this a loopback interface? false
15:01:00.251 [DEBUG] [org.gradle.internal.remote.internal.inet.InetAddressFactory] Is this a multicast interface? true
15:01:00.251 [DEBUG] [org.gradle.internal.remote.internal.inet.InetAddressFactory] Adding loopback multicast interface Bluetooth Device (RFCOMM Protocol TDI) #2
15:01:00.251 [DEBUG] [org.gradle.internal.remote.internal.inet.InetAddressFactory] Adding IP addresses for network interface Bluetooth Device (Personal Area Network) #2
15:01:00.252 [DEBUG] [org.gradle.internal.remote.internal.inet.InetAddressFactory] Is this a loopback interface? false
15:01:00.254 [DEBUG] [org.gradle.internal.remote.internal.inet.InetAddressFactory] Is this a multicast interface? true
15:01:00.254 [DEBUG] [org.gradle.internal.remote.internal.inet.InetAddressFactory] Adding remote address /fe80:0:0:0:1c53:e74b:d4ec:2c4b%eth4
15:01:00.254 [DEBUG] [org.gradle.internal.remote.internal.inet.InetAddressFactory] Adding remote multicast interface Bluetooth Device (Personal Area Network) #2
15:01:00.254 [DEBUG] [org.gradle.internal.remote.internal.inet.InetAddressFactory] Adding IP addresses for network interface Intel(R) Centrino(R) Advanced-N 6235
15:01:00.256 [DEBUG] [org.gradle.internal.remote.internal.inet.InetAddressFactory] Is this a loopback interface? false
15:01:00.258 [DEBUG] [org.gradle.internal.remote.internal.inet.InetAddressFactory] Is this a multicast interface? true
15:01:00.258 [DEBUG] [org.gradle.internal.remote.internal.inet.InetAddressFactory] Adding remote address /192.168.1.5
15:01:00.258 [DEBUG] [org.gradle.internal.remote.internal.inet.InetAddressFactory] Adding remote address /fe80:0:0:0:3d30:1059:778:5402%wlan0
15:01:00.258 [DEBUG] [org.gradle.internal.remote.internal.inet.InetAddressFactory] Adding remote multicast interface Intel(R) Centrino(R) Advanced-N 6235
15:01:00.258 [DEBUG] [org.gradle.internal.remote.internal.inet.InetAddressFactory] Adding IP addresses for network interface Microsoft Virtual WiFi Miniport Adapter
15:01:00.260 [DEBUG] [org.gradle.internal.remote.internal.inet.InetAddressFactory] Is this a loopback interface? false
15:01:00.262 [DEBUG] [org.gradle.internal.remote.internal.inet.InetAddressFactory] Is this a multicast interface? true
15:01:00.262 [DEBUG] [org.gradle.internal.remote.internal.inet.InetAddressFactory] Adding remote address /fe80:0:0:0:953:8a37:1fc8:de1%wlan1
15:01:00.263 [DEBUG] [org.gradle.internal.remote.internal.inet.InetAddressFactory] Adding remote multicast interface Microsoft Virtual WiFi Miniport Adapter
15:01:00.263 [DEBUG] [org.gradle.internal.remote.internal.inet.InetAddressFactory] Adding IP addresses for network interface Microsoft Virtual WiFi Miniport Adapter #2
15:01:00.265 [DEBUG] [org.gradle.internal.remote.internal.inet.InetAddressFactory] Is this a loopback interface? false
15:01:00.266 [DEBUG] [org.gradle.internal.remote.internal.inet.InetAddressFactory] Is this a multicast interface? true
15:01:00.266 [DEBUG] [org.gradle.internal.remote.internal.inet.InetAddressFactory] Adding remote address /fe80:0:0:0:8487:45b4:637e:5939%wlan2
15:01:00.266 [DEBUG] [org.gradle.internal.remote.internal.inet.InetAddressFactory] Adding remote multicast interface Microsoft Virtual WiFi Miniport Adapter #2
15:01:00.266 [DEBUG] [org.gradle.internal.remote.internal.inet.InetAddressFactory] Adding IP addresses for network interface VirtualBox Host-Only Ethernet Adapter
15:01:00.268 [DEBUG] [org.gradle.internal.remote.internal.inet.InetAddressFactory] Is this a loopback interface? false
15:01:00.269 [DEBUG] [org.gradle.internal.remote.internal.inet.InetAddressFactory] Is this a multicast interface? true
15:01:00.270 [DEBUG] [org.gradle.internal.remote.internal.inet.InetAddressFactory] Adding remote address /192.168.56.1
15:01:00.270 [DEBUG] [org.gradle.internal.remote.internal.inet.InetAddressFactory] Adding remote address /fe80:0:0:0:7863:3c16:9d58:eb2e%eth5
15:01:00.270 [DEBUG] [org.gradle.internal.remote.internal.inet.InetAddressFactory] Adding remote multicast interface VirtualBox Host-Only Ethernet Adapter
15:01:00.270 [DEBUG] [org.gradle.internal.remote.internal.inet.InetAddressFactory] Adding IP addresses for network interface Microsoft ISATAP Adapter #6
15:01:00.272 [DEBUG] [org.gradle.internal.remote.internal.inet.InetAddressFactory] Is this a loopback interface? false
15:01:00.273 [DEBUG] [org.gradle.internal.remote.internal.inet.InetAddressFactory] Is this a multicast interface? false
15:01:00.273 [DEBUG] [org.gradle.internal.remote.internal.inet.InetAddressFactory] Adding IP addresses for network interface VirtualBox Host-Only Ethernet Adapter #2
15:01:00.275 [DEBUG] [org.gradle.internal.remote.internal.inet.InetAddressFactory] Is this a loopback interface? false
15:01:00.276 [DEBUG] [org.gradle.internal.remote.internal.inet.InetAddressFactory] Is this a multicast interface? true
15:01:00.276 [DEBUG] [org.gradle.internal.remote.internal.inet.InetAddressFactory] Adding remote address /192.168.211.2
15:01:00.276 [DEBUG] [org.gradle.internal.remote.internal.inet.InetAddressFactory] Adding remote address /fe80:0:0:0:ac9f:31f1:38d5:108d%eth6
15:01:00.277 [DEBUG] [org.gradle.internal.remote.internal.inet.InetAddressFactory] Adding remote multicast interface VirtualBox Host-Only Ethernet Adapter #2
15:01:00.277 [DEBUG] [org.gradle.internal.remote.internal.inet.InetAddressFactory] Adding IP addresses for network interface Microsoft ISATAP Adapter #7
15:01:00.278 [DEBUG] [org.gradle.internal.remote.internal.inet.InetAddressFactory] Is this a loopback interface? false
15:01:00.280 [DEBUG] [org.gradle.internal.remote.internal.inet.InetAddressFactory] Is this a multicast interface? false
15:01:00.280 [DEBUG] [org.gradle.internal.remote.internal.inet.InetAddressFactory] Adding IP addresses for network interface Microsoft ISATAP Adapter
15:01:00.281 [DEBUG] [org.gradle.internal.remote.internal.inet.InetAddressFactory] Is this a loopback interface? false
15:01:00.283 [DEBUG] [org.gradle.internal.remote.internal.inet.InetAddressFactory] Is this a multicast interface? false
15:01:00.283 [DEBUG] [org.gradle.internal.remote.internal.inet.InetAddressFactory] Adding remote address /fe80:0:0:0:0:5efe:c0a8:105%net8
15:01:00.283 [DEBUG] [org.gradle.internal.remote.internal.inet.InetAddressFactory] Adding IP addresses for network interface Microsoft ISATAP Adapter #2
15:01:00.284 [DEBUG] [org.gradle.internal.remote.internal.inet.InetAddressFactory] Is this a loopback interface? false
15:01:00.286 [DEBUG] [org.gradle.internal.remote.internal.inet.InetAddressFactory] Is this a multicast interface? false
15:01:00.286 [DEBUG] [org.gradle.internal.remote.internal.inet.InetAddressFactory] Adding IP addresses for network interface Intel(R) Ethernet Connection I217-LM-VirtualBox NDIS Light-Weight Filter-0000
15:01:00.287 [DEBUG] [org.gradle.internal.remote.internal.inet.InetAddressFactory] Is this a loopback interface? false
15:01:00.289 [DEBUG] [org.gradle.internal.remote.internal.inet.InetAddressFactory] Is this a multicast interface? true
15:01:00.289 [DEBUG] [org.gradle.internal.remote.internal.inet.InetAddressFactory] Adding loopback multicast interface Intel(R) Ethernet Connection I217-LM-VirtualBox NDIS Light-Weight Filter-0000
15:01:00.289 [DEBUG] [org.gradle.internal.remote.internal.inet.InetAddressFactory] Adding IP addresses for network interface Intel(R) Ethernet Connection I217-LM-QoS Packet Scheduler-0000
15:01:00.291 [DEBUG] [org.gradle.internal.remote.internal.inet.InetAddressFactory] Is this a loopback interface? false
15:01:00.292 [DEBUG] [org.gradle.internal.remote.internal.inet.InetAddressFactory] Is this a multicast interface? true
15:01:00.293 [DEBUG] [org.gradle.internal.remote.internal.inet.InetAddressFactory] Adding loopback multicast interface Intel(R) Ethernet Connection I217-LM-QoS Packet Scheduler-0000
15:01:00.293 [DEBUG] [org.gradle.internal.remote.internal.inet.InetAddressFactory] Adding IP addresses for network interface Intel(R) Ethernet Connection I217-LM-WFP LightWeight Filter-0000
15:01:00.294 [DEBUG] [org.gradle.internal.remote.internal.inet.InetAddressFactory] Is this a loopback interface? false
15:01:00.296 [DEBUG] [org.gradle.internal.remote.internal.inet.InetAddressFactory] Is this a multicast interface? true
15:01:00.296 [DEBUG] [org.gradle.internal.remote.internal.inet.InetAddressFactory] Adding loopback multicast interface Intel(R) Ethernet Connection I217-LM-WFP LightWeight Filter-0000
15:01:00.296 [DEBUG] [org.gradle.internal.remote.internal.inet.InetAddressFactory] Adding IP addresses for network interface Intel(R) Centrino(R) Advanced-N 6235-VirtualBox NDIS Light-Weight Filter-0000
15:01:00.297 [DEBUG] [org.gradle.internal.remote.internal.inet.InetAddressFactory] Is this a loopback interface? false
15:01:00.299 [DEBUG] [org.gradle.internal.remote.internal.inet.InetAddressFactory] Is this a multicast interface? true
15:01:00.299 [DEBUG] [org.gradle.internal.remote.internal.inet.InetAddressFactory] Adding loopback multicast interface Intel(R) Centrino(R) Advanced-N 6235-VirtualBox NDIS Light-Weight Filter-0000
15:01:00.299 [DEBUG] [org.gradle.internal.remote.internal.inet.InetAddressFactory] Adding IP addresses for network interface Intel(R) Centrino(R) Advanced-N 6235-QoS Packet Scheduler-0000
15:01:00.300 [DEBUG] [org.gradle.internal.remote.internal.inet.InetAddressFactory] Is this a loopback interface? false
15:01:00.302 [DEBUG] [org.gradle.internal.remote.internal.inet.InetAddressFactory] Is this a multicast interface? true
15:01:00.302 [DEBUG] [org.gradle.internal.remote.internal.inet.InetAddressFactory] Adding loopback multicast interface Intel(R) Centrino(R) Advanced-N 6235-QoS Packet Scheduler-0000
15:01:00.302 [DEBUG] [org.gradle.internal.remote.internal.inet.InetAddressFactory] Adding IP addresses for network interface Intel(R) Centrino(R) Advanced-N 6235-Virtual WiFi Filter Driver-0000
15:01:00.304 [DEBUG] [org.gradle.internal.remote.internal.inet.InetAddressFactory] Is this a loopback interface? false
15:01:00.305 [DEBUG] [org.gradle.internal.remote.internal.inet.InetAddressFactory] Is this a multicast interface? true
15:01:00.306 [DEBUG] [org.gradle.internal.remote.internal.inet.InetAddressFactory] Adding loopback multicast interface Intel(R) Centrino(R) Advanced-N 6235-Virtual WiFi Filter Driver-0000
15:01:00.306 [DEBUG] [org.gradle.internal.remote.internal.inet.InetAddressFactory] Adding IP addresses for network interface WAN Miniport (IPv6)-QoS Packet Scheduler-0000
15:01:00.307 [DEBUG] [org.gradle.internal.remote.internal.inet.InetAddressFactory] Is this a loopback interface? false
15:01:00.309 [DEBUG] [org.gradle.internal.remote.internal.inet.InetAddressFactory] Is this a multicast interface? true
15:01:00.309 [DEBUG] [org.gradle.internal.remote.internal.inet.InetAddressFactory] Adding loopback multicast interface WAN Miniport (IPv6)-QoS Packet Scheduler-0000
15:01:00.309 [DEBUG] [org.gradle.internal.remote.internal.inet.InetAddressFactory] Adding IP addresses for network interface WAN Miniport (IP)-QoS Packet Scheduler-0000
15:01:00.311 [DEBUG] [org.gradle.internal.remote.internal.inet.InetAddressFactory] Is this a loopback interface? false
15:01:00.312 [DEBUG] [org.gradle.internal.remote.internal.inet.InetAddressFactory] Is this a multicast interface? true
15:01:00.312 [DEBUG] [org.gradle.internal.remote.internal.inet.InetAddressFactory] Adding loopback multicast interface WAN Miniport (IP)-QoS Packet Scheduler-0000
15:01:00.312 [DEBUG] [org.gradle.internal.remote.internal.inet.InetAddressFactory] Adding IP addresses for network interface WAN Miniport (Network Monitor)-QoS Packet Scheduler-0000
15:01:00.314 [DEBUG] [org.gradle.internal.remote.internal.inet.InetAddressFactory] Is this a loopback interface? false
15:01:00.315 [DEBUG] [org.gradle.internal.remote.internal.inet.InetAddressFactory] Is this a multicast interface? true
15:01:00.316 [DEBUG] [org.gradle.internal.remote.internal.inet.InetAddressFactory] Adding loopback multicast interface WAN Miniport (Network Monitor)-QoS Packet Scheduler-0000
15:01:00.316 [DEBUG] [org.gradle.internal.remote.internal.inet.InetAddressFactory] Adding IP addresses for network interface VirtualBox Host-Only Ethernet Adapter-VirtualBox NDIS Light-Weight Filter-0000
15:01:00.317 [DEBUG] [org.gradle.internal.remote.internal.inet.InetAddressFactory] Is this a loopback interface? false
15:01:00.319 [DEBUG] [org.gradle.internal.remote.internal.inet.InetAddressFactory] Is this a multicast interface? true
15:01:00.319 [DEBUG] [org.gradle.internal.remote.internal.inet.InetAddressFactory] Adding loopback multicast interface VirtualBox Host-Only Ethernet Adapter-VirtualBox NDIS Light-Weight Filter-0000
15:01:00.319 [DEBUG] [org.gradle.internal.remote.internal.inet.InetAddressFactory] Adding IP addresses for network interface VirtualBox Host-Only Ethernet Adapter-QoS Packet Scheduler-0000
15:01:00.321 [DEBUG] [org.gradle.internal.remote.internal.inet.InetAddressFactory] Is this a loopback interface? false
15:01:00.322 [DEBUG] [org.gradle.internal.remote.internal.inet.InetAddressFactory] Is this a multicast interface? true
15:01:00.322 [DEBUG] [org.gradle.internal.remote.internal.inet.InetAddressFactory] Adding loopback multicast interface VirtualBox Host-Only Ethernet Adapter-QoS Packet Scheduler-0000
15:01:00.322 [DEBUG] [org.gradle.internal.remote.internal.inet.InetAddressFactory] Adding IP addresses for network interface VirtualBox Host-Only Ethernet Adapter-WFP LightWeight Filter-0000
15:01:00.324 [DEBUG] [org.gradle.internal.remote.internal.inet.InetAddressFactory] Is this a loopback interface? false
15:01:00.325 [DEBUG] [org.gradle.internal.remote.internal.inet.InetAddressFactory] Is this a multicast interface? true
15:01:00.325 [DEBUG] [org.gradle.internal.remote.internal.inet.InetAddressFactory] Adding loopback multicast interface VirtualBox Host-Only Ethernet Adapter-WFP LightWeight Filter-0000
15:01:00.325 [DEBUG] [org.gradle.internal.remote.internal.inet.InetAddressFactory] Adding IP addresses for network interface VirtualBox Host-Only Ethernet Adapter #2-VirtualBox NDIS Light-Weight Filter-0000
15:01:00.327 [DEBUG] [org.gradle.internal.remote.internal.inet.InetAddressFactory] Is this a loopback interface? false
15:01:00.328 [DEBUG] [org.gradle.internal.remote.internal.inet.InetAddressFactory] Is this a multicast interface? true
15:01:00.328 [DEBUG] [org.gradle.internal.remote.internal.inet.InetAddressFactory] Adding loopback multicast interface VirtualBox Host-Only Ethernet Adapter #2-VirtualBox NDIS Light-Weight Filter-0000
15:01:00.328 [DEBUG] [org.gradle.internal.remote.internal.inet.InetAddressFactory] Adding IP addresses for network interface VirtualBox Host-Only Ethernet Adapter #2-QoS Packet Scheduler-0000
15:01:00.330 [DEBUG] [org.gradle.internal.remote.internal.inet.InetAddressFactory] Is this a loopback interface? false
15:01:00.331 [DEBUG] [org.gradle.internal.remote.internal.inet.InetAddressFactory] Is this a multicast interface? true
15:01:00.331 [DEBUG] [org.gradle.internal.remote.internal.inet.InetAddressFactory] Adding loopback multicast interface VirtualBox Host-Only Ethernet Adapter #2-QoS Packet Scheduler-0000
15:01:00.332 [DEBUG] [org.gradle.internal.remote.internal.inet.InetAddressFactory] Adding IP addresses for network interface VirtualBox Host-Only Ethernet Adapter #2-WFP LightWeight Filter-0000
15:01:00.333 [DEBUG] [org.gradle.internal.remote.internal.inet.InetAddressFactory] Is this a loopback interface? false
15:01:00.335 [DEBUG] [org.gradle.internal.remote.internal.inet.InetAddressFactory] Is this a multicast interface? true
15:01:00.335 [DEBUG] [org.gradle.internal.remote.internal.inet.InetAddressFactory] Adding loopback multicast interface VirtualBox Host-Only Ethernet Adapter #2-WFP LightWeight Filter-0000
15:01:00.335 [DEBUG] [org.gradle.internal.remote.internal.inet.InetAddressFactory] Adding IP addresses for network interface Intel(R) Centrino(R) Advanced-N 6235-Native WiFi Filter Driver-0000
15:01:00.336 [DEBUG] [org.gradle.internal.remote.internal.inet.InetAddressFactory] Is this a loopback interface? false
15:01:00.338 [DEBUG] [org.gradle.internal.remote.internal.inet.InetAddressFactory] Is this a multicast interface? true
15:01:00.338 [DEBUG] [org.gradle.internal.remote.internal.inet.InetAddressFactory] Adding loopback multicast interface Intel(R) Centrino(R) Advanced-N 6235-Native WiFi Filter Driver-0000
15:01:00.338 [DEBUG] [org.gradle.internal.remote.internal.inet.InetAddressFactory] Adding IP addresses for network interface Intel(R) Centrino(R) Advanced-N 6235-WFP LightWeight Filter-0000
15:01:00.339 [DEBUG] [org.gradle.internal.remote.internal.inet.InetAddressFactory] Is this a loopback interface? false
15:01:00.341 [DEBUG] [org.gradle.internal.remote.internal.inet.InetAddressFactory] Is this a multicast interface? true
15:01:00.341 [DEBUG] [org.gradle.internal.remote.internal.inet.InetAddressFactory] Adding loopback multicast interface Intel(R) Centrino(R) Advanced-N 6235-WFP LightWeight Filter-0000
15:01:00.341 [DEBUG] [org.gradle.internal.remote.internal.inet.InetAddressFactory] Adding IP addresses for network interface Microsoft Virtual WiFi Miniport Adapter-Native WiFi Filter Driver-0000
15:01:00.342 [DEBUG] [org.gradle.internal.remote.internal.inet.InetAddressFactory] Is this a loopback interface? false
15:01:00.344 [DEBUG] [org.gradle.internal.remote.internal.inet.InetAddressFactory] Is this a multicast interface? true
15:01:00.344 [DEBUG] [org.gradle.internal.remote.internal.inet.InetAddressFactory] Adding loopback multicast interface Microsoft Virtual WiFi Miniport Adapter-Native WiFi Filter Driver-0000
15:01:00.344 [DEBUG] [org.gradle.internal.remote.internal.inet.InetAddressFactory] Adding IP addresses for network interface Microsoft Virtual WiFi Miniport Adapter-VirtualBox NDIS Light-Weight Filter-0000
15:01:00.346 [DEBUG] [org.gradle.internal.remote.internal.inet.InetAddressFactory] Is this a loopback interface? false
15:01:00.347 [DEBUG] [org.gradle.internal.remote.internal.inet.InetAddressFactory] Is this a multicast interface? true
15:01:00.347 [DEBUG] [org.gradle.internal.remote.internal.inet.InetAddressFactory] Adding loopback multicast interface Microsoft Virtual WiFi Miniport Adapter-VirtualBox NDIS Light-Weight Filter-0000
15:01:00.347 [DEBUG] [org.gradle.internal.remote.internal.inet.InetAddressFactory] Adding IP addresses for network interface Microsoft Virtual WiFi Miniport Adapter-QoS Packet Scheduler-0000
15:01:00.349 [DEBUG] [org.gradle.internal.remote.internal.inet.InetAddressFactory] Is this a loopback interface? false
15:01:00.350 [DEBUG] [org.gradle.internal.remote.internal.inet.InetAddressFactory] Is this a multicast interface? true
15:01:00.350 [DEBUG] [org.gradle.internal.remote.internal.inet.InetAddressFactory] Adding loopback multicast interface Microsoft Virtual WiFi Miniport Adapter-QoS Packet Scheduler-0000
15:01:00.350 [DEBUG] [org.gradle.internal.remote.internal.inet.InetAddressFactory] Adding IP addresses for network interface Microsoft Virtual WiFi Miniport Adapter-WFP LightWeight Filter-0000
15:01:00.352 [DEBUG] [org.gradle.internal.remote.internal.inet.InetAddressFactory] Is this a loopback interface? false
15:01:00.353 [DEBUG] [org.gradle.internal.remote.internal.inet.InetAddressFactory] Is this a multicast interface? true
15:01:00.353 [DEBUG] [org.gradle.internal.remote.internal.inet.InetAddressFactory] Adding loopback multicast interface Microsoft Virtual WiFi Miniport Adapter-WFP LightWeight Filter-0000
15:01:00.353 [DEBUG] [org.gradle.internal.remote.internal.inet.InetAddressFactory] Adding IP addresses for network interface Microsoft Virtual WiFi Miniport Adapter #2-Native WiFi Filter Driver-0000
15:01:00.354 [DEBUG] [org.gradle.internal.remote.internal.inet.InetAddressFactory] Is this a loopback interface? false
15:01:00.356 [DEBUG] [org.gradle.internal.remote.internal.inet.InetAddressFactory] Is this a multicast interface? true
15:01:00.356 [DEBUG] [org.gradle.internal.remote.internal.inet.InetAddressFactory] Adding loopback multicast interface Microsoft Virtual WiFi Miniport Adapter #2-Native WiFi Filter Driver-0000
15:01:00.356 [DEBUG] [org.gradle.internal.remote.internal.inet.InetAddressFactory] Adding IP addresses for network interface Microsoft Virtual WiFi Miniport Adapter #2-VirtualBox NDIS Light-Weight Filter-0000
15:01:00.358 [DEBUG] [org.gradle.internal.remote.internal.inet.InetAddressFactory] Is this a loopback interface? false
15:01:00.359 [DEBUG] [org.gradle.internal.remote.internal.inet.InetAddressFactory] Is this a multicast interface? true
15:01:00.359 [DEBUG] [org.gradle.internal.remote.internal.inet.InetAddressFactory] Adding loopback multicast interface Microsoft Virtual WiFi Miniport Adapter #2-VirtualBox NDIS Light-Weight Filter-0000
15:01:00.359 [DEBUG] [org.gradle.internal.remote.internal.inet.InetAddressFactory] Adding IP addresses for network interface Microsoft Virtual WiFi Miniport Adapter #2-QoS Packet Scheduler-0000
15:01:00.361 [DEBUG] [org.gradle.internal.remote.internal.inet.InetAddressFactory] Is this a loopback interface? false
15:01:00.362 [DEBUG] [org.gradle.internal.remote.internal.inet.InetAddressFactory] Is this a multicast interface? true
15:01:00.362 [DEBUG] [org.gradle.internal.remote.internal.inet.InetAddressFactory] Adding loopback multicast interface Microsoft Virtual WiFi Miniport Adapter #2-QoS Packet Scheduler-0000
15:01:00.362 [DEBUG] [org.gradle.internal.remote.internal.inet.InetAddressFactory] Adding IP addresses for network interface Microsoft Virtual WiFi Miniport Adapter #2-WFP LightWeight Filter-0000
15:01:00.364 [DEBUG] [org.gradle.internal.remote.internal.inet.InetAddressFactory] Is this a loopback interface? false
15:01:00.365 [DEBUG] [org.gradle.internal.remote.internal.inet.InetAddressFactory] Is this a multicast interface? true
15:01:00.366 [DEBUG] [org.gradle.internal.remote.internal.inet.InetAddressFactory] Adding loopback multicast interface Microsoft Virtual WiFi Miniport Adapter #2-WFP LightWeight Filter-0000
15:01:00.366 [DEBUG] [org.gradle.internal.remote.internal.inet.InetAddressFactory] Adding IP addresses for network interface Microsoft ISATAP Adapter #3
15:01:00.367 [DEBUG] [org.gradle.internal.remote.internal.inet.InetAddressFactory] Is this a loopback interface? false
15:01:00.369 [DEBUG] [org.gradle.internal.remote.internal.inet.InetAddressFactory] Is this a multicast interface? false
15:01:00.369 [DEBUG] [org.gradle.internal.remote.internal.inet.InetAddressFactory] Adding IP addresses for network interface Microsoft ISATAP Adapter #4
15:01:00.370 [DEBUG] [org.gradle.internal.remote.internal.inet.InetAddressFactory] Is this a loopback interface? false
15:01:00.371 [DEBUG] [org.gradle.internal.remote.internal.inet.InetAddressFactory] Is this a multicast interface? false
15:01:00.372 [DEBUG] [org.gradle.internal.remote.internal.inet.InetAddressFactory] Adding IP addresses for network interface Microsoft ISATAP Adapter #5
15:01:00.373 [DEBUG] [org.gradle.internal.remote.internal.inet.InetAddressFactory] Is this a loopback interface? false
15:01:00.374 [DEBUG] [org.gradle.internal.remote.internal.inet.InetAddressFactory] Is this a multicast interface? false
15:01:00.378 [DEBUG] [org.gradle.internal.remote.internal.inet.TcpIncomingConnector] Listening on [e5c0aa0d-e8aa-40ce-a7ec-bf886d671862 port:64202, addresses:[/127.0.0.1, /0:0:0:0:0:0:0:1]].
15:01:00.380 [DEBUG] [org.gradle.launcher.daemon.server.Daemon] Daemon starting at: Thu Sep 29 15:01:00 CAT 2016, with address: [e5c0aa0d-e8aa-40ce-a7ec-bf886d671862 port:64202, addresses:[/127.0.0.1, /0:0:0:0:0:0:0:1]]
15:01:00.380 [INFO] [org.gradle.launcher.daemon.server.DomainRegistryUpdater] Advertising the daemon address to the clients: [e5c0aa0d-e8aa-40ce-a7ec-bf886d671862 port:64202, addresses:[/127.0.0.1, /0:0:0:0:0:0:0:1]]
15:01:00.380 [DEBUG] [org.gradle.launcher.daemon.server.DomainRegistryUpdater] Advertised daemon context: DefaultDaemonContext[uid=d54fb49a-52ea-4d9f-a63b-ec79d61c1265,javaHome=C:\Program Files\Java\jdk1.8.0_101,daemonRegistryDir=C:\Users\TIH\.gradle\daemon,pid=2208,idleTimeout=10800000,daemonOpts=-Xmx1536m,-Dfile.encoding=windows-1252,-Duser.country=US,-Duser.language=en,-Duser.variant]
15:01:00.381 [DEBUG] [org.gradle.launcher.daemon.registry.PersistentDaemonRegistry] Storing daemon address: [e5c0aa0d-e8aa-40ce-a7ec-bf886d671862 port:64202, addresses:[/127.0.0.1, /0:0:0:0:0:0:0:1]], context: DefaultDaemonContext[uid=d54fb49a-52ea-4d9f-a63b-ec79d61c1265,javaHome=C:\Program Files\Java\jdk1.8.0_101,daemonRegistryDir=C:\Users\TIH\.gradle\daemon,pid=2208,idleTimeout=10800000,daemonOpts=-Xmx1536m,-Dfile.encoding=windows-1252,-Duser.country=US,-Duser.language=en,-Duser.variant]
15:01:00.443 [DEBUG] [org.gradle.cache.internal.DefaultFileLockManager] Waiting to acquire exclusive lock on daemon addresses registry.
15:01:00.448 [DEBUG] [org.gradle.cache.internal.DefaultFileLockManager] Lock acquired.
15:01:00.656 [DEBUG] [org.gradle.cache.internal.DefaultFileLockManager] Releasing lock on daemon addresses registry.
15:01:00.657 [LIFECYCLE] [org.gradle.launcher.daemon.server.Daemon] Daemon server started.
15:01:00.659 [DEBUG] [org.gradle.launcher.daemon.bootstrap.DaemonStartupCommunication] Completed writing the daemon greeting. Closing streams...
15:01:00.669 [DEBUG] [org.gradle.launcher.daemon.server.Daemon] stopOnExpiration() called on daemon
15:01:00.670 [DEBUG] [org.gradle.launcher.daemon.server.Daemon] awaitExpiration() called on daemon
15:01:00.670 [DEBUG] [org.gradle.internal.remote.internal.inet.TcpIncomingConnector] Accepted connection from /127.0.0.1:64204 to /127.0.0.1:64202.
15:01:00.670 [DEBUG] [org.gradle.launcher.daemon.server.DaemonStateCoordinator] daemon is running. Sleeping until state changes.
15:01:00.723 [DEBUG] [org.gradle.launcher.daemon.server.SynchronizedDispatchConnection] thread 17: received class org.gradle.launcher.daemon.protocol.Build
15:01:00.723 [DEBUG] [org.gradle.launcher.daemon.server.DefaultDaemonConnection] thread 17: Received non-IO message from client: Build{id=f182325c-9df8-4c25-919c-e23016a47426.1, currentDir=C:\Users\TIH\AndroidStudioProjects\Quiz3}
15:01:00.724 [INFO] [org.gradle.launcher.daemon.server.DefaultIncomingConnectionHandler] Received command: Build{id=f182325c-9df8-4c25-919c-e23016a47426.1, currentDir=C:\Users\TIH\AndroidStudioProjects\Quiz3}.
15:01:00.724 [DEBUG] [org.gradle.launcher.daemon.server.DefaultIncomingConnectionHandler] Starting executing command: Build{id=f182325c-9df8-4c25-919c-e23016a47426.1, currentDir=C:\Users\TIH\AndroidStudioProjects\Quiz3} with connection: socket connection from /127.0.0.1:64202 to /127.0.0.1:64204.
15:01:00.729 [DEBUG] [org.gradle.launcher.daemon.server.DaemonStateCoordinator] Command execution: started DaemonCommandExecution[command = Build{id=f182325c-9df8-4c25-919c-e23016a47426.1, currentDir=C:\Users\TIH\AndroidStudioProjects\Quiz3}, connection = org.gradle.launcher.daemon.server.DefaultDaemonConnection@1db7d5f] after 0.0 minutes of idle
15:01:00.730 [INFO] [org.gradle.launcher.daemon.server.DomainRegistryUpdater] Marking the daemon as busy, address: [e5c0aa0d-e8aa-40ce-a7ec-bf886d671862 port:64202, addresses:[/127.0.0.1, /0:0:0:0:0:0:0:1]]
15:01:00.730 [DEBUG] [org.gradle.launcher.daemon.registry.PersistentDaemonRegistry] Marking busy by address: [e5c0aa0d-e8aa-40ce-a7ec-bf886d671862 port:64202, addresses:[/127.0.0.1, /0:0:0:0:0:0:0:1]]
15:01:00.731 [DEBUG] [org.gradle.cache.internal.DefaultFileLockManager] Waiting to acquire exclusive lock on daemon addresses registry.
15:01:00.731 [DEBUG] [org.gradle.cache.internal.DefaultFileLockManager] Lock acquired.
15:01:00.734 [DEBUG] [org.gradle.cache.internal.DefaultFileLockManager] Releasing lock on daemon addresses registry.
15:01:00.734 [DEBUG] [org.gradle.launcher.daemon.server.DaemonStateCoordinator] updating lastActivityAt to 1475154060734
15:01:00.734 [DEBUG] [org.gradle.launcher.daemon.server.DaemonStateCoordinator] daemon is running. Sleeping until state changes.
15:01:00.735 [INFO] [org.gradle.launcher.daemon.server.exec.StartBuildOrRespondWithBusy] Daemon is about to start building Build{id=f182325c-9df8-4c25-919c-e23016a47426.1, currentDir=C:\Users\TIH\AndroidStudioProjects\Quiz3}. Dispatching build started information...
15:01:00.735 [DEBUG] [org.gradle.launcher.daemon.server.SynchronizedDispatchConnection] thread 19: dispatching class org.gradle.launcher.daemon.protocol.BuildStarted
15:01:00.738 [DEBUG] [org.gradle.launcher.daemon.server.SynchronizedDispatchConnection] thread 17: received class org.gradle.launcher.daemon.protocol.CloseInput
15:01:00.739 [DEBUG] [org.gradle.launcher.daemon.server.DefaultDaemonConnection] thread 17: Received IO message from client: org.gradle.launcher.daemon.protocol.CloseInput@23be9cc3
15:01:00.745 [DEBUG] [org.gradle.launcher.daemon.server.exec.EstablishBuildEnvironment] Configuring env variables: {configsetroot=C:\Windows\ConfigSetRoot, PROCESSOR_LEVEL=6, FP_NO_HOST_CHECK=NO, SESSIONNAME=Console, ALLUSERSPROFILE=C:\ProgramData, TVTCOMMON=C:\Program Files (x86)\Common Files\Lenovo, PROCESSOR_ARCHITECTURE=AMD64, PSModulePath=C:\Windows\system32\WindowsPowerShell\v1.0\Modules\, SystemDrive=C:, COMMPath=C:\Program Files\Lenovo\Communications Utility, TVT=C:\Program Files (x86)\Lenovo, SWSHARE=C:\SWSHARE, USERNAME=TIH, ProgramFiles(x86)=C:\Program Files (x86), PATHEXT=.COM;.EXE;.BAT;.CMD;.VBS;.VBE;.JS;.JSE;.WSF;.WSH;.MSC, UOIPME_REG_PATH=C:\Program Files\Intel Corporation\USB over IP, ProgramData=C:\ProgramData, ProgramW6432=C:\Program Files, HOMEPATH=\Users\TIH, PROCESSOR_IDENTIFIER=Intel64 Family 6 Model 60 Stepping 3, GenuineIntel, ALCKPath=C:\Program Files\Lenovo\AutoLock, ProgramFiles=C:\Program Files, PUBLIC=C:\Users\Public, windir=C:\Windows, =::=::\, PowerMgrPath=C:\Program Files (x86)\Lenovo\PowerMgr, LOCALAPPDATA=C:\Users\TIH\AppData\Local, USERDOMAIN=TIH-PC, LOGONSERVER=\\TIH-PC, APPDATA=C:\Users\TIH\AppData\Roaming, READYAPPS=C:\SWTOOLS\ReadyApps, windows_tracing_logfile=C:\BVTBin\Tests\installpackage\csilogfile.log, VBOX_MSI_INSTALL_PATH=C:\Program Files\Oracle\VirtualBox\, CommonProgramFiles=C:\Program Files\Common Files, Path=C:\ProgramData\Oracle\Java\javapath;C:\Program Files (x86)\Intel\iCLS Client\;C:\Program Files\Intel\iCLS Client\;C:\Windows\system32;C:\Windows;C:\Windows\System32\Wbem;C:\Windows\System32\WindowsPowerShell\v1.0\;C:\Program Files\Intel\Intel(R) Management Engine Components\DAL;C:\Program Files\Intel\Intel(R) Management Engine Components\IPT;C:\Program Files (x86)\Intel\Intel(R) Management Engine Components\DAL;C:\Program Files (x86)\Intel\Intel(R) Management Engine Components\IPT;C:\Program Files\Intel\WiFi\bin\;C:\Program Files\Common Files\Intel\WirelessCommon\;C:\SWTOOLS\ReadyApps;C:\Program Files (x86)\Common Files\Lenovo;C:\Program Files (x86)\Common Files\lenovo\easyplussdk\bin;C:\Program Files\Git\cmd, OS=Windows_NT, windows_tracing_flags=3, COMPUTERNAME=TIH-PC, PROCESSOR_REVISION=3c03, CommonProgramW6432=C:\Program Files\Common Files, ComSpec=C:\Windows\system32\cmd.exe, SystemRoot=C:\Windows, TEMP=C:\Users\TIH\AppData\Local\Temp, HOMEDRIVE=C:, USERPROFILE=C:\Users\TIH, TMP=C:\Users\TIH\AppData\Local\Temp, easyplussdk="C:\Program Files (x86)\Common Files\lenovo\easyplussdk\bin", CommonProgramFiles(x86)=C:\Program Files (x86)\Common Files, NUMBER_OF_PROCESSORS=8}
15:01:00.751 [DEBUG] [org.gradle.launcher.daemon.server.exec.LogToClient] About to start relaying all logs to the client via the connection.
15:01:00.752 [INFO] [org.gradle.launcher.daemon.server.exec.LogToClient] The client will now receive all logging from the daemon (pid: 2208). The daemon log file: C:\Users\TIH\.gradle\daemon\2.14.1\daemon-2208.out.log
15:01:00.753 [INFO] [org.gradle.launcher.daemon.server.health.DaemonHealthTracker] Starting build in new daemon [memory: 1.4 GB]
15:01:00.754 [INFO] [org.gradle.launcher.daemon.server.exec.ForwardClientInput] Closing daemon's stdin at end of input.
15:01:00.754 [INFO] [org.gradle.launcher.daemon.server.exec.ForwardClientInput] The daemon will no longer process any standard input.
15:01:00.756 [DEBUG] [org.gradle.launcher.daemon.server.exec.ExecuteBuild] The daemon has started executing the build.
15:01:00.756 [INFO] [org.gradle.launcher.daemon.server.exec.ExecuteBuild] Executing build with daemon context: DefaultDaemonContext[uid=d54fb49a-52ea-4d9f-a63b-ec79d61c1265,javaHome=C:\Program Files\Java\jdk1.8.0_101,daemonRegistryDir=C:\Users\TIH\.gradle\daemon,pid=2208,idleTimeout=10800000,daemonOpts=-Xmx1536m,-Dfile.encoding=windows-1252,-Duser.country=US,-Duser.language=en,-Duser.variant]
Configuration on demand is an incubating feature.
Incremental java compilation is an incubating feature.
:app:preBuild UP-TO-DATE
:app:preDebugBuild UP-TO-DATE
:app:checkDebugManifest
:app:preReleaseBuild UP-TO-DATE
:app:prepareComAndroidSupportAnimatedVectorDrawable2411Library UP-TO-DATE
:app:prepareComAndroidSupportAppcompatV72411Library UP-TO-DATE
:app:prepareComAndroidSupportSupportV42411Library UP-TO-DATE
:app:prepareComAndroidSupportSupportVectorDrawable2411Library UP-TO-DATE
:app:prepareDebugDependencies
:app:compileDebugAidl UP-TO-DATE
:app:compileDebugRenderscript UP-TO-DATE
:app:generateDebugBuildConfig UP-TO-DATE
:app:generateDebugResValues UP-TO-DATE
:app:generateDebugResources UP-TO-DATE
:app:mergeDebugResources FAILED

FAILURE: Build failed with an exception.

* What went wrong:
Execution failed for task ':app:mergeDebugResources'.
> C:\Users\TIH\AndroidStudioProjects\Quiz3\app\src\main\res\values\styles.xml: Error: Unsupported type 'selector'

* Try:
Run with --stacktrace option to get the stack trace. Run with --info or --debug option to get more log output.

BUILD FAILED

Total time: 13.864 secs
15:01:09.827 [DEBUG] [org.gradle.cache.internal.btree.BTreePersistentIndexedCache] Closing cache fileHashes.bin (C:\Users\TIH\AndroidStudioProjects\Quiz3\.gradle\2.14.1\taskArtifacts\fileHashes.bin)
15:01:09.829 [DEBUG] [org.gradle.cache.internal.btree.BTreePersistentIndexedCache] Closing cache fileSnapshots.bin (C:\Users\TIH\AndroidStudioProjects\Quiz3\.gradle\2.14.1\taskArtifacts\fileSnapshots.bin)
15:01:09.830 [DEBUG] [org.gradle.cache.internal.btree.BTreePersistentIndexedCache] Closing cache taskArtifacts.bin (C:\Users\TIH\AndroidStudioProjects\Quiz3\.gradle\2.14.1\taskArtifacts\taskArtifacts.bin)
15:01:09.831 [DEBUG] [org.gradle.cache.internal.DefaultFileLockManager] Releasing lock on task history cache (C:\Users\TIH\AndroidStudioProjects\Quiz3\.gradle\2.14.1\taskArtifacts).
15:01:09.833 [DEBUG] [org.gradle.cache.internal.DefaultCacheAccess] Cache Generated Gradle JARs cache (C:\Users\TIH\.gradle\caches\2.14.1\generated-gradle-jars) was closed 0 times.
15:01:09.834 [DEBUG] [org.gradle.cache.internal.btree.BTreePersistentIndexedCache] Closing cache module-metadata.bin (C:\Users\TIH\.gradle\caches\modules-2\metadata-2.16\module-metadata.bin)
15:01:09.835 [DEBUG] [org.gradle.cache.internal.btree.BTreePersistentIndexedCache] Closing cache artifact-at-repository.bin (C:\Users\TIH\.gradle\caches\modules-2\metadata-2.16\artifact-at-repository.bin)
15:01:09.836 [DEBUG] [org.gradle.cache.internal.DefaultFileLockManager] Releasing lock on artifact cache (C:\Users\TIH\.gradle\caches\modules-2).
15:01:09.840 [DEBUG] [org.gradle.api.internal.artifacts.ivyservice.resolveengine.store.CachedStoreFactory] Resolution result cache closed. Cache reads: 0, disk reads: 0 (avg: 0.0 secs, total: 0.0 secs)
15:01:09.842 [DEBUG] [org.gradle.api.internal.artifacts.ivyservice.resolveengine.store.CachedStoreFactory] Resolution result cache closed. Cache reads: 0, disk reads: 10 (avg: 0.001 secs, total: 0.016 secs)
15:01:09.842 [DEBUG] [org.gradle.api.internal.artifacts.ivyservice.resolveengine.store.ResolutionResultsStoreFactory] Deleted 2 resolution results binary files in 0.004 secs
15:01:09.843 [DEBUG] [org.gradle.api.internal.artifacts.ivyservice.ivyresolve.memcache.InMemoryCachedRepositoryFactory] In-memory dependency metadata cache closed. Repos cached: 52, cache instances: 5, modules served from cache: 170, artifacts: 66
15:01:09.843 [DEBUG] [org.gradle.cache.internal.DefaultCacheAccess] Cache Plugin Resolution Cache (C:\Users\TIH\.gradle\caches\2.14.1\plugin-resolution) was closed 0 times.
15:01:09.844 [DEBUG] [org.gradle.api.internal.tasks.compile.daemon.CompilerDaemonManager] Stopping 0 compiler daemon(s).
15:01:09.845 [INFO] [org.gradle.api.internal.tasks.compile.daemon.CompilerDaemonManager] Stopped 0 compiler daemon(s).
15:01:09.845 [DEBUG] [org.gradle.launcher.daemon.server.exec.ExecuteBuild] The daemon has finished executing the build.
15:01:09.875 [DEBUG] [org.gradle.launcher.daemon.server.health.DaemonStatus] GC rate: 0.33/s tenured usage: 1%
15:01:10.038 [DEBUG] [org.gradle.launcher.daemon.server.DaemonStateCoordinator] daemon is running. Sleeping until state changes.
15:01:10.038 [DEBUG] [org.gradle.launcher.daemon.server.DaemonStateCoordinator] Command execution: finished waiting for DaemonCommandExecution[command = Build{id=f182325c-9df8-4c25-919c-e23016a47426.1, currentDir=C:\Users\TIH\AndroidStudioProjects\Quiz3}, connection = org.gradle.launcher.daemon.server.DefaultDaemonConnection@1db7d5f]. Result org.gradle.launcher.daemon.server.DaemonStateCoordinator@4b2e312f with state Running
15:01:10.038 [DEBUG] [org.gradle.launcher.daemon.server.DaemonStateCoordinator] Command execution: completed DaemonCommandExecution[command = Build{id=f182325c-9df8-4c25-919c-e23016a47426.1, currentDir=C:\Users\TIH\AndroidStudioProjects\Quiz3}, connection = org.gradle.launcher.daemon.server.DefaultDaemonConnection@1db7d5f]
15:01:10.038 [DEBUG] [org.gradle.launcher.daemon.server.DaemonStateCoordinator] updating lastActivityAt to 1475154070038
15:01:10.038 [INFO] [org.gradle.launcher.daemon.server.DomainRegistryUpdater] Marking the daemon as idle, address: [e5c0aa0d-e8aa-40ce-a7ec-bf886d671862 port:64202, addresses:[/127.0.0.1, /0:0:0:0:0:0:0:1]]
15:01:10.038 [DEBUG] [org.gradle.launcher.daemon.registry.PersistentDaemonRegistry] Marking idle by address: [e5c0aa0d-e8aa-40ce-a7ec-bf886d671862 port:64202, addresses:[/127.0.0.1, /0:0:0:0:0:0:0:1]]
15:01:10.039 [DEBUG] [org.gradle.cache.internal.DefaultFileLockManager] Waiting to acquire exclusive lock on daemon addresses registry.
15:01:10.040 [DEBUG] [org.gradle.cache.internal.DefaultFileLockManager] Lock acquired.
15:01:10.042 [DEBUG] [org.gradle.cache.internal.DefaultFileLockManager] Releasing lock on daemon addresses registry.
15:01:10.042 [DEBUG] [org.gradle.launcher.daemon.server.DaemonStateCoordinator] daemon is running. Sleeping until state changes.
15:01:10.042 [DEBUG] [org.gradle.launcher.daemon.server.exec.ReturnResult] Daemon is dispatching the build result: Failure[value=org.gradle.initialization.ReportedException: org.gradle.internal.exceptions.LocationAwareException: Execution failed for task ':app:mergeDebugResources'.]
15:01:10.042 [DEBUG] [org.gradle.launcher.daemon.server.SynchronizedDispatchConnection] thread 16: dispatching class org.gradle.launcher.daemon.protocol.Failure
15:01:10.055 [DEBUG] [org.gradle.launcher.daemon.server.DefaultIncomingConnectionHandler] Finishing executing command: Build{id=f182325c-9df8-4c25-919c-e23016a47426.1, currentDir=C:\Users\TIH\AndroidStudioProjects\Quiz3}
15:01:10.080 [DEBUG] [org.gradle.launcher.daemon.server.SynchronizedDispatchConnection] thread 17: received class org.gradle.launcher.daemon.protocol.Finished
15:01:10.080 [DEBUG] [org.gradle.launcher.daemon.server.DefaultDaemonConnection] thread 17: Received non-IO message from client: org.gradle.launcher.daemon.protocol.Finished@e13488c
15:01:10.080 [DEBUG] [org.gradle.launcher.daemon.server.DefaultIncomingConnectionHandler] Received finished message: org.gradle.launcher.daemon.protocol.Finished@e13488c
15:01:10.080 [DEBUG] [org.gradle.launcher.daemon.server.SynchronizedDispatchConnection] thread 16: stopping connection
15:01:10.080 [DEBUG] [org.gradle.internal.remote.internal.inet.SocketConnection] Discarding EOFException: java.io.EOFException
15:01:10.080 [DEBUG] [org.gradle.launcher.daemon.server.SynchronizedDispatchConnection] thread 17: received null
15:01:10.081 [DEBUG] [org.gradle.launcher.daemon.server.DefaultDaemonConnection] thread 17: Received end-of-input from client.
15:01:10.081 [DEBUG] [org.gradle.launcher.daemon.server.SynchronizedDispatchConnection] thread 16: stopping connection
15:01:36.537 [DEBUG] [org.gradle.internal.remote.internal.inet.TcpIncomingConnector] Accepted connection from /127.0.0.1:64245 to /127.0.0.1:64202.
15:01:36.540 [DEBUG] [org.gradle.launcher.daemon.server.SynchronizedDispatchConnection] thread 23: received class org.gradle.launcher.daemon.protocol.Build
15:01:36.541 [DEBUG] [org.gradle.launcher.daemon.server.DefaultDaemonConnection] thread 23: Received non-IO message from client: Build{id=35824996-dd9b-4303-9442-a1e14b969454.1, currentDir=C:\Users\TIH\AndroidStudioProjects\Quiz3}
15:01:36.541 [INFO] [org.gradle.launcher.daemon.server.DefaultIncomingConnectionHandler] Received command: Build{id=35824996-dd9b-4303-9442-a1e14b969454.1, currentDir=C:\Users\TIH\AndroidStudioProjects\Quiz3}.
15:01:36.541 [DEBUG] [org.gradle.launcher.daemon.server.DefaultIncomingConnectionHandler] Starting executing command: Build{id=35824996-dd9b-4303-9442-a1e14b969454.1, currentDir=C:\Users\TIH\AndroidStudioProjects\Quiz3} with connection: socket connection from /127.0.0.1:64202 to /127.0.0.1:64245.
15:01:36.541 [DEBUG] [org.gradle.launcher.daemon.server.DaemonStateCoordinator] Command execution: started DaemonCommandExecution[command = Build{id=35824996-dd9b-4303-9442-a1e14b969454.1, currentDir=C:\Users\TIH\AndroidStudioProjects\Quiz3}, connection = org.gradle.launcher.daemon.server.DefaultDaemonConnection@7ca386a2] after 0.0 minutes of idle
15:01:36.541 [INFO] [org.gradle.launcher.daemon.server.DomainRegistryUpdater] Marking the daemon as busy, address: [e5c0aa0d-e8aa-40ce-a7ec-bf886d671862 port:64202, addresses:[/127.0.0.1, /0:0:0:0:0:0:0:1]]
15:01:36.541 [DEBUG] [org.gradle.launcher.daemon.registry.PersistentDaemonRegistry] Marking busy by address: [e5c0aa0d-e8aa-40ce-a7ec-bf886d671862 port:64202, addresses:[/127.0.0.1, /0:0:0:0:0:0:0:1]]
15:01:36.542 [DEBUG] [org.gradle.cache.internal.DefaultFileLockManager] Waiting to acquire exclusive lock on daemon addresses registry.
15:01:36.542 [DEBUG] [org.gradle.cache.internal.DefaultFileLockManager] Lock acquired.
15:01:36.545 [DEBUG] [org.gradle.cache.internal.DefaultFileLockManager] Releasing lock on daemon addresses registry.
15:01:36.545 [DEBUG] [org.gradle.launcher.daemon.server.DaemonStateCoordinator] updating lastActivityAt to 1475154096545
15:01:36.545 [DEBUG] [org.gradle.launcher.daemon.server.DaemonStateCoordinator] daemon is running. Sleeping until state changes.
15:01:36.546 [INFO] [org.gradle.launcher.daemon.server.exec.StartBuildOrRespondWithBusy] Daemon is about to start building Build{id=35824996-dd9b-4303-9442-a1e14b969454.1, currentDir=C:\Users\TIH\AndroidStudioProjects\Quiz3}. Dispatching build started information...
15:01:36.546 [DEBUG] [org.gradle.launcher.daemon.server.SynchronizedDispatchConnection] thread 19: dispatching class org.gradle.launcher.daemon.protocol.BuildStarted
15:01:36.547 [DEBUG] [org.gradle.launcher.daemon.server.exec.EstablishBuildEnvironment] Configuring env variables: {configsetroot=C:\Windows\ConfigSetRoot, PROCESSOR_LEVEL=6, FP_NO_HOST_CHECK=NO, SESSIONNAME=Console, ALLUSERSPROFILE=C:\ProgramData, TVTCOMMON=C:\Program Files (x86)\Common Files\Lenovo, PROCESSOR_ARCHITECTURE=AMD64, PSModulePath=C:\Windows\system32\WindowsPowerShell\v1.0\Modules\, SystemDrive=C:, COMMPath=C:\Program Files\Lenovo\Communications Utility, TVT=C:\Program Files (x86)\Lenovo, SWSHARE=C:\SWSHARE, USERNAME=TIH, ProgramFiles(x86)=C:\Program Files (x86), PATHEXT=.COM;.EXE;.BAT;.CMD;.VBS;.VBE;.JS;.JSE;.WSF;.WSH;.MSC, UOIPME_REG_PATH=C:\Program Files\Intel Corporation\USB over IP, ProgramData=C:\ProgramData, ProgramW6432=C:\Program Files, HOMEPATH=\Users\TIH, PROCESSOR_IDENTIFIER=Intel64 Family 6 Model 60 Stepping 3, GenuineIntel, ALCKPath=C:\Program Files\Lenovo\AutoLock, ProgramFiles=C:\Program Files, PUBLIC=C:\Users\Public, windir=C:\Windows, =::=::\, PowerMgrPath=C:\Program Files (x86)\Lenovo\PowerMgr, LOCALAPPDATA=C:\Users\TIH\AppData\Local, USERDOMAIN=TIH-PC, LOGONSERVER=\\TIH-PC, APPDATA=C:\Users\TIH\AppData\Roaming, READYAPPS=C:\SWTOOLS\ReadyApps, windows_tracing_logfile=C:\BVTBin\Tests\installpackage\csilogfile.log, VBOX_MSI_INSTALL_PATH=C:\Program Files\Oracle\VirtualBox\, CommonProgramFiles=C:\Program Files\Common Files, Path=C:\ProgramData\Oracle\Java\javapath;C:\Program Files (x86)\Intel\iCLS Client\;C:\Program Files\Intel\iCLS Client\;C:\Windows\system32;C:\Windows;C:\Windows\System32\Wbem;C:\Windows\System32\WindowsPowerShell\v1.0\;C:\Program Files\Intel\Intel(R) Management Engine Components\DAL;C:\Program Files\Intel\Intel(R) Management Engine Components\IPT;C:\Program Files (x86)\Intel\Intel(R) Management Engine Components\DAL;C:\Program Files (x86)\Intel\Intel(R) Management Engine Components\IPT;C:\Program Files\Intel\WiFi\bin\;C:\Program Files\Common Files\Intel\WirelessCommon\;C:\SWTOOLS\ReadyApps;C:\Program Files (x86)\Common Files\Lenovo;C:\Program Files (x86)\Common Files\lenovo\easyplussdk\bin;C:\Program Files\Git\cmd, OS=Windows_NT, windows_tracing_flags=3, COMPUTERNAME=TIH-PC, PROCESSOR_REVISION=3c03, CommonProgramW6432=C:\Program Files\Common Files, ComSpec=C:\Windows\system32\cmd.exe, SystemRoot=C:\Windows, TEMP=C:\Users\TIH\AppData\Local\Temp, HOMEDRIVE=C:, USERPROFILE=C:\Users\TIH, TMP=C:\Users\TIH\AppData\Local\Temp, easyplussdk="C:\Program Files (x86)\Common Files\lenovo\easyplussdk\bin", CommonProgramFiles(x86)=C:\Program Files (x86)\Common Files, NUMBER_OF_PROCESSORS=8}
15:01:36.547 [DEBUG] [org.gradle.launcher.daemon.server.exec.LogToClient] About to start relaying all logs to the client via the connection.
15:01:36.548 [INFO] [org.gradle.launcher.daemon.server.exec.LogToClient] The client will now receive all logging from the daemon (pid: 2208). The daemon log file: C:\Users\TIH\.gradle\daemon\2.14.1\daemon-2208.out.log
15:01:36.548 [INFO] [org.gradle.launcher.daemon.server.health.DaemonHealthTracker] Starting 2nd build in daemon [uptime: 36.624 secs, performance: 98%, no major garbage collections]
15:01:36.549 [DEBUG] [org.gradle.launcher.daemon.server.exec.ExecuteBuild] The daemon has started executing the build.
15:01:36.549 [INFO] [org.gradle.launcher.daemon.server.exec.ExecuteBuild] Executing build with daemon context: DefaultDaemonContext[uid=d54fb49a-52ea-4d9f-a63b-ec79d61c1265,javaHome=C:\Program Files\Java\jdk1.8.0_101,daemonRegistryDir=C:\Users\TIH\.gradle\daemon,pid=2208,idleTimeout=10800000,daemonOpts=-Xmx1536m,-Dfile.encoding=windows-1252,-Duser.country=US,-Duser.language=en,-Duser.variant]
15:01:36.549 [DEBUG] [org.gradle.launcher.daemon.server.SynchronizedDispatchConnection] thread 23: received class org.gradle.launcher.daemon.protocol.CloseInput
15:01:36.549 [DEBUG] [org.gradle.launcher.daemon.server.DefaultDaemonConnection] thread 23: Received IO message from client: org.gradle.launcher.daemon.protocol.CloseInput@38f424c1
15:01:36.549 [INFO] [org.gradle.launcher.daemon.server.exec.ForwardClientInput] Closing daemon's stdin at end of input.
15:01:36.549 [INFO] [org.gradle.launcher.daemon.server.exec.ForwardClientInput] The daemon will no longer process any standard input.
Configuration on demand is an incubating feature.
Incremental java compilation is an incubating feature.
:app:preBuild UP-TO-DATE
:app:preDebugBuild UP-TO-DATE
:app:checkDebugManifest
:app:preReleaseBuild UP-TO-DATE
:app:prepareComAndroidSupportAnimatedVectorDrawable2411Library UP-TO-DATE
:app:prepareComAndroidSupportAppcompatV72411Library UP-TO-DATE
:app:prepareComAndroidSupportSupportV42411Library UP-TO-DATE
:app:prepareComAndroidSupportSupportVectorDrawable2411Library UP-TO-DATE
:app:prepareDebugDependencies
:app:compileDebugAidl UP-TO-DATE
:app:compileDebugRenderscript UP-TO-DATE
:app:generateDebugBuildConfig UP-TO-DATE
:app:generateDebugResValues UP-TO-DATE
:app:generateDebugResources UP-TO-DATE
:app:mergeDebugResources
:app:processDebugManifest UP-TO-DATE
:app:processDebugResources
:app:generateDebugSources
:app:incrementalDebugJavaCompilationSafeguard
:app:compileDebugJavaWithJavac
:app:compileDebugJavaWithJavac - is not incremental (e.g. outputs have changed, no previous execution, etc.).
C:\Users\TIH\AndroidStudioProjects\Quiz3\app\src\main\java\com\example\tih\quiz\quiz.java:23: error: cannot find symbol
        btn = (Button) findViewById(R.id.clickbtn);
                                        ^
  symbol:   variable clickbtn
  location: class id
1 error
:app:compileDebugJavaWithJavac FAILED

FAILURE: Build failed with an exception.

* What went wrong:
Execution failed for task ':app:compileDebugJavaWithJavac'.
> Compilation failed; see the compiler error output for details.

* Try:
Run with --stacktrace option to get the stack trace. Run with --info or --debug option to get more log output.

BUILD FAILED

Total time: 9.664 secs
15:01:46.199 [DEBUG] [org.gradle.cache.internal.btree.BTreePersistentIndexedCache] Closing cache taskArtifacts.bin (C:\Users\TIH\AndroidStudioProjects\Quiz3\.gradle\2.14.1\taskArtifacts\taskArtifacts.bin)
15:01:46.204 [DEBUG] [org.gradle.cache.internal.btree.BTreePersistentIndexedCache] Closing cache fileSnapshotsToTreeSnapshotsIndex.bin (C:\Users\TIH\AndroidStudioProjects\Quiz3\.gradle\2.14.1\taskArtifacts\fileSnapshotsToTreeSnapshotsIndex.bin)
15:01:46.205 [DEBUG] [org.gradle.cache.internal.btree.BTreePersistentIndexedCache] Closing cache fileSnapshots.bin (C:\Users\TIH\AndroidStudioProjects\Quiz3\.gradle\2.14.1\taskArtifacts\fileSnapshots.bin)
15:01:46.205 [DEBUG] [org.gradle.cache.internal.btree.BTreePersistentIndexedCache] Closing cache fileHashes.bin (C:\Users\TIH\AndroidStudioProjects\Quiz3\.gradle\2.14.1\taskArtifacts\fileHashes.bin)
15:01:46.206 [DEBUG] [org.gradle.cache.internal.DefaultFileLockManager] Releasing lock on task history cache (C:\Users\TIH\AndroidStudioProjects\Quiz3\.gradle\2.14.1\taskArtifacts).
15:01:46.207 [DEBUG] [org.gradle.cache.internal.DefaultCacheAccess] Cache class analysis cache (C:\Users\TIH\.gradle\caches\2.14.1\classAnalysis) was closed 0 times.
15:01:46.207 [DEBUG] [org.gradle.cache.internal.DefaultCacheAccess] Cache jar snapshots cache (C:\Users\TIH\.gradle\caches\2.14.1\jarSnapshots) was closed 0 times.
15:01:46.207 [DEBUG] [org.gradle.cache.internal.DefaultCacheAccess] Cache Generated Gradle JARs cache (C:\Users\TIH\.gradle\caches\2.14.1\generated-gradle-jars) was closed 0 times.
15:01:46.207 [DEBUG] [org.gradle.cache.internal.btree.BTreePersistentIndexedCache] Closing cache module-metadata.bin (C:\Users\TIH\.gradle\caches\modules-2\metadata-2.16\module-metadata.bin)
15:01:46.208 [DEBUG] [org.gradle.cache.internal.btree.BTreePersistentIndexedCache] Closing cache artifact-at-repository.bin (C:\Users\TIH\.gradle\caches\modules-2\metadata-2.16\artifact-at-repository.bin)
15:01:46.208 [DEBUG] [org.gradle.cache.internal.DefaultFileLockManager] Releasing lock on artifact cache (C:\Users\TIH\.gradle\caches\modules-2).
15:01:46.210 [DEBUG] [org.gradle.api.internal.artifacts.ivyservice.resolveengine.store.CachedStoreFactory] Resolution result cache closed. Cache reads: 0, disk reads: 0 (avg: 0.0 secs, total: 0.0 secs)
15:01:46.211 [DEBUG] [org.gradle.api.internal.artifacts.ivyservice.resolveengine.store.CachedStoreFactory] Resolution result cache closed. Cache reads: 0, disk reads: 10 (avg: 0.0 secs, total: 0.004 secs)
15:01:46.211 [DEBUG] [org.gradle.api.internal.artifacts.ivyservice.resolveengine.store.ResolutionResultsStoreFactory] Deleted 2 resolution results binary files in 0.002 secs
15:01:46.211 [DEBUG] [org.gradle.api.internal.artifacts.ivyservice.ivyresolve.memcache.InMemoryCachedRepositoryFactory] In-memory dependency metadata cache closed. Repos cached: 52, cache instances: 5, modules served from cache: 170, artifacts: 66
15:01:46.211 [DEBUG] [org.gradle.cache.internal.DefaultCacheAccess] Cache Plugin Resolution Cache (C:\Users\TIH\.gradle\caches\2.14.1\plugin-resolution) was closed 0 times.
15:01:46.211 [DEBUG] [org.gradle.api.internal.tasks.compile.daemon.CompilerDaemonManager] Stopping 0 compiler daemon(s).
15:01:46.211 [INFO] [org.gradle.api.internal.tasks.compile.daemon.CompilerDaemonManager] Stopped 0 compiler daemon(s).
15:01:46.211 [DEBUG] [org.gradle.launcher.daemon.server.exec.ExecuteBuild] The daemon has finished executing the build.
15:01:46.212 [DEBUG] [org.gradle.launcher.daemon.server.health.DaemonStatus] GC rate: 0.0/s
15:01:46.224 [DEBUG] [org.gradle.launcher.daemon.server.DaemonStateCoordinator] daemon is running. Sleeping until state changes.
15:01:46.224 [DEBUG] [org.gradle.launcher.daemon.server.DaemonStateCoordinator] Command execution: finished waiting for DaemonCommandExecution[command = Build{id=35824996-dd9b-4303-9442-a1e14b969454.1, currentDir=C:\Users\TIH\AndroidStudioProjects\Quiz3}, connection = org.gradle.launcher.daemon.server.DefaultDaemonConnection@7ca386a2]. Result org.gradle.launcher.daemon.server.DaemonStateCoordinator@4b2e312f with state Running
15:01:46.224 [DEBUG] [org.gradle.launcher.daemon.server.DaemonStateCoordinator] Command execution: completed DaemonCommandExecution[command = Build{id=35824996-dd9b-4303-9442-a1e14b969454.1, currentDir=C:\Users\TIH\AndroidStudioProjects\Quiz3}, connection = org.gradle.launcher.daemon.server.DefaultDaemonConnection@7ca386a2]
15:01:46.224 [DEBUG] [org.gradle.launcher.daemon.server.DaemonStateCoordinator] updating lastActivityAt to 1475154106224
15:01:46.224 [INFO] [org.gradle.launcher.daemon.server.DomainRegistryUpdater] Marking the daemon as idle, address: [e5c0aa0d-e8aa-40ce-a7ec-bf886d671862 port:64202, addresses:[/127.0.0.1, /0:0:0:0:0:0:0:1]]
15:01:46.225 [DEBUG] [org.gradle.launcher.daemon.registry.PersistentDaemonRegistry] Marking idle by address: [e5c0aa0d-e8aa-40ce-a7ec-bf886d671862 port:64202, addresses:[/127.0.0.1, /0:0:0:0:0:0:0:1]]
15:01:46.225 [DEBUG] [org.gradle.cache.internal.DefaultFileLockManager] Waiting to acquire exclusive lock on daemon addresses registry.
15:01:46.225 [DEBUG] [org.gradle.cache.internal.DefaultFileLockManager] Lock acquired.
15:01:46.228 [DEBUG] [org.gradle.cache.internal.DefaultFileLockManager] Releasing lock on daemon addresses registry.
15:01:46.229 [DEBUG] [org.gradle.launcher.daemon.server.DaemonStateCoordinator] daemon is running. Sleeping until state changes.
15:01:46.229 [DEBUG] [org.gradle.launcher.daemon.server.exec.ReturnResult] Daemon is dispatching the build result: Failure[value=org.gradle.initialization.ReportedException: org.gradle.internal.exceptions.LocationAwareException: Execution failed for task ':app:compileDebugJavaWithJavac'.]
15:01:46.230 [DEBUG] [org.gradle.launcher.daemon.server.SynchronizedDispatchConnection] thread 16: dispatching class org.gradle.launcher.daemon.protocol.Failure
15:01:46.233 [DEBUG] [org.gradle.launcher.daemon.server.DefaultIncomingConnectionHandler] Finishing executing command: Build{id=35824996-dd9b-4303-9442-a1e14b969454.1, currentDir=C:\Users\TIH\AndroidStudioProjects\Quiz3}
15:01:46.237 [DEBUG] [org.gradle.launcher.daemon.server.SynchronizedDispatchConnection] thread 23: received class org.gradle.launcher.daemon.protocol.Finished
15:01:46.239 [DEBUG] [org.gradle.launcher.daemon.server.DefaultDaemonConnection] thread 23: Received non-IO message from client: org.gradle.launcher.daemon.protocol.Finished@3633cdaf
15:01:46.240 [DEBUG] [org.gradle.internal.remote.internal.inet.SocketConnection] Discarding EOFException: java.io.EOFException
15:01:46.240 [DEBUG] [org.gradle.launcher.daemon.server.SynchronizedDispatchConnection] thread 23: received null
15:01:46.240 [DEBUG] [org.gradle.launcher.daemon.server.DefaultDaemonConnection] thread 23: Received end-of-input from client.
15:01:46.241 [DEBUG] [org.gradle.launcher.daemon.server.DefaultIncomingConnectionHandler] Received finished message: null
15:01:46.241 [DEBUG] [org.gradle.launcher.daemon.server.SynchronizedDispatchConnection] thread 16: stopping connection
15:01:46.242 [DEBUG] [org.gradle.launcher.daemon.server.SynchronizedDispatchConnection] thread 16: stopping connection
15:02:00.671 [DEBUG] [org.gradle.launcher.daemon.server.Daemon] DaemonExpirationPeriodicCheck running
15:02:00.673 [DEBUG] [org.gradle.launcher.daemon.server.health.DaemonStatus] GC rate: 0.0/s
15:02:00.677 [DEBUG] [org.gradle.cache.internal.DefaultFileLockManager] Waiting to acquire shared lock on daemon addresses registry.
15:02:00.677 [DEBUG] [org.gradle.cache.internal.DefaultFileLockManager] Lock acquired.
15:02:00.682 [DEBUG] [org.gradle.cache.internal.DefaultFileLockManager] Releasing lock on daemon addresses registry.
15:02:40.606 [DEBUG] [org.gradle.internal.remote.internal.inet.TcpIncomingConnector] Accepted connection from /127.0.0.1:64311 to /127.0.0.1:64202.
15:02:40.609 [DEBUG] [org.gradle.launcher.daemon.server.SynchronizedDispatchConnection] thread 103: received class org.gradle.launcher.daemon.protocol.Build
15:02:40.609 [DEBUG] [org.gradle.launcher.daemon.server.DefaultDaemonConnection] thread 103: Received non-IO message from client: Build{id=98144031-c2f1-4907-89ba-af8b96980563.1, currentDir=C:\Users\TIH\AndroidStudioProjects\Quiz3}
15:02:40.609 [INFO] [org.gradle.launcher.daemon.server.DefaultIncomingConnectionHandler] Received command: Build{id=98144031-c2f1-4907-89ba-af8b96980563.1, currentDir=C:\Users\TIH\AndroidStudioProjects\Quiz3}.
15:02:40.609 [DEBUG] [org.gradle.launcher.daemon.server.DefaultIncomingConnectionHandler] Starting executing command: Build{id=98144031-c2f1-4907-89ba-af8b96980563.1, currentDir=C:\Users\TIH\AndroidStudioProjects\Quiz3} with connection: socket connection from /127.0.0.1:64202 to /127.0.0.1:64311.
15:02:40.609 [DEBUG] [org.gradle.launcher.daemon.server.DaemonStateCoordinator] Command execution: started DaemonCommandExecution[command = Build{id=98144031-c2f1-4907-89ba-af8b96980563.1, currentDir=C:\Users\TIH\AndroidStudioProjects\Quiz3}, connection = org.gradle.launcher.daemon.server.DefaultDaemonConnection@7c9adaf3] after 0.0 minutes of idle
15:02:40.610 [INFO] [org.gradle.launcher.daemon.server.DomainRegistryUpdater] Marking the daemon as busy, address: [e5c0aa0d-e8aa-40ce-a7ec-bf886d671862 port:64202, addresses:[/127.0.0.1, /0:0:0:0:0:0:0:1]]
15:02:40.610 [DEBUG] [org.gradle.launcher.daemon.registry.PersistentDaemonRegistry] Marking busy by address: [e5c0aa0d-e8aa-40ce-a7ec-bf886d671862 port:64202, addresses:[/127.0.0.1, /0:0:0:0:0:0:0:1]]
15:02:40.611 [DEBUG] [org.gradle.cache.internal.DefaultFileLockManager] Waiting to acquire exclusive lock on daemon addresses registry.
15:02:40.611 [DEBUG] [org.gradle.cache.internal.DefaultFileLockManager] Lock acquired.
15:02:40.613 [DEBUG] [org.gradle.cache.internal.DefaultFileLockManager] Releasing lock on daemon addresses registry.
15:02:40.614 [DEBUG] [org.gradle.launcher.daemon.server.DaemonStateCoordinator] updating lastActivityAt to 1475154160614
15:02:40.614 [DEBUG] [org.gradle.launcher.daemon.server.DaemonStateCoordinator] daemon is running. Sleeping until state changes.
15:02:40.614 [INFO] [org.gradle.launcher.daemon.server.exec.StartBuildOrRespondWithBusy] Daemon is about to start building Build{id=98144031-c2f1-4907-89ba-af8b96980563.1, currentDir=C:\Users\TIH\AndroidStudioProjects\Quiz3}. Dispatching build started information...
15:02:40.614 [DEBUG] [org.gradle.launcher.daemon.server.SynchronizedDispatchConnection] thread 19: dispatching class org.gradle.launcher.daemon.protocol.BuildStarted
15:02:40.614 [DEBUG] [org.gradle.launcher.daemon.server.exec.EstablishBuildEnvironment] Configuring env variables: {configsetroot=C:\Windows\ConfigSetRoot, PROCESSOR_LEVEL=6, FP_NO_HOST_CHECK=NO, SESSIONNAME=Console, ALLUSERSPROFILE=C:\ProgramData, TVTCOMMON=C:\Program Files (x86)\Common Files\Lenovo, PROCESSOR_ARCHITECTURE=AMD64, PSModulePath=C:\Windows\system32\WindowsPowerShell\v1.0\Modules\, SystemDrive=C:, COMMPath=C:\Program Files\Lenovo\Communications Utility, TVT=C:\Program Files (x86)\Lenovo, SWSHARE=C:\SWSHARE, USERNAME=TIH, ProgramFiles(x86)=C:\Program Files (x86), PATHEXT=.COM;.EXE;.BAT;.CMD;.VBS;.VBE;.JS;.JSE;.WSF;.WSH;.MSC, UOIPME_REG_PATH=C:\Program Files\Intel Corporation\USB over IP, ProgramData=C:\ProgramData, ProgramW6432=C:\Program Files, HOMEPATH=\Users\TIH, PROCESSOR_IDENTIFIER=Intel64 Family 6 Model 60 Stepping 3, GenuineIntel, ALCKPath=C:\Program Files\Lenovo\AutoLock, ProgramFiles=C:\Program Files, PUBLIC=C:\Users\Public, windir=C:\Windows, =::=::\, PowerMgrPath=C:\Program Files (x86)\Lenovo\PowerMgr, LOCALAPPDATA=C:\Users\TIH\AppData\Local, USERDOMAIN=TIH-PC, LOGONSERVER=\\TIH-PC, APPDATA=C:\Users\TIH\AppData\Roaming, READYAPPS=C:\SWTOOLS\ReadyApps, windows_tracing_logfile=C:\BVTBin\Tests\installpackage\csilogfile.log, VBOX_MSI_INSTALL_PATH=C:\Program Files\Oracle\VirtualBox\, CommonProgramFiles=C:\Program Files\Common Files, Path=C:\ProgramData\Oracle\Java\javapath;C:\Program Files (x86)\Intel\iCLS Client\;C:\Program Files\Intel\iCLS Client\;C:\Windows\system32;C:\Windows;C:\Windows\System32\Wbem;C:\Windows\System32\WindowsPowerShell\v1.0\;C:\Program Files\Intel\Intel(R) Management Engine Components\DAL;C:\Program Files\Intel\Intel(R) Management Engine Components\IPT;C:\Program Files (x86)\Intel\Intel(R) Management Engine Components\DAL;C:\Program Files (x86)\Intel\Intel(R) Management Engine Components\IPT;C:\Program Files\Intel\WiFi\bin\;C:\Program Files\Common Files\Intel\WirelessCommon\;C:\SWTOOLS\ReadyApps;C:\Program Files (x86)\Common Files\Lenovo;C:\Program Files (x86)\Common Files\lenovo\easyplussdk\bin;C:\Program Files\Git\cmd, OS=Windows_NT, windows_tracing_flags=3, COMPUTERNAME=TIH-PC, PROCESSOR_REVISION=3c03, CommonProgramW6432=C:\Program Files\Common Files, ComSpec=C:\Windows\system32\cmd.exe, SystemRoot=C:\Windows, TEMP=C:\Users\TIH\AppData\Local\Temp, HOMEDRIVE=C:, USERPROFILE=C:\Users\TIH, TMP=C:\Users\TIH\AppData\Local\Temp, easyplussdk="C:\Program Files (x86)\Common Files\lenovo\easyplussdk\bin", CommonProgramFiles(x86)=C:\Program Files (x86)\Common Files, NUMBER_OF_PROCESSORS=8}
15:02:40.615 [DEBUG] [org.gradle.launcher.daemon.server.SynchronizedDispatchConnection] thread 103: received class org.gradle.launcher.daemon.protocol.CloseInput
15:02:40.615 [DEBUG] [org.gradle.launcher.daemon.server.DefaultDaemonConnection] thread 103: Received IO message from client: org.gradle.launcher.daemon.protocol.CloseInput@73e3cc0f
15:02:40.615 [DEBUG] [org.gradle.launcher.daemon.server.exec.LogToClient] About to start relaying all logs to the client via the connection.
15:02:40.616 [INFO] [org.gradle.launcher.daemon.server.exec.LogToClient] The client will now receive all logging from the daemon (pid: 2208). The daemon log file: C:\Users\TIH\.gradle\daemon\2.14.1\daemon-2208.out.log
15:02:40.616 [INFO] [org.gradle.launcher.daemon.server.health.DaemonHealthTracker] Starting 3rd build in daemon [uptime: 1 mins 40.692 secs, performance: 98%, no major garbage collections]
15:02:40.616 [DEBUG] [org.gradle.launcher.daemon.server.exec.ExecuteBuild] The daemon has started executing the build.
15:02:40.616 [INFO] [org.gradle.launcher.daemon.server.exec.ForwardClientInput] Closing daemon's stdin at end of input.
15:02:40.616 [INFO] [org.gradle.launcher.daemon.server.exec.ExecuteBuild] Executing build with daemon context: DefaultDaemonContext[uid=d54fb49a-52ea-4d9f-a63b-ec79d61c1265,javaHome=C:\Program Files\Java\jdk1.8.0_101,daemonRegistryDir=C:\Users\TIH\.gradle\daemon,pid=2208,idleTimeout=10800000,daemonOpts=-Xmx1536m,-Dfile.encoding=windows-1252,-Duser.country=US,-Duser.language=en,-Duser.variant]
15:02:40.616 [INFO] [org.gradle.launcher.daemon.server.exec.ForwardClientInput] The daemon will no longer process any standard input.
Configuration on demand is an incubating feature.
Incremental java compilation is an incubating feature.
:app:preBuild UP-TO-DATE
:app:preDebugBuild UP-TO-DATE
:app:checkDebugManifest
:app:preReleaseBuild UP-TO-DATE
:app:prepareComAndroidSupportAnimatedVectorDrawable2411Library UP-TO-DATE
:app:prepareComAndroidSupportAppcompatV72411Library UP-TO-DATE
:app:prepareComAndroidSupportSupportV42411Library UP-TO-DATE
:app:prepareComAndroidSupportSupportVectorDrawable2411Library UP-TO-DATE
:app:prepareDebugDependencies
:app:compileDebugAidl UP-TO-DATE
:app:compileDebugRenderscript UP-TO-DATE
:app:generateDebugBuildConfig UP-TO-DATE
:app:generateDebugResValues UP-TO-DATE
:app:generateDebugResources UP-TO-DATE
:app:mergeDebugResources
:app:processDebugManifest UP-TO-DATE
:app:processDebugResources
:app:generateDebugSources
:app:incrementalDebugJavaCompilationSafeguard
:app:compileDebugJavaWithJavac
:app:compileDebugJavaWithJavac - is not incremental (e.g. outputs have changed, no previous execution, etc.).
:app:compileDebugNdk UP-TO-DATE
:app:compileDebugSources
:app:mergeDebugShaders UP-TO-DATE
:app:compileDebugShaders UP-TO-DATE
:app:generateDebugAssets UP-TO-DATE
:app:mergeDebugAssets UP-TO-DATE
:app:transformClassesWithDexForDebug
:app:mergeDebugJniLibFolders UP-TO-DATE
:app:transformNative_libsWithMergeJniLibsForDebug UP-TO-DATE
:app:processDebugJavaRes UP-TO-DATE
:app:transformResourcesWithMergeJavaResForDebug UP-TO-DATE
:app:validateSigningDebug
:app:packageDebug
:app:assembleDebug

BUILD SUCCESSFUL

Total time: 3.071 secs
15:02:43.681 [DEBUG] [org.gradle.cache.internal.btree.BTreePersistentIndexedCache] Closing cache taskArtifacts.bin (C:\Users\TIH\AndroidStudioProjects\Quiz3\.gradle\2.14.1\taskArtifacts\taskArtifacts.bin)
15:02:43.682 [DEBUG] [org.gradle.cache.internal.btree.BTreePersistentIndexedCache] Closing cache fileSnapshotsToTreeSnapshotsIndex.bin (C:\Users\TIH\AndroidStudioProjects\Quiz3\.gradle\2.14.1\taskArtifacts\fileSnapshotsToTreeSnapshotsIndex.bin)
15:02:43.682 [DEBUG] [org.gradle.cache.internal.btree.BTreePersistentIndexedCache] Closing cache fileHashes.bin (C:\Users\TIH\AndroidStudioProjects\Quiz3\.gradle\2.14.1\taskArtifacts\fileHashes.bin)
15:02:43.683 [DEBUG] [org.gradle.cache.internal.btree.BTreePersistentIndexedCache] Closing cache fileSnapshots.bin (C:\Users\TIH\AndroidStudioProjects\Quiz3\.gradle\2.14.1\taskArtifacts\fileSnapshots.bin)
15:02:43.683 [DEBUG] [org.gradle.cache.internal.DefaultFileLockManager] Releasing lock on task history cache (C:\Users\TIH\AndroidStudioProjects\Quiz3\.gradle\2.14.1\taskArtifacts).
15:02:43.683 [DEBUG] [org.gradle.cache.internal.btree.BTreePersistentIndexedCache] Closing cache classAnalysis.bin (C:\Users\TIH\.gradle\caches\2.14.1\classAnalysis\classAnalysis.bin)
15:02:43.684 [DEBUG] [org.gradle.cache.internal.DefaultFileLockManager] Releasing lock on class analysis cache (C:\Users\TIH\.gradle\caches\2.14.1\classAnalysis).
15:02:43.684 [DEBUG] [org.gradle.cache.internal.btree.BTreePersistentIndexedCache] Closing cache jarSnapshots.bin (C:\Users\TIH\.gradle\caches\2.14.1\jarSnapshots\jarSnapshots.bin)
15:02:43.684 [DEBUG] [org.gradle.cache.internal.DefaultFileLockManager] Releasing lock on jar snapshots cache (C:\Users\TIH\.gradle\caches\2.14.1\jarSnapshots).
15:02:43.685 [DEBUG] [org.gradle.cache.internal.DefaultCacheAccess] Cache Generated Gradle JARs cache (C:\Users\TIH\.gradle\caches\2.14.1\generated-gradle-jars) was closed 0 times.
15:02:43.685 [DEBUG] [org.gradle.cache.internal.btree.BTreePersistentIndexedCache] Closing cache artifact-at-repository.bin (C:\Users\TIH\.gradle\caches\modules-2\metadata-2.16\artifact-at-repository.bin)
15:02:43.685 [DEBUG] [org.gradle.cache.internal.btree.BTreePersistentIndexedCache] Closing cache module-metadata.bin (C:\Users\TIH\.gradle\caches\modules-2\metadata-2.16\module-metadata.bin)
15:02:43.685 [DEBUG] [org.gradle.cache.internal.DefaultFileLockManager] Releasing lock on artifact cache (C:\Users\TIH\.gradle\caches\modules-2).
15:02:43.686 [DEBUG] [org.gradle.api.internal.artifacts.ivyservice.resolveengine.store.CachedStoreFactory] Resolution result cache closed. Cache reads: 0, disk reads: 0 (avg: 0.0 secs, total: 0.0 secs)
15:02:43.687 [DEBUG] [org.gradle.api.internal.artifacts.ivyservice.resolveengine.store.CachedStoreFactory] Resolution result cache closed. Cache reads: 0, disk reads: 10 (avg: 0.0 secs, total: 0.004 secs)
15:02:43.687 [DEBUG] [org.gradle.api.internal.artifacts.ivyservice.resolveengine.store.ResolutionResultsStoreFactory] Deleted 2 resolution results binary files in 0.001 secs
15:02:43.687 [DEBUG] [org.gradle.api.internal.artifacts.ivyservice.ivyresolve.memcache.InMemoryCachedRepositoryFactory] In-memory dependency metadata cache closed. Repos cached: 52, cache instances: 5, modules served from cache: 170, artifacts: 66
15:02:43.687 [DEBUG] [org.gradle.cache.internal.DefaultCacheAccess] Cache Plugin Resolution Cache (C:\Users\TIH\.gradle\caches\2.14.1\plugin-resolution) was closed 0 times.
15:02:43.687 [DEBUG] [org.gradle.api.internal.tasks.compile.daemon.CompilerDaemonManager] Stopping 0 compiler daemon(s).
15:02:43.687 [INFO] [org.gradle.api.internal.tasks.compile.daemon.CompilerDaemonManager] Stopped 0 compiler daemon(s).
15:02:43.687 [DEBUG] [org.gradle.cache.internal.DefaultCacheAccess] Cache jars (C:\Users\TIH\.gradle\caches\jars-1) was closed 0 times.
15:02:43.687 [DEBUG] [org.gradle.launcher.daemon.server.exec.ExecuteBuild] The daemon has finished executing the build.
15:02:43.688 [DEBUG] [org.gradle.launcher.daemon.server.health.DaemonStatus] GC rate: 0.0/s
15:02:43.693 [DEBUG] [org.gradle.launcher.daemon.server.DaemonStateCoordinator] daemon is running. Sleeping until state changes.
15:02:43.693 [DEBUG] [org.gradle.launcher.daemon.server.DaemonStateCoordinator] Command execution: finished waiting for DaemonCommandExecution[command = Build{id=98144031-c2f1-4907-89ba-af8b96980563.1, currentDir=C:\Users\TIH\AndroidStudioProjects\Quiz3}, connection = org.gradle.launcher.daemon.server.DefaultDaemonConnection@7c9adaf3]. Result org.gradle.launcher.daemon.server.DaemonStateCoordinator@4b2e312f with state Running
15:02:43.694 [DEBUG] [org.gradle.launcher.daemon.server.DaemonStateCoordinator] Command execution: completed DaemonCommandExecution[command = Build{id=98144031-c2f1-4907-89ba-af8b96980563.1, currentDir=C:\Users\TIH\AndroidStudioProjects\Quiz3}, connection = org.gradle.launcher.daemon.server.DefaultDaemonConnection@7c9adaf3]
15:02:43.694 [DEBUG] [org.gradle.launcher.daemon.server.DaemonStateCoordinator] updating lastActivityAt to 1475154163694
15:02:43.694 [INFO] [org.gradle.launcher.daemon.server.DomainRegistryUpdater] Marking the daemon as idle, address: [e5c0aa0d-e8aa-40ce-a7ec-bf886d671862 port:64202, addresses:[/127.0.0.1, /0:0:0:0:0:0:0:1]]
15:02:43.694 [DEBUG] [org.gradle.launcher.daemon.registry.PersistentDaemonRegistry] Marking idle by address: [e5c0aa0d-e8aa-40ce-a7ec-bf886d671862 port:64202, addresses:[/127.0.0.1, /0:0:0:0:0:0:0:1]]
15:02:43.694 [DEBUG] [org.gradle.cache.internal.DefaultFileLockManager] Waiting to acquire exclusive lock on daemon addresses registry.
15:02:43.695 [DEBUG] [org.gradle.cache.internal.DefaultFileLockManager] Lock acquired.
15:02:43.697 [DEBUG] [org.gradle.cache.internal.DefaultFileLockManager] Releasing lock on daemon addresses registry.
15:02:43.697 [DEBUG] [org.gradle.launcher.daemon.server.DaemonStateCoordinator] daemon is running. Sleeping until state changes.
15:02:43.697 [DEBUG] [org.gradle.launcher.daemon.server.exec.ReturnResult] Daemon is dispatching the build result: Success[value=org.gradle.tooling.internal.provider.BuildActionResult@4a150104]
15:02:43.697 [DEBUG] [org.gradle.launcher.daemon.server.SynchronizedDispatchConnection] thread 16: dispatching class org.gradle.launcher.daemon.protocol.Success
15:02:43.699 [DEBUG] [org.gradle.launcher.daemon.server.DefaultIncomingConnectionHandler] Finishing executing command: Build{id=98144031-c2f1-4907-89ba-af8b96980563.1, currentDir=C:\Users\TIH\AndroidStudioProjects\Quiz3}
15:02:43.702 [DEBUG] [org.gradle.launcher.daemon.server.SynchronizedDispatchConnection] thread 103: received class org.gradle.launcher.daemon.protocol.Finished
15:02:43.702 [DEBUG] [org.gradle.launcher.daemon.server.DefaultDaemonConnection] thread 103: Received non-IO message from client: org.gradle.launcher.daemon.protocol.Finished@77dc56ab
15:02:43.702 [DEBUG] [org.gradle.launcher.daemon.server.DefaultIncomingConnectionHandler] Received finished message: org.gradle.launcher.daemon.protocol.Finished@77dc56ab
15:02:43.702 [DEBUG] [org.gradle.internal.remote.internal.inet.SocketConnection] Discarding EOFException: java.io.EOFException
15:02:43.702 [DEBUG] [org.gradle.launcher.daemon.server.SynchronizedDispatchConnection] thread 103: received null
15:02:43.702 [DEBUG] [org.gradle.launcher.daemon.server.DefaultDaemonConnection] thread 103: Received end-of-input from client.
15:02:43.702 [DEBUG] [org.gradle.launcher.daemon.server.SynchronizedDispatchConnection] thread 16: stopping connection
15:02:43.703 [DEBUG] [org.gradle.launcher.daemon.server.SynchronizedDispatchConnection] thread 16: stopping connection
15:03:00.673 [DEBUG] [org.gradle.launcher.daemon.server.Daemon] DaemonExpirationPeriodicCheck running
15:03:00.673 [DEBUG] [org.gradle.launcher.daemon.server.health.DaemonStatus] GC rate: 0.0/s
15:03:00.676 [DEBUG] [org.gradle.cache.internal.DefaultFileLockManager] Waiting to acquire shared lock on daemon addresses registry.
15:03:00.676 [DEBUG] [org.gradle.cache.internal.DefaultFileLockManager] Lock acquired.
15:03:00.681 [DEBUG] [org.gradle.cache.internal.DefaultFileLockManager] Releasing lock on daemon addresses registry.
15:04:00.674 [DEBUG] [org.gradle.launcher.daemon.server.Daemon] DaemonExpirationPeriodicCheck running
15:04:00.674 [DEBUG] [org.gradle.launcher.daemon.server.health.DaemonStatus] GC rate: 0.0/s
15:04:00.677 [DEBUG] [org.gradle.cache.internal.DefaultFileLockManager] Waiting to acquire shared lock on daemon addresses registry.
15:04:00.678 [DEBUG] [org.gradle.cache.internal.DefaultFileLockManager] Lock acquired.
15:04:00.681 [DEBUG] [org.gradle.cache.internal.DefaultFileLockManager] Releasing lock on daemon addresses registry.
15:05:00.676 [DEBUG] [org.gradle.launcher.daemon.server.Daemon] DaemonExpirationPeriodicCheck running
15:05:00.676 [DEBUG] [org.gradle.launcher.daemon.server.health.DaemonStatus] GC rate: 0.0/s
15:05:00.678 [DEBUG] [org.gradle.cache.internal.DefaultFileLockManager] Waiting to acquire shared lock on daemon addresses registry.
15:05:00.678 [DEBUG] [org.gradle.cache.internal.DefaultFileLockManager] Lock acquired.
15:05:00.681 [DEBUG] [org.gradle.cache.internal.DefaultFileLockManager] Releasing lock on daemon addresses registry.
15:06:00.676 [DEBUG] [org.gradle.launcher.daemon.server.Daemon] DaemonExpirationPeriodicCheck running
15:06:00.676 [DEBUG] [org.gradle.launcher.daemon.server.health.DaemonStatus] GC rate: 0.0/s
15:06:00.677 [DEBUG] [org.gradle.cache.internal.DefaultFileLockManager] Waiting to acquire shared lock on daemon addresses registry.
15:06:00.677 [DEBUG] [org.gradle.cache.internal.DefaultFileLockManager] Lock acquired.
15:06:00.678 [DEBUG] [org.gradle.cache.internal.DefaultFileLockManager] Releasing lock on daemon addresses registry.
08:25:09.503 [DEBUG] [org.gradle.launcher.daemon.server.Daemon] DaemonExpirationPeriodicCheck running
08:25:09.503 [INFO] [org.gradle.launcher.daemon.server.DaemonIdleTimeoutExpirationStrategy] Idle timeout: daemon has been idle for 62545809 milliseconds. Expiring.
08:25:09.503 [INFO] [org.gradle.launcher.daemon.server.Daemon] Daemon expiration criteria met, requesting stop
08:25:09.503 [LIFECYCLE] [org.gradle.launcher.daemon.server.Daemon] Daemon stopping because daemon has been idle for 62545809 milliseconds
08:25:09.503 [DEBUG] [org.gradle.launcher.daemon.server.DaemonStateCoordinator] Stop as soon as idle requested. The daemon is busy: false
08:25:09.503 [DEBUG] [org.gradle.launcher.daemon.server.DaemonStateCoordinator] Marking daemon stopped due to stop requested and daemon idle. The daemon is running a build: false
08:25:09.504 [DEBUG] [org.gradle.launcher.daemon.server.Daemon] DaemonExpirationPeriodicCheck running
08:25:09.504 [DEBUG] [org.gradle.launcher.daemon.server.health.DaemonStatus] GC rate: 0.0/s
08:25:09.505 [DEBUG] [org.gradle.cache.internal.DefaultFileLockManager] Waiting to acquire shared lock on daemon addresses registry.
08:25:09.505 [DEBUG] [org.gradle.cache.internal.DefaultFileLockManager] Lock acquired.
08:25:09.506 [DEBUG] [org.gradle.cache.internal.DefaultFileLockManager] Releasing lock on daemon addresses registry.
08:25:09.511 [DEBUG] [org.gradle.launcher.daemon.server.DaemonStateCoordinator] daemon has stopped.
08:25:09.511 [DEBUG] [org.gradle.launcher.daemon.server.Daemon] stop() called on daemon
08:25:09.511 [INFO] [org.gradle.launcher.daemon.server.Daemon] Stop requested. Daemon is removing its presence from the registry...
08:25:09.512 [DEBUG] [org.gradle.launcher.daemon.server.DomainRegistryUpdater] Removing our presence to clients, eg. removing this address from the registry: [e5c0aa0d-e8aa-40ce-a7ec-bf886d671862 port:64202, addresses:[/127.0.0.1, /0:0:0:0:0:0:0:1]]
08:25:09.533 [DEBUG] [org.gradle.launcher.daemon.registry.PersistentDaemonRegistry] Removing daemon address: [e5c0aa0d-e8aa-40ce-a7ec-bf886d671862 port:64202, addresses:[/127.0.0.1, /0:0:0:0:0:0:0:1]]
08:25:09.535 [DEBUG] [org.gradle.cache.internal.DefaultFileLockManager] Waiting to acquire exclusive lock on daemon addresses registry.
08:25:09.535 [DEBUG] [org.gradle.cache.internal.DefaultFileLockManager] Lock acquired.
08:25:09.537 [DEBUG] [org.gradle.cache.internal.DefaultFileLockManager] Releasing lock on daemon addresses registry.
08:25:09.538 [DEBUG] [org.gradle.launcher.daemon.server.DomainRegistryUpdater] Address removed from registry.
Daemon vm is shutting down... The daemon has exited normally or was terminated in response to a user interrupt.
08:25:22.494 [DEBUG] [org.gradle.launcher.daemon.registry.PersistentDaemonRegistry] Removing daemon address: [e5c0aa0d-e8aa-40ce-a7ec-bf886d671862 port:64202, addresses:[/127.0.0.1, /0:0:0:0:0:0:0:1]]
08:25:22.495 [DEBUG] [org.gradle.cache.internal.DefaultFileLockManager] Waiting to acquire exclusive lock on daemon addresses registry.
08:25:22.495 [DEBUG] [org.gradle.cache.internal.DefaultFileLockManager] Lock acquired.
08:25:22.995 [DEBUG] [org.gradle.cache.internal.DefaultFileLockManager] Releasing lock on daemon addresses registry.
