11:27:07.492 [DEBUG] [org.gradle.internal.nativeintegration.services.NativeServices] Native-platform posix files is not available.  Continuing with fallback.
11:27:07.495 [DEBUG] [org.gradle.internal.nativeintegration.filesystem.services.FileSystemServices] Using JDK 7 file service org.gradle.internal.nativeintegration.filesystem.jdk7.WindowsJdk7Symlink
11:27:07.917 [INFO] [org.gradle.launcher.daemon.server.Daemon] start() called on daemon - DefaultDaemonContext[uid=2c1bb700-b4bd-4372-a650-13d9c9f8adc3,javaHome=C:\Program Files\Java\jdk1.8.0_101,daemonRegistryDir=C:\Users\TIH\.gradle\daemon,pid=6920,idleTimeout=10800000,daemonOpts=-XX:MaxPermSize=256m,-XX:+HeapDumpOnOutOfMemoryError,-Xmx1024m,-Dfile.encoding=windows-1252,-Duser.country=US,-Duser.language=en,-Duser.variant]
11:27:07.923 [DEBUG] [org.gradle.launcher.daemon.server.DaemonStateCoordinator] updating lastActivityAt to 1473067627923
11:27:07.996 [DEBUG] [org.gradle.internal.remote.internal.inet.InetAddressFactory] Adding IP addresses for network interface Software Loopback Interface 1
11:27:07.997 [DEBUG] [org.gradle.internal.remote.internal.inet.InetAddressFactory] Is this a loopback interface? true
11:27:07.999 [DEBUG] [org.gradle.internal.remote.internal.inet.InetAddressFactory] Is this a multicast interface? true
11:27:08.018 [DEBUG] [org.gradle.internal.remote.internal.inet.InetAddressFactory] Adding loopback address /127.0.0.1
11:27:08.018 [DEBUG] [org.gradle.internal.remote.internal.inet.InetAddressFactory] Adding loopback address /0:0:0:0:0:0:0:1
11:27:08.018 [DEBUG] [org.gradle.internal.remote.internal.inet.InetAddressFactory] Adding loopback multicast interface Software Loopback Interface 1
11:27:08.018 [DEBUG] [org.gradle.internal.remote.internal.inet.InetAddressFactory] Adding IP addresses for network interface WAN Miniport (SSTP)
11:27:08.020 [DEBUG] [org.gradle.internal.remote.internal.inet.InetAddressFactory] Is this a loopback interface? false
11:27:08.021 [DEBUG] [org.gradle.internal.remote.internal.inet.InetAddressFactory] Is this a multicast interface? true
11:27:08.021 [DEBUG] [org.gradle.internal.remote.internal.inet.InetAddressFactory] Adding loopback multicast interface WAN Miniport (SSTP)
11:27:08.021 [DEBUG] [org.gradle.internal.remote.internal.inet.InetAddressFactory] Adding IP addresses for network interface WAN Miniport (L2TP)
11:27:08.022 [DEBUG] [org.gradle.internal.remote.internal.inet.InetAddressFactory] Is this a loopback interface? false
11:27:08.023 [DEBUG] [org.gradle.internal.remote.internal.inet.InetAddressFactory] Is this a multicast interface? true
11:27:08.024 [DEBUG] [org.gradle.internal.remote.internal.inet.InetAddressFactory] Adding loopback multicast interface WAN Miniport (L2TP)
11:27:08.024 [DEBUG] [org.gradle.internal.remote.internal.inet.InetAddressFactory] Adding IP addresses for network interface WAN Miniport (PPTP)
11:27:08.025 [DEBUG] [org.gradle.internal.remote.internal.inet.InetAddressFactory] Is this a loopback interface? false
11:27:08.026 [DEBUG] [org.gradle.internal.remote.internal.inet.InetAddressFactory] Is this a multicast interface? true
11:27:08.026 [DEBUG] [org.gradle.internal.remote.internal.inet.InetAddressFactory] Adding loopback multicast interface WAN Miniport (PPTP)
11:27:08.026 [DEBUG] [org.gradle.internal.remote.internal.inet.InetAddressFactory] Adding IP addresses for network interface WAN Miniport (PPPOE)
11:27:08.027 [DEBUG] [org.gradle.internal.remote.internal.inet.InetAddressFactory] Is this a loopback interface? false
11:27:08.029 [DEBUG] [org.gradle.internal.remote.internal.inet.InetAddressFactory] Is this a multicast interface? true
11:27:08.029 [DEBUG] [org.gradle.internal.remote.internal.inet.InetAddressFactory] Adding loopback multicast interface WAN Miniport (PPPOE)
11:27:08.029 [DEBUG] [org.gradle.internal.remote.internal.inet.InetAddressFactory] Adding IP addresses for network interface WAN Miniport (IPv6)
11:27:08.030 [DEBUG] [org.gradle.internal.remote.internal.inet.InetAddressFactory] Is this a loopback interface? false
11:27:08.031 [DEBUG] [org.gradle.internal.remote.internal.inet.InetAddressFactory] Is this a multicast interface? true
11:27:08.031 [DEBUG] [org.gradle.internal.remote.internal.inet.InetAddressFactory] Adding loopback multicast interface WAN Miniport (IPv6)
11:27:08.031 [DEBUG] [org.gradle.internal.remote.internal.inet.InetAddressFactory] Adding IP addresses for network interface WAN Miniport (Network Monitor)
11:27:08.033 [DEBUG] [org.gradle.internal.remote.internal.inet.InetAddressFactory] Is this a loopback interface? false
11:27:08.034 [DEBUG] [org.gradle.internal.remote.internal.inet.InetAddressFactory] Is this a multicast interface? true
11:27:08.034 [DEBUG] [org.gradle.internal.remote.internal.inet.InetAddressFactory] Adding loopback multicast interface WAN Miniport (Network Monitor)
11:27:08.034 [DEBUG] [org.gradle.internal.remote.internal.inet.InetAddressFactory] Adding IP addresses for network interface WAN Miniport (IP)
11:27:08.035 [DEBUG] [org.gradle.internal.remote.internal.inet.InetAddressFactory] Is this a loopback interface? false
11:27:08.036 [DEBUG] [org.gradle.internal.remote.internal.inet.InetAddressFactory] Is this a multicast interface? true
11:27:08.036 [DEBUG] [org.gradle.internal.remote.internal.inet.InetAddressFactory] Adding loopback multicast interface WAN Miniport (IP)
11:27:08.037 [DEBUG] [org.gradle.internal.remote.internal.inet.InetAddressFactory] Adding IP addresses for network interface RAS Async Adapter
11:27:08.038 [DEBUG] [org.gradle.internal.remote.internal.inet.InetAddressFactory] Is this a loopback interface? false
11:27:08.039 [DEBUG] [org.gradle.internal.remote.internal.inet.InetAddressFactory] Is this a multicast interface? true
11:27:08.039 [DEBUG] [org.gradle.internal.remote.internal.inet.InetAddressFactory] Adding loopback multicast interface RAS Async Adapter
11:27:08.039 [DEBUG] [org.gradle.internal.remote.internal.inet.InetAddressFactory] Adding IP addresses for network interface WAN Miniport (IKEv2)
11:27:08.040 [DEBUG] [org.gradle.internal.remote.internal.inet.InetAddressFactory] Is this a loopback interface? false
11:27:08.041 [DEBUG] [org.gradle.internal.remote.internal.inet.InetAddressFactory] Is this a multicast interface? true
11:27:08.041 [DEBUG] [org.gradle.internal.remote.internal.inet.InetAddressFactory] Adding loopback multicast interface WAN Miniport (IKEv2)
11:27:08.041 [DEBUG] [org.gradle.internal.remote.internal.inet.InetAddressFactory] Adding IP addresses for network interface Intel(R) Ethernet Connection I217-LM
11:27:08.042 [DEBUG] [org.gradle.internal.remote.internal.inet.InetAddressFactory] Is this a loopback interface? false
11:27:08.044 [DEBUG] [org.gradle.internal.remote.internal.inet.InetAddressFactory] Is this a multicast interface? true
11:27:08.044 [DEBUG] [org.gradle.internal.remote.internal.inet.InetAddressFactory] Adding remote address /fe80:0:0:0:2cef:80cc:b40:5c91%eth3
11:27:08.044 [DEBUG] [org.gradle.internal.remote.internal.inet.InetAddressFactory] Adding remote multicast interface Intel(R) Ethernet Connection I217-LM
11:27:08.044 [DEBUG] [org.gradle.internal.remote.internal.inet.InetAddressFactory] Adding IP addresses for network interface Microsoft 6to4 Adapter
11:27:08.045 [DEBUG] [org.gradle.internal.remote.internal.inet.InetAddressFactory] Is this a loopback interface? false
11:27:08.046 [DEBUG] [org.gradle.internal.remote.internal.inet.InetAddressFactory] Is this a multicast interface? false
11:27:08.046 [DEBUG] [org.gradle.internal.remote.internal.inet.InetAddressFactory] Adding IP addresses for network interface Bluetooth Device (RFCOMM Protocol TDI) #2
11:27:08.047 [DEBUG] [org.gradle.internal.remote.internal.inet.InetAddressFactory] Is this a loopback interface? false
11:27:08.048 [DEBUG] [org.gradle.internal.remote.internal.inet.InetAddressFactory] Is this a multicast interface? true
11:27:08.048 [DEBUG] [org.gradle.internal.remote.internal.inet.InetAddressFactory] Adding loopback multicast interface Bluetooth Device (RFCOMM Protocol TDI) #2
11:27:08.048 [DEBUG] [org.gradle.internal.remote.internal.inet.InetAddressFactory] Adding IP addresses for network interface Bluetooth Device (Personal Area Network) #2
11:27:08.049 [DEBUG] [org.gradle.internal.remote.internal.inet.InetAddressFactory] Is this a loopback interface? false
11:27:08.050 [DEBUG] [org.gradle.internal.remote.internal.inet.InetAddressFactory] Is this a multicast interface? true
11:27:08.051 [DEBUG] [org.gradle.internal.remote.internal.inet.InetAddressFactory] Adding remote address /fe80:0:0:0:1c53:e74b:d4ec:2c4b%eth4
11:27:08.051 [DEBUG] [org.gradle.internal.remote.internal.inet.InetAddressFactory] Adding remote multicast interface Bluetooth Device (Personal Area Network) #2
11:27:08.051 [DEBUG] [org.gradle.internal.remote.internal.inet.InetAddressFactory] Adding IP addresses for network interface Intel(R) Centrino(R) Advanced-N 6235
11:27:08.052 [DEBUG] [org.gradle.internal.remote.internal.inet.InetAddressFactory] Is this a loopback interface? false
11:27:08.053 [DEBUG] [org.gradle.internal.remote.internal.inet.InetAddressFactory] Is this a multicast interface? true
11:27:08.053 [DEBUG] [org.gradle.internal.remote.internal.inet.InetAddressFactory] Adding remote address /192.168.1.41
11:27:08.053 [DEBUG] [org.gradle.internal.remote.internal.inet.InetAddressFactory] Adding remote address /fe80:0:0:0:3d30:1059:778:5402%wlan0
11:27:08.053 [DEBUG] [org.gradle.internal.remote.internal.inet.InetAddressFactory] Adding remote multicast interface Intel(R) Centrino(R) Advanced-N 6235
11:27:08.053 [DEBUG] [org.gradle.internal.remote.internal.inet.InetAddressFactory] Adding IP addresses for network interface Microsoft Virtual WiFi Miniport Adapter
11:27:08.055 [DEBUG] [org.gradle.internal.remote.internal.inet.InetAddressFactory] Is this a loopback interface? false
11:27:08.056 [DEBUG] [org.gradle.internal.remote.internal.inet.InetAddressFactory] Is this a multicast interface? true
11:27:08.056 [DEBUG] [org.gradle.internal.remote.internal.inet.InetAddressFactory] Adding remote address /fe80:0:0:0:953:8a37:1fc8:de1%wlan1
11:27:08.057 [DEBUG] [org.gradle.internal.remote.internal.inet.InetAddressFactory] Adding remote multicast interface Microsoft Virtual WiFi Miniport Adapter
11:27:08.057 [DEBUG] [org.gradle.internal.remote.internal.inet.InetAddressFactory] Adding IP addresses for network interface Microsoft Virtual WiFi Miniport Adapter #2
11:27:08.058 [DEBUG] [org.gradle.internal.remote.internal.inet.InetAddressFactory] Is this a loopback interface? false
11:27:08.059 [DEBUG] [org.gradle.internal.remote.internal.inet.InetAddressFactory] Is this a multicast interface? true
11:27:08.059 [DEBUG] [org.gradle.internal.remote.internal.inet.InetAddressFactory] Adding remote address /fe80:0:0:0:8487:45b4:637e:5939%wlan2
11:27:08.059 [DEBUG] [org.gradle.internal.remote.internal.inet.InetAddressFactory] Adding remote multicast interface Microsoft Virtual WiFi Miniport Adapter #2
11:27:08.060 [DEBUG] [org.gradle.internal.remote.internal.inet.InetAddressFactory] Adding IP addresses for network interface Microsoft ISATAP Adapter
11:27:08.061 [DEBUG] [org.gradle.internal.remote.internal.inet.InetAddressFactory] Is this a loopback interface? false
11:27:08.062 [DEBUG] [org.gradle.internal.remote.internal.inet.InetAddressFactory] Is this a multicast interface? false
11:27:08.062 [DEBUG] [org.gradle.internal.remote.internal.inet.InetAddressFactory] Adding remote address /fe80:0:0:0:0:5efe:c0a8:129%net6
11:27:08.062 [DEBUG] [org.gradle.internal.remote.internal.inet.InetAddressFactory] Adding IP addresses for network interface Intel(R) Ethernet Connection I217-LM-QoS Packet Scheduler-0000
11:27:08.063 [DEBUG] [org.gradle.internal.remote.internal.inet.InetAddressFactory] Is this a loopback interface? false
11:27:08.064 [DEBUG] [org.gradle.internal.remote.internal.inet.InetAddressFactory] Is this a multicast interface? true
11:27:08.064 [DEBUG] [org.gradle.internal.remote.internal.inet.InetAddressFactory] Adding loopback multicast interface Intel(R) Ethernet Connection I217-LM-QoS Packet Scheduler-0000
11:27:08.064 [DEBUG] [org.gradle.internal.remote.internal.inet.InetAddressFactory] Adding IP addresses for network interface Intel(R) Ethernet Connection I217-LM-WFP LightWeight Filter-0000
11:27:08.065 [DEBUG] [org.gradle.internal.remote.internal.inet.InetAddressFactory] Is this a loopback interface? false
11:27:08.066 [DEBUG] [org.gradle.internal.remote.internal.inet.InetAddressFactory] Is this a multicast interface? true
11:27:08.066 [DEBUG] [org.gradle.internal.remote.internal.inet.InetAddressFactory] Adding loopback multicast interface Intel(R) Ethernet Connection I217-LM-WFP LightWeight Filter-0000
11:27:08.066 [DEBUG] [org.gradle.internal.remote.internal.inet.InetAddressFactory] Adding IP addresses for network interface Intel(R) Centrino(R) Advanced-N 6235-Virtual WiFi Filter Driver-0000
11:27:08.067 [DEBUG] [org.gradle.internal.remote.internal.inet.InetAddressFactory] Is this a loopback interface? false
11:27:08.068 [DEBUG] [org.gradle.internal.remote.internal.inet.InetAddressFactory] Is this a multicast interface? true
11:27:08.068 [DEBUG] [org.gradle.internal.remote.internal.inet.InetAddressFactory] Adding loopback multicast interface Intel(R) Centrino(R) Advanced-N 6235-Virtual WiFi Filter Driver-0000
11:27:08.068 [DEBUG] [org.gradle.internal.remote.internal.inet.InetAddressFactory] Adding IP addresses for network interface Intel(R) Centrino(R) Advanced-N 6235-QoS Packet Scheduler-0000
11:27:08.070 [DEBUG] [org.gradle.internal.remote.internal.inet.InetAddressFactory] Is this a loopback interface? false
11:27:08.071 [DEBUG] [org.gradle.internal.remote.internal.inet.InetAddressFactory] Is this a multicast interface? true
11:27:08.071 [DEBUG] [org.gradle.internal.remote.internal.inet.InetAddressFactory] Adding loopback multicast interface Intel(R) Centrino(R) Advanced-N 6235-QoS Packet Scheduler-0000
11:27:08.071 [DEBUG] [org.gradle.internal.remote.internal.inet.InetAddressFactory] Adding IP addresses for network interface WAN Miniport (Network Monitor)-QoS Packet Scheduler-0000
11:27:08.072 [DEBUG] [org.gradle.internal.remote.internal.inet.InetAddressFactory] Is this a loopback interface? false
11:27:08.073 [DEBUG] [org.gradle.internal.remote.internal.inet.InetAddressFactory] Is this a multicast interface? true
11:27:08.073 [DEBUG] [org.gradle.internal.remote.internal.inet.InetAddressFactory] Adding loopback multicast interface WAN Miniport (Network Monitor)-QoS Packet Scheduler-0000
11:27:08.073 [DEBUG] [org.gradle.internal.remote.internal.inet.InetAddressFactory] Adding IP addresses for network interface WAN Miniport (IP)-QoS Packet Scheduler-0000
11:27:08.074 [DEBUG] [org.gradle.internal.remote.internal.inet.InetAddressFactory] Is this a loopback interface? false
11:27:08.075 [DEBUG] [org.gradle.internal.remote.internal.inet.InetAddressFactory] Is this a multicast interface? true
11:27:08.075 [DEBUG] [org.gradle.internal.remote.internal.inet.InetAddressFactory] Adding loopback multicast interface WAN Miniport (IP)-QoS Packet Scheduler-0000
11:27:08.075 [DEBUG] [org.gradle.internal.remote.internal.inet.InetAddressFactory] Adding IP addresses for network interface WAN Miniport (IPv6)-QoS Packet Scheduler-0000
11:27:08.076 [DEBUG] [org.gradle.internal.remote.internal.inet.InetAddressFactory] Is this a loopback interface? false
11:27:08.077 [DEBUG] [org.gradle.internal.remote.internal.inet.InetAddressFactory] Is this a multicast interface? true
11:27:08.077 [DEBUG] [org.gradle.internal.remote.internal.inet.InetAddressFactory] Adding loopback multicast interface WAN Miniport (IPv6)-QoS Packet Scheduler-0000
11:27:08.077 [DEBUG] [org.gradle.internal.remote.internal.inet.InetAddressFactory] Adding IP addresses for network interface Intel(R) Centrino(R) Advanced-N 6235-Native WiFi Filter Driver-0000
11:27:08.078 [DEBUG] [org.gradle.internal.remote.internal.inet.InetAddressFactory] Is this a loopback interface? false
11:27:08.080 [DEBUG] [org.gradle.internal.remote.internal.inet.InetAddressFactory] Is this a multicast interface? true
11:27:08.080 [DEBUG] [org.gradle.internal.remote.internal.inet.InetAddressFactory] Adding loopback multicast interface Intel(R) Centrino(R) Advanced-N 6235-Native WiFi Filter Driver-0000
11:27:08.080 [DEBUG] [org.gradle.internal.remote.internal.inet.InetAddressFactory] Adding IP addresses for network interface Intel(R) Centrino(R) Advanced-N 6235-WFP LightWeight Filter-0000
11:27:08.081 [DEBUG] [org.gradle.internal.remote.internal.inet.InetAddressFactory] Is this a loopback interface? false
11:27:08.082 [DEBUG] [org.gradle.internal.remote.internal.inet.InetAddressFactory] Is this a multicast interface? true
11:27:08.082 [DEBUG] [org.gradle.internal.remote.internal.inet.InetAddressFactory] Adding loopback multicast interface Intel(R) Centrino(R) Advanced-N 6235-WFP LightWeight Filter-0000
11:27:08.082 [DEBUG] [org.gradle.internal.remote.internal.inet.InetAddressFactory] Adding IP addresses for network interface Microsoft Virtual WiFi Miniport Adapter-Native WiFi Filter Driver-0000
11:27:08.083 [DEBUG] [org.gradle.internal.remote.internal.inet.InetAddressFactory] Is this a loopback interface? false
11:27:08.084 [DEBUG] [org.gradle.internal.remote.internal.inet.InetAddressFactory] Is this a multicast interface? true
11:27:08.084 [DEBUG] [org.gradle.internal.remote.internal.inet.InetAddressFactory] Adding loopback multicast interface Microsoft Virtual WiFi Miniport Adapter-Native WiFi Filter Driver-0000
11:27:08.084 [DEBUG] [org.gradle.internal.remote.internal.inet.InetAddressFactory] Adding IP addresses for network interface Microsoft Virtual WiFi Miniport Adapter-QoS Packet Scheduler-0000
11:27:08.085 [DEBUG] [org.gradle.internal.remote.internal.inet.InetAddressFactory] Is this a loopback interface? false
11:27:08.086 [DEBUG] [org.gradle.internal.remote.internal.inet.InetAddressFactory] Is this a multicast interface? true
11:27:08.086 [DEBUG] [org.gradle.internal.remote.internal.inet.InetAddressFactory] Adding loopback multicast interface Microsoft Virtual WiFi Miniport Adapter-QoS Packet Scheduler-0000
11:27:08.086 [DEBUG] [org.gradle.internal.remote.internal.inet.InetAddressFactory] Adding IP addresses for network interface Microsoft Virtual WiFi Miniport Adapter-WFP LightWeight Filter-0000
11:27:08.087 [DEBUG] [org.gradle.internal.remote.internal.inet.InetAddressFactory] Is this a loopback interface? false
11:27:08.088 [DEBUG] [org.gradle.internal.remote.internal.inet.InetAddressFactory] Is this a multicast interface? true
11:27:08.088 [DEBUG] [org.gradle.internal.remote.internal.inet.InetAddressFactory] Adding loopback multicast interface Microsoft Virtual WiFi Miniport Adapter-WFP LightWeight Filter-0000
11:27:08.088 [DEBUG] [org.gradle.internal.remote.internal.inet.InetAddressFactory] Adding IP addresses for network interface Microsoft Virtual WiFi Miniport Adapter #2-Native WiFi Filter Driver-0000
11:27:08.090 [DEBUG] [org.gradle.internal.remote.internal.inet.InetAddressFactory] Is this a loopback interface? false
11:27:08.091 [DEBUG] [org.gradle.internal.remote.internal.inet.InetAddressFactory] Is this a multicast interface? true
11:27:08.091 [DEBUG] [org.gradle.internal.remote.internal.inet.InetAddressFactory] Adding loopback multicast interface Microsoft Virtual WiFi Miniport Adapter #2-Native WiFi Filter Driver-0000
11:27:08.091 [DEBUG] [org.gradle.internal.remote.internal.inet.InetAddressFactory] Adding IP addresses for network interface Microsoft Virtual WiFi Miniport Adapter #2-QoS Packet Scheduler-0000
11:27:08.092 [DEBUG] [org.gradle.internal.remote.internal.inet.InetAddressFactory] Is this a loopback interface? false
11:27:08.093 [DEBUG] [org.gradle.internal.remote.internal.inet.InetAddressFactory] Is this a multicast interface? true
11:27:08.093 [DEBUG] [org.gradle.internal.remote.internal.inet.InetAddressFactory] Adding loopback multicast interface Microsoft Virtual WiFi Miniport Adapter #2-QoS Packet Scheduler-0000
11:27:08.093 [DEBUG] [org.gradle.internal.remote.internal.inet.InetAddressFactory] Adding IP addresses for network interface Microsoft Virtual WiFi Miniport Adapter #2-WFP LightWeight Filter-0000
11:27:08.094 [DEBUG] [org.gradle.internal.remote.internal.inet.InetAddressFactory] Is this a loopback interface? false
11:27:08.095 [DEBUG] [org.gradle.internal.remote.internal.inet.InetAddressFactory] Is this a multicast interface? true
11:27:08.095 [DEBUG] [org.gradle.internal.remote.internal.inet.InetAddressFactory] Adding loopback multicast interface Microsoft Virtual WiFi Miniport Adapter #2-WFP LightWeight Filter-0000
11:27:08.097 [DEBUG] [org.gradle.internal.remote.internal.inet.TcpIncomingConnector] Listening on [d93144b2-5e9a-44c8-b6bc-6f9c08e4c434 port:50314, addresses:[/127.0.0.1, /0:0:0:0:0:0:0:1]].
11:27:08.104 [DEBUG] [org.gradle.launcher.daemon.server.Daemon] Daemon starting at: Mon Sep 05 11:27:08 CAT 2016, with address: [d93144b2-5e9a-44c8-b6bc-6f9c08e4c434 port:50314, addresses:[/127.0.0.1, /0:0:0:0:0:0:0:1]]
11:27:08.104 [INFO] [org.gradle.launcher.daemon.server.DomainRegistryUpdater] Advertising the daemon address to the clients: [d93144b2-5e9a-44c8-b6bc-6f9c08e4c434 port:50314, addresses:[/127.0.0.1, /0:0:0:0:0:0:0:1]]
11:27:08.105 [DEBUG] [org.gradle.launcher.daemon.server.DomainRegistryUpdater] Advertised daemon context: DefaultDaemonContext[uid=2c1bb700-b4bd-4372-a650-13d9c9f8adc3,javaHome=C:\Program Files\Java\jdk1.8.0_101,daemonRegistryDir=C:\Users\TIH\.gradle\daemon,pid=6920,idleTimeout=10800000,daemonOpts=-XX:MaxPermSize=256m,-XX:+HeapDumpOnOutOfMemoryError,-Xmx1024m,-Dfile.encoding=windows-1252,-Duser.country=US,-Duser.language=en,-Duser.variant]
11:27:08.105 [DEBUG] [org.gradle.launcher.daemon.registry.PersistentDaemonRegistry] Storing daemon address: [d93144b2-5e9a-44c8-b6bc-6f9c08e4c434 port:50314, addresses:[/127.0.0.1, /0:0:0:0:0:0:0:1]], context: DefaultDaemonContext[uid=2c1bb700-b4bd-4372-a650-13d9c9f8adc3,javaHome=C:\Program Files\Java\jdk1.8.0_101,daemonRegistryDir=C:\Users\TIH\.gradle\daemon,pid=6920,idleTimeout=10800000,daemonOpts=-XX:MaxPermSize=256m,-XX:+HeapDumpOnOutOfMemoryError,-Xmx1024m,-Dfile.encoding=windows-1252,-Duser.country=US,-Duser.language=en,-Duser.variant]
11:27:08.119 [DEBUG] [org.gradle.cache.internal.DefaultFileLockManager] Waiting to acquire exclusive lock on daemon addresses registry.
11:27:08.120 [DEBUG] [org.gradle.cache.internal.DefaultFileLockManager] Lock acquired.
11:27:08.179 [DEBUG] [org.gradle.cache.internal.DefaultFileLockManager] Releasing lock on daemon addresses registry.
11:27:08.179 [LIFECYCLE] [org.gradle.launcher.daemon.server.Daemon] Daemon server started.
11:27:08.180 [DEBUG] [org.gradle.launcher.daemon.bootstrap.DaemonStartupCommunication] Completed writing the daemon greeting. Closing streams...
11:27:08.189 [DEBUG] [org.gradle.launcher.daemon.server.Daemon] stopOnExpiration() called on daemon
11:27:08.189 [DEBUG] [org.gradle.launcher.daemon.server.Daemon] awaitExpiration() called on daemon
11:27:08.190 [DEBUG] [org.gradle.launcher.daemon.server.DaemonStateCoordinator] daemon is running. Sleeping until state changes.
11:27:08.201 [DEBUG] [org.gradle.internal.remote.internal.inet.TcpIncomingConnector] Accepted connection from /127.0.0.1:50315 to /127.0.0.1:50314.
11:27:08.257 [DEBUG] [org.gradle.launcher.daemon.server.SynchronizedDispatchConnection] thread 17: received class org.gradle.launcher.daemon.protocol.Build
11:27:08.258 [DEBUG] [org.gradle.launcher.daemon.server.DefaultDaemonConnection] thread 17: Received non-IO message from client: Build{id=d6374901-1578-4d4c-a23b-ca3e564b368e.1, currentDir=C:\Users\TIH\AndroidStudioProjects\newapp}
11:27:08.258 [INFO] [org.gradle.launcher.daemon.server.DefaultIncomingConnectionHandler] Received command: Build{id=d6374901-1578-4d4c-a23b-ca3e564b368e.1, currentDir=C:\Users\TIH\AndroidStudioProjects\newapp}.
11:27:08.258 [DEBUG] [org.gradle.launcher.daemon.server.DefaultIncomingConnectionHandler] Starting executing command: Build{id=d6374901-1578-4d4c-a23b-ca3e564b368e.1, currentDir=C:\Users\TIH\AndroidStudioProjects\newapp} with connection: socket connection from /127.0.0.1:50314 to /127.0.0.1:50315.
11:27:08.263 [DEBUG] [org.gradle.launcher.daemon.server.DaemonStateCoordinator] Command execution: started DaemonCommandExecution[command = Build{id=d6374901-1578-4d4c-a23b-ca3e564b368e.1, currentDir=C:\Users\TIH\AndroidStudioProjects\newapp}, connection = org.gradle.launcher.daemon.server.DefaultDaemonConnection@77863ade] after 0.0 minutes of idle
11:27:08.263 [INFO] [org.gradle.launcher.daemon.server.DomainRegistryUpdater] Marking the daemon as busy, address: [d93144b2-5e9a-44c8-b6bc-6f9c08e4c434 port:50314, addresses:[/127.0.0.1, /0:0:0:0:0:0:0:1]]
11:27:08.263 [DEBUG] [org.gradle.launcher.daemon.registry.PersistentDaemonRegistry] Marking busy by address: [d93144b2-5e9a-44c8-b6bc-6f9c08e4c434 port:50314, addresses:[/127.0.0.1, /0:0:0:0:0:0:0:1]]
11:27:08.264 [DEBUG] [org.gradle.cache.internal.DefaultFileLockManager] Waiting to acquire exclusive lock on daemon addresses registry.
11:27:08.264 [DEBUG] [org.gradle.cache.internal.DefaultFileLockManager] Lock acquired.
11:27:08.273 [DEBUG] [org.gradle.cache.internal.DefaultFileLockManager] Releasing lock on daemon addresses registry.
11:27:08.273 [DEBUG] [org.gradle.launcher.daemon.server.DaemonStateCoordinator] updating lastActivityAt to 1473067628273
11:27:08.273 [DEBUG] [org.gradle.launcher.daemon.server.DaemonStateCoordinator] daemon is running. Sleeping until state changes.
11:27:08.274 [INFO] [org.gradle.launcher.daemon.server.exec.StartBuildOrRespondWithBusy] Daemon is about to start building Build{id=d6374901-1578-4d4c-a23b-ca3e564b368e.1, currentDir=C:\Users\TIH\AndroidStudioProjects\newapp}. Dispatching build started information...
11:27:08.274 [DEBUG] [org.gradle.launcher.daemon.server.SynchronizedDispatchConnection] thread 19: dispatching class org.gradle.launcher.daemon.protocol.BuildStarted
11:27:08.277 [DEBUG] [org.gradle.launcher.daemon.server.exec.EstablishBuildEnvironment] Configuring env variables: {configsetroot=C:\Windows\ConfigSetRoot, PROCESSOR_LEVEL=6, FP_NO_HOST_CHECK=NO, SESSIONNAME=Console, ALLUSERSPROFILE=C:\ProgramData, TVTCOMMON=C:\Program Files (x86)\Common Files\Lenovo, PROCESSOR_ARCHITECTURE=AMD64, PSModulePath=C:\Windows\system32\WindowsPowerShell\v1.0\Modules\, SystemDrive=C:, COMMPath=C:\Program Files\Lenovo\Communications Utility, TVT=C:\Program Files (x86)\Lenovo, SWSHARE=C:\SWSHARE, USERNAME=TIH, ProgramFiles(x86)=C:\Program Files (x86), PATHEXT=.COM;.EXE;.BAT;.CMD;.VBS;.VBE;.JS;.JSE;.WSF;.WSH;.MSC, UOIPME_REG_PATH=C:\Program Files\Intel Corporation\USB over IP, ProgramData=C:\ProgramData, ProgramW6432=C:\Program Files, HOMEPATH=\Users\TIH, PROCESSOR_IDENTIFIER=Intel64 Family 6 Model 60 Stepping 3, GenuineIntel, ALCKPath=C:\Program Files\Lenovo\AutoLock, ProgramFiles=C:\Program Files, PUBLIC=C:\Users\Public, windir=C:\Windows, =::=::\, PowerMgrPath=C:\Program Files (x86)\Lenovo\PowerMgr, LOCALAPPDATA=C:\Users\TIH\AppData\Local, USERDOMAIN=TIH-PC, LOGONSERVER=\\TIH-PC, APPDATA=C:\Users\TIH\AppData\Roaming, READYAPPS=C:\SWTOOLS\ReadyApps, windows_tracing_logfile=C:\BVTBin\Tests\installpackage\csilogfile.log, CommonProgramFiles=C:\Program Files\Common Files, Path=C:\ProgramData\Oracle\Java\javapath;C:\Program Files (x86)\Intel\iCLS Client\;C:\Program Files\Intel\iCLS Client\;C:\Windows\system32;C:\Windows;C:\Windows\System32\Wbem;C:\Windows\System32\WindowsPowerShell\v1.0\;C:\Program Files\Intel\Intel(R) Management Engine Components\DAL;C:\Program Files\Intel\Intel(R) Management Engine Components\IPT;C:\Program Files (x86)\Intel\Intel(R) Management Engine Components\DAL;C:\Program Files (x86)\Intel\Intel(R) Management Engine Components\IPT;C:\Program Files\Intel\WiFi\bin\;C:\Program Files\Common Files\Intel\WirelessCommon\;C:\SWTOOLS\ReadyApps;C:\Program Files (x86)\Common Files\Lenovo;C:\Program Files (x86)\Common Files\lenovo\easyplussdk\bin;C:\Program Files\Git\cmd;C:\Program Files (x86)\Skype\Phone\, OS=Windows_NT, windows_tracing_flags=3, COMPUTERNAME=TIH-PC, PROCESSOR_REVISION=3c03, CommonProgramW6432=C:\Program Files\Common Files, ComSpec=C:\Windows\system32\cmd.exe, SystemRoot=C:\Windows, TEMP=C:\Users\TIH\AppData\Local\Temp, HOMEDRIVE=C:, USERPROFILE=C:\Users\TIH, TMP=C:\Users\TIH\AppData\Local\Temp, easyplussdk="C:\Program Files (x86)\Common Files\lenovo\easyplussdk\bin", CommonProgramFiles(x86)=C:\Program Files (x86)\Common Files, NUMBER_OF_PROCESSORS=8}
11:27:08.281 [DEBUG] [org.gradle.launcher.daemon.server.SynchronizedDispatchConnection] thread 17: received class org.gradle.launcher.daemon.protocol.CloseInput
11:27:08.281 [DEBUG] [org.gradle.launcher.daemon.server.DefaultDaemonConnection] thread 17: Received IO message from client: org.gradle.launcher.daemon.protocol.CloseInput@5715c2fa
11:27:08.283 [DEBUG] [org.gradle.launcher.daemon.server.exec.LogToClient] About to start relaying all logs to the client via the connection.
11:27:08.284 [INFO] [org.gradle.launcher.daemon.server.exec.LogToClient] The client will now receive all logging from the daemon (pid: 6920). The daemon log file: C:\Users\TIH\.gradle\daemon\2.14.1\daemon-6920.out.log
11:27:08.285 [INFO] [org.gradle.launcher.daemon.server.health.DaemonHealthTracker] Starting build in new daemon [memory: 954.7 MB]
11:27:08.286 [INFO] [org.gradle.launcher.daemon.server.exec.ForwardClientInput] Closing daemon's stdin at end of input.
11:27:08.286 [INFO] [org.gradle.launcher.daemon.server.exec.ForwardClientInput] The daemon will no longer process any standard input.
11:27:08.288 [DEBUG] [org.gradle.launcher.daemon.server.exec.ExecuteBuild] The daemon has started executing the build.
11:27:08.288 [INFO] [org.gradle.launcher.daemon.server.exec.ExecuteBuild] Executing build with daemon context: DefaultDaemonContext[uid=2c1bb700-b4bd-4372-a650-13d9c9f8adc3,javaHome=C:\Program Files\Java\jdk1.8.0_101,daemonRegistryDir=C:\Users\TIH\.gradle\daemon,pid=6920,idleTimeout=10800000,daemonOpts=-XX:MaxPermSize=256m,-XX:+HeapDumpOnOutOfMemoryError,-Xmx1024m,-Dfile.encoding=windows-1252,-Duser.country=US,-Duser.language=en,-Duser.variant]
Incremental java compilation is an incubating feature.

CONFIGURE SUCCESSFUL

Total time: 13.273 secs
The Test.testSrcDirs property has been deprecated and is scheduled to be removed in Gradle 3.0. Support for TestNG Javadoc annotations will be removed in Gradle 3.0.
11:27:19.157 [DEBUG] [org.gradle.cache.internal.DefaultCacheAccess] Cache Generated Gradle JARs cache (C:\Users\TIH\.gradle\caches\2.14.1\generated-gradle-jars) was closed 0 times.
11:27:19.157 [DEBUG] [org.gradle.cache.internal.btree.BTreePersistentIndexedCache] Closing cache artifact-at-repository.bin (C:\Users\TIH\.gradle\caches\modules-2\metadata-2.16\artifact-at-repository.bin)
11:27:19.158 [DEBUG] [org.gradle.cache.internal.btree.BTreePersistentIndexedCache] Closing cache module-metadata.bin (C:\Users\TIH\.gradle\caches\modules-2\metadata-2.16\module-metadata.bin)
11:27:19.158 [DEBUG] [org.gradle.cache.internal.btree.BTreePersistentIndexedCache] Closing cache module-artifacts.bin (C:\Users\TIH\.gradle\caches\modules-2\metadata-2.16\module-artifacts.bin)
11:27:19.158 [DEBUG] [org.gradle.cache.internal.DefaultFileLockManager] Releasing lock on artifact cache (C:\Users\TIH\.gradle\caches\modules-2).
11:27:19.160 [DEBUG] [org.gradle.api.internal.artifacts.ivyservice.resolveengine.store.CachedStoreFactory] Resolution result cache closed. Cache reads: 0, disk reads: 0 (avg: 0.0 secs, total: 0.0 secs)
11:27:19.160 [DEBUG] [org.gradle.api.internal.artifacts.ivyservice.resolveengine.store.CachedStoreFactory] Resolution result cache closed. Cache reads: 14, disk reads: 11 (avg: 0.0 secs, total: 0.01 secs)
11:27:19.160 [DEBUG] [org.gradle.api.internal.artifacts.ivyservice.resolveengine.store.ResolutionResultsStoreFactory] Deleted 2 resolution results binary files in 0.001 secs
11:27:19.161 [DEBUG] [org.gradle.api.internal.artifacts.ivyservice.ivyresolve.memcache.InMemoryCachedRepositoryFactory] In-memory dependency metadata cache closed. Repos cached: 57, cache instances: 4, modules served from cache: 217, artifacts: 114
11:27:19.161 [DEBUG] [org.gradle.cache.internal.DefaultCacheAccess] Cache Plugin Resolution Cache (C:\Users\TIH\.gradle\caches\2.14.1\plugin-resolution) was closed 0 times.
11:27:19.161 [DEBUG] [org.gradle.api.internal.tasks.compile.daemon.CompilerDaemonManager] Stopping 0 compiler daemon(s).
11:27:19.161 [INFO] [org.gradle.api.internal.tasks.compile.daemon.CompilerDaemonManager] Stopped 0 compiler daemon(s).
11:27:19.161 [DEBUG] [org.gradle.cache.internal.DefaultFileLockManager] Releasing lock on jars (C:\Users\TIH\.gradle\caches\jars-1).
11:27:19.162 [DEBUG] [org.gradle.launcher.daemon.server.exec.ExecuteBuild] The daemon has finished executing the build.
11:27:19.168 [DEBUG] [org.gradle.launcher.daemon.server.health.DaemonStatus] GC rate: 0.20/s tenured usage: 1%
11:27:19.439 [DEBUG] [org.gradle.launcher.daemon.server.DaemonStateCoordinator] daemon is running. Sleeping until state changes.
11:27:19.439 [DEBUG] [org.gradle.launcher.daemon.server.DaemonStateCoordinator] Command execution: finished waiting for DaemonCommandExecution[command = Build{id=d6374901-1578-4d4c-a23b-ca3e564b368e.1, currentDir=C:\Users\TIH\AndroidStudioProjects\newapp}, connection = org.gradle.launcher.daemon.server.DefaultDaemonConnection@77863ade]. Result org.gradle.launcher.daemon.server.DaemonStateCoordinator@22f18803 with state Running
11:27:19.440 [DEBUG] [org.gradle.launcher.daemon.server.DaemonStateCoordinator] Command execution: completed DaemonCommandExecution[command = Build{id=d6374901-1578-4d4c-a23b-ca3e564b368e.1, currentDir=C:\Users\TIH\AndroidStudioProjects\newapp}, connection = org.gradle.launcher.daemon.server.DefaultDaemonConnection@77863ade]
11:27:19.440 [DEBUG] [org.gradle.launcher.daemon.server.DaemonStateCoordinator] updating lastActivityAt to 1473067639440
11:27:19.440 [INFO] [org.gradle.launcher.daemon.server.DomainRegistryUpdater] Marking the daemon as idle, address: [d93144b2-5e9a-44c8-b6bc-6f9c08e4c434 port:50314, addresses:[/127.0.0.1, /0:0:0:0:0:0:0:1]]
11:27:19.440 [DEBUG] [org.gradle.launcher.daemon.registry.PersistentDaemonRegistry] Marking idle by address: [d93144b2-5e9a-44c8-b6bc-6f9c08e4c434 port:50314, addresses:[/127.0.0.1, /0:0:0:0:0:0:0:1]]
11:27:19.441 [DEBUG] [org.gradle.cache.internal.DefaultFileLockManager] Waiting to acquire exclusive lock on daemon addresses registry.
11:27:19.442 [DEBUG] [org.gradle.cache.internal.DefaultFileLockManager] Lock acquired.
11:27:19.444 [DEBUG] [org.gradle.cache.internal.DefaultFileLockManager] Releasing lock on daemon addresses registry.
11:27:19.445 [DEBUG] [org.gradle.launcher.daemon.server.DaemonStateCoordinator] daemon is running. Sleeping until state changes.
11:27:19.445 [DEBUG] [org.gradle.launcher.daemon.server.exec.ReturnResult] Daemon is dispatching the build result: Success[value=org.gradle.tooling.internal.provider.BuildActionResult@11f7ac23]
11:27:19.445 [DEBUG] [org.gradle.launcher.daemon.server.SynchronizedDispatchConnection] thread 16: dispatching class org.gradle.launcher.daemon.protocol.Success
11:27:19.462 [DEBUG] [org.gradle.launcher.daemon.server.DefaultIncomingConnectionHandler] Finishing executing command: Build{id=d6374901-1578-4d4c-a23b-ca3e564b368e.1, currentDir=C:\Users\TIH\AndroidStudioProjects\newapp}
11:27:19.464 [DEBUG] [org.gradle.launcher.daemon.server.SynchronizedDispatchConnection] thread 17: received class org.gradle.launcher.daemon.protocol.Finished
11:27:19.465 [DEBUG] [org.gradle.launcher.daemon.server.DefaultDaemonConnection] thread 17: Received non-IO message from client: org.gradle.launcher.daemon.protocol.Finished@cd24164
11:27:19.465 [DEBUG] [org.gradle.launcher.daemon.server.DefaultIncomingConnectionHandler] Received finished message: org.gradle.launcher.daemon.protocol.Finished@cd24164
11:27:19.465 [DEBUG] [org.gradle.launcher.daemon.server.SynchronizedDispatchConnection] thread 16: stopping connection
11:27:19.465 [DEBUG] [org.gradle.internal.remote.internal.inet.SocketConnection] Discarding EOFException: java.io.EOFException
11:27:19.465 [DEBUG] [org.gradle.launcher.daemon.server.SynchronizedDispatchConnection] thread 17: received null
11:27:19.465 [DEBUG] [org.gradle.launcher.daemon.server.DefaultDaemonConnection] thread 17: Received end-of-input from client.
11:27:19.466 [DEBUG] [org.gradle.launcher.daemon.server.SynchronizedDispatchConnection] thread 16: stopping connection
11:27:21.839 [DEBUG] [org.gradle.internal.remote.internal.inet.TcpIncomingConnector] Accepted connection from /127.0.0.1:50325 to /127.0.0.1:50314.
11:27:21.852 [DEBUG] [org.gradle.launcher.daemon.server.SynchronizedDispatchConnection] thread 23: received class org.gradle.launcher.daemon.protocol.Build
11:27:21.852 [DEBUG] [org.gradle.launcher.daemon.server.DefaultDaemonConnection] thread 23: Received non-IO message from client: Build{id=ff1911cc-dda0-4445-8611-66317a843ed2.1, currentDir=C:\Users\TIH\AndroidStudioProjects\newapp}
11:27:21.852 [INFO] [org.gradle.launcher.daemon.server.DefaultIncomingConnectionHandler] Received command: Build{id=ff1911cc-dda0-4445-8611-66317a843ed2.1, currentDir=C:\Users\TIH\AndroidStudioProjects\newapp}.
11:27:21.852 [DEBUG] [org.gradle.launcher.daemon.server.DefaultIncomingConnectionHandler] Starting executing command: Build{id=ff1911cc-dda0-4445-8611-66317a843ed2.1, currentDir=C:\Users\TIH\AndroidStudioProjects\newapp} with connection: socket connection from /127.0.0.1:50314 to /127.0.0.1:50325.
11:27:21.853 [DEBUG] [org.gradle.launcher.daemon.server.DaemonStateCoordinator] Command execution: started DaemonCommandExecution[command = Build{id=ff1911cc-dda0-4445-8611-66317a843ed2.1, currentDir=C:\Users\TIH\AndroidStudioProjects\newapp}, connection = org.gradle.launcher.daemon.server.DefaultDaemonConnection@7f9faae7] after 0.0 minutes of idle
11:27:21.853 [INFO] [org.gradle.launcher.daemon.server.DomainRegistryUpdater] Marking the daemon as busy, address: [d93144b2-5e9a-44c8-b6bc-6f9c08e4c434 port:50314, addresses:[/127.0.0.1, /0:0:0:0:0:0:0:1]]
11:27:21.853 [DEBUG] [org.gradle.launcher.daemon.registry.PersistentDaemonRegistry] Marking busy by address: [d93144b2-5e9a-44c8-b6bc-6f9c08e4c434 port:50314, addresses:[/127.0.0.1, /0:0:0:0:0:0:0:1]]
11:27:21.854 [DEBUG] [org.gradle.cache.internal.DefaultFileLockManager] Waiting to acquire exclusive lock on daemon addresses registry.
11:27:21.854 [DEBUG] [org.gradle.cache.internal.DefaultFileLockManager] Lock acquired.
11:27:21.857 [DEBUG] [org.gradle.cache.internal.DefaultFileLockManager] Releasing lock on daemon addresses registry.
11:27:21.858 [DEBUG] [org.gradle.launcher.daemon.server.DaemonStateCoordinator] updating lastActivityAt to 1473067641858
11:27:21.858 [DEBUG] [org.gradle.launcher.daemon.server.DaemonStateCoordinator] daemon is running. Sleeping until state changes.
11:27:21.858 [INFO] [org.gradle.launcher.daemon.server.exec.StartBuildOrRespondWithBusy] Daemon is about to start building Build{id=ff1911cc-dda0-4445-8611-66317a843ed2.1, currentDir=C:\Users\TIH\AndroidStudioProjects\newapp}. Dispatching build started information...
11:27:21.858 [DEBUG] [org.gradle.launcher.daemon.server.SynchronizedDispatchConnection] thread 19: dispatching class org.gradle.launcher.daemon.protocol.BuildStarted
11:27:21.859 [DEBUG] [org.gradle.launcher.daemon.server.exec.EstablishBuildEnvironment] Configuring env variables: {configsetroot=C:\Windows\ConfigSetRoot, PROCESSOR_LEVEL=6, FP_NO_HOST_CHECK=NO, SESSIONNAME=Console, ALLUSERSPROFILE=C:\ProgramData, TVTCOMMON=C:\Program Files (x86)\Common Files\Lenovo, PROCESSOR_ARCHITECTURE=AMD64, PSModulePath=C:\Windows\system32\WindowsPowerShell\v1.0\Modules\, SystemDrive=C:, COMMPath=C:\Program Files\Lenovo\Communications Utility, TVT=C:\Program Files (x86)\Lenovo, SWSHARE=C:\SWSHARE, USERNAME=TIH, ProgramFiles(x86)=C:\Program Files (x86), PATHEXT=.COM;.EXE;.BAT;.CMD;.VBS;.VBE;.JS;.JSE;.WSF;.WSH;.MSC, UOIPME_REG_PATH=C:\Program Files\Intel Corporation\USB over IP, ProgramData=C:\ProgramData, ProgramW6432=C:\Program Files, HOMEPATH=\Users\TIH, PROCESSOR_IDENTIFIER=Intel64 Family 6 Model 60 Stepping 3, GenuineIntel, ALCKPath=C:\Program Files\Lenovo\AutoLock, ProgramFiles=C:\Program Files, PUBLIC=C:\Users\Public, windir=C:\Windows, =::=::\, PowerMgrPath=C:\Program Files (x86)\Lenovo\PowerMgr, LOCALAPPDATA=C:\Users\TIH\AppData\Local, USERDOMAIN=TIH-PC, LOGONSERVER=\\TIH-PC, APPDATA=C:\Users\TIH\AppData\Roaming, READYAPPS=C:\SWTOOLS\ReadyApps, windows_tracing_logfile=C:\BVTBin\Tests\installpackage\csilogfile.log, CommonProgramFiles=C:\Program Files\Common Files, Path=C:\ProgramData\Oracle\Java\javapath;C:\Program Files (x86)\Intel\iCLS Client\;C:\Program Files\Intel\iCLS Client\;C:\Windows\system32;C:\Windows;C:\Windows\System32\Wbem;C:\Windows\System32\WindowsPowerShell\v1.0\;C:\Program Files\Intel\Intel(R) Management Engine Components\DAL;C:\Program Files\Intel\Intel(R) Management Engine Components\IPT;C:\Program Files (x86)\Intel\Intel(R) Management Engine Components\DAL;C:\Program Files (x86)\Intel\Intel(R) Management Engine Components\IPT;C:\Program Files\Intel\WiFi\bin\;C:\Program Files\Common Files\Intel\WirelessCommon\;C:\SWTOOLS\ReadyApps;C:\Program Files (x86)\Common Files\Lenovo;C:\Program Files (x86)\Common Files\lenovo\easyplussdk\bin;C:\Program Files\Git\cmd;C:\Program Files (x86)\Skype\Phone\, OS=Windows_NT, windows_tracing_flags=3, COMPUTERNAME=TIH-PC, PROCESSOR_REVISION=3c03, CommonProgramW6432=C:\Program Files\Common Files, ComSpec=C:\Windows\system32\cmd.exe, SystemRoot=C:\Windows, TEMP=C:\Users\TIH\AppData\Local\Temp, HOMEDRIVE=C:, USERPROFILE=C:\Users\TIH, TMP=C:\Users\TIH\AppData\Local\Temp, easyplussdk="C:\Program Files (x86)\Common Files\lenovo\easyplussdk\bin", CommonProgramFiles(x86)=C:\Program Files (x86)\Common Files, NUMBER_OF_PROCESSORS=8}
11:27:21.859 [DEBUG] [org.gradle.launcher.daemon.server.SynchronizedDispatchConnection] thread 23: received class org.gradle.launcher.daemon.protocol.CloseInput
11:27:21.860 [DEBUG] [org.gradle.launcher.daemon.server.DefaultDaemonConnection] thread 23: Received IO message from client: org.gradle.launcher.daemon.protocol.CloseInput@30effaa7
11:27:21.860 [DEBUG] [org.gradle.launcher.daemon.server.exec.LogToClient] About to start relaying all logs to the client via the connection.
11:27:21.860 [INFO] [org.gradle.launcher.daemon.server.exec.LogToClient] The client will now receive all logging from the daemon (pid: 6920). The daemon log file: C:\Users\TIH\.gradle\daemon\2.14.1\daemon-6920.out.log
11:27:21.861 [INFO] [org.gradle.launcher.daemon.server.health.DaemonHealthTracker] Starting 2nd build in daemon [uptime: 14.038 secs, performance: 97%, GC rate: 0.22/s, tenured heap usage: 3% of 716.2 MB]
11:27:21.861 [DEBUG] [org.gradle.launcher.daemon.server.exec.ExecuteBuild] The daemon has started executing the build.
11:27:21.861 [INFO] [org.gradle.launcher.daemon.server.exec.ForwardClientInput] Closing daemon's stdin at end of input.
11:27:21.861 [INFO] [org.gradle.launcher.daemon.server.exec.ExecuteBuild] Executing build with daemon context: DefaultDaemonContext[uid=2c1bb700-b4bd-4372-a650-13d9c9f8adc3,javaHome=C:\Program Files\Java\jdk1.8.0_101,daemonRegistryDir=C:\Users\TIH\.gradle\daemon,pid=6920,idleTimeout=10800000,daemonOpts=-XX:MaxPermSize=256m,-XX:+HeapDumpOnOutOfMemoryError,-Xmx1024m,-Dfile.encoding=windows-1252,-Duser.country=US,-Duser.language=en,-Duser.variant]
11:27:21.861 [INFO] [org.gradle.launcher.daemon.server.exec.ForwardClientInput] The daemon will no longer process any standard input.
Configuration on demand is an incubating feature.
Incremental java compilation is an incubating feature.
:app:preBuild UP-TO-DATE
:app:preDebugBuild UP-TO-DATE
:app:checkDebugManifest
:app:preReleaseBuild UP-TO-DATE
:app:prepareComAndroidSupportAnimatedVectorDrawable2411Library
:app:prepareComAndroidSupportAppcompatV72411Library
:app:prepareComAndroidSupportSupportV42411Library
:app:prepareComAndroidSupportSupportVectorDrawable2411Library
:app:prepareDebugDependencies
:app:compileDebugAidl
:app:compileDebugRenderscript
:app:generateDebugBuildConfig
:app:mergeDebugShaders
:app:compileDebugShaders
:app:generateDebugAssets
:app:mergeDebugAssets
:app:generateDebugResValues
:app:generateDebugResources
:app:mergeDebugResources
:app:processDebugManifest
:app:processDebugResources
:app:generateDebugSources
:app:preDebugAndroidTestBuild UP-TO-DATE
:app:prepareDebugAndroidTestDependencies
:app:compileDebugAndroidTestAidl
:app:processDebugAndroidTestManifest
:app:compileDebugAndroidTestRenderscript
:app:generateDebugAndroidTestBuildConfig
:app:mergeDebugAndroidTestShaders
:app:compileDebugAndroidTestShaders
:app:generateDebugAndroidTestAssets
:app:mergeDebugAndroidTestAssets
:app:generateDebugAndroidTestResValues
:app:generateDebugAndroidTestResources
:app:mergeDebugAndroidTestResources
:app:processDebugAndroidTestResources
:app:generateDebugAndroidTestSources
:app:mockableAndroidJar
:app:preDebugUnitTestBuild UP-TO-DATE
:app:prepareDebugUnitTestDependencies

BUILD SUCCESSFUL

Total time: 15.085 secs
11:27:36.906 [DEBUG] [org.gradle.cache.internal.btree.BTreePersistentIndexedCache] Closing cache taskArtifacts.bin (C:\Users\TIH\AndroidStudioProjects\newapp\.gradle\2.14.1\taskArtifacts\taskArtifacts.bin)
11:27:36.907 [DEBUG] [org.gradle.cache.internal.btree.BTreePersistentIndexedCache] Closing cache fileHashes.bin (C:\Users\TIH\AndroidStudioProjects\newapp\.gradle\2.14.1\taskArtifacts\fileHashes.bin)
11:27:36.909 [DEBUG] [org.gradle.cache.internal.btree.BTreePersistentIndexedCache] Closing cache fileSnapshotsToTreeSnapshotsIndex.bin (C:\Users\TIH\AndroidStudioProjects\newapp\.gradle\2.14.1\taskArtifacts\fileSnapshotsToTreeSnapshotsIndex.bin)
11:27:36.910 [DEBUG] [org.gradle.cache.internal.btree.BTreePersistentIndexedCache] Closing cache fileSnapshots.bin (C:\Users\TIH\AndroidStudioProjects\newapp\.gradle\2.14.1\taskArtifacts\fileSnapshots.bin)
11:27:36.910 [DEBUG] [org.gradle.cache.internal.DefaultFileLockManager] Releasing lock on task history cache (C:\Users\TIH\AndroidStudioProjects\newapp\.gradle\2.14.1\taskArtifacts).
11:27:36.911 [DEBUG] [org.gradle.cache.internal.DefaultCacheAccess] Cache Generated Gradle JARs cache (C:\Users\TIH\.gradle\caches\2.14.1\generated-gradle-jars) was closed 0 times.
11:27:36.911 [DEBUG] [org.gradle.cache.internal.btree.BTreePersistentIndexedCache] Closing cache module-artifacts.bin (C:\Users\TIH\.gradle\caches\modules-2\metadata-2.16\module-artifacts.bin)
11:27:36.911 [DEBUG] [org.gradle.cache.internal.btree.BTreePersistentIndexedCache] Closing cache module-metadata.bin (C:\Users\TIH\.gradle\caches\modules-2\metadata-2.16\module-metadata.bin)
11:27:36.912 [DEBUG] [org.gradle.cache.internal.btree.BTreePersistentIndexedCache] Closing cache artifact-at-repository.bin (C:\Users\TIH\.gradle\caches\modules-2\metadata-2.16\artifact-at-repository.bin)
11:27:36.912 [DEBUG] [org.gradle.cache.internal.DefaultFileLockManager] Releasing lock on artifact cache (C:\Users\TIH\.gradle\caches\modules-2).
11:27:36.913 [DEBUG] [org.gradle.api.internal.artifacts.ivyservice.resolveengine.store.CachedStoreFactory] Resolution result cache closed. Cache reads: 0, disk reads: 0 (avg: 0.0 secs, total: 0.0 secs)
11:27:36.914 [DEBUG] [org.gradle.api.internal.artifacts.ivyservice.resolveengine.store.CachedStoreFactory] Resolution result cache closed. Cache reads: 0, disk reads: 8 (avg: 0.0 secs, total: 0.005 secs)
11:27:36.914 [DEBUG] [org.gradle.api.internal.artifacts.ivyservice.resolveengine.store.ResolutionResultsStoreFactory] Deleted 2 resolution results binary files in 0.002 secs
11:27:36.914 [DEBUG] [org.gradle.api.internal.artifacts.ivyservice.ivyresolve.memcache.InMemoryCachedRepositoryFactory] In-memory dependency metadata cache closed. Repos cached: 34, cache instances: 4, modules served from cache: 74, artifacts: 39
11:27:36.914 [DEBUG] [org.gradle.cache.internal.DefaultCacheAccess] Cache Plugin Resolution Cache (C:\Users\TIH\.gradle\caches\2.14.1\plugin-resolution) was closed 0 times.
11:27:36.914 [DEBUG] [org.gradle.api.internal.tasks.compile.daemon.CompilerDaemonManager] Stopping 0 compiler daemon(s).
11:27:36.914 [INFO] [org.gradle.api.internal.tasks.compile.daemon.CompilerDaemonManager] Stopped 0 compiler daemon(s).
11:27:36.914 [DEBUG] [org.gradle.cache.internal.DefaultCacheAccess] Cache jars (C:\Users\TIH\.gradle\caches\jars-1) was closed 0 times.
11:27:36.914 [DEBUG] [org.gradle.launcher.daemon.server.exec.ExecuteBuild] The daemon has finished executing the build.
11:27:36.914 [DEBUG] [org.gradle.launcher.daemon.server.health.DaemonStatus] GC rate: 0.33/s tenured usage: 3%
11:27:36.918 [DEBUG] [org.gradle.launcher.daemon.server.DaemonStateCoordinator] daemon is running. Sleeping until state changes.
11:27:36.919 [DEBUG] [org.gradle.launcher.daemon.server.DaemonStateCoordinator] Command execution: finished waiting for DaemonCommandExecution[command = Build{id=ff1911cc-dda0-4445-8611-66317a843ed2.1, currentDir=C:\Users\TIH\AndroidStudioProjects\newapp}, connection = org.gradle.launcher.daemon.server.DefaultDaemonConnection@7f9faae7]. Result org.gradle.launcher.daemon.server.DaemonStateCoordinator@22f18803 with state Running
11:27:36.919 [DEBUG] [org.gradle.launcher.daemon.server.DaemonStateCoordinator] Command execution: completed DaemonCommandExecution[command = Build{id=ff1911cc-dda0-4445-8611-66317a843ed2.1, currentDir=C:\Users\TIH\AndroidStudioProjects\newapp}, connection = org.gradle.launcher.daemon.server.DefaultDaemonConnection@7f9faae7]
11:27:36.919 [DEBUG] [org.gradle.launcher.daemon.server.DaemonStateCoordinator] updating lastActivityAt to 1473067656919
11:27:36.919 [INFO] [org.gradle.launcher.daemon.server.DomainRegistryUpdater] Marking the daemon as idle, address: [d93144b2-5e9a-44c8-b6bc-6f9c08e4c434 port:50314, addresses:[/127.0.0.1, /0:0:0:0:0:0:0:1]]
11:27:36.919 [DEBUG] [org.gradle.launcher.daemon.registry.PersistentDaemonRegistry] Marking idle by address: [d93144b2-5e9a-44c8-b6bc-6f9c08e4c434 port:50314, addresses:[/127.0.0.1, /0:0:0:0:0:0:0:1]]
11:27:36.920 [DEBUG] [org.gradle.cache.internal.DefaultFileLockManager] Waiting to acquire exclusive lock on daemon addresses registry.
11:27:36.920 [DEBUG] [org.gradle.cache.internal.DefaultFileLockManager] Lock acquired.
11:27:36.923 [DEBUG] [org.gradle.cache.internal.DefaultFileLockManager] Releasing lock on daemon addresses registry.
11:27:36.923 [DEBUG] [org.gradle.launcher.daemon.server.DaemonStateCoordinator] daemon is running. Sleeping until state changes.
11:27:36.923 [DEBUG] [org.gradle.launcher.daemon.server.exec.ReturnResult] Daemon is dispatching the build result: Success[value=org.gradle.tooling.internal.provider.BuildActionResult@6ceb54a9]
11:27:36.923 [DEBUG] [org.gradle.launcher.daemon.server.SynchronizedDispatchConnection] thread 16: dispatching class org.gradle.launcher.daemon.protocol.Success
11:27:36.924 [DEBUG] [org.gradle.launcher.daemon.server.DefaultIncomingConnectionHandler] Finishing executing command: Build{id=ff1911cc-dda0-4445-8611-66317a843ed2.1, currentDir=C:\Users\TIH\AndroidStudioProjects\newapp}
11:27:36.924 [DEBUG] [org.gradle.launcher.daemon.server.SynchronizedDispatchConnection] thread 23: received class org.gradle.launcher.daemon.protocol.Finished
11:27:36.924 [DEBUG] [org.gradle.launcher.daemon.server.DefaultDaemonConnection] thread 23: Received non-IO message from client: org.gradle.launcher.daemon.protocol.Finished@371160dc
11:27:36.925 [DEBUG] [org.gradle.internal.remote.internal.inet.SocketConnection] Discarding EOFException: java.io.EOFException
11:27:36.925 [DEBUG] [org.gradle.launcher.daemon.server.SynchronizedDispatchConnection] thread 23: received null
11:27:36.925 [DEBUG] [org.gradle.launcher.daemon.server.DefaultDaemonConnection] thread 23: Received end-of-input from client.
11:27:36.925 [DEBUG] [org.gradle.launcher.daemon.server.DefaultIncomingConnectionHandler] Received finished message: org.gradle.launcher.daemon.protocol.Finished@371160dc
11:27:36.925 [DEBUG] [org.gradle.launcher.daemon.server.SynchronizedDispatchConnection] thread 16: stopping connection
11:27:36.926 [DEBUG] [org.gradle.launcher.daemon.server.SynchronizedDispatchConnection] thread 16: stopping connection
11:28:08.192 [DEBUG] [org.gradle.launcher.daemon.server.Daemon] DaemonExpirationPeriodicCheck running
11:28:08.194 [DEBUG] [org.gradle.launcher.daemon.server.health.DaemonStatus] GC rate: 0.0/s
11:28:08.198 [DEBUG] [org.gradle.cache.internal.DefaultFileLockManager] Waiting to acquire shared lock on daemon addresses registry.
11:28:08.199 [DEBUG] [org.gradle.cache.internal.DefaultFileLockManager] Lock acquired.
11:28:08.204 [DEBUG] [org.gradle.cache.internal.DefaultFileLockManager] Releasing lock on daemon addresses registry.
11:29:08.192 [DEBUG] [org.gradle.launcher.daemon.server.Daemon] DaemonExpirationPeriodicCheck running
11:29:08.192 [DEBUG] [org.gradle.launcher.daemon.server.health.DaemonStatus] GC rate: 0.0/s
11:29:08.195 [DEBUG] [org.gradle.cache.internal.DefaultFileLockManager] Waiting to acquire shared lock on daemon addresses registry.
11:29:08.196 [DEBUG] [org.gradle.cache.internal.DefaultFileLockManager] Lock acquired.
11:29:08.200 [DEBUG] [org.gradle.cache.internal.DefaultFileLockManager] Releasing lock on daemon addresses registry.
11:30:08.194 [DEBUG] [org.gradle.launcher.daemon.server.Daemon] DaemonExpirationPeriodicCheck running
11:30:08.195 [DEBUG] [org.gradle.launcher.daemon.server.health.DaemonStatus] GC rate: 0.0/s
11:30:08.197 [DEBUG] [org.gradle.cache.internal.DefaultFileLockManager] Waiting to acquire shared lock on daemon addresses registry.
11:30:08.198 [DEBUG] [org.gradle.cache.internal.DefaultFileLockManager] Lock acquired.
11:30:08.202 [DEBUG] [org.gradle.cache.internal.DefaultFileLockManager] Releasing lock on daemon addresses registry.
11:31:08.195 [DEBUG] [org.gradle.launcher.daemon.server.Daemon] DaemonExpirationPeriodicCheck running
11:31:08.195 [DEBUG] [org.gradle.launcher.daemon.server.health.DaemonStatus] GC rate: 0.0/s
11:31:08.197 [DEBUG] [org.gradle.cache.internal.DefaultFileLockManager] Waiting to acquire shared lock on daemon addresses registry.
11:31:08.197 [DEBUG] [org.gradle.cache.internal.DefaultFileLockManager] Lock acquired.
11:31:08.199 [DEBUG] [org.gradle.cache.internal.DefaultFileLockManager] Releasing lock on daemon addresses registry.
11:32:08.195 [DEBUG] [org.gradle.launcher.daemon.server.Daemon] DaemonExpirationPeriodicCheck running
11:32:08.196 [DEBUG] [org.gradle.launcher.daemon.server.health.DaemonStatus] GC rate: 0.0/s
11:32:08.199 [DEBUG] [org.gradle.cache.internal.DefaultFileLockManager] Waiting to acquire shared lock on daemon addresses registry.
11:32:08.200 [DEBUG] [org.gradle.cache.internal.DefaultFileLockManager] Lock acquired.
11:32:08.203 [DEBUG] [org.gradle.cache.internal.DefaultFileLockManager] Releasing lock on daemon addresses registry.
11:33:08.197 [DEBUG] [org.gradle.launcher.daemon.server.Daemon] DaemonExpirationPeriodicCheck running
11:33:08.197 [DEBUG] [org.gradle.launcher.daemon.server.health.DaemonStatus] GC rate: 0.0/s
11:33:08.200 [DEBUG] [org.gradle.cache.internal.DefaultFileLockManager] Waiting to acquire shared lock on daemon addresses registry.
11:33:08.201 [DEBUG] [org.gradle.cache.internal.DefaultFileLockManager] Lock acquired.
11:33:08.203 [DEBUG] [org.gradle.cache.internal.DefaultFileLockManager] Releasing lock on daemon addresses registry.
11:34:08.197 [DEBUG] [org.gradle.launcher.daemon.server.Daemon] DaemonExpirationPeriodicCheck running
11:34:08.197 [DEBUG] [org.gradle.launcher.daemon.server.health.DaemonStatus] GC rate: 0.0/s
11:34:08.201 [DEBUG] [org.gradle.cache.internal.DefaultFileLockManager] Waiting to acquire shared lock on daemon addresses registry.
11:34:08.201 [DEBUG] [org.gradle.cache.internal.DefaultFileLockManager] Lock acquired.
11:34:08.204 [DEBUG] [org.gradle.cache.internal.DefaultFileLockManager] Releasing lock on daemon addresses registry.
11:35:08.199 [DEBUG] [org.gradle.launcher.daemon.server.Daemon] DaemonExpirationPeriodicCheck running
11:35:08.199 [DEBUG] [org.gradle.launcher.daemon.server.health.DaemonStatus] GC rate: 0.0/s
11:35:08.200 [DEBUG] [org.gradle.cache.internal.DefaultFileLockManager] Waiting to acquire shared lock on daemon addresses registry.
11:35:08.200 [DEBUG] [org.gradle.cache.internal.DefaultFileLockManager] Lock acquired.
11:35:08.201 [DEBUG] [org.gradle.cache.internal.DefaultFileLockManager] Releasing lock on daemon addresses registry.
11:36:08.199 [DEBUG] [org.gradle.launcher.daemon.server.Daemon] DaemonExpirationPeriodicCheck running
11:36:08.199 [DEBUG] [org.gradle.launcher.daemon.server.health.DaemonStatus] GC rate: 0.0/s
11:36:08.203 [DEBUG] [org.gradle.cache.internal.DefaultFileLockManager] Waiting to acquire shared lock on daemon addresses registry.
11:36:08.203 [DEBUG] [org.gradle.cache.internal.DefaultFileLockManager] Lock acquired.
11:36:08.207 [DEBUG] [org.gradle.cache.internal.DefaultFileLockManager] Releasing lock on daemon addresses registry.
11:37:08.201 [DEBUG] [org.gradle.launcher.daemon.server.Daemon] DaemonExpirationPeriodicCheck running
11:37:08.201 [DEBUG] [org.gradle.launcher.daemon.server.health.DaemonStatus] GC rate: 0.0/s
11:37:08.203 [DEBUG] [org.gradle.cache.internal.DefaultFileLockManager] Waiting to acquire shared lock on daemon addresses registry.
11:37:08.203 [DEBUG] [org.gradle.cache.internal.DefaultFileLockManager] Lock acquired.
11:37:08.205 [DEBUG] [org.gradle.cache.internal.DefaultFileLockManager] Releasing lock on daemon addresses registry.
11:38:08.202 [DEBUG] [org.gradle.launcher.daemon.server.Daemon] DaemonExpirationPeriodicCheck running
11:38:08.202 [DEBUG] [org.gradle.launcher.daemon.server.health.DaemonStatus] GC rate: 0.0/s
11:38:08.206 [DEBUG] [org.gradle.cache.internal.DefaultFileLockManager] Waiting to acquire shared lock on daemon addresses registry.
11:38:08.206 [DEBUG] [org.gradle.cache.internal.DefaultFileLockManager] Lock acquired.
11:38:08.209 [DEBUG] [org.gradle.cache.internal.DefaultFileLockManager] Releasing lock on daemon addresses registry.
11:39:08.202 [DEBUG] [org.gradle.launcher.daemon.server.Daemon] DaemonExpirationPeriodicCheck running
11:39:08.203 [DEBUG] [org.gradle.launcher.daemon.server.health.DaemonStatus] GC rate: 0.0/s
11:39:08.206 [DEBUG] [org.gradle.cache.internal.DefaultFileLockManager] Waiting to acquire shared lock on daemon addresses registry.
11:39:08.206 [DEBUG] [org.gradle.cache.internal.DefaultFileLockManager] Lock acquired.
11:39:08.211 [DEBUG] [org.gradle.cache.internal.DefaultFileLockManager] Releasing lock on daemon addresses registry.
11:40:08.204 [DEBUG] [org.gradle.launcher.daemon.server.Daemon] DaemonExpirationPeriodicCheck running
11:40:08.204 [DEBUG] [org.gradle.launcher.daemon.server.health.DaemonStatus] GC rate: 0.0/s
11:40:08.208 [DEBUG] [org.gradle.cache.internal.DefaultFileLockManager] Waiting to acquire shared lock on daemon addresses registry.
11:40:08.208 [DEBUG] [org.gradle.cache.internal.DefaultFileLockManager] Lock acquired.
11:40:08.211 [DEBUG] [org.gradle.cache.internal.DefaultFileLockManager] Releasing lock on daemon addresses registry.
11:41:08.204 [DEBUG] [org.gradle.launcher.daemon.server.Daemon] DaemonExpirationPeriodicCheck running
11:41:08.205 [DEBUG] [org.gradle.launcher.daemon.server.health.DaemonStatus] GC rate: 0.0/s
11:41:08.208 [DEBUG] [org.gradle.cache.internal.DefaultFileLockManager] Waiting to acquire shared lock on daemon addresses registry.
11:41:08.208 [DEBUG] [org.gradle.cache.internal.DefaultFileLockManager] Lock acquired.
11:41:08.212 [DEBUG] [org.gradle.cache.internal.DefaultFileLockManager] Releasing lock on daemon addresses registry.
11:42:08.206 [DEBUG] [org.gradle.launcher.daemon.server.Daemon] DaemonExpirationPeriodicCheck running
11:42:08.206 [DEBUG] [org.gradle.launcher.daemon.server.health.DaemonStatus] GC rate: 0.0/s
11:42:08.209 [DEBUG] [org.gradle.cache.internal.DefaultFileLockManager] Waiting to acquire shared lock on daemon addresses registry.
11:42:08.209 [DEBUG] [org.gradle.cache.internal.DefaultFileLockManager] Lock acquired.
11:42:08.211 [DEBUG] [org.gradle.cache.internal.DefaultFileLockManager] Releasing lock on daemon addresses registry.
11:43:08.206 [DEBUG] [org.gradle.launcher.daemon.server.Daemon] DaemonExpirationPeriodicCheck running
11:43:08.207 [DEBUG] [org.gradle.launcher.daemon.server.health.DaemonStatus] GC rate: 0.0/s
11:43:08.210 [DEBUG] [org.gradle.cache.internal.DefaultFileLockManager] Waiting to acquire shared lock on daemon addresses registry.
11:43:08.211 [DEBUG] [org.gradle.cache.internal.DefaultFileLockManager] Lock acquired.
11:43:08.213 [DEBUG] [org.gradle.cache.internal.DefaultFileLockManager] Releasing lock on daemon addresses registry.
11:44:08.208 [DEBUG] [org.gradle.launcher.daemon.server.Daemon] DaemonExpirationPeriodicCheck running
11:44:08.208 [DEBUG] [org.gradle.launcher.daemon.server.health.DaemonStatus] GC rate: 0.0/s
11:44:08.211 [DEBUG] [org.gradle.cache.internal.DefaultFileLockManager] Waiting to acquire shared lock on daemon addresses registry.
11:44:08.212 [DEBUG] [org.gradle.cache.internal.DefaultFileLockManager] Lock acquired.
11:44:08.214 [DEBUG] [org.gradle.cache.internal.DefaultFileLockManager] Releasing lock on daemon addresses registry.
11:45:08.209 [DEBUG] [org.gradle.launcher.daemon.server.Daemon] DaemonExpirationPeriodicCheck running
11:45:08.210 [DEBUG] [org.gradle.launcher.daemon.server.health.DaemonStatus] GC rate: 0.0/s
11:45:08.213 [DEBUG] [org.gradle.cache.internal.DefaultFileLockManager] Waiting to acquire shared lock on daemon addresses registry.
11:45:08.214 [DEBUG] [org.gradle.cache.internal.DefaultFileLockManager] Lock acquired.
11:45:08.216 [DEBUG] [org.gradle.cache.internal.DefaultFileLockManager] Releasing lock on daemon addresses registry.
11:46:08.209 [DEBUG] [org.gradle.launcher.daemon.server.Daemon] DaemonExpirationPeriodicCheck running
11:46:08.209 [DEBUG] [org.gradle.launcher.daemon.server.health.DaemonStatus] GC rate: 0.0/s
11:46:08.211 [DEBUG] [org.gradle.cache.internal.DefaultFileLockManager] Waiting to acquire shared lock on daemon addresses registry.
11:46:08.211 [DEBUG] [org.gradle.cache.internal.DefaultFileLockManager] Lock acquired.
11:46:08.214 [DEBUG] [org.gradle.cache.internal.DefaultFileLockManager] Releasing lock on daemon addresses registry.
11:47:08.211 [DEBUG] [org.gradle.launcher.daemon.server.Daemon] DaemonExpirationPeriodicCheck running
11:47:08.211 [DEBUG] [org.gradle.launcher.daemon.server.health.DaemonStatus] GC rate: 0.0/s
11:47:08.215 [DEBUG] [org.gradle.cache.internal.DefaultFileLockManager] Waiting to acquire shared lock on daemon addresses registry.
11:47:08.215 [DEBUG] [org.gradle.cache.internal.DefaultFileLockManager] Lock acquired.
11:47:08.218 [DEBUG] [org.gradle.cache.internal.DefaultFileLockManager] Releasing lock on daemon addresses registry.
11:48:08.211 [DEBUG] [org.gradle.launcher.daemon.server.Daemon] DaemonExpirationPeriodicCheck running
11:48:08.211 [DEBUG] [org.gradle.launcher.daemon.server.health.DaemonStatus] GC rate: 0.0/s
11:48:08.213 [DEBUG] [org.gradle.cache.internal.DefaultFileLockManager] Waiting to acquire shared lock on daemon addresses registry.
11:48:08.213 [DEBUG] [org.gradle.cache.internal.DefaultFileLockManager] Lock acquired.
11:48:08.215 [DEBUG] [org.gradle.cache.internal.DefaultFileLockManager] Releasing lock on daemon addresses registry.
11:49:08.213 [DEBUG] [org.gradle.launcher.daemon.server.Daemon] DaemonExpirationPeriodicCheck running
11:49:08.214 [DEBUG] [org.gradle.launcher.daemon.server.health.DaemonStatus] GC rate: 0.0/s
11:49:08.218 [DEBUG] [org.gradle.cache.internal.DefaultFileLockManager] Waiting to acquire shared lock on daemon addresses registry.
11:49:08.219 [DEBUG] [org.gradle.cache.internal.DefaultFileLockManager] Lock acquired.
11:49:08.221 [DEBUG] [org.gradle.cache.internal.DefaultFileLockManager] Releasing lock on daemon addresses registry.
11:50:08.213 [DEBUG] [org.gradle.launcher.daemon.server.Daemon] DaemonExpirationPeriodicCheck running
11:50:08.213 [DEBUG] [org.gradle.launcher.daemon.server.health.DaemonStatus] GC rate: 0.0/s
11:50:08.216 [DEBUG] [org.gradle.cache.internal.DefaultFileLockManager] Waiting to acquire shared lock on daemon addresses registry.
11:50:08.217 [DEBUG] [org.gradle.cache.internal.DefaultFileLockManager] Lock acquired.
11:50:08.219 [DEBUG] [org.gradle.cache.internal.DefaultFileLockManager] Releasing lock on daemon addresses registry.
11:51:08.215 [DEBUG] [org.gradle.launcher.daemon.server.Daemon] DaemonExpirationPeriodicCheck running
11:51:08.215 [DEBUG] [org.gradle.launcher.daemon.server.health.DaemonStatus] GC rate: 0.0/s
11:51:08.217 [DEBUG] [org.gradle.cache.internal.DefaultFileLockManager] Waiting to acquire shared lock on daemon addresses registry.
11:51:08.217 [DEBUG] [org.gradle.cache.internal.DefaultFileLockManager] Lock acquired.
11:51:08.219 [DEBUG] [org.gradle.cache.internal.DefaultFileLockManager] Releasing lock on daemon addresses registry.
11:52:08.215 [DEBUG] [org.gradle.launcher.daemon.server.Daemon] DaemonExpirationPeriodicCheck running
11:52:08.215 [DEBUG] [org.gradle.launcher.daemon.server.health.DaemonStatus] GC rate: 0.0/s
11:52:08.218 [DEBUG] [org.gradle.cache.internal.DefaultFileLockManager] Waiting to acquire shared lock on daemon addresses registry.
11:52:08.219 [DEBUG] [org.gradle.cache.internal.DefaultFileLockManager] Lock acquired.
11:52:08.221 [DEBUG] [org.gradle.cache.internal.DefaultFileLockManager] Releasing lock on daemon addresses registry.
11:53:08.216 [DEBUG] [org.gradle.launcher.daemon.server.Daemon] DaemonExpirationPeriodicCheck running
11:53:08.216 [DEBUG] [org.gradle.launcher.daemon.server.health.DaemonStatus] GC rate: 0.0/s
11:53:08.221 [DEBUG] [org.gradle.cache.internal.DefaultFileLockManager] Waiting to acquire shared lock on daemon addresses registry.
11:53:08.221 [DEBUG] [org.gradle.cache.internal.DefaultFileLockManager] Lock acquired.
11:53:08.224 [DEBUG] [org.gradle.cache.internal.DefaultFileLockManager] Releasing lock on daemon addresses registry.
11:54:08.218 [DEBUG] [org.gradle.launcher.daemon.server.Daemon] DaemonExpirationPeriodicCheck running
11:54:08.218 [DEBUG] [org.gradle.launcher.daemon.server.health.DaemonStatus] GC rate: 0.0/s
11:54:08.221 [DEBUG] [org.gradle.cache.internal.DefaultFileLockManager] Waiting to acquire shared lock on daemon addresses registry.
11:54:08.222 [DEBUG] [org.gradle.cache.internal.DefaultFileLockManager] Lock acquired.
11:54:08.225 [DEBUG] [org.gradle.cache.internal.DefaultFileLockManager] Releasing lock on daemon addresses registry.
11:55:08.218 [DEBUG] [org.gradle.launcher.daemon.server.Daemon] DaemonExpirationPeriodicCheck running
11:55:08.218 [DEBUG] [org.gradle.launcher.daemon.server.health.DaemonStatus] GC rate: 0.0/s
11:55:08.221 [DEBUG] [org.gradle.cache.internal.DefaultFileLockManager] Waiting to acquire shared lock on daemon addresses registry.
11:55:08.222 [DEBUG] [org.gradle.cache.internal.DefaultFileLockManager] Lock acquired.
11:55:08.224 [DEBUG] [org.gradle.cache.internal.DefaultFileLockManager] Releasing lock on daemon addresses registry.
11:56:08.220 [DEBUG] [org.gradle.launcher.daemon.server.Daemon] DaemonExpirationPeriodicCheck running
11:56:08.220 [DEBUG] [org.gradle.launcher.daemon.server.health.DaemonStatus] GC rate: 0.0/s
11:56:08.223 [DEBUG] [org.gradle.cache.internal.DefaultFileLockManager] Waiting to acquire shared lock on daemon addresses registry.
11:56:08.224 [DEBUG] [org.gradle.cache.internal.DefaultFileLockManager] Lock acquired.
11:56:08.226 [DEBUG] [org.gradle.cache.internal.DefaultFileLockManager] Releasing lock on daemon addresses registry.
11:57:08.220 [DEBUG] [org.gradle.launcher.daemon.server.Daemon] DaemonExpirationPeriodicCheck running
11:57:08.220 [DEBUG] [org.gradle.launcher.daemon.server.health.DaemonStatus] GC rate: 0.0/s
11:57:08.223 [DEBUG] [org.gradle.cache.internal.DefaultFileLockManager] Waiting to acquire shared lock on daemon addresses registry.
11:57:08.223 [DEBUG] [org.gradle.cache.internal.DefaultFileLockManager] Lock acquired.
11:57:08.225 [DEBUG] [org.gradle.cache.internal.DefaultFileLockManager] Releasing lock on daemon addresses registry.
11:58:08.222 [DEBUG] [org.gradle.launcher.daemon.server.Daemon] DaemonExpirationPeriodicCheck running
11:58:08.222 [DEBUG] [org.gradle.launcher.daemon.server.health.DaemonStatus] GC rate: 0.0/s
11:58:08.226 [DEBUG] [org.gradle.cache.internal.DefaultFileLockManager] Waiting to acquire shared lock on daemon addresses registry.
11:58:08.227 [DEBUG] [org.gradle.cache.internal.DefaultFileLockManager] Lock acquired.
11:58:08.229 [DEBUG] [org.gradle.cache.internal.DefaultFileLockManager] Releasing lock on daemon addresses registry.
11:59:08.222 [DEBUG] [org.gradle.launcher.daemon.server.Daemon] DaemonExpirationPeriodicCheck running
11:59:08.222 [DEBUG] [org.gradle.launcher.daemon.server.health.DaemonStatus] GC rate: 0.0/s
11:59:08.225 [DEBUG] [org.gradle.cache.internal.DefaultFileLockManager] Waiting to acquire shared lock on daemon addresses registry.
11:59:08.226 [DEBUG] [org.gradle.cache.internal.DefaultFileLockManager] Lock acquired.
11:59:08.228 [DEBUG] [org.gradle.cache.internal.DefaultFileLockManager] Releasing lock on daemon addresses registry.
12:00:08.223 [DEBUG] [org.gradle.launcher.daemon.server.Daemon] DaemonExpirationPeriodicCheck running
12:00:08.223 [DEBUG] [org.gradle.launcher.daemon.server.health.DaemonStatus] GC rate: 0.0/s
12:00:08.227 [DEBUG] [org.gradle.cache.internal.DefaultFileLockManager] Waiting to acquire shared lock on daemon addresses registry.
12:00:08.227 [DEBUG] [org.gradle.cache.internal.DefaultFileLockManager] Lock acquired.
12:00:08.229 [DEBUG] [org.gradle.cache.internal.DefaultFileLockManager] Releasing lock on daemon addresses registry.
12:01:08.225 [DEBUG] [org.gradle.launcher.daemon.server.Daemon] DaemonExpirationPeriodicCheck running
12:01:08.225 [DEBUG] [org.gradle.launcher.daemon.server.health.DaemonStatus] GC rate: 0.0/s
12:01:08.229 [DEBUG] [org.gradle.cache.internal.DefaultFileLockManager] Waiting to acquire shared lock on daemon addresses registry.
12:01:08.229 [DEBUG] [org.gradle.cache.internal.DefaultFileLockManager] Lock acquired.
12:01:08.231 [DEBUG] [org.gradle.cache.internal.DefaultFileLockManager] Releasing lock on daemon addresses registry.
12:02:08.225 [DEBUG] [org.gradle.launcher.daemon.server.Daemon] DaemonExpirationPeriodicCheck running
12:02:08.225 [DEBUG] [org.gradle.launcher.daemon.server.health.DaemonStatus] GC rate: 0.0/s
12:02:08.229 [DEBUG] [org.gradle.cache.internal.DefaultFileLockManager] Waiting to acquire shared lock on daemon addresses registry.
12:02:08.229 [DEBUG] [org.gradle.cache.internal.DefaultFileLockManager] Lock acquired.
12:02:08.231 [DEBUG] [org.gradle.cache.internal.DefaultFileLockManager] Releasing lock on daemon addresses registry.
12:03:08.227 [DEBUG] [org.gradle.launcher.daemon.server.Daemon] DaemonExpirationPeriodicCheck running
12:03:08.227 [DEBUG] [org.gradle.launcher.daemon.server.health.DaemonStatus] GC rate: 0.0/s
12:03:08.228 [DEBUG] [org.gradle.cache.internal.DefaultFileLockManager] Waiting to acquire shared lock on daemon addresses registry.
12:03:08.228 [DEBUG] [org.gradle.cache.internal.DefaultFileLockManager] Lock acquired.
12:03:08.228 [DEBUG] [org.gradle.cache.internal.DefaultFileLockManager] Releasing lock on daemon addresses registry.
12:04:08.227 [DEBUG] [org.gradle.launcher.daemon.server.Daemon] DaemonExpirationPeriodicCheck running
12:04:08.227 [DEBUG] [org.gradle.launcher.daemon.server.health.DaemonStatus] GC rate: 0.0/s
12:04:08.231 [DEBUG] [org.gradle.cache.internal.DefaultFileLockManager] Waiting to acquire shared lock on daemon addresses registry.
12:04:08.232 [DEBUG] [org.gradle.cache.internal.DefaultFileLockManager] Lock acquired.
12:04:08.234 [DEBUG] [org.gradle.cache.internal.DefaultFileLockManager] Releasing lock on daemon addresses registry.
12:05:08.229 [DEBUG] [org.gradle.launcher.daemon.server.Daemon] DaemonExpirationPeriodicCheck running
12:05:08.229 [DEBUG] [org.gradle.launcher.daemon.server.health.DaemonStatus] GC rate: 0.0/s
12:05:08.232 [DEBUG] [org.gradle.cache.internal.DefaultFileLockManager] Waiting to acquire shared lock on daemon addresses registry.
12:05:08.233 [DEBUG] [org.gradle.cache.internal.DefaultFileLockManager] Lock acquired.
12:05:08.235 [DEBUG] [org.gradle.cache.internal.DefaultFileLockManager] Releasing lock on daemon addresses registry.
12:06:08.229 [DEBUG] [org.gradle.launcher.daemon.server.Daemon] DaemonExpirationPeriodicCheck running
12:06:08.229 [DEBUG] [org.gradle.launcher.daemon.server.health.DaemonStatus] GC rate: 0.0/s
12:06:08.232 [DEBUG] [org.gradle.cache.internal.DefaultFileLockManager] Waiting to acquire shared lock on daemon addresses registry.
12:06:08.232 [DEBUG] [org.gradle.cache.internal.DefaultFileLockManager] Lock acquired.
12:06:08.234 [DEBUG] [org.gradle.cache.internal.DefaultFileLockManager] Releasing lock on daemon addresses registry.
12:07:08.230 [DEBUG] [org.gradle.launcher.daemon.server.Daemon] DaemonExpirationPeriodicCheck running
12:07:08.230 [DEBUG] [org.gradle.launcher.daemon.server.health.DaemonStatus] GC rate: 0.0/s
12:07:08.232 [DEBUG] [org.gradle.cache.internal.DefaultFileLockManager] Waiting to acquire shared lock on daemon addresses registry.
12:07:08.232 [DEBUG] [org.gradle.cache.internal.DefaultFileLockManager] Lock acquired.
12:07:08.233 [DEBUG] [org.gradle.cache.internal.DefaultFileLockManager] Releasing lock on daemon addresses registry.
12:08:08.232 [DEBUG] [org.gradle.launcher.daemon.server.Daemon] DaemonExpirationPeriodicCheck running
12:08:08.232 [DEBUG] [org.gradle.launcher.daemon.server.health.DaemonStatus] GC rate: 0.0/s
12:08:08.235 [DEBUG] [org.gradle.cache.internal.DefaultFileLockManager] Waiting to acquire shared lock on daemon addresses registry.
12:08:08.236 [DEBUG] [org.gradle.cache.internal.DefaultFileLockManager] Lock acquired.
12:08:08.239 [DEBUG] [org.gradle.cache.internal.DefaultFileLockManager] Releasing lock on daemon addresses registry.
12:09:08.232 [DEBUG] [org.gradle.launcher.daemon.server.Daemon] DaemonExpirationPeriodicCheck running
12:09:08.232 [DEBUG] [org.gradle.launcher.daemon.server.health.DaemonStatus] GC rate: 0.0/s
12:09:08.235 [DEBUG] [org.gradle.cache.internal.DefaultFileLockManager] Waiting to acquire shared lock on daemon addresses registry.
12:09:08.236 [DEBUG] [org.gradle.cache.internal.DefaultFileLockManager] Lock acquired.
12:09:08.238 [DEBUG] [org.gradle.cache.internal.DefaultFileLockManager] Releasing lock on daemon addresses registry.
12:10:08.234 [DEBUG] [org.gradle.launcher.daemon.server.Daemon] DaemonExpirationPeriodicCheck running
12:10:08.234 [DEBUG] [org.gradle.launcher.daemon.server.health.DaemonStatus] GC rate: 0.0/s
12:10:08.237 [DEBUG] [org.gradle.cache.internal.DefaultFileLockManager] Waiting to acquire shared lock on daemon addresses registry.
12:10:08.238 [DEBUG] [org.gradle.cache.internal.DefaultFileLockManager] Lock acquired.
12:10:08.240 [DEBUG] [org.gradle.cache.internal.DefaultFileLockManager] Releasing lock on daemon addresses registry.
12:11:08.234 [DEBUG] [org.gradle.launcher.daemon.server.Daemon] DaemonExpirationPeriodicCheck running
12:11:08.234 [DEBUG] [org.gradle.launcher.daemon.server.health.DaemonStatus] GC rate: 0.0/s
12:11:08.238 [DEBUG] [org.gradle.cache.internal.DefaultFileLockManager] Waiting to acquire shared lock on daemon addresses registry.
12:11:08.239 [DEBUG] [org.gradle.cache.internal.DefaultFileLockManager] Lock acquired.
12:11:08.241 [DEBUG] [org.gradle.cache.internal.DefaultFileLockManager] Releasing lock on daemon addresses registry.
12:12:08.236 [DEBUG] [org.gradle.launcher.daemon.server.Daemon] DaemonExpirationPeriodicCheck running
12:12:08.236 [DEBUG] [org.gradle.launcher.daemon.server.health.DaemonStatus] GC rate: 0.0/s
12:12:08.239 [DEBUG] [org.gradle.cache.internal.DefaultFileLockManager] Waiting to acquire shared lock on daemon addresses registry.
12:12:08.239 [DEBUG] [org.gradle.cache.internal.DefaultFileLockManager] Lock acquired.
12:12:08.241 [DEBUG] [org.gradle.cache.internal.DefaultFileLockManager] Releasing lock on daemon addresses registry.
12:13:08.236 [DEBUG] [org.gradle.launcher.daemon.server.Daemon] DaemonExpirationPeriodicCheck running
12:13:08.236 [DEBUG] [org.gradle.launcher.daemon.server.health.DaemonStatus] GC rate: 0.0/s
12:13:08.237 [INFO] [org.gradle.launcher.daemon.server.DaemonIdleTimeoutExpirationStrategy] Idle timeout: daemon has been idle for 2731317 milliseconds. Expiring.
12:13:08.238 [INFO] [org.gradle.launcher.daemon.server.Daemon] Daemon expiration criteria met, requesting stop
12:13:08.239 [LIFECYCLE] [org.gradle.launcher.daemon.server.Daemon] Daemon stopping because daemon has been idle for 2731317 milliseconds and Free system memory (1265451008 bytes) is below threshold of 1674786406 bytes
12:13:08.239 [DEBUG] [org.gradle.launcher.daemon.server.DaemonStateCoordinator] Stop as soon as idle requested. The daemon is busy: false
12:13:08.239 [DEBUG] [org.gradle.launcher.daemon.server.DaemonStateCoordinator] Marking daemon stopped due to stop requested and daemon idle. The daemon is running a build: false
12:13:08.239 [DEBUG] [org.gradle.launcher.daemon.server.DaemonStateCoordinator] daemon has stopped.
12:13:08.240 [DEBUG] [org.gradle.launcher.daemon.server.Daemon] stop() called on daemon
12:13:08.240 [INFO] [org.gradle.launcher.daemon.server.Daemon] Stop requested. Daemon is removing its presence from the registry...
12:13:08.241 [DEBUG] [org.gradle.launcher.daemon.server.DomainRegistryUpdater] Removing our presence to clients, eg. removing this address from the registry: [d93144b2-5e9a-44c8-b6bc-6f9c08e4c434 port:50314, addresses:[/127.0.0.1, /0:0:0:0:0:0:0:1]]
12:13:08.241 [DEBUG] [org.gradle.launcher.daemon.registry.PersistentDaemonRegistry] Removing daemon address: [d93144b2-5e9a-44c8-b6bc-6f9c08e4c434 port:50314, addresses:[/127.0.0.1, /0:0:0:0:0:0:0:1]]
12:13:08.245 [DEBUG] [org.gradle.cache.internal.DefaultFileLockManager] Waiting to acquire exclusive lock on daemon addresses registry.
12:13:08.246 [DEBUG] [org.gradle.cache.internal.DefaultFileLockManager] Lock acquired.
12:13:08.252 [DEBUG] [org.gradle.cache.internal.DefaultFileLockManager] Releasing lock on daemon addresses registry.
12:13:08.253 [DEBUG] [org.gradle.launcher.daemon.server.DomainRegistryUpdater] Address removed from registry.
Daemon vm is shutting down... The daemon has exited normally or was terminated in response to a user interrupt.
12:13:08.285 [DEBUG] [org.gradle.launcher.daemon.registry.PersistentDaemonRegistry] Removing daemon address: [d93144b2-5e9a-44c8-b6bc-6f9c08e4c434 port:50314, addresses:[/127.0.0.1, /0:0:0:0:0:0:0:1]]
12:13:08.286 [DEBUG] [org.gradle.cache.internal.DefaultFileLockManager] Waiting to acquire exclusive lock on daemon addresses registry.
12:13:08.287 [DEBUG] [org.gradle.cache.internal.DefaultFileLockManager] Lock acquired.
12:13:08.289 [DEBUG] [org.gradle.cache.internal.DefaultFileLockManager] Releasing lock on daemon addresses registry.
