11:54:05.660 [DEBUG] [org.gradle.internal.nativeintegration.services.NativeServices] Native-platform posix files is not available.  Continuing with fallback.
11:54:05.669 [DEBUG] [org.gradle.internal.nativeintegration.filesystem.services.FileSystemServices] Using JDK 7 file service org.gradle.internal.nativeintegration.filesystem.jdk7.WindowsJdk7Symlink
11:54:06.055 [INFO] [org.gradle.launcher.daemon.server.Daemon] start() called on daemon - DefaultDaemonContext[uid=802cc2ca-5542-44b7-90e5-02c258fe1ac0,javaHome=C:\Program Files\Java\jdk1.8.0_101,daemonRegistryDir=C:\Users\TIH\.gradle\daemon,pid=6108,idleTimeout=10800000,daemonOpts=-Xmx1536m,-Dfile.encoding=windows-1252,-Duser.country=US,-Duser.language=en,-Duser.variant]
11:54:06.060 [DEBUG] [org.gradle.launcher.daemon.server.DaemonStateCoordinator] updating lastActivityAt to 1477043646060
11:54:06.200 [DEBUG] [org.gradle.internal.remote.internal.inet.InetAddressFactory] Adding IP addresses for network interface Software Loopback Interface 1
11:54:06.201 [DEBUG] [org.gradle.internal.remote.internal.inet.InetAddressFactory] Is this a loopback interface? true
11:54:06.203 [DEBUG] [org.gradle.internal.remote.internal.inet.InetAddressFactory] Is this a multicast interface? true
11:54:06.207 [DEBUG] [org.gradle.internal.remote.internal.inet.InetAddressFactory] Adding loopback address /127.0.0.1
11:54:06.208 [DEBUG] [org.gradle.internal.remote.internal.inet.InetAddressFactory] Adding loopback address /0:0:0:0:0:0:0:1
11:54:06.208 [DEBUG] [org.gradle.internal.remote.internal.inet.InetAddressFactory] Adding loopback multicast interface Software Loopback Interface 1
11:54:06.208 [DEBUG] [org.gradle.internal.remote.internal.inet.InetAddressFactory] Adding IP addresses for network interface WAN Miniport (SSTP)
11:54:06.210 [DEBUG] [org.gradle.internal.remote.internal.inet.InetAddressFactory] Is this a loopback interface? false
11:54:06.211 [DEBUG] [org.gradle.internal.remote.internal.inet.InetAddressFactory] Is this a multicast interface? true
11:54:06.212 [DEBUG] [org.gradle.internal.remote.internal.inet.InetAddressFactory] Adding loopback multicast interface WAN Miniport (SSTP)
11:54:06.212 [DEBUG] [org.gradle.internal.remote.internal.inet.InetAddressFactory] Adding IP addresses for network interface WAN Miniport (L2TP)
11:54:06.213 [DEBUG] [org.gradle.internal.remote.internal.inet.InetAddressFactory] Is this a loopback interface? false
11:54:06.215 [DEBUG] [org.gradle.internal.remote.internal.inet.InetAddressFactory] Is this a multicast interface? true
11:54:06.215 [DEBUG] [org.gradle.internal.remote.internal.inet.InetAddressFactory] Adding loopback multicast interface WAN Miniport (L2TP)
11:54:06.215 [DEBUG] [org.gradle.internal.remote.internal.inet.InetAddressFactory] Adding IP addresses for network interface WAN Miniport (PPTP)
11:54:06.217 [DEBUG] [org.gradle.internal.remote.internal.inet.InetAddressFactory] Is this a loopback interface? false
11:54:06.218 [DEBUG] [org.gradle.internal.remote.internal.inet.InetAddressFactory] Is this a multicast interface? true
11:54:06.218 [DEBUG] [org.gradle.internal.remote.internal.inet.InetAddressFactory] Adding loopback multicast interface WAN Miniport (PPTP)
11:54:06.219 [DEBUG] [org.gradle.internal.remote.internal.inet.InetAddressFactory] Adding IP addresses for network interface WAN Miniport (PPPOE)
11:54:06.220 [DEBUG] [org.gradle.internal.remote.internal.inet.InetAddressFactory] Is this a loopback interface? false
11:54:06.222 [DEBUG] [org.gradle.internal.remote.internal.inet.InetAddressFactory] Is this a multicast interface? true
11:54:06.222 [DEBUG] [org.gradle.internal.remote.internal.inet.InetAddressFactory] Adding loopback multicast interface WAN Miniport (PPPOE)
11:54:06.222 [DEBUG] [org.gradle.internal.remote.internal.inet.InetAddressFactory] Adding IP addresses for network interface WAN Miniport (IPv6)
11:54:06.223 [DEBUG] [org.gradle.internal.remote.internal.inet.InetAddressFactory] Is this a loopback interface? false
11:54:06.225 [DEBUG] [org.gradle.internal.remote.internal.inet.InetAddressFactory] Is this a multicast interface? true
11:54:06.225 [DEBUG] [org.gradle.internal.remote.internal.inet.InetAddressFactory] Adding loopback multicast interface WAN Miniport (IPv6)
11:54:06.225 [DEBUG] [org.gradle.internal.remote.internal.inet.InetAddressFactory] Adding IP addresses for network interface WAN Miniport (Network Monitor)
11:54:06.227 [DEBUG] [org.gradle.internal.remote.internal.inet.InetAddressFactory] Is this a loopback interface? false
11:54:06.228 [DEBUG] [org.gradle.internal.remote.internal.inet.InetAddressFactory] Is this a multicast interface? true
11:54:06.228 [DEBUG] [org.gradle.internal.remote.internal.inet.InetAddressFactory] Adding loopback multicast interface WAN Miniport (Network Monitor)
11:54:06.229 [DEBUG] [org.gradle.internal.remote.internal.inet.InetAddressFactory] Adding IP addresses for network interface WAN Miniport (IP)
11:54:06.230 [DEBUG] [org.gradle.internal.remote.internal.inet.InetAddressFactory] Is this a loopback interface? false
11:54:06.231 [DEBUG] [org.gradle.internal.remote.internal.inet.InetAddressFactory] Is this a multicast interface? true
11:54:06.232 [DEBUG] [org.gradle.internal.remote.internal.inet.InetAddressFactory] Adding loopback multicast interface WAN Miniport (IP)
11:54:06.232 [DEBUG] [org.gradle.internal.remote.internal.inet.InetAddressFactory] Adding IP addresses for network interface RAS Async Adapter
11:54:06.233 [DEBUG] [org.gradle.internal.remote.internal.inet.InetAddressFactory] Is this a loopback interface? false
11:54:06.235 [DEBUG] [org.gradle.internal.remote.internal.inet.InetAddressFactory] Is this a multicast interface? true
11:54:06.235 [DEBUG] [org.gradle.internal.remote.internal.inet.InetAddressFactory] Adding loopback multicast interface RAS Async Adapter
11:54:06.235 [DEBUG] [org.gradle.internal.remote.internal.inet.InetAddressFactory] Adding IP addresses for network interface WAN Miniport (IKEv2)
11:54:06.237 [DEBUG] [org.gradle.internal.remote.internal.inet.InetAddressFactory] Is this a loopback interface? false
11:54:06.238 [DEBUG] [org.gradle.internal.remote.internal.inet.InetAddressFactory] Is this a multicast interface? true
11:54:06.238 [DEBUG] [org.gradle.internal.remote.internal.inet.InetAddressFactory] Adding loopback multicast interface WAN Miniport (IKEv2)
11:54:06.239 [DEBUG] [org.gradle.internal.remote.internal.inet.InetAddressFactory] Adding IP addresses for network interface Intel(R) Ethernet Connection I217-LM
11:54:06.240 [DEBUG] [org.gradle.internal.remote.internal.inet.InetAddressFactory] Is this a loopback interface? false
11:54:06.241 [DEBUG] [org.gradle.internal.remote.internal.inet.InetAddressFactory] Is this a multicast interface? true
11:54:06.242 [DEBUG] [org.gradle.internal.remote.internal.inet.InetAddressFactory] Adding remote address /fe80:0:0:0:2cef:80cc:b40:5c91%eth3
11:54:06.242 [DEBUG] [org.gradle.internal.remote.internal.inet.InetAddressFactory] Adding remote multicast interface Intel(R) Ethernet Connection I217-LM
11:54:06.242 [DEBUG] [org.gradle.internal.remote.internal.inet.InetAddressFactory] Adding IP addresses for network interface Microsoft 6to4 Adapter
11:54:06.244 [DEBUG] [org.gradle.internal.remote.internal.inet.InetAddressFactory] Is this a loopback interface? false
11:54:06.245 [DEBUG] [org.gradle.internal.remote.internal.inet.InetAddressFactory] Is this a multicast interface? false
11:54:06.245 [DEBUG] [org.gradle.internal.remote.internal.inet.InetAddressFactory] Adding IP addresses for network interface Bluetooth Device (RFCOMM Protocol TDI) #2
11:54:06.247 [DEBUG] [org.gradle.internal.remote.internal.inet.InetAddressFactory] Is this a loopback interface? false
11:54:06.248 [DEBUG] [org.gradle.internal.remote.internal.inet.InetAddressFactory] Is this a multicast interface? true
11:54:06.248 [DEBUG] [org.gradle.internal.remote.internal.inet.InetAddressFactory] Adding loopback multicast interface Bluetooth Device (RFCOMM Protocol TDI) #2
11:54:06.248 [DEBUG] [org.gradle.internal.remote.internal.inet.InetAddressFactory] Adding IP addresses for network interface Bluetooth Device (Personal Area Network) #2
11:54:06.250 [DEBUG] [org.gradle.internal.remote.internal.inet.InetAddressFactory] Is this a loopback interface? false
11:54:06.252 [DEBUG] [org.gradle.internal.remote.internal.inet.InetAddressFactory] Is this a multicast interface? true
11:54:06.252 [DEBUG] [org.gradle.internal.remote.internal.inet.InetAddressFactory] Adding remote address /fe80:0:0:0:1c53:e74b:d4ec:2c4b%eth4
11:54:06.252 [DEBUG] [org.gradle.internal.remote.internal.inet.InetAddressFactory] Adding remote multicast interface Bluetooth Device (Personal Area Network) #2
11:54:06.252 [DEBUG] [org.gradle.internal.remote.internal.inet.InetAddressFactory] Adding IP addresses for network interface Intel(R) Centrino(R) Advanced-N 6235
11:54:06.253 [DEBUG] [org.gradle.internal.remote.internal.inet.InetAddressFactory] Is this a loopback interface? false
11:54:06.255 [DEBUG] [org.gradle.internal.remote.internal.inet.InetAddressFactory] Is this a multicast interface? true
11:54:06.255 [DEBUG] [org.gradle.internal.remote.internal.inet.InetAddressFactory] Adding remote address /192.168.1.5
11:54:06.255 [DEBUG] [org.gradle.internal.remote.internal.inet.InetAddressFactory] Adding remote address /fe80:0:0:0:3d30:1059:778:5402%wlan0
11:54:06.255 [DEBUG] [org.gradle.internal.remote.internal.inet.InetAddressFactory] Adding remote multicast interface Intel(R) Centrino(R) Advanced-N 6235
11:54:06.255 [DEBUG] [org.gradle.internal.remote.internal.inet.InetAddressFactory] Adding IP addresses for network interface Microsoft Virtual WiFi Miniport Adapter
11:54:06.257 [DEBUG] [org.gradle.internal.remote.internal.inet.InetAddressFactory] Is this a loopback interface? false
11:54:06.259 [DEBUG] [org.gradle.internal.remote.internal.inet.InetAddressFactory] Is this a multicast interface? true
11:54:06.259 [DEBUG] [org.gradle.internal.remote.internal.inet.InetAddressFactory] Adding remote address /fe80:0:0:0:953:8a37:1fc8:de1%wlan1
11:54:06.260 [DEBUG] [org.gradle.internal.remote.internal.inet.InetAddressFactory] Adding remote multicast interface Microsoft Virtual WiFi Miniport Adapter
11:54:06.260 [DEBUG] [org.gradle.internal.remote.internal.inet.InetAddressFactory] Adding IP addresses for network interface Microsoft Virtual WiFi Miniport Adapter #2
11:54:06.261 [DEBUG] [org.gradle.internal.remote.internal.inet.InetAddressFactory] Is this a loopback interface? false
11:54:06.263 [DEBUG] [org.gradle.internal.remote.internal.inet.InetAddressFactory] Is this a multicast interface? true
11:54:06.263 [DEBUG] [org.gradle.internal.remote.internal.inet.InetAddressFactory] Adding remote address /fe80:0:0:0:8487:45b4:637e:5939%wlan2
11:54:06.263 [DEBUG] [org.gradle.internal.remote.internal.inet.InetAddressFactory] Adding remote multicast interface Microsoft Virtual WiFi Miniport Adapter #2
11:54:06.263 [DEBUG] [org.gradle.internal.remote.internal.inet.InetAddressFactory] Adding IP addresses for network interface VirtualBox Host-Only Ethernet Adapter
11:54:06.265 [DEBUG] [org.gradle.internal.remote.internal.inet.InetAddressFactory] Is this a loopback interface? false
11:54:06.266 [DEBUG] [org.gradle.internal.remote.internal.inet.InetAddressFactory] Is this a multicast interface? true
11:54:06.266 [DEBUG] [org.gradle.internal.remote.internal.inet.InetAddressFactory] Adding remote address /192.168.56.1
11:54:06.266 [DEBUG] [org.gradle.internal.remote.internal.inet.InetAddressFactory] Adding remote address /fe80:0:0:0:7863:3c16:9d58:eb2e%eth5
11:54:06.267 [DEBUG] [org.gradle.internal.remote.internal.inet.InetAddressFactory] Adding remote multicast interface VirtualBox Host-Only Ethernet Adapter
11:54:06.267 [DEBUG] [org.gradle.internal.remote.internal.inet.InetAddressFactory] Adding IP addresses for network interface Microsoft ISATAP Adapter #6
11:54:06.268 [DEBUG] [org.gradle.internal.remote.internal.inet.InetAddressFactory] Is this a loopback interface? false
11:54:06.270 [DEBUG] [org.gradle.internal.remote.internal.inet.InetAddressFactory] Is this a multicast interface? false
11:54:06.270 [DEBUG] [org.gradle.internal.remote.internal.inet.InetAddressFactory] Adding IP addresses for network interface VirtualBox Host-Only Ethernet Adapter #2
11:54:06.271 [DEBUG] [org.gradle.internal.remote.internal.inet.InetAddressFactory] Is this a loopback interface? false
11:54:06.273 [DEBUG] [org.gradle.internal.remote.internal.inet.InetAddressFactory] Is this a multicast interface? true
11:54:06.273 [DEBUG] [org.gradle.internal.remote.internal.inet.InetAddressFactory] Adding remote address /192.168.211.2
11:54:06.273 [DEBUG] [org.gradle.internal.remote.internal.inet.InetAddressFactory] Adding remote address /fe80:0:0:0:ac9f:31f1:38d5:108d%eth6
11:54:06.273 [DEBUG] [org.gradle.internal.remote.internal.inet.InetAddressFactory] Adding remote multicast interface VirtualBox Host-Only Ethernet Adapter #2
11:54:06.273 [DEBUG] [org.gradle.internal.remote.internal.inet.InetAddressFactory] Adding IP addresses for network interface Microsoft ISATAP Adapter #7
11:54:06.274 [DEBUG] [org.gradle.internal.remote.internal.inet.InetAddressFactory] Is this a loopback interface? false
11:54:06.276 [DEBUG] [org.gradle.internal.remote.internal.inet.InetAddressFactory] Is this a multicast interface? false
11:54:06.276 [DEBUG] [org.gradle.internal.remote.internal.inet.InetAddressFactory] Adding IP addresses for network interface Microsoft ISATAP Adapter
11:54:06.277 [DEBUG] [org.gradle.internal.remote.internal.inet.InetAddressFactory] Is this a loopback interface? false
11:54:06.279 [DEBUG] [org.gradle.internal.remote.internal.inet.InetAddressFactory] Is this a multicast interface? false
11:54:06.279 [DEBUG] [org.gradle.internal.remote.internal.inet.InetAddressFactory] Adding IP addresses for network interface Microsoft ISATAP Adapter #4
11:54:06.280 [DEBUG] [org.gradle.internal.remote.internal.inet.InetAddressFactory] Is this a loopback interface? false
11:54:06.282 [DEBUG] [org.gradle.internal.remote.internal.inet.InetAddressFactory] Is this a multicast interface? false
11:54:06.282 [DEBUG] [org.gradle.internal.remote.internal.inet.InetAddressFactory] Adding remote address /fe80:0:0:0:0:5efe:c0a8:105%net9
11:54:06.282 [DEBUG] [org.gradle.internal.remote.internal.inet.InetAddressFactory] Adding IP addresses for network interface Microsoft ISATAP Adapter #5
11:54:06.283 [DEBUG] [org.gradle.internal.remote.internal.inet.InetAddressFactory] Is this a loopback interface? false
11:54:06.285 [DEBUG] [org.gradle.internal.remote.internal.inet.InetAddressFactory] Is this a multicast interface? false
11:54:06.285 [DEBUG] [org.gradle.internal.remote.internal.inet.InetAddressFactory] Adding IP addresses for network interface Microsoft ISATAP Adapter #2
11:54:06.287 [DEBUG] [org.gradle.internal.remote.internal.inet.InetAddressFactory] Is this a loopback interface? false
11:54:06.288 [DEBUG] [org.gradle.internal.remote.internal.inet.InetAddressFactory] Is this a multicast interface? false
11:54:06.288 [DEBUG] [org.gradle.internal.remote.internal.inet.InetAddressFactory] Adding IP addresses for network interface Microsoft ISATAP Adapter #3
11:54:06.290 [DEBUG] [org.gradle.internal.remote.internal.inet.InetAddressFactory] Is this a loopback interface? false
11:54:06.291 [DEBUG] [org.gradle.internal.remote.internal.inet.InetAddressFactory] Is this a multicast interface? false
11:54:06.291 [DEBUG] [org.gradle.internal.remote.internal.inet.InetAddressFactory] Adding IP addresses for network interface Intel(R) Ethernet Connection I217-LM-VirtualBox NDIS Light-Weight Filter-0000
11:54:06.293 [DEBUG] [org.gradle.internal.remote.internal.inet.InetAddressFactory] Is this a loopback interface? false
11:54:06.294 [DEBUG] [org.gradle.internal.remote.internal.inet.InetAddressFactory] Is this a multicast interface? true
11:54:06.294 [DEBUG] [org.gradle.internal.remote.internal.inet.InetAddressFactory] Adding loopback multicast interface Intel(R) Ethernet Connection I217-LM-VirtualBox NDIS Light-Weight Filter-0000
11:54:06.295 [DEBUG] [org.gradle.internal.remote.internal.inet.InetAddressFactory] Adding IP addresses for network interface Intel(R) Ethernet Connection I217-LM-QoS Packet Scheduler-0000
11:54:06.296 [DEBUG] [org.gradle.internal.remote.internal.inet.InetAddressFactory] Is this a loopback interface? false
11:54:06.298 [DEBUG] [org.gradle.internal.remote.internal.inet.InetAddressFactory] Is this a multicast interface? true
11:54:06.298 [DEBUG] [org.gradle.internal.remote.internal.inet.InetAddressFactory] Adding loopback multicast interface Intel(R) Ethernet Connection I217-LM-QoS Packet Scheduler-0000
11:54:06.298 [DEBUG] [org.gradle.internal.remote.internal.inet.InetAddressFactory] Adding IP addresses for network interface Intel(R) Ethernet Connection I217-LM-WFP LightWeight Filter-0000
11:54:06.299 [DEBUG] [org.gradle.internal.remote.internal.inet.InetAddressFactory] Is this a loopback interface? false
11:54:06.301 [DEBUG] [org.gradle.internal.remote.internal.inet.InetAddressFactory] Is this a multicast interface? true
11:54:06.301 [DEBUG] [org.gradle.internal.remote.internal.inet.InetAddressFactory] Adding loopback multicast interface Intel(R) Ethernet Connection I217-LM-WFP LightWeight Filter-0000
11:54:06.301 [DEBUG] [org.gradle.internal.remote.internal.inet.InetAddressFactory] Adding IP addresses for network interface Intel(R) Centrino(R) Advanced-N 6235-VirtualBox NDIS Light-Weight Filter-0000
11:54:06.303 [DEBUG] [org.gradle.internal.remote.internal.inet.InetAddressFactory] Is this a loopback interface? false
11:54:06.304 [DEBUG] [org.gradle.internal.remote.internal.inet.InetAddressFactory] Is this a multicast interface? true
11:54:06.304 [DEBUG] [org.gradle.internal.remote.internal.inet.InetAddressFactory] Adding loopback multicast interface Intel(R) Centrino(R) Advanced-N 6235-VirtualBox NDIS Light-Weight Filter-0000
11:54:06.304 [DEBUG] [org.gradle.internal.remote.internal.inet.InetAddressFactory] Adding IP addresses for network interface Intel(R) Centrino(R) Advanced-N 6235-QoS Packet Scheduler-0000
11:54:06.306 [DEBUG] [org.gradle.internal.remote.internal.inet.InetAddressFactory] Is this a loopback interface? false
11:54:06.307 [DEBUG] [org.gradle.internal.remote.internal.inet.InetAddressFactory] Is this a multicast interface? true
11:54:06.307 [DEBUG] [org.gradle.internal.remote.internal.inet.InetAddressFactory] Adding loopback multicast interface Intel(R) Centrino(R) Advanced-N 6235-QoS Packet Scheduler-0000
11:54:06.307 [DEBUG] [org.gradle.internal.remote.internal.inet.InetAddressFactory] Adding IP addresses for network interface Intel(R) Centrino(R) Advanced-N 6235-Virtual WiFi Filter Driver-0000
11:54:06.309 [DEBUG] [org.gradle.internal.remote.internal.inet.InetAddressFactory] Is this a loopback interface? false
11:54:06.310 [DEBUG] [org.gradle.internal.remote.internal.inet.InetAddressFactory] Is this a multicast interface? true
11:54:06.310 [DEBUG] [org.gradle.internal.remote.internal.inet.InetAddressFactory] Adding loopback multicast interface Intel(R) Centrino(R) Advanced-N 6235-Virtual WiFi Filter Driver-0000
11:54:06.311 [DEBUG] [org.gradle.internal.remote.internal.inet.InetAddressFactory] Adding IP addresses for network interface WAN Miniport (IPv6)-QoS Packet Scheduler-0000
11:54:06.312 [DEBUG] [org.gradle.internal.remote.internal.inet.InetAddressFactory] Is this a loopback interface? false
11:54:06.313 [DEBUG] [org.gradle.internal.remote.internal.inet.InetAddressFactory] Is this a multicast interface? true
11:54:06.314 [DEBUG] [org.gradle.internal.remote.internal.inet.InetAddressFactory] Adding loopback multicast interface WAN Miniport (IPv6)-QoS Packet Scheduler-0000
11:54:06.314 [DEBUG] [org.gradle.internal.remote.internal.inet.InetAddressFactory] Adding IP addresses for network interface WAN Miniport (IP)-QoS Packet Scheduler-0000
11:54:06.315 [DEBUG] [org.gradle.internal.remote.internal.inet.InetAddressFactory] Is this a loopback interface? false
11:54:06.316 [DEBUG] [org.gradle.internal.remote.internal.inet.InetAddressFactory] Is this a multicast interface? true
11:54:06.317 [DEBUG] [org.gradle.internal.remote.internal.inet.InetAddressFactory] Adding loopback multicast interface WAN Miniport (IP)-QoS Packet Scheduler-0000
11:54:06.317 [DEBUG] [org.gradle.internal.remote.internal.inet.InetAddressFactory] Adding IP addresses for network interface WAN Miniport (Network Monitor)-QoS Packet Scheduler-0000
11:54:06.318 [DEBUG] [org.gradle.internal.remote.internal.inet.InetAddressFactory] Is this a loopback interface? false
11:54:06.320 [DEBUG] [org.gradle.internal.remote.internal.inet.InetAddressFactory] Is this a multicast interface? true
11:54:06.320 [DEBUG] [org.gradle.internal.remote.internal.inet.InetAddressFactory] Adding loopback multicast interface WAN Miniport (Network Monitor)-QoS Packet Scheduler-0000
11:54:06.320 [DEBUG] [org.gradle.internal.remote.internal.inet.InetAddressFactory] Adding IP addresses for network interface VirtualBox Host-Only Ethernet Adapter-VirtualBox NDIS Light-Weight Filter-0000
11:54:06.321 [DEBUG] [org.gradle.internal.remote.internal.inet.InetAddressFactory] Is this a loopback interface? false
11:54:06.323 [DEBUG] [org.gradle.internal.remote.internal.inet.InetAddressFactory] Is this a multicast interface? true
11:54:06.323 [DEBUG] [org.gradle.internal.remote.internal.inet.InetAddressFactory] Adding loopback multicast interface VirtualBox Host-Only Ethernet Adapter-VirtualBox NDIS Light-Weight Filter-0000
11:54:06.323 [DEBUG] [org.gradle.internal.remote.internal.inet.InetAddressFactory] Adding IP addresses for network interface VirtualBox Host-Only Ethernet Adapter-QoS Packet Scheduler-0000
11:54:06.324 [DEBUG] [org.gradle.internal.remote.internal.inet.InetAddressFactory] Is this a loopback interface? false
11:54:06.325 [DEBUG] [org.gradle.internal.remote.internal.inet.InetAddressFactory] Is this a multicast interface? true
11:54:06.326 [DEBUG] [org.gradle.internal.remote.internal.inet.InetAddressFactory] Adding loopback multicast interface VirtualBox Host-Only Ethernet Adapter-QoS Packet Scheduler-0000
11:54:06.326 [DEBUG] [org.gradle.internal.remote.internal.inet.InetAddressFactory] Adding IP addresses for network interface VirtualBox Host-Only Ethernet Adapter-WFP LightWeight Filter-0000
11:54:06.327 [DEBUG] [org.gradle.internal.remote.internal.inet.InetAddressFactory] Is this a loopback interface? false
11:54:06.328 [DEBUG] [org.gradle.internal.remote.internal.inet.InetAddressFactory] Is this a multicast interface? true
11:54:06.329 [DEBUG] [org.gradle.internal.remote.internal.inet.InetAddressFactory] Adding loopback multicast interface VirtualBox Host-Only Ethernet Adapter-WFP LightWeight Filter-0000
11:54:06.329 [DEBUG] [org.gradle.internal.remote.internal.inet.InetAddressFactory] Adding IP addresses for network interface VirtualBox Host-Only Ethernet Adapter #2-VirtualBox NDIS Light-Weight Filter-0000
11:54:06.330 [DEBUG] [org.gradle.internal.remote.internal.inet.InetAddressFactory] Is this a loopback interface? false
11:54:06.332 [DEBUG] [org.gradle.internal.remote.internal.inet.InetAddressFactory] Is this a multicast interface? true
11:54:06.332 [DEBUG] [org.gradle.internal.remote.internal.inet.InetAddressFactory] Adding loopback multicast interface VirtualBox Host-Only Ethernet Adapter #2-VirtualBox NDIS Light-Weight Filter-0000
11:54:06.332 [DEBUG] [org.gradle.internal.remote.internal.inet.InetAddressFactory] Adding IP addresses for network interface VirtualBox Host-Only Ethernet Adapter #2-QoS Packet Scheduler-0000
11:54:06.333 [DEBUG] [org.gradle.internal.remote.internal.inet.InetAddressFactory] Is this a loopback interface? false
11:54:06.334 [DEBUG] [org.gradle.internal.remote.internal.inet.InetAddressFactory] Is this a multicast interface? true
11:54:06.335 [DEBUG] [org.gradle.internal.remote.internal.inet.InetAddressFactory] Adding loopback multicast interface VirtualBox Host-Only Ethernet Adapter #2-QoS Packet Scheduler-0000
11:54:06.335 [DEBUG] [org.gradle.internal.remote.internal.inet.InetAddressFactory] Adding IP addresses for network interface VirtualBox Host-Only Ethernet Adapter #2-WFP LightWeight Filter-0000
11:54:06.336 [DEBUG] [org.gradle.internal.remote.internal.inet.InetAddressFactory] Is this a loopback interface? false
11:54:06.338 [DEBUG] [org.gradle.internal.remote.internal.inet.InetAddressFactory] Is this a multicast interface? true
11:54:06.338 [DEBUG] [org.gradle.internal.remote.internal.inet.InetAddressFactory] Adding loopback multicast interface VirtualBox Host-Only Ethernet Adapter #2-WFP LightWeight Filter-0000
11:54:06.338 [DEBUG] [org.gradle.internal.remote.internal.inet.InetAddressFactory] Adding IP addresses for network interface Intel(R) Centrino(R) Advanced-N 6235-Native WiFi Filter Driver-0000
11:54:06.339 [DEBUG] [org.gradle.internal.remote.internal.inet.InetAddressFactory] Is this a loopback interface? false
11:54:06.340 [DEBUG] [org.gradle.internal.remote.internal.inet.InetAddressFactory] Is this a multicast interface? true
11:54:06.341 [DEBUG] [org.gradle.internal.remote.internal.inet.InetAddressFactory] Adding loopback multicast interface Intel(R) Centrino(R) Advanced-N 6235-Native WiFi Filter Driver-0000
11:54:06.341 [DEBUG] [org.gradle.internal.remote.internal.inet.InetAddressFactory] Adding IP addresses for network interface Intel(R) Centrino(R) Advanced-N 6235-WFP LightWeight Filter-0000
11:54:06.342 [DEBUG] [org.gradle.internal.remote.internal.inet.InetAddressFactory] Is this a loopback interface? false
11:54:06.343 [DEBUG] [org.gradle.internal.remote.internal.inet.InetAddressFactory] Is this a multicast interface? true
11:54:06.344 [DEBUG] [org.gradle.internal.remote.internal.inet.InetAddressFactory] Adding loopback multicast interface Intel(R) Centrino(R) Advanced-N 6235-WFP LightWeight Filter-0000
11:54:06.344 [DEBUG] [org.gradle.internal.remote.internal.inet.InetAddressFactory] Adding IP addresses for network interface Microsoft Virtual WiFi Miniport Adapter-Native WiFi Filter Driver-0000
11:54:06.345 [DEBUG] [org.gradle.internal.remote.internal.inet.InetAddressFactory] Is this a loopback interface? false
11:54:06.346 [DEBUG] [org.gradle.internal.remote.internal.inet.InetAddressFactory] Is this a multicast interface? true
11:54:06.347 [DEBUG] [org.gradle.internal.remote.internal.inet.InetAddressFactory] Adding loopback multicast interface Microsoft Virtual WiFi Miniport Adapter-Native WiFi Filter Driver-0000
11:54:06.347 [DEBUG] [org.gradle.internal.remote.internal.inet.InetAddressFactory] Adding IP addresses for network interface Microsoft Virtual WiFi Miniport Adapter-VirtualBox NDIS Light-Weight Filter-0000
11:54:06.348 [DEBUG] [org.gradle.internal.remote.internal.inet.InetAddressFactory] Is this a loopback interface? false
11:54:06.349 [DEBUG] [org.gradle.internal.remote.internal.inet.InetAddressFactory] Is this a multicast interface? true
11:54:06.349 [DEBUG] [org.gradle.internal.remote.internal.inet.InetAddressFactory] Adding loopback multicast interface Microsoft Virtual WiFi Miniport Adapter-VirtualBox NDIS Light-Weight Filter-0000
11:54:06.349 [DEBUG] [org.gradle.internal.remote.internal.inet.InetAddressFactory] Adding IP addresses for network interface Microsoft Virtual WiFi Miniport Adapter-QoS Packet Scheduler-0000
11:54:06.351 [DEBUG] [org.gradle.internal.remote.internal.inet.InetAddressFactory] Is this a loopback interface? false
11:54:06.352 [DEBUG] [org.gradle.internal.remote.internal.inet.InetAddressFactory] Is this a multicast interface? true
11:54:06.352 [DEBUG] [org.gradle.internal.remote.internal.inet.InetAddressFactory] Adding loopback multicast interface Microsoft Virtual WiFi Miniport Adapter-QoS Packet Scheduler-0000
11:54:06.352 [DEBUG] [org.gradle.internal.remote.internal.inet.InetAddressFactory] Adding IP addresses for network interface Microsoft Virtual WiFi Miniport Adapter-WFP LightWeight Filter-0000
11:54:06.354 [DEBUG] [org.gradle.internal.remote.internal.inet.InetAddressFactory] Is this a loopback interface? false
11:54:06.355 [DEBUG] [org.gradle.internal.remote.internal.inet.InetAddressFactory] Is this a multicast interface? true
11:54:06.355 [DEBUG] [org.gradle.internal.remote.internal.inet.InetAddressFactory] Adding loopback multicast interface Microsoft Virtual WiFi Miniport Adapter-WFP LightWeight Filter-0000
11:54:06.355 [DEBUG] [org.gradle.internal.remote.internal.inet.InetAddressFactory] Adding IP addresses for network interface Microsoft Virtual WiFi Miniport Adapter #2-Native WiFi Filter Driver-0000
11:54:06.357 [DEBUG] [org.gradle.internal.remote.internal.inet.InetAddressFactory] Is this a loopback interface? false
11:54:06.358 [DEBUG] [org.gradle.internal.remote.internal.inet.InetAddressFactory] Is this a multicast interface? true
11:54:06.358 [DEBUG] [org.gradle.internal.remote.internal.inet.InetAddressFactory] Adding loopback multicast interface Microsoft Virtual WiFi Miniport Adapter #2-Native WiFi Filter Driver-0000
11:54:06.358 [DEBUG] [org.gradle.internal.remote.internal.inet.InetAddressFactory] Adding IP addresses for network interface Microsoft Virtual WiFi Miniport Adapter #2-VirtualBox NDIS Light-Weight Filter-0000
11:54:06.360 [DEBUG] [org.gradle.internal.remote.internal.inet.InetAddressFactory] Is this a loopback interface? false
11:54:06.361 [DEBUG] [org.gradle.internal.remote.internal.inet.InetAddressFactory] Is this a multicast interface? true
11:54:06.361 [DEBUG] [org.gradle.internal.remote.internal.inet.InetAddressFactory] Adding loopback multicast interface Microsoft Virtual WiFi Miniport Adapter #2-VirtualBox NDIS Light-Weight Filter-0000
11:54:06.361 [DEBUG] [org.gradle.internal.remote.internal.inet.InetAddressFactory] Adding IP addresses for network interface Microsoft Virtual WiFi Miniport Adapter #2-QoS Packet Scheduler-0000
11:54:06.363 [DEBUG] [org.gradle.internal.remote.internal.inet.InetAddressFactory] Is this a loopback interface? false
11:54:06.364 [DEBUG] [org.gradle.internal.remote.internal.inet.InetAddressFactory] Is this a multicast interface? true
11:54:06.364 [DEBUG] [org.gradle.internal.remote.internal.inet.InetAddressFactory] Adding loopback multicast interface Microsoft Virtual WiFi Miniport Adapter #2-QoS Packet Scheduler-0000
11:54:06.364 [DEBUG] [org.gradle.internal.remote.internal.inet.InetAddressFactory] Adding IP addresses for network interface Microsoft Virtual WiFi Miniport Adapter #2-WFP LightWeight Filter-0000
11:54:06.365 [DEBUG] [org.gradle.internal.remote.internal.inet.InetAddressFactory] Is this a loopback interface? false
11:54:06.367 [DEBUG] [org.gradle.internal.remote.internal.inet.InetAddressFactory] Is this a multicast interface? true
11:54:06.367 [DEBUG] [org.gradle.internal.remote.internal.inet.InetAddressFactory] Adding loopback multicast interface Microsoft Virtual WiFi Miniport Adapter #2-WFP LightWeight Filter-0000
11:54:06.369 [DEBUG] [org.gradle.internal.remote.internal.inet.TcpIncomingConnector] Listening on [c31373d0-7fd7-4e0d-b437-31f3bfa70c3f port:56596, addresses:[/127.0.0.1, /0:0:0:0:0:0:0:1]].
11:54:06.387 [DEBUG] [org.gradle.launcher.daemon.server.Daemon] Daemon starting at: Fri Oct 21 11:54:06 CAT 2016, with address: [c31373d0-7fd7-4e0d-b437-31f3bfa70c3f port:56596, addresses:[/127.0.0.1, /0:0:0:0:0:0:0:1]]
11:54:06.388 [INFO] [org.gradle.launcher.daemon.server.DomainRegistryUpdater] Advertising the daemon address to the clients: [c31373d0-7fd7-4e0d-b437-31f3bfa70c3f port:56596, addresses:[/127.0.0.1, /0:0:0:0:0:0:0:1]]
11:54:06.388 [DEBUG] [org.gradle.launcher.daemon.server.DomainRegistryUpdater] Advertised daemon context: DefaultDaemonContext[uid=802cc2ca-5542-44b7-90e5-02c258fe1ac0,javaHome=C:\Program Files\Java\jdk1.8.0_101,daemonRegistryDir=C:\Users\TIH\.gradle\daemon,pid=6108,idleTimeout=10800000,daemonOpts=-Xmx1536m,-Dfile.encoding=windows-1252,-Duser.country=US,-Duser.language=en,-Duser.variant]
11:54:06.388 [DEBUG] [org.gradle.launcher.daemon.registry.PersistentDaemonRegistry] Storing daemon address: [c31373d0-7fd7-4e0d-b437-31f3bfa70c3f port:56596, addresses:[/127.0.0.1, /0:0:0:0:0:0:0:1]], context: DefaultDaemonContext[uid=802cc2ca-5542-44b7-90e5-02c258fe1ac0,javaHome=C:\Program Files\Java\jdk1.8.0_101,daemonRegistryDir=C:\Users\TIH\.gradle\daemon,pid=6108,idleTimeout=10800000,daemonOpts=-Xmx1536m,-Dfile.encoding=windows-1252,-Duser.country=US,-Duser.language=en,-Duser.variant]
11:54:06.396 [DEBUG] [org.gradle.cache.internal.DefaultFileLockManager] Waiting to acquire exclusive lock on daemon addresses registry.
11:54:06.396 [DEBUG] [org.gradle.cache.internal.DefaultFileLockManager] Lock acquired.
11:54:06.460 [DEBUG] [org.gradle.cache.internal.DefaultFileLockManager] Releasing lock on daemon addresses registry.
11:54:06.460 [LIFECYCLE] [org.gradle.launcher.daemon.server.Daemon] Daemon server started.
11:54:06.462 [DEBUG] [org.gradle.launcher.daemon.bootstrap.DaemonStartupCommunication] Completed writing the daemon greeting. Closing streams...
11:54:06.478 [DEBUG] [org.gradle.launcher.daemon.server.Daemon] stopOnExpiration() called on daemon
11:54:06.478 [DEBUG] [org.gradle.launcher.daemon.server.Daemon] awaitExpiration() called on daemon
11:54:06.479 [DEBUG] [org.gradle.launcher.daemon.server.DaemonStateCoordinator] daemon is running. Sleeping until state changes.
11:54:06.510 [DEBUG] [org.gradle.internal.remote.internal.inet.TcpIncomingConnector] Accepted connection from /127.0.0.1:56597 to /127.0.0.1:56596.
11:54:06.606 [DEBUG] [org.gradle.launcher.daemon.server.SynchronizedDispatchConnection] thread 17: received class org.gradle.launcher.daemon.protocol.Build
11:54:06.606 [DEBUG] [org.gradle.launcher.daemon.server.DefaultDaemonConnection] thread 17: Received non-IO message from client: Build{id=2df82e4b-ddc3-4d1e-94c1-a4bda43b05b9.1, currentDir=C:\Users\TIH\AndroidStudioProjects\StudentReport2}
11:54:06.606 [INFO] [org.gradle.launcher.daemon.server.DefaultIncomingConnectionHandler] Received command: Build{id=2df82e4b-ddc3-4d1e-94c1-a4bda43b05b9.1, currentDir=C:\Users\TIH\AndroidStudioProjects\StudentReport2}.
11:54:06.606 [DEBUG] [org.gradle.launcher.daemon.server.DefaultIncomingConnectionHandler] Starting executing command: Build{id=2df82e4b-ddc3-4d1e-94c1-a4bda43b05b9.1, currentDir=C:\Users\TIH\AndroidStudioProjects\StudentReport2} with connection: socket connection from /127.0.0.1:56596 to /127.0.0.1:56597.
11:54:06.612 [DEBUG] [org.gradle.launcher.daemon.server.DaemonStateCoordinator] Command execution: started DaemonCommandExecution[command = Build{id=2df82e4b-ddc3-4d1e-94c1-a4bda43b05b9.1, currentDir=C:\Users\TIH\AndroidStudioProjects\StudentReport2}, connection = org.gradle.launcher.daemon.server.DefaultDaemonConnection@dc84b7d] after 0.0 minutes of idle
11:54:06.612 [INFO] [org.gradle.launcher.daemon.server.DomainRegistryUpdater] Marking the daemon as busy, address: [c31373d0-7fd7-4e0d-b437-31f3bfa70c3f port:56596, addresses:[/127.0.0.1, /0:0:0:0:0:0:0:1]]
11:54:06.612 [DEBUG] [org.gradle.launcher.daemon.registry.PersistentDaemonRegistry] Marking busy by address: [c31373d0-7fd7-4e0d-b437-31f3bfa70c3f port:56596, addresses:[/127.0.0.1, /0:0:0:0:0:0:0:1]]
11:54:06.613 [DEBUG] [org.gradle.cache.internal.DefaultFileLockManager] Waiting to acquire exclusive lock on daemon addresses registry.
11:54:06.614 [DEBUG] [org.gradle.cache.internal.DefaultFileLockManager] Lock acquired.
11:54:06.617 [DEBUG] [org.gradle.cache.internal.DefaultFileLockManager] Releasing lock on daemon addresses registry.
11:54:06.617 [DEBUG] [org.gradle.launcher.daemon.server.DaemonStateCoordinator] updating lastActivityAt to 1477043646617
11:54:06.617 [DEBUG] [org.gradle.launcher.daemon.server.DaemonStateCoordinator] daemon is running. Sleeping until state changes.
11:54:06.618 [INFO] [org.gradle.launcher.daemon.server.exec.StartBuildOrRespondWithBusy] Daemon is about to start building Build{id=2df82e4b-ddc3-4d1e-94c1-a4bda43b05b9.1, currentDir=C:\Users\TIH\AndroidStudioProjects\StudentReport2}. Dispatching build started information...
11:54:06.618 [DEBUG] [org.gradle.launcher.daemon.server.SynchronizedDispatchConnection] thread 19: dispatching class org.gradle.launcher.daemon.protocol.BuildStarted
11:54:06.620 [DEBUG] [org.gradle.launcher.daemon.server.SynchronizedDispatchConnection] thread 17: received class org.gradle.launcher.daemon.protocol.CloseInput
11:54:06.620 [DEBUG] [org.gradle.launcher.daemon.server.DefaultDaemonConnection] thread 17: Received IO message from client: org.gradle.launcher.daemon.protocol.CloseInput@5a553a14
11:54:06.637 [DEBUG] [org.gradle.launcher.daemon.server.exec.EstablishBuildEnvironment] Configuring env variables: {configsetroot=C:\Windows\ConfigSetRoot, PROCESSOR_LEVEL=6, FP_NO_HOST_CHECK=NO, SESSIONNAME=Console, ALLUSERSPROFILE=C:\ProgramData, TVTCOMMON=C:\Program Files (x86)\Common Files\Lenovo, PROCESSOR_ARCHITECTURE=AMD64, PSModulePath=C:\Windows\system32\WindowsPowerShell\v1.0\Modules\, SystemDrive=C:, COMMPath=C:\Program Files\Lenovo\Communications Utility, TVT=C:\Program Files (x86)\Lenovo, SWSHARE=C:\SWSHARE, USERNAME=TIH, ProgramFiles(x86)=C:\Program Files (x86), PATHEXT=.COM;.EXE;.BAT;.CMD;.VBS;.VBE;.JS;.JSE;.WSF;.WSH;.MSC, UOIPME_REG_PATH=C:\Program Files\Intel Corporation\USB over IP, ProgramData=C:\ProgramData, ProgramW6432=C:\Program Files, HOMEPATH=\Users\TIH, PROCESSOR_IDENTIFIER=Intel64 Family 6 Model 60 Stepping 3, GenuineIntel, ALCKPath=C:\Program Files\Lenovo\AutoLock, ProgramFiles=C:\Program Files, PUBLIC=C:\Users\Public, windir=C:\Windows, =::=::\, PowerMgrPath=C:\Program Files (x86)\Lenovo\PowerMgr, LOCALAPPDATA=C:\Users\TIH\AppData\Local, USERDOMAIN=TIH-PC, LOGONSERVER=\\TIH-PC, APPDATA=C:\Users\TIH\AppData\Roaming, READYAPPS=C:\SWTOOLS\ReadyApps, windows_tracing_logfile=C:\BVTBin\Tests\installpackage\csilogfile.log, VBOX_MSI_INSTALL_PATH=C:\Program Files\Oracle\VirtualBox\, CommonProgramFiles=C:\Program Files\Common Files, Path=C:\ProgramData\Oracle\Java\javapath;C:\Program Files (x86)\Intel\iCLS Client\;C:\Program Files\Intel\iCLS Client\;C:\Windows\system32;C:\Windows;C:\Windows\System32\Wbem;C:\Windows\System32\WindowsPowerShell\v1.0\;C:\Program Files\Intel\Intel(R) Management Engine Components\DAL;C:\Program Files\Intel\Intel(R) Management Engine Components\IPT;C:\Program Files (x86)\Intel\Intel(R) Management Engine Components\DAL;C:\Program Files (x86)\Intel\Intel(R) Management Engine Components\IPT;C:\Program Files\Intel\WiFi\bin\;C:\Program Files\Common Files\Intel\WirelessCommon\;C:\SWTOOLS\ReadyApps;C:\Program Files (x86)\Common Files\Lenovo;C:\Program Files (x86)\Common Files\lenovo\easyplussdk\bin;C:\Program Files\Git\cmd, OS=Windows_NT, windows_tracing_flags=3, COMPUTERNAME=TIH-PC, PROCESSOR_REVISION=3c03, CommonProgramW6432=C:\Program Files\Common Files, ComSpec=C:\Windows\system32\cmd.exe, SystemRoot=C:\Windows, TEMP=C:\Users\TIH\AppData\Local\Temp, HOMEDRIVE=C:, USERPROFILE=C:\Users\TIH, TMP=C:\Users\TIH\AppData\Local\Temp, easyplussdk="C:\Program Files (x86)\Common Files\lenovo\easyplussdk\bin", CommonProgramFiles(x86)=C:\Program Files (x86)\Common Files, NUMBER_OF_PROCESSORS=8}
11:54:06.643 [DEBUG] [org.gradle.launcher.daemon.server.exec.LogToClient] About to start relaying all logs to the client via the connection.
11:54:06.643 [INFO] [org.gradle.launcher.daemon.server.exec.LogToClient] The client will now receive all logging from the daemon (pid: 6108). The daemon log file: C:\Users\TIH\.gradle\daemon\2.14.1\daemon-6108.out.log
11:54:06.645 [INFO] [org.gradle.launcher.daemon.server.health.DaemonHealthTracker] Starting build in new daemon [memory: 1.4 GB]
11:54:06.645 [INFO] [org.gradle.launcher.daemon.server.exec.ForwardClientInput] Closing daemon's stdin at end of input.
11:54:06.645 [INFO] [org.gradle.launcher.daemon.server.exec.ForwardClientInput] The daemon will no longer process any standard input.
11:54:06.647 [DEBUG] [org.gradle.launcher.daemon.server.exec.ExecuteBuild] The daemon has started executing the build.
11:54:06.647 [INFO] [org.gradle.launcher.daemon.server.exec.ExecuteBuild] Executing build with daemon context: DefaultDaemonContext[uid=802cc2ca-5542-44b7-90e5-02c258fe1ac0,javaHome=C:\Program Files\Java\jdk1.8.0_101,daemonRegistryDir=C:\Users\TIH\.gradle\daemon,pid=6108,idleTimeout=10800000,daemonOpts=-Xmx1536m,-Dfile.encoding=windows-1252,-Duser.country=US,-Duser.language=en,-Duser.variant]
Configuration on demand is an incubating feature.
Incremental java compilation is an incubating feature.
:app:preBuild UP-TO-DATE
:app:preDebugBuild UP-TO-DATE
:app:checkDebugManifest
:app:preReleaseBuild UP-TO-DATE
:app:prepareComAndroidSupportAnimatedVectorDrawable2411Library UP-TO-DATE
:app:prepareComAndroidSupportAppcompatV72411Library UP-TO-DATE
:app:prepareComAndroidSupportSupportV42411Library UP-TO-DATE
:app:prepareComAndroidSupportSupportVectorDrawable2411Library UP-TO-DATE
:app:prepareComGoogleAndroidGmsPlayServicesAppindexing840Library UP-TO-DATE
:app:prepareComGoogleAndroidGmsPlayServicesBase840Library UP-TO-DATE
:app:prepareComGoogleAndroidGmsPlayServicesBasement840Library UP-TO-DATE
:app:prepareDebugDependencies
:app:compileDebugAidl UP-TO-DATE
:app:compileDebugRenderscript UP-TO-DATE
:app:generateDebugBuildConfig UP-TO-DATE
:app:generateDebugResValues UP-TO-DATE
:app:generateDebugResources UP-TO-DATE
:app:mergeDebugResources
:app:processDebugManifest UP-TO-DATE
:app:processDebugResources
:app:generateDebugSources
:app:incrementalDebugJavaCompilationSafeguard
:app:compileDebugJavaWithJavac
:app:compileDebugJavaWithJavac - is not incremental (e.g. outputs have changed, no previous execution, etc.).
C:\Users\TIH\AndroidStudioProjects\StudentReport2\app\src\main\java\com\example\tih\studentreport\studentView.java:43: error: method UpdateData in class DataBaseHandler cannot be applied to given types;
                boolean isUpdate = myDB.UpdateData();
                                       ^
  required: String,String,String,String,String,String,String,String
  found: no arguments
  reason: actual and formal argument lists differ in length
Note: Some input files use or override a deprecated API.
Note: Recompile with -Xlint:deprecation for details.
1 error
:app:compileDebugJavaWithJavac FAILED

FAILURE: Build failed with an exception.

* What went wrong:
Execution failed for task ':app:compileDebugJavaWithJavac'.
> Compilation failed; see the compiler error output for details.

* Try:
Run with --stacktrace option to get the stack trace. Run with --info or --debug option to get more log output.

BUILD FAILED

Total time: 34.668 secs
11:54:38.114 [DEBUG] [org.gradle.cache.internal.btree.BTreePersistentIndexedCache] Closing cache fileHashes.bin (C:\Users\TIH\AndroidStudioProjects\StudentReport2\.gradle\2.14.1\taskArtifacts\fileHashes.bin)
11:54:38.116 [DEBUG] [org.gradle.cache.internal.btree.BTreePersistentIndexedCache] Closing cache fileSnapshots.bin (C:\Users\TIH\AndroidStudioProjects\StudentReport2\.gradle\2.14.1\taskArtifacts\fileSnapshots.bin)
11:54:38.117 [DEBUG] [org.gradle.cache.internal.btree.BTreePersistentIndexedCache] Closing cache taskArtifacts.bin (C:\Users\TIH\AndroidStudioProjects\StudentReport2\.gradle\2.14.1\taskArtifacts\taskArtifacts.bin)
11:54:38.117 [DEBUG] [org.gradle.cache.internal.btree.BTreePersistentIndexedCache] Closing cache fileSnapshotsToTreeSnapshotsIndex.bin (C:\Users\TIH\AndroidStudioProjects\StudentReport2\.gradle\2.14.1\taskArtifacts\fileSnapshotsToTreeSnapshotsIndex.bin)
11:54:38.118 [DEBUG] [org.gradle.cache.internal.DefaultFileLockManager] Releasing lock on task history cache (C:\Users\TIH\AndroidStudioProjects\StudentReport2\.gradle\2.14.1\taskArtifacts).
11:54:38.119 [DEBUG] [org.gradle.cache.internal.DefaultCacheAccess] Cache class analysis cache (C:\Users\TIH\.gradle\caches\2.14.1\classAnalysis) was closed 0 times.
11:54:38.120 [DEBUG] [org.gradle.cache.internal.DefaultCacheAccess] Cache jar snapshots cache (C:\Users\TIH\.gradle\caches\2.14.1\jarSnapshots) was closed 0 times.
11:54:38.121 [DEBUG] [org.gradle.api.internal.artifacts.ivyservice.resolveengine.store.CachedStoreFactory] Resolution result cache closed. Cache reads: 0, disk reads: 0 (avg: 0.0 secs, total: 0.0 secs)
11:54:38.123 [DEBUG] [org.gradle.api.internal.artifacts.ivyservice.resolveengine.store.CachedStoreFactory] Resolution result cache closed. Cache reads: 0, disk reads: 10 (avg: 0.001 secs, total: 0.01 secs)
11:54:38.123 [DEBUG] [org.gradle.api.internal.artifacts.ivyservice.resolveengine.store.ResolutionResultsStoreFactory] Deleted 2 resolution results binary files in 0.003 secs
11:54:38.123 [DEBUG] [org.gradle.api.internal.artifacts.ivyservice.ivyresolve.memcache.InMemoryCachedRepositoryFactory] In-memory dependency metadata cache closed. Repos cached: 52, cache instances: 5, modules served from cache: 188, artifacts: 75
11:54:38.123 [DEBUG] [org.gradle.cache.internal.DefaultCacheAccess] Cache Generated Gradle JARs cache (C:\Users\TIH\.gradle\caches\2.14.1\generated-gradle-jars) was closed 0 times.
11:54:38.124 [DEBUG] [org.gradle.cache.internal.btree.BTreePersistentIndexedCache] Closing cache module-metadata.bin (C:\Users\TIH\.gradle\caches\modules-2\metadata-2.16\module-metadata.bin)
11:54:38.125 [DEBUG] [org.gradle.cache.internal.btree.BTreePersistentIndexedCache] Closing cache artifact-at-repository.bin (C:\Users\TIH\.gradle\caches\modules-2\metadata-2.16\artifact-at-repository.bin)
11:54:38.125 [DEBUG] [org.gradle.cache.internal.DefaultFileLockManager] Releasing lock on artifact cache (C:\Users\TIH\.gradle\caches\modules-2).
11:54:38.126 [DEBUG] [org.gradle.cache.internal.DefaultCacheAccess] Cache Plugin Resolution Cache (C:\Users\TIH\.gradle\caches\2.14.1\plugin-resolution) was closed 0 times.
11:54:38.127 [DEBUG] [org.gradle.api.internal.tasks.compile.daemon.CompilerDaemonManager] Stopping 0 compiler daemon(s).
11:54:38.127 [INFO] [org.gradle.api.internal.tasks.compile.daemon.CompilerDaemonManager] Stopped 0 compiler daemon(s).
11:54:38.128 [DEBUG] [org.gradle.launcher.daemon.server.exec.ExecuteBuild] The daemon has finished executing the build.
11:54:38.177 [DEBUG] [org.gradle.launcher.daemon.server.health.DaemonStatus] GC rate: 0.0/s
11:54:38.407 [DEBUG] [org.gradle.launcher.daemon.server.DaemonStateCoordinator] daemon is running. Sleeping until state changes.
11:54:38.407 [DEBUG] [org.gradle.launcher.daemon.server.DaemonStateCoordinator] Command execution: finished waiting for DaemonCommandExecution[command = Build{id=2df82e4b-ddc3-4d1e-94c1-a4bda43b05b9.1, currentDir=C:\Users\TIH\AndroidStudioProjects\StudentReport2}, connection = org.gradle.launcher.daemon.server.DefaultDaemonConnection@dc84b7d]. Result org.gradle.launcher.daemon.server.DaemonStateCoordinator@55ba53e3 with state Running
11:54:38.407 [DEBUG] [org.gradle.launcher.daemon.server.DaemonStateCoordinator] Command execution: completed DaemonCommandExecution[command = Build{id=2df82e4b-ddc3-4d1e-94c1-a4bda43b05b9.1, currentDir=C:\Users\TIH\AndroidStudioProjects\StudentReport2}, connection = org.gradle.launcher.daemon.server.DefaultDaemonConnection@dc84b7d]
11:54:38.407 [DEBUG] [org.gradle.launcher.daemon.server.DaemonStateCoordinator] updating lastActivityAt to 1477043678407
11:54:38.407 [INFO] [org.gradle.launcher.daemon.server.DomainRegistryUpdater] Marking the daemon as idle, address: [c31373d0-7fd7-4e0d-b437-31f3bfa70c3f port:56596, addresses:[/127.0.0.1, /0:0:0:0:0:0:0:1]]
11:54:38.408 [DEBUG] [org.gradle.launcher.daemon.registry.PersistentDaemonRegistry] Marking idle by address: [c31373d0-7fd7-4e0d-b437-31f3bfa70c3f port:56596, addresses:[/127.0.0.1, /0:0:0:0:0:0:0:1]]
11:54:38.409 [DEBUG] [org.gradle.cache.internal.DefaultFileLockManager] Waiting to acquire exclusive lock on daemon addresses registry.
11:54:38.409 [DEBUG] [org.gradle.cache.internal.DefaultFileLockManager] Lock acquired.
11:54:38.412 [DEBUG] [org.gradle.cache.internal.DefaultFileLockManager] Releasing lock on daemon addresses registry.
11:54:38.412 [DEBUG] [org.gradle.launcher.daemon.server.DaemonStateCoordinator] daemon is running. Sleeping until state changes.
11:54:38.412 [DEBUG] [org.gradle.launcher.daemon.server.exec.ReturnResult] Daemon is dispatching the build result: Failure[value=org.gradle.initialization.ReportedException: org.gradle.internal.exceptions.LocationAwareException: Execution failed for task ':app:compileDebugJavaWithJavac'.]
11:54:38.412 [DEBUG] [org.gradle.launcher.daemon.server.SynchronizedDispatchConnection] thread 16: dispatching class org.gradle.launcher.daemon.protocol.Failure
11:54:38.421 [DEBUG] [org.gradle.launcher.daemon.server.DefaultIncomingConnectionHandler] Finishing executing command: Build{id=2df82e4b-ddc3-4d1e-94c1-a4bda43b05b9.1, currentDir=C:\Users\TIH\AndroidStudioProjects\StudentReport2}
11:54:38.921 [DEBUG] [org.gradle.launcher.daemon.server.SynchronizedDispatchConnection] thread 17: received class org.gradle.launcher.daemon.protocol.Finished
11:54:38.921 [DEBUG] [org.gradle.launcher.daemon.server.DefaultDaemonConnection] thread 17: Received non-IO message from client: org.gradle.launcher.daemon.protocol.Finished@40352ba9
11:54:38.921 [DEBUG] [org.gradle.launcher.daemon.server.DefaultIncomingConnectionHandler] Received finished message: org.gradle.launcher.daemon.protocol.Finished@40352ba9
11:54:38.921 [DEBUG] [org.gradle.launcher.daemon.server.SynchronizedDispatchConnection] thread 16: stopping connection
11:54:38.923 [DEBUG] [org.gradle.internal.remote.internal.inet.SocketConnection] Discarding EOFException: java.io.EOFException
11:54:38.923 [DEBUG] [org.gradle.launcher.daemon.server.SynchronizedDispatchConnection] thread 17: received null
11:54:38.923 [DEBUG] [org.gradle.launcher.daemon.server.DefaultDaemonConnection] thread 17: Received end-of-input from client.
11:54:38.923 [DEBUG] [org.gradle.launcher.daemon.server.SynchronizedDispatchConnection] thread 16: stopping connection
11:55:06.214 [DEBUG] [org.gradle.internal.remote.internal.inet.TcpIncomingConnector] Accepted connection from /127.0.0.1:56670 to /127.0.0.1:56596.
11:55:06.217 [DEBUG] [org.gradle.launcher.daemon.server.SynchronizedDispatchConnection] thread 31: received class org.gradle.launcher.daemon.protocol.Build
11:55:06.218 [DEBUG] [org.gradle.launcher.daemon.server.DefaultDaemonConnection] thread 31: Received non-IO message from client: Build{id=8617c96f-01ae-4624-ad2a-887d100650b7.1, currentDir=C:\Users\TIH\AndroidStudioProjects\StudentReport2}
11:55:06.218 [INFO] [org.gradle.launcher.daemon.server.DefaultIncomingConnectionHandler] Received command: Build{id=8617c96f-01ae-4624-ad2a-887d100650b7.1, currentDir=C:\Users\TIH\AndroidStudioProjects\StudentReport2}.
11:55:06.218 [DEBUG] [org.gradle.launcher.daemon.server.DefaultIncomingConnectionHandler] Starting executing command: Build{id=8617c96f-01ae-4624-ad2a-887d100650b7.1, currentDir=C:\Users\TIH\AndroidStudioProjects\StudentReport2} with connection: socket connection from /127.0.0.1:56596 to /127.0.0.1:56670.
11:55:06.218 [DEBUG] [org.gradle.launcher.daemon.server.DaemonStateCoordinator] Command execution: started DaemonCommandExecution[command = Build{id=8617c96f-01ae-4624-ad2a-887d100650b7.1, currentDir=C:\Users\TIH\AndroidStudioProjects\StudentReport2}, connection = org.gradle.launcher.daemon.server.DefaultDaemonConnection@4e166d2c] after 0.0 minutes of idle
11:55:06.219 [INFO] [org.gradle.launcher.daemon.server.DomainRegistryUpdater] Marking the daemon as busy, address: [c31373d0-7fd7-4e0d-b437-31f3bfa70c3f port:56596, addresses:[/127.0.0.1, /0:0:0:0:0:0:0:1]]
11:55:06.219 [DEBUG] [org.gradle.launcher.daemon.registry.PersistentDaemonRegistry] Marking busy by address: [c31373d0-7fd7-4e0d-b437-31f3bfa70c3f port:56596, addresses:[/127.0.0.1, /0:0:0:0:0:0:0:1]]
11:55:06.219 [DEBUG] [org.gradle.cache.internal.DefaultFileLockManager] Waiting to acquire exclusive lock on daemon addresses registry.
11:55:06.219 [DEBUG] [org.gradle.cache.internal.DefaultFileLockManager] Lock acquired.
11:55:06.222 [DEBUG] [org.gradle.cache.internal.DefaultFileLockManager] Releasing lock on daemon addresses registry.
11:55:06.222 [DEBUG] [org.gradle.launcher.daemon.server.DaemonStateCoordinator] updating lastActivityAt to 1477043706222
11:55:06.223 [DEBUG] [org.gradle.launcher.daemon.server.DaemonStateCoordinator] daemon is running. Sleeping until state changes.
11:55:06.223 [INFO] [org.gradle.launcher.daemon.server.exec.StartBuildOrRespondWithBusy] Daemon is about to start building Build{id=8617c96f-01ae-4624-ad2a-887d100650b7.1, currentDir=C:\Users\TIH\AndroidStudioProjects\StudentReport2}. Dispatching build started information...
11:55:06.223 [DEBUG] [org.gradle.launcher.daemon.server.SynchronizedDispatchConnection] thread 19: dispatching class org.gradle.launcher.daemon.protocol.BuildStarted
11:55:06.224 [DEBUG] [org.gradle.launcher.daemon.server.exec.EstablishBuildEnvironment] Configuring env variables: {configsetroot=C:\Windows\ConfigSetRoot, PROCESSOR_LEVEL=6, FP_NO_HOST_CHECK=NO, SESSIONNAME=Console, ALLUSERSPROFILE=C:\ProgramData, TVTCOMMON=C:\Program Files (x86)\Common Files\Lenovo, PROCESSOR_ARCHITECTURE=AMD64, PSModulePath=C:\Windows\system32\WindowsPowerShell\v1.0\Modules\, SystemDrive=C:, COMMPath=C:\Program Files\Lenovo\Communications Utility, TVT=C:\Program Files (x86)\Lenovo, SWSHARE=C:\SWSHARE, USERNAME=TIH, ProgramFiles(x86)=C:\Program Files (x86), PATHEXT=.COM;.EXE;.BAT;.CMD;.VBS;.VBE;.JS;.JSE;.WSF;.WSH;.MSC, UOIPME_REG_PATH=C:\Program Files\Intel Corporation\USB over IP, ProgramData=C:\ProgramData, ProgramW6432=C:\Program Files, HOMEPATH=\Users\TIH, PROCESSOR_IDENTIFIER=Intel64 Family 6 Model 60 Stepping 3, GenuineIntel, ALCKPath=C:\Program Files\Lenovo\AutoLock, ProgramFiles=C:\Program Files, PUBLIC=C:\Users\Public, windir=C:\Windows, =::=::\, PowerMgrPath=C:\Program Files (x86)\Lenovo\PowerMgr, LOCALAPPDATA=C:\Users\TIH\AppData\Local, USERDOMAIN=TIH-PC, LOGONSERVER=\\TIH-PC, APPDATA=C:\Users\TIH\AppData\Roaming, READYAPPS=C:\SWTOOLS\ReadyApps, windows_tracing_logfile=C:\BVTBin\Tests\installpackage\csilogfile.log, VBOX_MSI_INSTALL_PATH=C:\Program Files\Oracle\VirtualBox\, CommonProgramFiles=C:\Program Files\Common Files, Path=C:\ProgramData\Oracle\Java\javapath;C:\Program Files (x86)\Intel\iCLS Client\;C:\Program Files\Intel\iCLS Client\;C:\Windows\system32;C:\Windows;C:\Windows\System32\Wbem;C:\Windows\System32\WindowsPowerShell\v1.0\;C:\Program Files\Intel\Intel(R) Management Engine Components\DAL;C:\Program Files\Intel\Intel(R) Management Engine Components\IPT;C:\Program Files (x86)\Intel\Intel(R) Management Engine Components\DAL;C:\Program Files (x86)\Intel\Intel(R) Management Engine Components\IPT;C:\Program Files\Intel\WiFi\bin\;C:\Program Files\Common Files\Intel\WirelessCommon\;C:\SWTOOLS\ReadyApps;C:\Program Files (x86)\Common Files\Lenovo;C:\Program Files (x86)\Common Files\lenovo\easyplussdk\bin;C:\Program Files\Git\cmd, OS=Windows_NT, windows_tracing_flags=3, COMPUTERNAME=TIH-PC, PROCESSOR_REVISION=3c03, CommonProgramW6432=C:\Program Files\Common Files, ComSpec=C:\Windows\system32\cmd.exe, SystemRoot=C:\Windows, TEMP=C:\Users\TIH\AppData\Local\Temp, HOMEDRIVE=C:, USERPROFILE=C:\Users\TIH, TMP=C:\Users\TIH\AppData\Local\Temp, easyplussdk="C:\Program Files (x86)\Common Files\lenovo\easyplussdk\bin", CommonProgramFiles(x86)=C:\Program Files (x86)\Common Files, NUMBER_OF_PROCESSORS=8}
11:55:06.224 [DEBUG] [org.gradle.launcher.daemon.server.exec.LogToClient] About to start relaying all logs to the client via the connection.
11:55:06.225 [INFO] [org.gradle.launcher.daemon.server.exec.LogToClient] The client will now receive all logging from the daemon (pid: 6108). The daemon log file: C:\Users\TIH\.gradle\daemon\2.14.1\daemon-6108.out.log
11:55:06.225 [INFO] [org.gradle.launcher.daemon.server.health.DaemonHealthTracker] Starting 2nd build in daemon [uptime: 1 mins 0.232 secs, performance: 100%, no major garbage collections]
11:55:06.225 [DEBUG] [org.gradle.launcher.daemon.server.exec.ExecuteBuild] The daemon has started executing the build.
11:55:06.225 [INFO] [org.gradle.launcher.daemon.server.exec.ExecuteBuild] Executing build with daemon context: DefaultDaemonContext[uid=802cc2ca-5542-44b7-90e5-02c258fe1ac0,javaHome=C:\Program Files\Java\jdk1.8.0_101,daemonRegistryDir=C:\Users\TIH\.gradle\daemon,pid=6108,idleTimeout=10800000,daemonOpts=-Xmx1536m,-Dfile.encoding=windows-1252,-Duser.country=US,-Duser.language=en,-Duser.variant]
Configuration on demand is an incubating feature.
Incremental java compilation is an incubating feature.
:app:preBuild UP-TO-DATE
:app:preDebugBuild UP-TO-DATE
:app:checkDebugManifest
:app:preReleaseBuild UP-TO-DATE
:app:prepareComAndroidSupportAnimatedVectorDrawable2411Library UP-TO-DATE
:app:prepareComAndroidSupportAppcompatV72411Library UP-TO-DATE
:app:prepareComAndroidSupportSupportV42411Library UP-TO-DATE
:app:prepareComAndroidSupportSupportVectorDrawable2411Library UP-TO-DATE
:app:prepareComGoogleAndroidGmsPlayServicesAppindexing840Library UP-TO-DATE
:app:prepareComGoogleAndroidGmsPlayServicesBase840Library UP-TO-DATE
:app:prepareComGoogleAndroidGmsPlayServicesBasement840Library UP-TO-DATE
:app:prepareDebugDependencies
:app:compileDebugAidl UP-TO-DATE
:app:compileDebugRenderscript UP-TO-DATE
:app:generateDebugBuildConfig UP-TO-DATE
:app:generateDebugResValues UP-TO-DATE
:app:generateDebugResources UP-TO-DATE
:app:mergeDebugResources UP-TO-DATE
:app:processDebugManifest UP-TO-DATE
:app:processDebugResources UP-TO-DATE
:app:generateDebugSources UP-TO-DATE
:app:incrementalDebugJavaCompilationSafeguard UP-TO-DATE
:app:compileDebugJavaWithJavac
:app:compileDebugJavaWithJavac - is not incremental (e.g. outputs have changed, no previous execution, etc.).
Note: Some input files use or override a deprecated API.
Note: Recompile with -Xlint:deprecation for details.
:app:compileDebugNdk UP-TO-DATE
:app:compileDebugSources
:app:mergeDebugShaders UP-TO-DATE
:app:compileDebugShaders UP-TO-DATE
:app:generateDebugAssets UP-TO-DATE
:app:mergeDebugAssets UP-TO-DATE
:app:transformClassesWithDexForDebug
:app:mergeDebugJniLibFolders UP-TO-DATE
:app:transformNative_libsWithMergeJniLibsForDebug UP-TO-DATE
:app:processDebugJavaRes UP-TO-DATE
:app:transformResourcesWithMergeJavaResForDebug UP-TO-DATE
:app:validateSigningDebug
:app:packageDebug
:app:assembleDebug

BUILD SUCCESSFUL

Total time: 6.318 secs
11:55:12.634 [DEBUG] [org.gradle.cache.internal.btree.BTreePersistentIndexedCache] Closing cache fileSnapshotsToTreeSnapshotsIndex.bin (C:\Users\TIH\AndroidStudioProjects\StudentReport2\.gradle\2.14.1\taskArtifacts\fileSnapshotsToTreeSnapshotsIndex.bin)
11:55:12.637 [DEBUG] [org.gradle.cache.internal.btree.BTreePersistentIndexedCache] Closing cache fileHashes.bin (C:\Users\TIH\AndroidStudioProjects\StudentReport2\.gradle\2.14.1\taskArtifacts\fileHashes.bin)
11:55:12.639 [DEBUG] [org.gradle.cache.internal.btree.BTreePersistentIndexedCache] Closing cache fileSnapshots.bin (C:\Users\TIH\AndroidStudioProjects\StudentReport2\.gradle\2.14.1\taskArtifacts\fileSnapshots.bin)
11:55:12.640 [DEBUG] [org.gradle.cache.internal.btree.BTreePersistentIndexedCache] Closing cache taskArtifacts.bin (C:\Users\TIH\AndroidStudioProjects\StudentReport2\.gradle\2.14.1\taskArtifacts\taskArtifacts.bin)
11:55:12.642 [DEBUG] [org.gradle.cache.internal.DefaultFileLockManager] Releasing lock on task history cache (C:\Users\TIH\AndroidStudioProjects\StudentReport2\.gradle\2.14.1\taskArtifacts).
11:55:12.644 [DEBUG] [org.gradle.cache.internal.btree.BTreePersistentIndexedCache] Closing cache classAnalysis.bin (C:\Users\TIH\.gradle\caches\2.14.1\classAnalysis\classAnalysis.bin)
11:55:12.645 [DEBUG] [org.gradle.cache.internal.DefaultFileLockManager] Releasing lock on class analysis cache (C:\Users\TIH\.gradle\caches\2.14.1\classAnalysis).
11:55:12.646 [DEBUG] [org.gradle.cache.internal.btree.BTreePersistentIndexedCache] Closing cache jarSnapshots.bin (C:\Users\TIH\.gradle\caches\2.14.1\jarSnapshots\jarSnapshots.bin)
11:55:12.647 [DEBUG] [org.gradle.cache.internal.DefaultFileLockManager] Releasing lock on jar snapshots cache (C:\Users\TIH\.gradle\caches\2.14.1\jarSnapshots).
11:55:12.650 [DEBUG] [org.gradle.api.internal.artifacts.ivyservice.resolveengine.store.CachedStoreFactory] Resolution result cache closed. Cache reads: 0, disk reads: 0 (avg: 0.0 secs, total: 0.0 secs)
11:55:12.651 [DEBUG] [org.gradle.api.internal.artifacts.ivyservice.resolveengine.store.CachedStoreFactory] Resolution result cache closed. Cache reads: 0, disk reads: 10 (avg: 0.0 secs, total: 0.005 secs)
11:55:12.652 [DEBUG] [org.gradle.api.internal.artifacts.ivyservice.resolveengine.store.ResolutionResultsStoreFactory] Deleted 2 resolution results binary files in 0.003 secs
11:55:12.652 [DEBUG] [org.gradle.api.internal.artifacts.ivyservice.ivyresolve.memcache.InMemoryCachedRepositoryFactory] In-memory dependency metadata cache closed. Repos cached: 52, cache instances: 5, modules served from cache: 188, artifacts: 75
11:55:12.652 [DEBUG] [org.gradle.cache.internal.DefaultCacheAccess] Cache Generated Gradle JARs cache (C:\Users\TIH\.gradle\caches\2.14.1\generated-gradle-jars) was closed 0 times.
11:55:12.652 [DEBUG] [org.gradle.cache.internal.btree.BTreePersistentIndexedCache] Closing cache artifact-at-repository.bin (C:\Users\TIH\.gradle\caches\modules-2\metadata-2.16\artifact-at-repository.bin)
11:55:12.653 [DEBUG] [org.gradle.cache.internal.btree.BTreePersistentIndexedCache] Closing cache module-metadata.bin (C:\Users\TIH\.gradle\caches\modules-2\metadata-2.16\module-metadata.bin)
11:55:12.654 [DEBUG] [org.gradle.cache.internal.DefaultFileLockManager] Releasing lock on artifact cache (C:\Users\TIH\.gradle\caches\modules-2).
11:55:12.655 [DEBUG] [org.gradle.cache.internal.DefaultCacheAccess] Cache Plugin Resolution Cache (C:\Users\TIH\.gradle\caches\2.14.1\plugin-resolution) was closed 0 times.
11:55:12.655 [DEBUG] [org.gradle.api.internal.tasks.compile.daemon.CompilerDaemonManager] Stopping 0 compiler daemon(s).
11:55:12.655 [INFO] [org.gradle.api.internal.tasks.compile.daemon.CompilerDaemonManager] Stopped 0 compiler daemon(s).
11:55:12.656 [DEBUG] [org.gradle.cache.internal.DefaultCacheAccess] Cache jars (C:\Users\TIH\.gradle\caches\jars-1) was closed 0 times.
11:55:12.656 [DEBUG] [org.gradle.launcher.daemon.server.exec.ExecuteBuild] The daemon has finished executing the build.
11:55:12.656 [DEBUG] [org.gradle.launcher.daemon.server.health.DaemonStatus] GC rate: 0.0/s
11:55:12.664 [DEBUG] [org.gradle.launcher.daemon.server.DaemonStateCoordinator] Command execution: finished waiting for DaemonCommandExecution[command = Build{id=8617c96f-01ae-4624-ad2a-887d100650b7.1, currentDir=C:\Users\TIH\AndroidStudioProjects\StudentReport2}, connection = org.gradle.launcher.daemon.server.DefaultDaemonConnection@4e166d2c]. Result org.gradle.launcher.daemon.server.DaemonStateCoordinator@55ba53e3 with state Running
11:55:12.665 [DEBUG] [org.gradle.launcher.daemon.server.DaemonStateCoordinator] Command execution: completed DaemonCommandExecution[command = Build{id=8617c96f-01ae-4624-ad2a-887d100650b7.1, currentDir=C:\Users\TIH\AndroidStudioProjects\StudentReport2}, connection = org.gradle.launcher.daemon.server.DefaultDaemonConnection@4e166d2c]
11:55:12.665 [DEBUG] [org.gradle.launcher.daemon.server.DaemonStateCoordinator] updating lastActivityAt to 1477043712665
11:55:12.665 [INFO] [org.gradle.launcher.daemon.server.DomainRegistryUpdater] Marking the daemon as idle, address: [c31373d0-7fd7-4e0d-b437-31f3bfa70c3f port:56596, addresses:[/127.0.0.1, /0:0:0:0:0:0:0:1]]
11:55:12.665 [DEBUG] [org.gradle.launcher.daemon.registry.PersistentDaemonRegistry] Marking idle by address: [c31373d0-7fd7-4e0d-b437-31f3bfa70c3f port:56596, addresses:[/127.0.0.1, /0:0:0:0:0:0:0:1]]
11:55:12.667 [DEBUG] [org.gradle.cache.internal.DefaultFileLockManager] Waiting to acquire exclusive lock on daemon addresses registry.
11:55:12.668 [DEBUG] [org.gradle.cache.internal.DefaultFileLockManager] Lock acquired.
11:55:12.673 [DEBUG] [org.gradle.cache.internal.DefaultFileLockManager] Releasing lock on daemon addresses registry.
11:55:12.674 [DEBUG] [org.gradle.launcher.daemon.server.exec.ReturnResult] Daemon is dispatching the build result: Success[value=org.gradle.tooling.internal.provider.BuildActionResult@2c264411]
11:55:12.674 [DEBUG] [org.gradle.launcher.daemon.server.SynchronizedDispatchConnection] thread 16: dispatching class org.gradle.launcher.daemon.protocol.Success
11:55:12.675 [DEBUG] [org.gradle.launcher.daemon.server.DaemonStateCoordinator] daemon is running. Sleeping until state changes.
11:55:12.677 [DEBUG] [org.gradle.launcher.daemon.server.DefaultIncomingConnectionHandler] Finishing executing command: Build{id=8617c96f-01ae-4624-ad2a-887d100650b7.1, currentDir=C:\Users\TIH\AndroidStudioProjects\StudentReport2}
11:55:12.679 [DEBUG] [org.gradle.launcher.daemon.server.SynchronizedDispatchConnection] thread 31: received class org.gradle.launcher.daemon.protocol.Finished
11:55:12.679 [DEBUG] [org.gradle.launcher.daemon.server.DefaultDaemonConnection] thread 31: Received non-IO message from client: org.gradle.launcher.daemon.protocol.Finished@56e22a5c
11:55:12.679 [DEBUG] [org.gradle.internal.remote.internal.inet.SocketConnection] Discarding EOFException: java.io.EOFException
11:55:12.679 [DEBUG] [org.gradle.launcher.daemon.server.SynchronizedDispatchConnection] thread 31: received null
11:55:12.679 [DEBUG] [org.gradle.launcher.daemon.server.DefaultDaemonConnection] thread 31: Received end-of-input from client.
11:55:12.680 [DEBUG] [org.gradle.launcher.daemon.server.DefaultIncomingConnectionHandler] Received finished message: null
11:55:12.680 [DEBUG] [org.gradle.launcher.daemon.server.SynchronizedDispatchConnection] thread 16: stopping connection
11:55:12.686 [DEBUG] [org.gradle.launcher.daemon.server.SynchronizedDispatchConnection] thread 16: stopping connection
11:56:06.482 [DEBUG] [org.gradle.launcher.daemon.server.Daemon] DaemonExpirationPeriodicCheck running
11:56:06.482 [DEBUG] [org.gradle.launcher.daemon.server.health.DaemonStatus] GC rate: 0.0/s
11:56:06.486 [DEBUG] [org.gradle.cache.internal.DefaultFileLockManager] Waiting to acquire shared lock on daemon addresses registry.
11:56:06.487 [DEBUG] [org.gradle.cache.internal.DefaultFileLockManager] Lock acquired.
11:56:06.490 [DEBUG] [org.gradle.cache.internal.DefaultFileLockManager] Releasing lock on daemon addresses registry.
11:57:06.483 [DEBUG] [org.gradle.launcher.daemon.server.Daemon] DaemonExpirationPeriodicCheck running
11:57:06.484 [DEBUG] [org.gradle.launcher.daemon.server.health.DaemonStatus] GC rate: 0.0/s
11:57:06.487 [DEBUG] [org.gradle.cache.internal.DefaultFileLockManager] Waiting to acquire shared lock on daemon addresses registry.
11:57:06.487 [DEBUG] [org.gradle.cache.internal.DefaultFileLockManager] Lock acquired.
11:57:06.491 [DEBUG] [org.gradle.cache.internal.DefaultFileLockManager] Releasing lock on daemon addresses registry.
11:58:06.484 [DEBUG] [org.gradle.launcher.daemon.server.Daemon] DaemonExpirationPeriodicCheck running
11:58:06.484 [DEBUG] [org.gradle.launcher.daemon.server.health.DaemonStatus] GC rate: 0.0/s
11:58:06.485 [DEBUG] [org.gradle.cache.internal.DefaultFileLockManager] Waiting to acquire shared lock on daemon addresses registry.
11:58:06.485 [DEBUG] [org.gradle.cache.internal.DefaultFileLockManager] Lock acquired.
11:58:06.488 [DEBUG] [org.gradle.cache.internal.DefaultFileLockManager] Releasing lock on daemon addresses registry.
11:59:06.485 [DEBUG] [org.gradle.launcher.daemon.server.Daemon] DaemonExpirationPeriodicCheck running
11:59:06.485 [DEBUG] [org.gradle.launcher.daemon.server.health.DaemonStatus] GC rate: 0.0/s
11:59:06.486 [DEBUG] [org.gradle.cache.internal.DefaultFileLockManager] Waiting to acquire shared lock on daemon addresses registry.
11:59:06.486 [DEBUG] [org.gradle.cache.internal.DefaultFileLockManager] Lock acquired.
11:59:06.487 [DEBUG] [org.gradle.cache.internal.DefaultFileLockManager] Releasing lock on daemon addresses registry.
12:00:06.486 [DEBUG] [org.gradle.launcher.daemon.server.Daemon] DaemonExpirationPeriodicCheck running
12:00:06.486 [DEBUG] [org.gradle.launcher.daemon.server.health.DaemonStatus] GC rate: 0.0/s
12:00:06.487 [DEBUG] [org.gradle.cache.internal.DefaultFileLockManager] Waiting to acquire shared lock on daemon addresses registry.
12:00:06.487 [DEBUG] [org.gradle.cache.internal.DefaultFileLockManager] Lock acquired.
12:00:06.488 [DEBUG] [org.gradle.cache.internal.DefaultFileLockManager] Releasing lock on daemon addresses registry.
12:01:06.488 [DEBUG] [org.gradle.launcher.daemon.server.Daemon] DaemonExpirationPeriodicCheck running
12:01:06.488 [DEBUG] [org.gradle.launcher.daemon.server.health.DaemonStatus] GC rate: 0.0/s
12:01:06.489 [DEBUG] [org.gradle.cache.internal.DefaultFileLockManager] Waiting to acquire shared lock on daemon addresses registry.
12:01:06.489 [DEBUG] [org.gradle.cache.internal.DefaultFileLockManager] Lock acquired.
12:01:06.490 [DEBUG] [org.gradle.cache.internal.DefaultFileLockManager] Releasing lock on daemon addresses registry.
12:02:06.488 [DEBUG] [org.gradle.launcher.daemon.server.Daemon] DaemonExpirationPeriodicCheck running
12:02:06.489 [DEBUG] [org.gradle.launcher.daemon.server.health.DaemonStatus] GC rate: 0.0/s
12:02:06.492 [DEBUG] [org.gradle.cache.internal.DefaultFileLockManager] Waiting to acquire shared lock on daemon addresses registry.
12:02:06.493 [DEBUG] [org.gradle.cache.internal.DefaultFileLockManager] Lock acquired.
12:02:06.495 [DEBUG] [org.gradle.cache.internal.DefaultFileLockManager] Releasing lock on daemon addresses registry.
12:03:06.490 [DEBUG] [org.gradle.launcher.daemon.server.Daemon] DaemonExpirationPeriodicCheck running
12:03:06.490 [DEBUG] [org.gradle.launcher.daemon.server.health.DaemonStatus] GC rate: 0.0/s
12:03:06.493 [DEBUG] [org.gradle.cache.internal.DefaultFileLockManager] Waiting to acquire shared lock on daemon addresses registry.
12:03:06.494 [DEBUG] [org.gradle.cache.internal.DefaultFileLockManager] Lock acquired.
12:03:06.496 [DEBUG] [org.gradle.cache.internal.DefaultFileLockManager] Releasing lock on daemon addresses registry.
12:04:06.491 [DEBUG] [org.gradle.launcher.daemon.server.Daemon] DaemonExpirationPeriodicCheck running
12:04:06.491 [DEBUG] [org.gradle.launcher.daemon.server.health.DaemonStatus] GC rate: 0.0/s
12:04:06.495 [DEBUG] [org.gradle.cache.internal.DefaultFileLockManager] Waiting to acquire shared lock on daemon addresses registry.
12:04:06.495 [DEBUG] [org.gradle.cache.internal.DefaultFileLockManager] Lock acquired.
12:04:06.498 [DEBUG] [org.gradle.cache.internal.DefaultFileLockManager] Releasing lock on daemon addresses registry.
12:05:06.493 [DEBUG] [org.gradle.launcher.daemon.server.Daemon] DaemonExpirationPeriodicCheck running
12:05:06.493 [DEBUG] [org.gradle.launcher.daemon.server.health.DaemonStatus] GC rate: 0.0/s
12:05:06.494 [DEBUG] [org.gradle.cache.internal.DefaultFileLockManager] Waiting to acquire shared lock on daemon addresses registry.
12:05:06.494 [DEBUG] [org.gradle.cache.internal.DefaultFileLockManager] Lock acquired.
12:05:06.495 [DEBUG] [org.gradle.cache.internal.DefaultFileLockManager] Releasing lock on daemon addresses registry.
12:06:06.493 [DEBUG] [org.gradle.launcher.daemon.server.Daemon] DaemonExpirationPeriodicCheck running
12:06:06.493 [DEBUG] [org.gradle.launcher.daemon.server.health.DaemonStatus] GC rate: 0.0/s
12:06:06.495 [DEBUG] [org.gradle.cache.internal.DefaultFileLockManager] Waiting to acquire shared lock on daemon addresses registry.
12:06:06.496 [DEBUG] [org.gradle.cache.internal.DefaultFileLockManager] Lock acquired.
12:06:06.499 [DEBUG] [org.gradle.cache.internal.DefaultFileLockManager] Releasing lock on daemon addresses registry.
12:07:06.494 [DEBUG] [org.gradle.launcher.daemon.server.Daemon] DaemonExpirationPeriodicCheck running
12:07:06.494 [DEBUG] [org.gradle.launcher.daemon.server.health.DaemonStatus] GC rate: 0.0/s
12:07:06.497 [DEBUG] [org.gradle.cache.internal.DefaultFileLockManager] Waiting to acquire shared lock on daemon addresses registry.
12:07:06.497 [DEBUG] [org.gradle.cache.internal.DefaultFileLockManager] Lock acquired.
12:07:06.500 [DEBUG] [org.gradle.cache.internal.DefaultFileLockManager] Releasing lock on daemon addresses registry.
12:08:06.496 [DEBUG] [org.gradle.launcher.daemon.server.Daemon] DaemonExpirationPeriodicCheck running
12:08:06.496 [DEBUG] [org.gradle.launcher.daemon.server.health.DaemonStatus] GC rate: 0.0/s
12:08:06.499 [DEBUG] [org.gradle.cache.internal.DefaultFileLockManager] Waiting to acquire shared lock on daemon addresses registry.
12:08:06.500 [DEBUG] [org.gradle.cache.internal.DefaultFileLockManager] Lock acquired.
12:08:06.502 [DEBUG] [org.gradle.cache.internal.DefaultFileLockManager] Releasing lock on daemon addresses registry.
12:09:06.497 [DEBUG] [org.gradle.launcher.daemon.server.Daemon] DaemonExpirationPeriodicCheck running
12:09:06.497 [DEBUG] [org.gradle.launcher.daemon.server.health.DaemonStatus] GC rate: 0.0/s
12:09:06.500 [DEBUG] [org.gradle.cache.internal.DefaultFileLockManager] Waiting to acquire shared lock on daemon addresses registry.
12:09:06.500 [DEBUG] [org.gradle.cache.internal.DefaultFileLockManager] Lock acquired.
12:09:06.503 [DEBUG] [org.gradle.cache.internal.DefaultFileLockManager] Releasing lock on daemon addresses registry.
12:10:06.499 [DEBUG] [org.gradle.launcher.daemon.server.Daemon] DaemonExpirationPeriodicCheck running
12:10:06.499 [DEBUG] [org.gradle.launcher.daemon.server.health.DaemonStatus] GC rate: 0.0/s
12:10:06.503 [DEBUG] [org.gradle.cache.internal.DefaultFileLockManager] Waiting to acquire shared lock on daemon addresses registry.
12:10:06.503 [DEBUG] [org.gradle.cache.internal.DefaultFileLockManager] Lock acquired.
12:10:06.506 [DEBUG] [org.gradle.cache.internal.DefaultFileLockManager] Releasing lock on daemon addresses registry.
12:11:06.499 [DEBUG] [org.gradle.launcher.daemon.server.Daemon] DaemonExpirationPeriodicCheck running
12:11:06.499 [DEBUG] [org.gradle.launcher.daemon.server.health.DaemonStatus] GC rate: 0.0/s
12:11:06.502 [DEBUG] [org.gradle.cache.internal.DefaultFileLockManager] Waiting to acquire shared lock on daemon addresses registry.
12:11:06.503 [DEBUG] [org.gradle.cache.internal.DefaultFileLockManager] Lock acquired.
12:11:06.505 [DEBUG] [org.gradle.cache.internal.DefaultFileLockManager] Releasing lock on daemon addresses registry.
12:12:06.501 [DEBUG] [org.gradle.launcher.daemon.server.Daemon] DaemonExpirationPeriodicCheck running
12:12:06.502 [DEBUG] [org.gradle.launcher.daemon.server.health.DaemonStatus] GC rate: 0.0/s
12:12:06.505 [DEBUG] [org.gradle.cache.internal.DefaultFileLockManager] Waiting to acquire shared lock on daemon addresses registry.
12:12:06.505 [DEBUG] [org.gradle.cache.internal.DefaultFileLockManager] Lock acquired.
12:12:06.508 [DEBUG] [org.gradle.cache.internal.DefaultFileLockManager] Releasing lock on daemon addresses registry.
12:13:06.502 [DEBUG] [org.gradle.launcher.daemon.server.Daemon] DaemonExpirationPeriodicCheck running
12:13:06.502 [DEBUG] [org.gradle.launcher.daemon.server.health.DaemonStatus] GC rate: 0.0/s
12:13:06.509 [DEBUG] [org.gradle.cache.internal.DefaultFileLockManager] Waiting to acquire shared lock on daemon addresses registry.
12:13:06.510 [DEBUG] [org.gradle.cache.internal.DefaultFileLockManager] Lock acquired.
12:13:06.512 [DEBUG] [org.gradle.cache.internal.DefaultFileLockManager] Releasing lock on daemon addresses registry.
12:14:06.503 [DEBUG] [org.gradle.launcher.daemon.server.Daemon] DaemonExpirationPeriodicCheck running
12:14:06.503 [DEBUG] [org.gradle.launcher.daemon.server.health.DaemonStatus] GC rate: 0.0/s
12:14:06.507 [DEBUG] [org.gradle.cache.internal.DefaultFileLockManager] Waiting to acquire shared lock on daemon addresses registry.
12:14:06.507 [DEBUG] [org.gradle.cache.internal.DefaultFileLockManager] Lock acquired.
12:14:06.510 [DEBUG] [org.gradle.cache.internal.DefaultFileLockManager] Releasing lock on daemon addresses registry.
12:15:06.504 [DEBUG] [org.gradle.launcher.daemon.server.Daemon] DaemonExpirationPeriodicCheck running
12:15:06.504 [DEBUG] [org.gradle.launcher.daemon.server.health.DaemonStatus] GC rate: 0.0/s
12:15:06.508 [DEBUG] [org.gradle.cache.internal.DefaultFileLockManager] Waiting to acquire shared lock on daemon addresses registry.
12:15:06.508 [DEBUG] [org.gradle.cache.internal.DefaultFileLockManager] Lock acquired.
12:15:06.511 [DEBUG] [org.gradle.cache.internal.DefaultFileLockManager] Releasing lock on daemon addresses registry.
12:16:06.505 [DEBUG] [org.gradle.launcher.daemon.server.Daemon] DaemonExpirationPeriodicCheck running
12:16:06.505 [DEBUG] [org.gradle.launcher.daemon.server.health.DaemonStatus] GC rate: 0.0/s
12:16:06.509 [DEBUG] [org.gradle.cache.internal.DefaultFileLockManager] Waiting to acquire shared lock on daemon addresses registry.
12:16:06.510 [DEBUG] [org.gradle.cache.internal.DefaultFileLockManager] Lock acquired.
12:16:06.511 [DEBUG] [org.gradle.cache.internal.DefaultFileLockManager] Releasing lock on daemon addresses registry.
12:17:06.507 [DEBUG] [org.gradle.launcher.daemon.server.Daemon] DaemonExpirationPeriodicCheck running
12:17:06.507 [DEBUG] [org.gradle.launcher.daemon.server.health.DaemonStatus] GC rate: 0.0/s
12:17:06.511 [DEBUG] [org.gradle.cache.internal.DefaultFileLockManager] Waiting to acquire shared lock on daemon addresses registry.
12:17:06.511 [DEBUG] [org.gradle.cache.internal.DefaultFileLockManager] Lock acquired.
12:17:06.513 [DEBUG] [org.gradle.cache.internal.DefaultFileLockManager] Releasing lock on daemon addresses registry.
12:18:06.507 [DEBUG] [org.gradle.launcher.daemon.server.Daemon] DaemonExpirationPeriodicCheck running
12:18:06.508 [DEBUG] [org.gradle.launcher.daemon.server.health.DaemonStatus] GC rate: 0.0/s
12:18:06.512 [DEBUG] [org.gradle.cache.internal.DefaultFileLockManager] Waiting to acquire shared lock on daemon addresses registry.
12:18:06.512 [DEBUG] [org.gradle.cache.internal.DefaultFileLockManager] Lock acquired.
12:18:06.515 [DEBUG] [org.gradle.cache.internal.DefaultFileLockManager] Releasing lock on daemon addresses registry.
12:19:06.509 [DEBUG] [org.gradle.launcher.daemon.server.Daemon] DaemonExpirationPeriodicCheck running
12:19:06.509 [DEBUG] [org.gradle.launcher.daemon.server.health.DaemonStatus] GC rate: 0.0/s
12:19:06.512 [DEBUG] [org.gradle.cache.internal.DefaultFileLockManager] Waiting to acquire shared lock on daemon addresses registry.
12:19:06.513 [DEBUG] [org.gradle.cache.internal.DefaultFileLockManager] Lock acquired.
12:19:06.515 [DEBUG] [org.gradle.cache.internal.DefaultFileLockManager] Releasing lock on daemon addresses registry.
12:20:06.510 [DEBUG] [org.gradle.launcher.daemon.server.Daemon] DaemonExpirationPeriodicCheck running
12:20:06.510 [DEBUG] [org.gradle.launcher.daemon.server.health.DaemonStatus] GC rate: 0.0/s
12:20:06.514 [DEBUG] [org.gradle.cache.internal.DefaultFileLockManager] Waiting to acquire shared lock on daemon addresses registry.
12:20:06.514 [DEBUG] [org.gradle.cache.internal.DefaultFileLockManager] Lock acquired.
12:20:06.516 [DEBUG] [org.gradle.cache.internal.DefaultFileLockManager] Releasing lock on daemon addresses registry.
12:21:06.511 [DEBUG] [org.gradle.launcher.daemon.server.Daemon] DaemonExpirationPeriodicCheck running
12:21:06.511 [DEBUG] [org.gradle.launcher.daemon.server.health.DaemonStatus] GC rate: 0.0/s
12:21:06.514 [DEBUG] [org.gradle.cache.internal.DefaultFileLockManager] Waiting to acquire shared lock on daemon addresses registry.
12:21:06.515 [DEBUG] [org.gradle.cache.internal.DefaultFileLockManager] Lock acquired.
12:21:06.517 [DEBUG] [org.gradle.cache.internal.DefaultFileLockManager] Releasing lock on daemon addresses registry.
12:22:06.513 [DEBUG] [org.gradle.launcher.daemon.server.Daemon] DaemonExpirationPeriodicCheck running
12:22:06.514 [DEBUG] [org.gradle.launcher.daemon.server.health.DaemonStatus] GC rate: 0.0/s
12:22:06.517 [DEBUG] [org.gradle.cache.internal.DefaultFileLockManager] Waiting to acquire shared lock on daemon addresses registry.
12:22:06.518 [DEBUG] [org.gradle.cache.internal.DefaultFileLockManager] Lock acquired.
12:22:06.520 [DEBUG] [org.gradle.cache.internal.DefaultFileLockManager] Releasing lock on daemon addresses registry.
12:23:06.513 [DEBUG] [org.gradle.launcher.daemon.server.Daemon] DaemonExpirationPeriodicCheck running
12:23:06.513 [DEBUG] [org.gradle.launcher.daemon.server.health.DaemonStatus] GC rate: 0.0/s
12:23:06.517 [DEBUG] [org.gradle.cache.internal.DefaultFileLockManager] Waiting to acquire shared lock on daemon addresses registry.
12:23:06.517 [DEBUG] [org.gradle.cache.internal.DefaultFileLockManager] Lock acquired.
12:23:06.520 [DEBUG] [org.gradle.cache.internal.DefaultFileLockManager] Releasing lock on daemon addresses registry.
12:24:06.515 [DEBUG] [org.gradle.launcher.daemon.server.Daemon] DaemonExpirationPeriodicCheck running
12:24:06.515 [DEBUG] [org.gradle.launcher.daemon.server.health.DaemonStatus] GC rate: 0.0/s
12:24:06.518 [DEBUG] [org.gradle.cache.internal.DefaultFileLockManager] Waiting to acquire shared lock on daemon addresses registry.
12:24:06.519 [DEBUG] [org.gradle.cache.internal.DefaultFileLockManager] Lock acquired.
12:24:06.521 [DEBUG] [org.gradle.cache.internal.DefaultFileLockManager] Releasing lock on daemon addresses registry.
12:25:06.516 [DEBUG] [org.gradle.launcher.daemon.server.Daemon] DaemonExpirationPeriodicCheck running
12:25:06.517 [DEBUG] [org.gradle.launcher.daemon.server.health.DaemonStatus] GC rate: 0.0/s
12:25:06.520 [DEBUG] [org.gradle.cache.internal.DefaultFileLockManager] Waiting to acquire shared lock on daemon addresses registry.
12:25:06.521 [DEBUG] [org.gradle.cache.internal.DefaultFileLockManager] Lock acquired.
12:25:06.523 [DEBUG] [org.gradle.cache.internal.DefaultFileLockManager] Releasing lock on daemon addresses registry.
12:26:06.518 [DEBUG] [org.gradle.launcher.daemon.server.Daemon] DaemonExpirationPeriodicCheck running
12:26:06.518 [DEBUG] [org.gradle.launcher.daemon.server.health.DaemonStatus] GC rate: 0.0/s
12:26:06.521 [DEBUG] [org.gradle.cache.internal.DefaultFileLockManager] Waiting to acquire shared lock on daemon addresses registry.
12:26:06.522 [DEBUG] [org.gradle.cache.internal.DefaultFileLockManager] Lock acquired.
12:26:06.524 [DEBUG] [org.gradle.cache.internal.DefaultFileLockManager] Releasing lock on daemon addresses registry.
12:27:06.519 [DEBUG] [org.gradle.launcher.daemon.server.Daemon] DaemonExpirationPeriodicCheck running
12:27:06.519 [DEBUG] [org.gradle.launcher.daemon.server.health.DaemonStatus] GC rate: 0.0/s
12:27:06.523 [DEBUG] [org.gradle.cache.internal.DefaultFileLockManager] Waiting to acquire shared lock on daemon addresses registry.
12:27:06.524 [DEBUG] [org.gradle.cache.internal.DefaultFileLockManager] Lock acquired.
12:27:06.526 [DEBUG] [org.gradle.cache.internal.DefaultFileLockManager] Releasing lock on daemon addresses registry.
12:28:06.519 [DEBUG] [org.gradle.launcher.daemon.server.Daemon] DaemonExpirationPeriodicCheck running
12:28:06.519 [DEBUG] [org.gradle.launcher.daemon.server.health.DaemonStatus] GC rate: 0.0/s
12:28:06.523 [DEBUG] [org.gradle.cache.internal.DefaultFileLockManager] Waiting to acquire shared lock on daemon addresses registry.
12:28:06.523 [DEBUG] [org.gradle.cache.internal.DefaultFileLockManager] Lock acquired.
12:28:06.526 [DEBUG] [org.gradle.cache.internal.DefaultFileLockManager] Releasing lock on daemon addresses registry.
12:29:06.521 [DEBUG] [org.gradle.launcher.daemon.server.Daemon] DaemonExpirationPeriodicCheck running
12:29:06.521 [DEBUG] [org.gradle.launcher.daemon.server.health.DaemonStatus] GC rate: 0.0/s
12:29:06.525 [DEBUG] [org.gradle.cache.internal.DefaultFileLockManager] Waiting to acquire shared lock on daemon addresses registry.
12:29:06.526 [DEBUG] [org.gradle.cache.internal.DefaultFileLockManager] Lock acquired.
12:29:06.529 [DEBUG] [org.gradle.cache.internal.DefaultFileLockManager] Releasing lock on daemon addresses registry.
12:30:06.522 [DEBUG] [org.gradle.launcher.daemon.server.Daemon] DaemonExpirationPeriodicCheck running
12:30:06.522 [DEBUG] [org.gradle.launcher.daemon.server.health.DaemonStatus] GC rate: 0.0/s
12:30:06.525 [DEBUG] [org.gradle.cache.internal.DefaultFileLockManager] Waiting to acquire shared lock on daemon addresses registry.
12:30:06.525 [DEBUG] [org.gradle.cache.internal.DefaultFileLockManager] Lock acquired.
12:30:06.528 [DEBUG] [org.gradle.cache.internal.DefaultFileLockManager] Releasing lock on daemon addresses registry.
12:31:06.524 [DEBUG] [org.gradle.launcher.daemon.server.Daemon] DaemonExpirationPeriodicCheck running
12:31:06.525 [DEBUG] [org.gradle.launcher.daemon.server.health.DaemonStatus] GC rate: 0.0/s
12:31:06.529 [DEBUG] [org.gradle.cache.internal.DefaultFileLockManager] Waiting to acquire shared lock on daemon addresses registry.
12:31:06.530 [DEBUG] [org.gradle.cache.internal.DefaultFileLockManager] Lock acquired.
12:31:06.533 [DEBUG] [org.gradle.cache.internal.DefaultFileLockManager] Releasing lock on daemon addresses registry.
12:32:06.524 [DEBUG] [org.gradle.launcher.daemon.server.Daemon] DaemonExpirationPeriodicCheck running
12:32:06.524 [DEBUG] [org.gradle.launcher.daemon.server.health.DaemonStatus] GC rate: 0.0/s
12:32:06.527 [DEBUG] [org.gradle.cache.internal.DefaultFileLockManager] Waiting to acquire shared lock on daemon addresses registry.
12:32:06.528 [DEBUG] [org.gradle.cache.internal.DefaultFileLockManager] Lock acquired.
12:32:06.530 [DEBUG] [org.gradle.cache.internal.DefaultFileLockManager] Releasing lock on daemon addresses registry.
12:33:06.526 [DEBUG] [org.gradle.launcher.daemon.server.Daemon] DaemonExpirationPeriodicCheck running
12:33:06.526 [DEBUG] [org.gradle.launcher.daemon.server.health.DaemonStatus] GC rate: 0.0/s
12:33:06.529 [DEBUG] [org.gradle.cache.internal.DefaultFileLockManager] Waiting to acquire shared lock on daemon addresses registry.
12:33:06.530 [DEBUG] [org.gradle.cache.internal.DefaultFileLockManager] Lock acquired.
12:33:06.532 [DEBUG] [org.gradle.cache.internal.DefaultFileLockManager] Releasing lock on daemon addresses registry.
12:34:06.527 [DEBUG] [org.gradle.launcher.daemon.server.Daemon] DaemonExpirationPeriodicCheck running
12:34:06.528 [DEBUG] [org.gradle.launcher.daemon.server.health.DaemonStatus] GC rate: 0.0/s
12:34:06.531 [DEBUG] [org.gradle.cache.internal.DefaultFileLockManager] Waiting to acquire shared lock on daemon addresses registry.
12:34:06.532 [DEBUG] [org.gradle.cache.internal.DefaultFileLockManager] Lock acquired.
12:34:06.534 [DEBUG] [org.gradle.cache.internal.DefaultFileLockManager] Releasing lock on daemon addresses registry.
12:35:06.528 [DEBUG] [org.gradle.launcher.daemon.server.Daemon] DaemonExpirationPeriodicCheck running
12:35:06.528 [DEBUG] [org.gradle.launcher.daemon.server.health.DaemonStatus] GC rate: 0.0/s
12:35:06.531 [DEBUG] [org.gradle.cache.internal.DefaultFileLockManager] Waiting to acquire shared lock on daemon addresses registry.
12:35:06.532 [DEBUG] [org.gradle.cache.internal.DefaultFileLockManager] Lock acquired.
12:35:06.534 [DEBUG] [org.gradle.cache.internal.DefaultFileLockManager] Releasing lock on daemon addresses registry.
12:36:06.529 [DEBUG] [org.gradle.launcher.daemon.server.Daemon] DaemonExpirationPeriodicCheck running
12:36:06.529 [DEBUG] [org.gradle.launcher.daemon.server.health.DaemonStatus] GC rate: 0.0/s
12:36:06.533 [DEBUG] [org.gradle.cache.internal.DefaultFileLockManager] Waiting to acquire shared lock on daemon addresses registry.
12:36:06.533 [DEBUG] [org.gradle.cache.internal.DefaultFileLockManager] Lock acquired.
12:36:06.536 [DEBUG] [org.gradle.cache.internal.DefaultFileLockManager] Releasing lock on daemon addresses registry.
12:37:06.530 [DEBUG] [org.gradle.launcher.daemon.server.Daemon] DaemonExpirationPeriodicCheck running
12:37:06.530 [DEBUG] [org.gradle.launcher.daemon.server.health.DaemonStatus] GC rate: 0.0/s
12:37:06.533 [DEBUG] [org.gradle.cache.internal.DefaultFileLockManager] Waiting to acquire shared lock on daemon addresses registry.
12:37:06.534 [DEBUG] [org.gradle.cache.internal.DefaultFileLockManager] Lock acquired.
12:37:06.536 [DEBUG] [org.gradle.cache.internal.DefaultFileLockManager] Releasing lock on daemon addresses registry.
12:38:06.532 [DEBUG] [org.gradle.launcher.daemon.server.Daemon] DaemonExpirationPeriodicCheck running
12:38:06.532 [DEBUG] [org.gradle.launcher.daemon.server.health.DaemonStatus] GC rate: 0.0/s
12:38:06.535 [DEBUG] [org.gradle.cache.internal.DefaultFileLockManager] Waiting to acquire shared lock on daemon addresses registry.
12:38:06.536 [DEBUG] [org.gradle.cache.internal.DefaultFileLockManager] Lock acquired.
12:38:06.538 [DEBUG] [org.gradle.cache.internal.DefaultFileLockManager] Releasing lock on daemon addresses registry.
12:39:06.533 [DEBUG] [org.gradle.launcher.daemon.server.Daemon] DaemonExpirationPeriodicCheck running
12:39:06.533 [DEBUG] [org.gradle.launcher.daemon.server.health.DaemonStatus] GC rate: 0.0/s
12:39:06.536 [DEBUG] [org.gradle.cache.internal.DefaultFileLockManager] Waiting to acquire shared lock on daemon addresses registry.
12:39:06.537 [DEBUG] [org.gradle.cache.internal.DefaultFileLockManager] Lock acquired.
12:39:06.538 [DEBUG] [org.gradle.cache.internal.DefaultFileLockManager] Releasing lock on daemon addresses registry.
12:40:06.534 [DEBUG] [org.gradle.launcher.daemon.server.Daemon] DaemonExpirationPeriodicCheck running
12:40:06.534 [DEBUG] [org.gradle.launcher.daemon.server.health.DaemonStatus] GC rate: 0.0/s
12:40:06.537 [DEBUG] [org.gradle.cache.internal.DefaultFileLockManager] Waiting to acquire shared lock on daemon addresses registry.
12:40:06.538 [DEBUG] [org.gradle.cache.internal.DefaultFileLockManager] Lock acquired.
12:40:06.540 [DEBUG] [org.gradle.cache.internal.DefaultFileLockManager] Releasing lock on daemon addresses registry.
12:41:06.535 [DEBUG] [org.gradle.launcher.daemon.server.Daemon] DaemonExpirationPeriodicCheck running
12:41:06.535 [DEBUG] [org.gradle.launcher.daemon.server.health.DaemonStatus] GC rate: 0.0/s
12:41:06.536 [INFO] [org.gradle.launcher.daemon.server.DaemonIdleTimeoutExpirationStrategy] Idle timeout: daemon has been idle for 2753870 milliseconds. Expiring.
12:41:06.537 [INFO] [org.gradle.launcher.daemon.server.Daemon] Daemon expiration criteria met, requesting stop
12:41:06.538 [LIFECYCLE] [org.gradle.launcher.daemon.server.Daemon] Daemon stopping because daemon has been idle for 2753870 milliseconds and Free system memory (739287040 bytes) is below threshold of 1674786406 bytes
12:41:06.538 [DEBUG] [org.gradle.launcher.daemon.server.DaemonStateCoordinator] Stop as soon as idle requested. The daemon is busy: false
12:41:06.538 [DEBUG] [org.gradle.launcher.daemon.server.DaemonStateCoordinator] Marking daemon stopped due to stop requested and daemon idle. The daemon is running a build: false
12:41:06.538 [DEBUG] [org.gradle.launcher.daemon.server.DaemonStateCoordinator] daemon has stopped.
12:41:06.539 [DEBUG] [org.gradle.launcher.daemon.server.Daemon] stop() called on daemon
12:41:06.539 [INFO] [org.gradle.launcher.daemon.server.Daemon] Stop requested. Daemon is removing its presence from the registry...
12:41:06.539 [DEBUG] [org.gradle.launcher.daemon.server.DomainRegistryUpdater] Removing our presence to clients, eg. removing this address from the registry: [c31373d0-7fd7-4e0d-b437-31f3bfa70c3f port:56596, addresses:[/127.0.0.1, /0:0:0:0:0:0:0:1]]
12:41:06.540 [DEBUG] [org.gradle.launcher.daemon.registry.PersistentDaemonRegistry] Removing daemon address: [c31373d0-7fd7-4e0d-b437-31f3bfa70c3f port:56596, addresses:[/127.0.0.1, /0:0:0:0:0:0:0:1]]
12:41:06.546 [DEBUG] [org.gradle.cache.internal.DefaultFileLockManager] Waiting to acquire exclusive lock on daemon addresses registry.
12:41:06.547 [DEBUG] [org.gradle.cache.internal.DefaultFileLockManager] Lock acquired.
12:41:06.553 [DEBUG] [org.gradle.cache.internal.DefaultFileLockManager] Releasing lock on daemon addresses registry.
12:41:06.554 [DEBUG] [org.gradle.launcher.daemon.server.DomainRegistryUpdater] Address removed from registry.
Daemon vm is shutting down... The daemon has exited normally or was terminated in response to a user interrupt.
12:41:06.635 [DEBUG] [org.gradle.launcher.daemon.registry.PersistentDaemonRegistry] Removing daemon address: [c31373d0-7fd7-4e0d-b437-31f3bfa70c3f port:56596, addresses:[/127.0.0.1, /0:0:0:0:0:0:0:1]]
12:41:06.636 [DEBUG] [org.gradle.cache.internal.DefaultFileLockManager] Waiting to acquire exclusive lock on daemon addresses registry.
12:41:06.637 [DEBUG] [org.gradle.cache.internal.DefaultFileLockManager] Lock acquired.
12:41:06.644 [DEBUG] [org.gradle.cache.internal.DefaultFileLockManager] Releasing lock on daemon addresses registry.
