13:16:05.410 [DEBUG] [org.gradle.internal.nativeintegration.services.NativeServices] Native-platform posix files is not available.  Continuing with fallback.
13:16:05.426 [DEBUG] [org.gradle.internal.nativeintegration.filesystem.services.FileSystemServices] Using JDK 7 file service org.gradle.internal.nativeintegration.filesystem.jdk7.WindowsJdk7Symlink
13:16:05.894 [INFO] [org.gradle.launcher.daemon.server.Daemon] start() called on daemon - DefaultDaemonContext[uid=5456ba46-d716-4dea-bd48-7cd84f065c3d,javaHome=C:\Program Files\Java\jdk1.8.0_101,daemonRegistryDir=C:\Users\TIH\.gradle\daemon,pid=6604,idleTimeout=10800000,daemonOpts=-Xmx1536m,-Dfile.encoding=windows-1252,-Duser.country=US,-Duser.language=en,-Duser.variant]
13:16:05.894 [DEBUG] [org.gradle.launcher.daemon.server.DaemonStateCoordinator] updating lastActivityAt to 1475234165894
13:16:06.065 [DEBUG] [org.gradle.internal.remote.internal.inet.InetAddressFactory] Adding IP addresses for network interface Software Loopback Interface 1
13:16:06.065 [DEBUG] [org.gradle.internal.remote.internal.inet.InetAddressFactory] Is this a loopback interface? true
13:16:06.065 [DEBUG] [org.gradle.internal.remote.internal.inet.InetAddressFactory] Is this a multicast interface? true
13:16:06.065 [DEBUG] [org.gradle.internal.remote.internal.inet.InetAddressFactory] Adding loopback address /127.0.0.1
13:16:06.065 [DEBUG] [org.gradle.internal.remote.internal.inet.InetAddressFactory] Adding loopback address /0:0:0:0:0:0:0:1
13:16:06.065 [DEBUG] [org.gradle.internal.remote.internal.inet.InetAddressFactory] Adding loopback multicast interface Software Loopback Interface 1
13:16:06.065 [DEBUG] [org.gradle.internal.remote.internal.inet.InetAddressFactory] Adding IP addresses for network interface WAN Miniport (SSTP)
13:16:06.065 [DEBUG] [org.gradle.internal.remote.internal.inet.InetAddressFactory] Is this a loopback interface? false
13:16:06.081 [DEBUG] [org.gradle.internal.remote.internal.inet.InetAddressFactory] Is this a multicast interface? true
13:16:06.081 [DEBUG] [org.gradle.internal.remote.internal.inet.InetAddressFactory] Adding loopback multicast interface WAN Miniport (SSTP)
13:16:06.081 [DEBUG] [org.gradle.internal.remote.internal.inet.InetAddressFactory] Adding IP addresses for network interface WAN Miniport (L2TP)
13:16:06.081 [DEBUG] [org.gradle.internal.remote.internal.inet.InetAddressFactory] Is this a loopback interface? false
13:16:06.081 [DEBUG] [org.gradle.internal.remote.internal.inet.InetAddressFactory] Is this a multicast interface? true
13:16:06.081 [DEBUG] [org.gradle.internal.remote.internal.inet.InetAddressFactory] Adding loopback multicast interface WAN Miniport (L2TP)
13:16:06.081 [DEBUG] [org.gradle.internal.remote.internal.inet.InetAddressFactory] Adding IP addresses for network interface WAN Miniport (PPTP)
13:16:06.081 [DEBUG] [org.gradle.internal.remote.internal.inet.InetAddressFactory] Is this a loopback interface? false
13:16:06.081 [DEBUG] [org.gradle.internal.remote.internal.inet.InetAddressFactory] Is this a multicast interface? true
13:16:06.081 [DEBUG] [org.gradle.internal.remote.internal.inet.InetAddressFactory] Adding loopback multicast interface WAN Miniport (PPTP)
13:16:06.081 [DEBUG] [org.gradle.internal.remote.internal.inet.InetAddressFactory] Adding IP addresses for network interface WAN Miniport (PPPOE)
13:16:06.081 [DEBUG] [org.gradle.internal.remote.internal.inet.InetAddressFactory] Is this a loopback interface? false
13:16:06.081 [DEBUG] [org.gradle.internal.remote.internal.inet.InetAddressFactory] Is this a multicast interface? true
13:16:06.081 [DEBUG] [org.gradle.internal.remote.internal.inet.InetAddressFactory] Adding loopback multicast interface WAN Miniport (PPPOE)
13:16:06.081 [DEBUG] [org.gradle.internal.remote.internal.inet.InetAddressFactory] Adding IP addresses for network interface WAN Miniport (IPv6)
13:16:06.096 [DEBUG] [org.gradle.internal.remote.internal.inet.InetAddressFactory] Is this a loopback interface? false
13:16:06.096 [DEBUG] [org.gradle.internal.remote.internal.inet.InetAddressFactory] Is this a multicast interface? true
13:16:06.096 [DEBUG] [org.gradle.internal.remote.internal.inet.InetAddressFactory] Adding loopback multicast interface WAN Miniport (IPv6)
13:16:06.096 [DEBUG] [org.gradle.internal.remote.internal.inet.InetAddressFactory] Adding IP addresses for network interface WAN Miniport (Network Monitor)
13:16:06.096 [DEBUG] [org.gradle.internal.remote.internal.inet.InetAddressFactory] Is this a loopback interface? false
13:16:06.096 [DEBUG] [org.gradle.internal.remote.internal.inet.InetAddressFactory] Is this a multicast interface? true
13:16:06.096 [DEBUG] [org.gradle.internal.remote.internal.inet.InetAddressFactory] Adding loopback multicast interface WAN Miniport (Network Monitor)
13:16:06.096 [DEBUG] [org.gradle.internal.remote.internal.inet.InetAddressFactory] Adding IP addresses for network interface WAN Miniport (IP)
13:16:06.096 [DEBUG] [org.gradle.internal.remote.internal.inet.InetAddressFactory] Is this a loopback interface? false
13:16:06.096 [DEBUG] [org.gradle.internal.remote.internal.inet.InetAddressFactory] Is this a multicast interface? true
13:16:06.096 [DEBUG] [org.gradle.internal.remote.internal.inet.InetAddressFactory] Adding loopback multicast interface WAN Miniport (IP)
13:16:06.096 [DEBUG] [org.gradle.internal.remote.internal.inet.InetAddressFactory] Adding IP addresses for network interface RAS Async Adapter
13:16:06.096 [DEBUG] [org.gradle.internal.remote.internal.inet.InetAddressFactory] Is this a loopback interface? false
13:16:06.096 [DEBUG] [org.gradle.internal.remote.internal.inet.InetAddressFactory] Is this a multicast interface? true
13:16:06.096 [DEBUG] [org.gradle.internal.remote.internal.inet.InetAddressFactory] Adding loopback multicast interface RAS Async Adapter
13:16:06.096 [DEBUG] [org.gradle.internal.remote.internal.inet.InetAddressFactory] Adding IP addresses for network interface WAN Miniport (IKEv2)
13:16:06.112 [DEBUG] [org.gradle.internal.remote.internal.inet.InetAddressFactory] Is this a loopback interface? false
13:16:06.112 [DEBUG] [org.gradle.internal.remote.internal.inet.InetAddressFactory] Is this a multicast interface? true
13:16:06.112 [DEBUG] [org.gradle.internal.remote.internal.inet.InetAddressFactory] Adding loopback multicast interface WAN Miniport (IKEv2)
13:16:06.112 [DEBUG] [org.gradle.internal.remote.internal.inet.InetAddressFactory] Adding IP addresses for network interface Intel(R) Ethernet Connection I217-LM
13:16:06.112 [DEBUG] [org.gradle.internal.remote.internal.inet.InetAddressFactory] Is this a loopback interface? false
13:16:06.112 [DEBUG] [org.gradle.internal.remote.internal.inet.InetAddressFactory] Is this a multicast interface? true
13:16:06.112 [DEBUG] [org.gradle.internal.remote.internal.inet.InetAddressFactory] Adding remote address /fe80:0:0:0:2cef:80cc:b40:5c91%eth3
13:16:06.112 [DEBUG] [org.gradle.internal.remote.internal.inet.InetAddressFactory] Adding remote multicast interface Intel(R) Ethernet Connection I217-LM
13:16:06.112 [DEBUG] [org.gradle.internal.remote.internal.inet.InetAddressFactory] Adding IP addresses for network interface Microsoft 6to4 Adapter
13:16:06.112 [DEBUG] [org.gradle.internal.remote.internal.inet.InetAddressFactory] Is this a loopback interface? false
13:16:06.112 [DEBUG] [org.gradle.internal.remote.internal.inet.InetAddressFactory] Is this a multicast interface? false
13:16:06.112 [DEBUG] [org.gradle.internal.remote.internal.inet.InetAddressFactory] Adding IP addresses for network interface Bluetooth Device (RFCOMM Protocol TDI) #2
13:16:06.112 [DEBUG] [org.gradle.internal.remote.internal.inet.InetAddressFactory] Is this a loopback interface? false
13:16:06.112 [DEBUG] [org.gradle.internal.remote.internal.inet.InetAddressFactory] Is this a multicast interface? true
13:16:06.112 [DEBUG] [org.gradle.internal.remote.internal.inet.InetAddressFactory] Adding loopback multicast interface Bluetooth Device (RFCOMM Protocol TDI) #2
13:16:06.112 [DEBUG] [org.gradle.internal.remote.internal.inet.InetAddressFactory] Adding IP addresses for network interface Bluetooth Device (Personal Area Network) #2
13:16:06.112 [DEBUG] [org.gradle.internal.remote.internal.inet.InetAddressFactory] Is this a loopback interface? false
13:16:06.128 [DEBUG] [org.gradle.internal.remote.internal.inet.InetAddressFactory] Is this a multicast interface? true
13:16:06.128 [DEBUG] [org.gradle.internal.remote.internal.inet.InetAddressFactory] Adding remote address /fe80:0:0:0:1c53:e74b:d4ec:2c4b%eth4
13:16:06.128 [DEBUG] [org.gradle.internal.remote.internal.inet.InetAddressFactory] Adding remote multicast interface Bluetooth Device (Personal Area Network) #2
13:16:06.128 [DEBUG] [org.gradle.internal.remote.internal.inet.InetAddressFactory] Adding IP addresses for network interface Intel(R) Centrino(R) Advanced-N 6235
13:16:06.128 [DEBUG] [org.gradle.internal.remote.internal.inet.InetAddressFactory] Is this a loopback interface? false
13:16:06.128 [DEBUG] [org.gradle.internal.remote.internal.inet.InetAddressFactory] Is this a multicast interface? true
13:16:06.128 [DEBUG] [org.gradle.internal.remote.internal.inet.InetAddressFactory] Adding remote address /192.168.1.5
13:16:06.128 [DEBUG] [org.gradle.internal.remote.internal.inet.InetAddressFactory] Adding remote address /fe80:0:0:0:3d30:1059:778:5402%wlan0
13:16:06.128 [DEBUG] [org.gradle.internal.remote.internal.inet.InetAddressFactory] Adding remote multicast interface Intel(R) Centrino(R) Advanced-N 6235
13:16:06.128 [DEBUG] [org.gradle.internal.remote.internal.inet.InetAddressFactory] Adding IP addresses for network interface Microsoft Virtual WiFi Miniport Adapter
13:16:06.128 [DEBUG] [org.gradle.internal.remote.internal.inet.InetAddressFactory] Is this a loopback interface? false
13:16:06.128 [DEBUG] [org.gradle.internal.remote.internal.inet.InetAddressFactory] Is this a multicast interface? true
13:16:06.128 [DEBUG] [org.gradle.internal.remote.internal.inet.InetAddressFactory] Adding remote address /fe80:0:0:0:953:8a37:1fc8:de1%wlan1
13:16:06.128 [DEBUG] [org.gradle.internal.remote.internal.inet.InetAddressFactory] Adding remote multicast interface Microsoft Virtual WiFi Miniport Adapter
13:16:06.128 [DEBUG] [org.gradle.internal.remote.internal.inet.InetAddressFactory] Adding IP addresses for network interface Microsoft Virtual WiFi Miniport Adapter #2
13:16:06.128 [DEBUG] [org.gradle.internal.remote.internal.inet.InetAddressFactory] Is this a loopback interface? false
13:16:06.128 [DEBUG] [org.gradle.internal.remote.internal.inet.InetAddressFactory] Is this a multicast interface? true
13:16:06.143 [DEBUG] [org.gradle.internal.remote.internal.inet.InetAddressFactory] Adding remote address /fe80:0:0:0:8487:45b4:637e:5939%wlan2
13:16:06.143 [DEBUG] [org.gradle.internal.remote.internal.inet.InetAddressFactory] Adding remote multicast interface Microsoft Virtual WiFi Miniport Adapter #2
13:16:06.143 [DEBUG] [org.gradle.internal.remote.internal.inet.InetAddressFactory] Adding IP addresses for network interface VirtualBox Host-Only Ethernet Adapter
13:16:06.143 [DEBUG] [org.gradle.internal.remote.internal.inet.InetAddressFactory] Is this a loopback interface? false
13:16:06.143 [DEBUG] [org.gradle.internal.remote.internal.inet.InetAddressFactory] Is this a multicast interface? true
13:16:06.143 [DEBUG] [org.gradle.internal.remote.internal.inet.InetAddressFactory] Adding remote address /192.168.56.1
13:16:06.143 [DEBUG] [org.gradle.internal.remote.internal.inet.InetAddressFactory] Adding remote address /fe80:0:0:0:7863:3c16:9d58:eb2e%eth5
13:16:06.143 [DEBUG] [org.gradle.internal.remote.internal.inet.InetAddressFactory] Adding remote multicast interface VirtualBox Host-Only Ethernet Adapter
13:16:06.143 [DEBUG] [org.gradle.internal.remote.internal.inet.InetAddressFactory] Adding IP addresses for network interface Microsoft ISATAP Adapter #6
13:16:06.143 [DEBUG] [org.gradle.internal.remote.internal.inet.InetAddressFactory] Is this a loopback interface? false
13:16:06.143 [DEBUG] [org.gradle.internal.remote.internal.inet.InetAddressFactory] Is this a multicast interface? false
13:16:06.143 [DEBUG] [org.gradle.internal.remote.internal.inet.InetAddressFactory] Adding remote address /fe80:0:0:0:0:5efe:c0a8:3801%net6
13:16:06.143 [DEBUG] [org.gradle.internal.remote.internal.inet.InetAddressFactory] Adding IP addresses for network interface VirtualBox Host-Only Ethernet Adapter #2
13:16:06.143 [DEBUG] [org.gradle.internal.remote.internal.inet.InetAddressFactory] Is this a loopback interface? false
13:16:06.143 [DEBUG] [org.gradle.internal.remote.internal.inet.InetAddressFactory] Is this a multicast interface? true
13:16:06.143 [DEBUG] [org.gradle.internal.remote.internal.inet.InetAddressFactory] Adding remote address /192.168.211.2
13:16:06.143 [DEBUG] [org.gradle.internal.remote.internal.inet.InetAddressFactory] Adding remote address /fe80:0:0:0:ac9f:31f1:38d5:108d%eth6
13:16:06.143 [DEBUG] [org.gradle.internal.remote.internal.inet.InetAddressFactory] Adding remote multicast interface VirtualBox Host-Only Ethernet Adapter #2
13:16:06.143 [DEBUG] [org.gradle.internal.remote.internal.inet.InetAddressFactory] Adding IP addresses for network interface Microsoft ISATAP Adapter #7
13:16:06.143 [DEBUG] [org.gradle.internal.remote.internal.inet.InetAddressFactory] Is this a loopback interface? false
13:16:06.143 [DEBUG] [org.gradle.internal.remote.internal.inet.InetAddressFactory] Is this a multicast interface? false
13:16:06.143 [DEBUG] [org.gradle.internal.remote.internal.inet.InetAddressFactory] Adding remote address /fe80:0:0:0:0:5efe:c0a8:d302%net7
13:16:06.143 [DEBUG] [org.gradle.internal.remote.internal.inet.InetAddressFactory] Adding IP addresses for network interface Microsoft ISATAP Adapter
13:16:06.159 [DEBUG] [org.gradle.internal.remote.internal.inet.InetAddressFactory] Is this a loopback interface? false
13:16:06.159 [DEBUG] [org.gradle.internal.remote.internal.inet.InetAddressFactory] Is this a multicast interface? false
13:16:06.159 [DEBUG] [org.gradle.internal.remote.internal.inet.InetAddressFactory] Adding IP addresses for network interface Microsoft ISATAP Adapter #2
13:16:06.159 [DEBUG] [org.gradle.internal.remote.internal.inet.InetAddressFactory] Is this a loopback interface? false
13:16:06.159 [DEBUG] [org.gradle.internal.remote.internal.inet.InetAddressFactory] Is this a multicast interface? false
13:16:06.159 [DEBUG] [org.gradle.internal.remote.internal.inet.InetAddressFactory] Adding IP addresses for network interface Microsoft ISATAP Adapter #3
13:16:06.159 [DEBUG] [org.gradle.internal.remote.internal.inet.InetAddressFactory] Is this a loopback interface? false
13:16:06.159 [DEBUG] [org.gradle.internal.remote.internal.inet.InetAddressFactory] Is this a multicast interface? false
13:16:06.159 [DEBUG] [org.gradle.internal.remote.internal.inet.InetAddressFactory] Adding remote address /fe80:0:0:0:0:5efe:c0a8:105%net10
13:16:06.159 [DEBUG] [org.gradle.internal.remote.internal.inet.InetAddressFactory] Adding IP addresses for network interface Microsoft ISATAP Adapter #4
13:16:06.159 [DEBUG] [org.gradle.internal.remote.internal.inet.InetAddressFactory] Is this a loopback interface? false
13:16:06.159 [DEBUG] [org.gradle.internal.remote.internal.inet.InetAddressFactory] Is this a multicast interface? false
13:16:06.159 [DEBUG] [org.gradle.internal.remote.internal.inet.InetAddressFactory] Adding IP addresses for network interface Microsoft ISATAP Adapter #5
13:16:06.174 [DEBUG] [org.gradle.internal.remote.internal.inet.InetAddressFactory] Is this a loopback interface? false
13:16:06.174 [DEBUG] [org.gradle.internal.remote.internal.inet.InetAddressFactory] Is this a multicast interface? false
13:16:06.174 [DEBUG] [org.gradle.internal.remote.internal.inet.InetAddressFactory] Adding IP addresses for network interface Intel(R) Ethernet Connection I217-LM-VirtualBox NDIS Light-Weight Filter-0000
13:16:06.174 [DEBUG] [org.gradle.internal.remote.internal.inet.InetAddressFactory] Is this a loopback interface? false
13:16:06.174 [DEBUG] [org.gradle.internal.remote.internal.inet.InetAddressFactory] Is this a multicast interface? true
13:16:06.174 [DEBUG] [org.gradle.internal.remote.internal.inet.InetAddressFactory] Adding loopback multicast interface Intel(R) Ethernet Connection I217-LM-VirtualBox NDIS Light-Weight Filter-0000
13:16:06.174 [DEBUG] [org.gradle.internal.remote.internal.inet.InetAddressFactory] Adding IP addresses for network interface Intel(R) Ethernet Connection I217-LM-QoS Packet Scheduler-0000
13:16:06.174 [DEBUG] [org.gradle.internal.remote.internal.inet.InetAddressFactory] Is this a loopback interface? false
13:16:06.174 [DEBUG] [org.gradle.internal.remote.internal.inet.InetAddressFactory] Is this a multicast interface? true
13:16:06.174 [DEBUG] [org.gradle.internal.remote.internal.inet.InetAddressFactory] Adding loopback multicast interface Intel(R) Ethernet Connection I217-LM-QoS Packet Scheduler-0000
13:16:06.174 [DEBUG] [org.gradle.internal.remote.internal.inet.InetAddressFactory] Adding IP addresses for network interface Intel(R) Ethernet Connection I217-LM-WFP LightWeight Filter-0000
13:16:06.174 [DEBUG] [org.gradle.internal.remote.internal.inet.InetAddressFactory] Is this a loopback interface? false
13:16:06.174 [DEBUG] [org.gradle.internal.remote.internal.inet.InetAddressFactory] Is this a multicast interface? true
13:16:06.174 [DEBUG] [org.gradle.internal.remote.internal.inet.InetAddressFactory] Adding loopback multicast interface Intel(R) Ethernet Connection I217-LM-WFP LightWeight Filter-0000
13:16:06.174 [DEBUG] [org.gradle.internal.remote.internal.inet.InetAddressFactory] Adding IP addresses for network interface Intel(R) Centrino(R) Advanced-N 6235-VirtualBox NDIS Light-Weight Filter-0000
13:16:06.174 [DEBUG] [org.gradle.internal.remote.internal.inet.InetAddressFactory] Is this a loopback interface? false
13:16:06.190 [DEBUG] [org.gradle.internal.remote.internal.inet.InetAddressFactory] Is this a multicast interface? true
13:16:06.190 [DEBUG] [org.gradle.internal.remote.internal.inet.InetAddressFactory] Adding loopback multicast interface Intel(R) Centrino(R) Advanced-N 6235-VirtualBox NDIS Light-Weight Filter-0000
13:16:06.190 [DEBUG] [org.gradle.internal.remote.internal.inet.InetAddressFactory] Adding IP addresses for network interface Intel(R) Centrino(R) Advanced-N 6235-QoS Packet Scheduler-0000
13:16:06.190 [DEBUG] [org.gradle.internal.remote.internal.inet.InetAddressFactory] Is this a loopback interface? false
13:16:06.190 [DEBUG] [org.gradle.internal.remote.internal.inet.InetAddressFactory] Is this a multicast interface? true
13:16:06.190 [DEBUG] [org.gradle.internal.remote.internal.inet.InetAddressFactory] Adding loopback multicast interface Intel(R) Centrino(R) Advanced-N 6235-QoS Packet Scheduler-0000
13:16:06.190 [DEBUG] [org.gradle.internal.remote.internal.inet.InetAddressFactory] Adding IP addresses for network interface Intel(R) Centrino(R) Advanced-N 6235-Virtual WiFi Filter Driver-0000
13:16:06.190 [DEBUG] [org.gradle.internal.remote.internal.inet.InetAddressFactory] Is this a loopback interface? false
13:16:06.190 [DEBUG] [org.gradle.internal.remote.internal.inet.InetAddressFactory] Is this a multicast interface? true
13:16:06.190 [DEBUG] [org.gradle.internal.remote.internal.inet.InetAddressFactory] Adding loopback multicast interface Intel(R) Centrino(R) Advanced-N 6235-Virtual WiFi Filter Driver-0000
13:16:06.190 [DEBUG] [org.gradle.internal.remote.internal.inet.InetAddressFactory] Adding IP addresses for network interface WAN Miniport (IPv6)-QoS Packet Scheduler-0000
13:16:06.206 [DEBUG] [org.gradle.internal.remote.internal.inet.InetAddressFactory] Is this a loopback interface? false
13:16:06.206 [DEBUG] [org.gradle.internal.remote.internal.inet.InetAddressFactory] Is this a multicast interface? true
13:16:06.206 [DEBUG] [org.gradle.internal.remote.internal.inet.InetAddressFactory] Adding loopback multicast interface WAN Miniport (IPv6)-QoS Packet Scheduler-0000
13:16:06.206 [DEBUG] [org.gradle.internal.remote.internal.inet.InetAddressFactory] Adding IP addresses for network interface WAN Miniport (IP)-QoS Packet Scheduler-0000
13:16:06.206 [DEBUG] [org.gradle.internal.remote.internal.inet.InetAddressFactory] Is this a loopback interface? false
13:16:06.206 [DEBUG] [org.gradle.internal.remote.internal.inet.InetAddressFactory] Is this a multicast interface? true
13:16:06.206 [DEBUG] [org.gradle.internal.remote.internal.inet.InetAddressFactory] Adding loopback multicast interface WAN Miniport (IP)-QoS Packet Scheduler-0000
13:16:06.206 [DEBUG] [org.gradle.internal.remote.internal.inet.InetAddressFactory] Adding IP addresses for network interface WAN Miniport (Network Monitor)-QoS Packet Scheduler-0000
13:16:06.206 [DEBUG] [org.gradle.internal.remote.internal.inet.InetAddressFactory] Is this a loopback interface? false
13:16:06.206 [DEBUG] [org.gradle.internal.remote.internal.inet.InetAddressFactory] Is this a multicast interface? true
13:16:06.206 [DEBUG] [org.gradle.internal.remote.internal.inet.InetAddressFactory] Adding loopback multicast interface WAN Miniport (Network Monitor)-QoS Packet Scheduler-0000
13:16:06.206 [DEBUG] [org.gradle.internal.remote.internal.inet.InetAddressFactory] Adding IP addresses for network interface VirtualBox Host-Only Ethernet Adapter-VirtualBox NDIS Light-Weight Filter-0000
13:16:06.206 [DEBUG] [org.gradle.internal.remote.internal.inet.InetAddressFactory] Is this a loopback interface? false
13:16:06.206 [DEBUG] [org.gradle.internal.remote.internal.inet.InetAddressFactory] Is this a multicast interface? true
13:16:06.206 [DEBUG] [org.gradle.internal.remote.internal.inet.InetAddressFactory] Adding loopback multicast interface VirtualBox Host-Only Ethernet Adapter-VirtualBox NDIS Light-Weight Filter-0000
13:16:06.206 [DEBUG] [org.gradle.internal.remote.internal.inet.InetAddressFactory] Adding IP addresses for network interface VirtualBox Host-Only Ethernet Adapter-QoS Packet Scheduler-0000
13:16:06.221 [DEBUG] [org.gradle.internal.remote.internal.inet.InetAddressFactory] Is this a loopback interface? false
13:16:06.221 [DEBUG] [org.gradle.internal.remote.internal.inet.InetAddressFactory] Is this a multicast interface? true
13:16:06.221 [DEBUG] [org.gradle.internal.remote.internal.inet.InetAddressFactory] Adding loopback multicast interface VirtualBox Host-Only Ethernet Adapter-QoS Packet Scheduler-0000
13:16:06.221 [DEBUG] [org.gradle.internal.remote.internal.inet.InetAddressFactory] Adding IP addresses for network interface VirtualBox Host-Only Ethernet Adapter-WFP LightWeight Filter-0000
13:16:06.221 [DEBUG] [org.gradle.internal.remote.internal.inet.InetAddressFactory] Is this a loopback interface? false
13:16:06.221 [DEBUG] [org.gradle.internal.remote.internal.inet.InetAddressFactory] Is this a multicast interface? true
13:16:06.221 [DEBUG] [org.gradle.internal.remote.internal.inet.InetAddressFactory] Adding loopback multicast interface VirtualBox Host-Only Ethernet Adapter-WFP LightWeight Filter-0000
13:16:06.221 [DEBUG] [org.gradle.internal.remote.internal.inet.InetAddressFactory] Adding IP addresses for network interface VirtualBox Host-Only Ethernet Adapter #2-VirtualBox NDIS Light-Weight Filter-0000
13:16:06.221 [DEBUG] [org.gradle.internal.remote.internal.inet.InetAddressFactory] Is this a loopback interface? false
13:16:06.221 [DEBUG] [org.gradle.internal.remote.internal.inet.InetAddressFactory] Is this a multicast interface? true
13:16:06.221 [DEBUG] [org.gradle.internal.remote.internal.inet.InetAddressFactory] Adding loopback multicast interface VirtualBox Host-Only Ethernet Adapter #2-VirtualBox NDIS Light-Weight Filter-0000
13:16:06.221 [DEBUG] [org.gradle.internal.remote.internal.inet.InetAddressFactory] Adding IP addresses for network interface VirtualBox Host-Only Ethernet Adapter #2-QoS Packet Scheduler-0000
13:16:06.221 [DEBUG] [org.gradle.internal.remote.internal.inet.InetAddressFactory] Is this a loopback interface? false
13:16:06.221 [DEBUG] [org.gradle.internal.remote.internal.inet.InetAddressFactory] Is this a multicast interface? true
13:16:06.221 [DEBUG] [org.gradle.internal.remote.internal.inet.InetAddressFactory] Adding loopback multicast interface VirtualBox Host-Only Ethernet Adapter #2-QoS Packet Scheduler-0000
13:16:06.221 [DEBUG] [org.gradle.internal.remote.internal.inet.InetAddressFactory] Adding IP addresses for network interface VirtualBox Host-Only Ethernet Adapter #2-WFP LightWeight Filter-0000
13:16:06.221 [DEBUG] [org.gradle.internal.remote.internal.inet.InetAddressFactory] Is this a loopback interface? false
13:16:06.237 [DEBUG] [org.gradle.internal.remote.internal.inet.InetAddressFactory] Is this a multicast interface? true
13:16:06.237 [DEBUG] [org.gradle.internal.remote.internal.inet.InetAddressFactory] Adding loopback multicast interface VirtualBox Host-Only Ethernet Adapter #2-WFP LightWeight Filter-0000
13:16:06.237 [DEBUG] [org.gradle.internal.remote.internal.inet.InetAddressFactory] Adding IP addresses for network interface Intel(R) Centrino(R) Advanced-N 6235-Native WiFi Filter Driver-0000
13:16:06.237 [DEBUG] [org.gradle.internal.remote.internal.inet.InetAddressFactory] Is this a loopback interface? false
13:16:06.237 [DEBUG] [org.gradle.internal.remote.internal.inet.InetAddressFactory] Is this a multicast interface? true
13:16:06.237 [DEBUG] [org.gradle.internal.remote.internal.inet.InetAddressFactory] Adding loopback multicast interface Intel(R) Centrino(R) Advanced-N 6235-Native WiFi Filter Driver-0000
13:16:06.237 [DEBUG] [org.gradle.internal.remote.internal.inet.InetAddressFactory] Adding IP addresses for network interface Intel(R) Centrino(R) Advanced-N 6235-WFP LightWeight Filter-0000
13:16:06.237 [DEBUG] [org.gradle.internal.remote.internal.inet.InetAddressFactory] Is this a loopback interface? false
13:16:06.237 [DEBUG] [org.gradle.internal.remote.internal.inet.InetAddressFactory] Is this a multicast interface? true
13:16:06.237 [DEBUG] [org.gradle.internal.remote.internal.inet.InetAddressFactory] Adding loopback multicast interface Intel(R) Centrino(R) Advanced-N 6235-WFP LightWeight Filter-0000
13:16:06.237 [DEBUG] [org.gradle.internal.remote.internal.inet.InetAddressFactory] Adding IP addresses for network interface Microsoft Virtual WiFi Miniport Adapter-Native WiFi Filter Driver-0000
13:16:06.237 [DEBUG] [org.gradle.internal.remote.internal.inet.InetAddressFactory] Is this a loopback interface? false
13:16:06.237 [DEBUG] [org.gradle.internal.remote.internal.inet.InetAddressFactory] Is this a multicast interface? true
13:16:06.237 [DEBUG] [org.gradle.internal.remote.internal.inet.InetAddressFactory] Adding loopback multicast interface Microsoft Virtual WiFi Miniport Adapter-Native WiFi Filter Driver-0000
13:16:06.237 [DEBUG] [org.gradle.internal.remote.internal.inet.InetAddressFactory] Adding IP addresses for network interface Microsoft Virtual WiFi Miniport Adapter-VirtualBox NDIS Light-Weight Filter-0000
13:16:06.237 [DEBUG] [org.gradle.internal.remote.internal.inet.InetAddressFactory] Is this a loopback interface? false
13:16:06.237 [DEBUG] [org.gradle.internal.remote.internal.inet.InetAddressFactory] Is this a multicast interface? true
13:16:06.237 [DEBUG] [org.gradle.internal.remote.internal.inet.InetAddressFactory] Adding loopback multicast interface Microsoft Virtual WiFi Miniport Adapter-VirtualBox NDIS Light-Weight Filter-0000
13:16:06.237 [DEBUG] [org.gradle.internal.remote.internal.inet.InetAddressFactory] Adding IP addresses for network interface Microsoft Virtual WiFi Miniport Adapter-QoS Packet Scheduler-0000
13:16:06.237 [DEBUG] [org.gradle.internal.remote.internal.inet.InetAddressFactory] Is this a loopback interface? false
13:16:06.252 [DEBUG] [org.gradle.internal.remote.internal.inet.InetAddressFactory] Is this a multicast interface? true
13:16:06.252 [DEBUG] [org.gradle.internal.remote.internal.inet.InetAddressFactory] Adding loopback multicast interface Microsoft Virtual WiFi Miniport Adapter-QoS Packet Scheduler-0000
13:16:06.252 [DEBUG] [org.gradle.internal.remote.internal.inet.InetAddressFactory] Adding IP addresses for network interface Microsoft Virtual WiFi Miniport Adapter-WFP LightWeight Filter-0000
13:16:06.252 [DEBUG] [org.gradle.internal.remote.internal.inet.InetAddressFactory] Is this a loopback interface? false
13:16:06.252 [DEBUG] [org.gradle.internal.remote.internal.inet.InetAddressFactory] Is this a multicast interface? true
13:16:06.252 [DEBUG] [org.gradle.internal.remote.internal.inet.InetAddressFactory] Adding loopback multicast interface Microsoft Virtual WiFi Miniport Adapter-WFP LightWeight Filter-0000
13:16:06.252 [DEBUG] [org.gradle.internal.remote.internal.inet.InetAddressFactory] Adding IP addresses for network interface Microsoft Virtual WiFi Miniport Adapter #2-Native WiFi Filter Driver-0000
13:16:06.252 [DEBUG] [org.gradle.internal.remote.internal.inet.InetAddressFactory] Is this a loopback interface? false
13:16:06.252 [DEBUG] [org.gradle.internal.remote.internal.inet.InetAddressFactory] Is this a multicast interface? true
13:16:06.252 [DEBUG] [org.gradle.internal.remote.internal.inet.InetAddressFactory] Adding loopback multicast interface Microsoft Virtual WiFi Miniport Adapter #2-Native WiFi Filter Driver-0000
13:16:06.252 [DEBUG] [org.gradle.internal.remote.internal.inet.InetAddressFactory] Adding IP addresses for network interface Microsoft Virtual WiFi Miniport Adapter #2-VirtualBox NDIS Light-Weight Filter-0000
13:16:06.252 [DEBUG] [org.gradle.internal.remote.internal.inet.InetAddressFactory] Is this a loopback interface? false
13:16:06.252 [DEBUG] [org.gradle.internal.remote.internal.inet.InetAddressFactory] Is this a multicast interface? true
13:16:06.252 [DEBUG] [org.gradle.internal.remote.internal.inet.InetAddressFactory] Adding loopback multicast interface Microsoft Virtual WiFi Miniport Adapter #2-VirtualBox NDIS Light-Weight Filter-0000
13:16:06.252 [DEBUG] [org.gradle.internal.remote.internal.inet.InetAddressFactory] Adding IP addresses for network interface Microsoft Virtual WiFi Miniport Adapter #2-QoS Packet Scheduler-0000
13:16:06.252 [DEBUG] [org.gradle.internal.remote.internal.inet.InetAddressFactory] Is this a loopback interface? false
13:16:06.252 [DEBUG] [org.gradle.internal.remote.internal.inet.InetAddressFactory] Is this a multicast interface? true
13:16:06.252 [DEBUG] [org.gradle.internal.remote.internal.inet.InetAddressFactory] Adding loopback multicast interface Microsoft Virtual WiFi Miniport Adapter #2-QoS Packet Scheduler-0000
13:16:06.252 [DEBUG] [org.gradle.internal.remote.internal.inet.InetAddressFactory] Adding IP addresses for network interface Microsoft Virtual WiFi Miniport Adapter #2-WFP LightWeight Filter-0000
13:16:06.268 [DEBUG] [org.gradle.internal.remote.internal.inet.InetAddressFactory] Is this a loopback interface? false
13:16:06.268 [DEBUG] [org.gradle.internal.remote.internal.inet.InetAddressFactory] Is this a multicast interface? true
13:16:06.268 [DEBUG] [org.gradle.internal.remote.internal.inet.InetAddressFactory] Adding loopback multicast interface Microsoft Virtual WiFi Miniport Adapter #2-WFP LightWeight Filter-0000
13:16:06.268 [DEBUG] [org.gradle.internal.remote.internal.inet.TcpIncomingConnector] Listening on [a274a207-7b66-4e05-8792-0be477d39a5b port:49328, addresses:[/127.0.0.1, /0:0:0:0:0:0:0:1]].
13:16:06.268 [DEBUG] [org.gradle.launcher.daemon.server.Daemon] Daemon starting at: Fri Sep 30 13:16:06 CAT 2016, with address: [a274a207-7b66-4e05-8792-0be477d39a5b port:49328, addresses:[/127.0.0.1, /0:0:0:0:0:0:0:1]]
13:16:06.268 [INFO] [org.gradle.launcher.daemon.server.DomainRegistryUpdater] Advertising the daemon address to the clients: [a274a207-7b66-4e05-8792-0be477d39a5b port:49328, addresses:[/127.0.0.1, /0:0:0:0:0:0:0:1]]
13:16:06.268 [DEBUG] [org.gradle.launcher.daemon.server.DomainRegistryUpdater] Advertised daemon context: DefaultDaemonContext[uid=5456ba46-d716-4dea-bd48-7cd84f065c3d,javaHome=C:\Program Files\Java\jdk1.8.0_101,daemonRegistryDir=C:\Users\TIH\.gradle\daemon,pid=6604,idleTimeout=10800000,daemonOpts=-Xmx1536m,-Dfile.encoding=windows-1252,-Duser.country=US,-Duser.language=en,-Duser.variant]
13:16:06.268 [DEBUG] [org.gradle.launcher.daemon.registry.PersistentDaemonRegistry] Storing daemon address: [a274a207-7b66-4e05-8792-0be477d39a5b port:49328, addresses:[/127.0.0.1, /0:0:0:0:0:0:0:1]], context: DefaultDaemonContext[uid=5456ba46-d716-4dea-bd48-7cd84f065c3d,javaHome=C:\Program Files\Java\jdk1.8.0_101,daemonRegistryDir=C:\Users\TIH\.gradle\daemon,pid=6604,idleTimeout=10800000,daemonOpts=-Xmx1536m,-Dfile.encoding=windows-1252,-Duser.country=US,-Duser.language=en,-Duser.variant]
13:16:06.268 [DEBUG] [org.gradle.cache.internal.DefaultFileLockManager] Waiting to acquire exclusive lock on daemon addresses registry.
13:16:06.268 [DEBUG] [org.gradle.cache.internal.DefaultFileLockManager] The file lock is held by a different Gradle process (pid: 6608, operation: ). Will attempt to ping owner at port 56128
13:16:06.471 [DEBUG] [org.gradle.cache.internal.DefaultFileLockManager] Lock acquired.
13:16:06.674 [DEBUG] [org.gradle.cache.internal.DefaultFileLockManager] Releasing lock on daemon addresses registry.
13:16:06.861 [LIFECYCLE] [org.gradle.launcher.daemon.server.Daemon] Daemon server started.
13:16:06.861 [DEBUG] [org.gradle.launcher.daemon.bootstrap.DaemonStartupCommunication] Completed writing the daemon greeting. Closing streams...
13:16:06.876 [DEBUG] [org.gradle.launcher.daemon.server.Daemon] stopOnExpiration() called on daemon
13:16:06.876 [DEBUG] [org.gradle.launcher.daemon.server.Daemon] awaitExpiration() called on daemon
13:16:06.876 [DEBUG] [org.gradle.launcher.daemon.server.DaemonStateCoordinator] daemon is running. Sleeping until state changes.
13:16:07.220 [DEBUG] [org.gradle.internal.remote.internal.inet.TcpIncomingConnector] Accepted connection from /127.0.0.1:49334 to /127.0.0.1:49328.
13:16:07.251 [DEBUG] [org.gradle.launcher.daemon.server.SynchronizedDispatchConnection] thread 17: received class org.gradle.launcher.daemon.protocol.Build
13:16:07.251 [DEBUG] [org.gradle.launcher.daemon.server.DefaultDaemonConnection] thread 17: Received non-IO message from client: Build{id=1aba6832-f23d-490f-a072-4c55fa4bdc88.1, currentDir=C:\Users\TIH\AndroidStudioProjects\Quiz3}
13:16:07.251 [INFO] [org.gradle.launcher.daemon.server.DefaultIncomingConnectionHandler] Received command: Build{id=1aba6832-f23d-490f-a072-4c55fa4bdc88.1, currentDir=C:\Users\TIH\AndroidStudioProjects\Quiz3}.
13:16:07.251 [DEBUG] [org.gradle.launcher.daemon.server.DefaultIncomingConnectionHandler] Starting executing command: Build{id=1aba6832-f23d-490f-a072-4c55fa4bdc88.1, currentDir=C:\Users\TIH\AndroidStudioProjects\Quiz3} with connection: socket connection from /127.0.0.1:49328 to /127.0.0.1:49334.
13:16:07.251 [DEBUG] [org.gradle.launcher.daemon.server.DaemonStateCoordinator] Command execution: started DaemonCommandExecution[command = Build{id=1aba6832-f23d-490f-a072-4c55fa4bdc88.1, currentDir=C:\Users\TIH\AndroidStudioProjects\Quiz3}, connection = org.gradle.launcher.daemon.server.DefaultDaemonConnection@2248dbc4] after 0.0 minutes of idle
13:16:07.251 [INFO] [org.gradle.launcher.daemon.server.DomainRegistryUpdater] Marking the daemon as busy, address: [a274a207-7b66-4e05-8792-0be477d39a5b port:49328, addresses:[/127.0.0.1, /0:0:0:0:0:0:0:1]]
13:16:07.251 [DEBUG] [org.gradle.launcher.daemon.registry.PersistentDaemonRegistry] Marking busy by address: [a274a207-7b66-4e05-8792-0be477d39a5b port:49328, addresses:[/127.0.0.1, /0:0:0:0:0:0:0:1]]
13:16:07.266 [DEBUG] [org.gradle.cache.internal.DefaultFileLockManager] Waiting to acquire exclusive lock on daemon addresses registry.
13:16:07.266 [DEBUG] [org.gradle.cache.internal.DefaultFileLockManager] Lock acquired.
13:16:07.266 [DEBUG] [org.gradle.cache.internal.DefaultFileLockManager] Releasing lock on daemon addresses registry.
13:16:07.266 [DEBUG] [org.gradle.launcher.daemon.server.DaemonStateCoordinator] updating lastActivityAt to 1475234167266
13:16:07.266 [DEBUG] [org.gradle.launcher.daemon.server.DaemonStateCoordinator] daemon is running. Sleeping until state changes.
13:16:07.282 [INFO] [org.gradle.launcher.daemon.server.exec.StartBuildOrRespondWithBusy] Daemon is about to start building Build{id=1aba6832-f23d-490f-a072-4c55fa4bdc88.1, currentDir=C:\Users\TIH\AndroidStudioProjects\Quiz3}. Dispatching build started information...
13:16:07.282 [DEBUG] [org.gradle.launcher.daemon.server.SynchronizedDispatchConnection] thread 19: dispatching class org.gradle.launcher.daemon.protocol.BuildStarted
13:16:07.282 [DEBUG] [org.gradle.launcher.daemon.server.exec.EstablishBuildEnvironment] Configuring env variables: {configsetroot=C:\Windows\ConfigSetRoot, PROCESSOR_LEVEL=6, FP_NO_HOST_CHECK=NO, SESSIONNAME=Console, ALLUSERSPROFILE=C:\ProgramData, TVTCOMMON=C:\Program Files (x86)\Common Files\Lenovo, PROCESSOR_ARCHITECTURE=AMD64, PSModulePath=C:\Windows\system32\WindowsPowerShell\v1.0\Modules\, SystemDrive=C:, COMMPath=C:\Program Files\Lenovo\Communications Utility, TVT=C:\Program Files (x86)\Lenovo, SWSHARE=C:\SWSHARE, USERNAME=TIH, ProgramFiles(x86)=C:\Program Files (x86), PATHEXT=.COM;.EXE;.BAT;.CMD;.VBS;.VBE;.JS;.JSE;.WSF;.WSH;.MSC, UOIPME_REG_PATH=C:\Program Files\Intel Corporation\USB over IP, ProgramData=C:\ProgramData, ProgramW6432=C:\Program Files, HOMEPATH=\Users\TIH, PROCESSOR_IDENTIFIER=Intel64 Family 6 Model 60 Stepping 3, GenuineIntel, ALCKPath=C:\Program Files\Lenovo\AutoLock, ProgramFiles=C:\Program Files, PUBLIC=C:\Users\Public, windir=C:\Windows, =::=::\, PowerMgrPath=C:\Program Files (x86)\Lenovo\PowerMgr, LOCALAPPDATA=C:\Users\TIH\AppData\Local, USERDOMAIN=TIH-PC, LOGONSERVER=\\TIH-PC, APPDATA=C:\Users\TIH\AppData\Roaming, READYAPPS=C:\SWTOOLS\ReadyApps, windows_tracing_logfile=C:\BVTBin\Tests\installpackage\csilogfile.log, VBOX_MSI_INSTALL_PATH=C:\Program Files\Oracle\VirtualBox\, CommonProgramFiles=C:\Program Files\Common Files, Path=C:\ProgramData\Oracle\Java\javapath;C:\Program Files (x86)\Intel\iCLS Client\;C:\Program Files\Intel\iCLS Client\;C:\Windows\system32;C:\Windows;C:\Windows\System32\Wbem;C:\Windows\System32\WindowsPowerShell\v1.0\;C:\Program Files\Intel\Intel(R) Management Engine Components\DAL;C:\Program Files\Intel\Intel(R) Management Engine Components\IPT;C:\Program Files (x86)\Intel\Intel(R) Management Engine Components\DAL;C:\Program Files (x86)\Intel\Intel(R) Management Engine Components\IPT;C:\Program Files\Intel\WiFi\bin\;C:\Program Files\Common Files\Intel\WirelessCommon\;C:\SWTOOLS\ReadyApps;C:\Program Files (x86)\Common Files\Lenovo;C:\Program Files (x86)\Common Files\lenovo\easyplussdk\bin;C:\Program Files\Git\cmd, OS=Windows_NT, windows_tracing_flags=3, COMPUTERNAME=TIH-PC, PROCESSOR_REVISION=3c03, CommonProgramW6432=C:\Program Files\Common Files, ComSpec=C:\Windows\system32\cmd.exe, SystemRoot=C:\Windows, TEMP=C:\Users\TIH\AppData\Local\Temp, HOMEDRIVE=C:, USERPROFILE=C:\Users\TIH, TMP=C:\Users\TIH\AppData\Local\Temp, easyplussdk="C:\Program Files (x86)\Common Files\lenovo\easyplussdk\bin", CommonProgramFiles(x86)=C:\Program Files (x86)\Common Files, NUMBER_OF_PROCESSORS=8}
13:16:07.282 [DEBUG] [org.gradle.launcher.daemon.server.exec.LogToClient] About to start relaying all logs to the client via the connection.
13:16:07.282 [INFO] [org.gradle.launcher.daemon.server.exec.LogToClient] The client will now receive all logging from the daemon (pid: 6604). The daemon log file: C:\Users\TIH\.gradle\daemon\2.14.1\daemon-6604.out.log
13:16:07.282 [INFO] [org.gradle.launcher.daemon.server.health.DaemonHealthTracker] Starting build in new daemon [memory: 1.4 GB]
13:16:07.282 [DEBUG] [org.gradle.launcher.daemon.server.exec.ExecuteBuild] The daemon has started executing the build.
13:16:07.282 [INFO] [org.gradle.launcher.daemon.server.exec.ExecuteBuild] Executing build with daemon context: DefaultDaemonContext[uid=5456ba46-d716-4dea-bd48-7cd84f065c3d,javaHome=C:\Program Files\Java\jdk1.8.0_101,daemonRegistryDir=C:\Users\TIH\.gradle\daemon,pid=6604,idleTimeout=10800000,daemonOpts=-Xmx1536m,-Dfile.encoding=windows-1252,-Duser.country=US,-Duser.language=en,-Duser.variant]
13:16:07.298 [DEBUG] [org.gradle.launcher.daemon.server.SynchronizedDispatchConnection] thread 17: received class org.gradle.launcher.daemon.protocol.CloseInput
13:16:07.298 [DEBUG] [org.gradle.launcher.daemon.server.DefaultDaemonConnection] thread 17: Received IO message from client: org.gradle.launcher.daemon.protocol.CloseInput@26d9a367
13:16:07.298 [INFO] [org.gradle.launcher.daemon.server.exec.ForwardClientInput] Closing daemon's stdin at end of input.
13:16:07.298 [INFO] [org.gradle.launcher.daemon.server.exec.ForwardClientInput] The daemon will no longer process any standard input.
Incremental java compilation is an incubating feature.

CONFIGURE SUCCESSFUL

Total time: 1 mins 9.315 secs
The Test.testSrcDirs property has been deprecated and is scheduled to be removed in Gradle 3.0. Support for TestNG Javadoc annotations will be removed in Gradle 3.0.
13:17:05.478 [DEBUG] [org.gradle.api.internal.artifacts.ivyservice.resolveengine.store.CachedStoreFactory] Resolution result cache closed. Cache reads: 0, disk reads: 0 (avg: 0.0 secs, total: 0.0 secs)
13:17:05.494 [DEBUG] [org.gradle.api.internal.artifacts.ivyservice.resolveengine.store.CachedStoreFactory] Resolution result cache closed. Cache reads: 4, disk reads: 8 (avg: 0.0 secs, total: 0.0 secs)
13:17:05.494 [DEBUG] [org.gradle.api.internal.artifacts.ivyservice.resolveengine.store.ResolutionResultsStoreFactory] Deleted 2 resolution results binary files in 0.032 secs
13:17:05.494 [DEBUG] [org.gradle.api.internal.artifacts.ivyservice.ivyresolve.memcache.InMemoryCachedRepositoryFactory] In-memory dependency metadata cache closed. Repos cached: 49, cache instances: 5, modules served from cache: 172, artifacts: 46
13:17:05.494 [DEBUG] [org.gradle.cache.internal.DefaultCacheAccess] Cache Generated Gradle JARs cache (C:\Users\TIH\.gradle\caches\2.14.1\generated-gradle-jars) was closed 0 times.
13:17:05.494 [DEBUG] [org.gradle.cache.internal.DefaultFileLockManager] Releasing lock on artifact cache (C:\Users\TIH\.gradle\caches\modules-2).
13:17:05.509 [DEBUG] [org.gradle.cache.internal.DefaultCacheAccess] Cache artifact cache (C:\Users\TIH\.gradle\caches\modules-2) was closed 8 times.
13:17:05.509 [DEBUG] [org.gradle.cache.internal.DefaultCacheAccess] Cache Plugin Resolution Cache (C:\Users\TIH\.gradle\caches\2.14.1\plugin-resolution) was closed 0 times.
13:17:05.509 [DEBUG] [org.gradle.api.internal.tasks.compile.daemon.CompilerDaemonManager] Stopping 0 compiler daemon(s).
13:17:05.509 [INFO] [org.gradle.api.internal.tasks.compile.daemon.CompilerDaemonManager] Stopped 0 compiler daemon(s).
13:17:05.509 [DEBUG] [org.gradle.cache.internal.DefaultCacheAccess] Cache jars (C:\Users\TIH\.gradle\caches\jars-1) was closed 6 times.
13:17:05.509 [DEBUG] [org.gradle.launcher.daemon.server.exec.ExecuteBuild] The daemon has finished executing the build.
13:17:05.509 [DEBUG] [org.gradle.launcher.daemon.server.health.DaemonStatus] GC rate: 0.10/s tenured usage: 1%
13:17:05.809 [DEBUG] [org.gradle.launcher.daemon.server.DaemonStateCoordinator] daemon is running. Sleeping until state changes.
13:17:05.809 [DEBUG] [org.gradle.launcher.daemon.server.DaemonStateCoordinator] Command execution: finished waiting for DaemonCommandExecution[command = Build{id=1aba6832-f23d-490f-a072-4c55fa4bdc88.1, currentDir=C:\Users\TIH\AndroidStudioProjects\Quiz3}, connection = org.gradle.launcher.daemon.server.DefaultDaemonConnection@2248dbc4]. Result org.gradle.launcher.daemon.server.DaemonStateCoordinator@450d7eb0 with state Running
13:17:05.809 [DEBUG] [org.gradle.launcher.daemon.server.DaemonStateCoordinator] Command execution: completed DaemonCommandExecution[command = Build{id=1aba6832-f23d-490f-a072-4c55fa4bdc88.1, currentDir=C:\Users\TIH\AndroidStudioProjects\Quiz3}, connection = org.gradle.launcher.daemon.server.DefaultDaemonConnection@2248dbc4]
13:17:05.809 [DEBUG] [org.gradle.launcher.daemon.server.DaemonStateCoordinator] updating lastActivityAt to 1475234225809
13:17:05.809 [INFO] [org.gradle.launcher.daemon.server.DomainRegistryUpdater] Marking the daemon as idle, address: [a274a207-7b66-4e05-8792-0be477d39a5b port:49328, addresses:[/127.0.0.1, /0:0:0:0:0:0:0:1]]
13:17:05.809 [DEBUG] [org.gradle.launcher.daemon.registry.PersistentDaemonRegistry] Marking idle by address: [a274a207-7b66-4e05-8792-0be477d39a5b port:49328, addresses:[/127.0.0.1, /0:0:0:0:0:0:0:1]]
13:17:05.809 [DEBUG] [org.gradle.cache.internal.DefaultFileLockManager] Waiting to acquire exclusive lock on daemon addresses registry.
13:17:05.809 [DEBUG] [org.gradle.cache.internal.DefaultFileLockManager] Lock acquired.
13:17:05.824 [DEBUG] [org.gradle.cache.internal.DefaultFileLockManager] Releasing lock on daemon addresses registry.
13:17:05.824 [DEBUG] [org.gradle.launcher.daemon.server.DaemonStateCoordinator] daemon is running. Sleeping until state changes.
13:17:05.824 [DEBUG] [org.gradle.launcher.daemon.server.exec.ReturnResult] Daemon is dispatching the build result: Success[value=org.gradle.tooling.internal.provider.BuildActionResult@13336e84]
13:17:05.824 [DEBUG] [org.gradle.launcher.daemon.server.SynchronizedDispatchConnection] thread 16: dispatching class org.gradle.launcher.daemon.protocol.Success
13:17:05.840 [DEBUG] [org.gradle.launcher.daemon.server.DefaultIncomingConnectionHandler] Finishing executing command: Build{id=1aba6832-f23d-490f-a072-4c55fa4bdc88.1, currentDir=C:\Users\TIH\AndroidStudioProjects\Quiz3}
13:17:05.840 [DEBUG] [org.gradle.launcher.daemon.server.SynchronizedDispatchConnection] thread 17: received class org.gradle.launcher.daemon.protocol.Finished
13:17:05.840 [DEBUG] [org.gradle.launcher.daemon.server.DefaultDaemonConnection] thread 17: Received non-IO message from client: org.gradle.launcher.daemon.protocol.Finished@4f834e6f
13:17:05.840 [DEBUG] [org.gradle.internal.remote.internal.inet.SocketConnection] Discarding EOFException: java.io.EOFException
13:17:05.840 [DEBUG] [org.gradle.launcher.daemon.server.SynchronizedDispatchConnection] thread 17: received null
13:17:05.840 [DEBUG] [org.gradle.launcher.daemon.server.DefaultDaemonConnection] thread 17: Received end-of-input from client.
13:17:05.840 [DEBUG] [org.gradle.launcher.daemon.server.DefaultIncomingConnectionHandler] Received finished message: null
13:17:05.840 [DEBUG] [org.gradle.launcher.daemon.server.SynchronizedDispatchConnection] thread 16: stopping connection
13:17:05.840 [DEBUG] [org.gradle.launcher.daemon.server.SynchronizedDispatchConnection] thread 16: stopping connection
13:17:06.885 [DEBUG] [org.gradle.launcher.daemon.server.Daemon] DaemonExpirationPeriodicCheck running
13:17:06.885 [DEBUG] [org.gradle.launcher.daemon.server.health.DaemonStatus] GC rate: 0.11/s tenured usage: 2%
13:17:06.885 [DEBUG] [org.gradle.cache.internal.DefaultFileLockManager] Waiting to acquire shared lock on daemon addresses registry.
13:17:06.885 [DEBUG] [org.gradle.cache.internal.DefaultFileLockManager] Lock acquired.
13:17:06.885 [DEBUG] [org.gradle.cache.internal.DefaultFileLockManager] Releasing lock on daemon addresses registry.
13:18:06.887 [DEBUG] [org.gradle.launcher.daemon.server.Daemon] DaemonExpirationPeriodicCheck running
13:18:06.887 [DEBUG] [org.gradle.launcher.daemon.server.health.DaemonStatus] GC rate: 0.0/s
13:18:06.887 [DEBUG] [org.gradle.cache.internal.DefaultFileLockManager] Waiting to acquire shared lock on daemon addresses registry.
13:18:06.887 [DEBUG] [org.gradle.cache.internal.DefaultFileLockManager] Lock acquired.
13:18:06.887 [DEBUG] [org.gradle.cache.internal.DefaultFileLockManager] Releasing lock on daemon addresses registry.
13:18:11.742 [DEBUG] [org.gradle.internal.remote.internal.inet.TcpIncomingConnector] Accepted connection from /127.0.0.1:49396 to /127.0.0.1:49328.
13:18:11.771 [DEBUG] [org.gradle.launcher.daemon.server.SynchronizedDispatchConnection] thread 24: received class org.gradle.launcher.daemon.protocol.Build
13:18:11.771 [DEBUG] [org.gradle.launcher.daemon.server.DefaultDaemonConnection] thread 24: Received non-IO message from client: Build{id=577e20b3-df07-42d3-a802-f9847a679b40.1, currentDir=C:\Users\TIH\AndroidStudioProjects\Quiz}
13:18:11.772 [INFO] [org.gradle.launcher.daemon.server.DefaultIncomingConnectionHandler] Received command: Build{id=577e20b3-df07-42d3-a802-f9847a679b40.1, currentDir=C:\Users\TIH\AndroidStudioProjects\Quiz}.
13:18:11.772 [DEBUG] [org.gradle.launcher.daemon.server.DefaultIncomingConnectionHandler] Starting executing command: Build{id=577e20b3-df07-42d3-a802-f9847a679b40.1, currentDir=C:\Users\TIH\AndroidStudioProjects\Quiz} with connection: socket connection from /127.0.0.1:49328 to /127.0.0.1:49396.
13:18:11.772 [DEBUG] [org.gradle.launcher.daemon.server.DaemonStateCoordinator] Command execution: started DaemonCommandExecution[command = Build{id=577e20b3-df07-42d3-a802-f9847a679b40.1, currentDir=C:\Users\TIH\AndroidStudioProjects\Quiz}, connection = org.gradle.launcher.daemon.server.DefaultDaemonConnection@4054c58c] after 1.0 minutes of idle
13:18:11.773 [INFO] [org.gradle.launcher.daemon.server.DomainRegistryUpdater] Marking the daemon as busy, address: [a274a207-7b66-4e05-8792-0be477d39a5b port:49328, addresses:[/127.0.0.1, /0:0:0:0:0:0:0:1]]
13:18:11.773 [DEBUG] [org.gradle.launcher.daemon.registry.PersistentDaemonRegistry] Marking busy by address: [a274a207-7b66-4e05-8792-0be477d39a5b port:49328, addresses:[/127.0.0.1, /0:0:0:0:0:0:0:1]]
13:18:11.775 [DEBUG] [org.gradle.cache.internal.DefaultFileLockManager] Waiting to acquire exclusive lock on daemon addresses registry.
13:18:11.776 [DEBUG] [org.gradle.cache.internal.DefaultFileLockManager] Lock acquired.
13:18:11.785 [DEBUG] [org.gradle.cache.internal.DefaultFileLockManager] Releasing lock on daemon addresses registry.
13:18:11.786 [DEBUG] [org.gradle.launcher.daemon.server.DaemonStateCoordinator] updating lastActivityAt to 1475234291786
13:18:11.787 [DEBUG] [org.gradle.launcher.daemon.server.DaemonStateCoordinator] daemon is running. Sleeping until state changes.
13:18:11.787 [INFO] [org.gradle.launcher.daemon.server.exec.StartBuildOrRespondWithBusy] Daemon is about to start building Build{id=577e20b3-df07-42d3-a802-f9847a679b40.1, currentDir=C:\Users\TIH\AndroidStudioProjects\Quiz}. Dispatching build started information...
13:18:11.787 [DEBUG] [org.gradle.launcher.daemon.server.SynchronizedDispatchConnection] thread 26: dispatching class org.gradle.launcher.daemon.protocol.BuildStarted
13:18:11.788 [DEBUG] [org.gradle.launcher.daemon.server.exec.EstablishBuildEnvironment] Configuring env variables: {configsetroot=C:\Windows\ConfigSetRoot, PROCESSOR_LEVEL=6, FP_NO_HOST_CHECK=NO, SESSIONNAME=Console, ALLUSERSPROFILE=C:\ProgramData, TVTCOMMON=C:\Program Files (x86)\Common Files\Lenovo, PROCESSOR_ARCHITECTURE=AMD64, PSModulePath=C:\Windows\system32\WindowsPowerShell\v1.0\Modules\, SystemDrive=C:, COMMPath=C:\Program Files\Lenovo\Communications Utility, TVT=C:\Program Files (x86)\Lenovo, SWSHARE=C:\SWSHARE, USERNAME=TIH, ProgramFiles(x86)=C:\Program Files (x86), PATHEXT=.COM;.EXE;.BAT;.CMD;.VBS;.VBE;.JS;.JSE;.WSF;.WSH;.MSC, UOIPME_REG_PATH=C:\Program Files\Intel Corporation\USB over IP, ProgramData=C:\ProgramData, ProgramW6432=C:\Program Files, HOMEPATH=\Users\TIH, PROCESSOR_IDENTIFIER=Intel64 Family 6 Model 60 Stepping 3, GenuineIntel, ALCKPath=C:\Program Files\Lenovo\AutoLock, ProgramFiles=C:\Program Files, PUBLIC=C:\Users\Public, windir=C:\Windows, =::=::\, PowerMgrPath=C:\Program Files (x86)\Lenovo\PowerMgr, LOCALAPPDATA=C:\Users\TIH\AppData\Local, USERDOMAIN=TIH-PC, LOGONSERVER=\\TIH-PC, APPDATA=C:\Users\TIH\AppData\Roaming, READYAPPS=C:\SWTOOLS\ReadyApps, windows_tracing_logfile=C:\BVTBin\Tests\installpackage\csilogfile.log, VBOX_MSI_INSTALL_PATH=C:\Program Files\Oracle\VirtualBox\, CommonProgramFiles=C:\Program Files\Common Files, Path=C:\ProgramData\Oracle\Java\javapath;C:\Program Files (x86)\Intel\iCLS Client\;C:\Program Files\Intel\iCLS Client\;C:\Windows\system32;C:\Windows;C:\Windows\System32\Wbem;C:\Windows\System32\WindowsPowerShell\v1.0\;C:\Program Files\Intel\Intel(R) Management Engine Components\DAL;C:\Program Files\Intel\Intel(R) Management Engine Components\IPT;C:\Program Files (x86)\Intel\Intel(R) Management Engine Components\DAL;C:\Program Files (x86)\Intel\Intel(R) Management Engine Components\IPT;C:\Program Files\Intel\WiFi\bin\;C:\Program Files\Common Files\Intel\WirelessCommon\;C:\SWTOOLS\ReadyApps;C:\Program Files (x86)\Common Files\Lenovo;C:\Program Files (x86)\Common Files\lenovo\easyplussdk\bin;C:\Program Files\Git\cmd, OS=Windows_NT, windows_tracing_flags=3, COMPUTERNAME=TIH-PC, PROCESSOR_REVISION=3c03, CommonProgramW6432=C:\Program Files\Common Files, ComSpec=C:\Windows\system32\cmd.exe, SystemRoot=C:\Windows, TEMP=C:\Users\TIH\AppData\Local\Temp, HOMEDRIVE=C:, USERPROFILE=C:\Users\TIH, TMP=C:\Users\TIH\AppData\Local\Temp, easyplussdk="C:\Program Files (x86)\Common Files\lenovo\easyplussdk\bin", CommonProgramFiles(x86)=C:\Program Files (x86)\Common Files, NUMBER_OF_PROCESSORS=8}
13:18:11.790 [DEBUG] [org.gradle.launcher.daemon.server.exec.LogToClient] About to start relaying all logs to the client via the connection.
13:18:11.790 [INFO] [org.gradle.launcher.daemon.server.exec.LogToClient] The client will now receive all logging from the daemon (pid: 6604). The daemon log file: C:\Users\TIH\.gradle\daemon\2.14.1\daemon-6604.out.log
13:18:11.790 [INFO] [org.gradle.launcher.daemon.server.health.DaemonHealthTracker] Starting 2nd build in daemon [uptime: 2 mins 6.052 secs, performance: 99%, no major garbage collections]
13:18:11.790 [DEBUG] [org.gradle.launcher.daemon.server.SynchronizedDispatchConnection] thread 24: received class org.gradle.launcher.daemon.protocol.CloseInput
13:18:11.791 [DEBUG] [org.gradle.launcher.daemon.server.DefaultDaemonConnection] thread 24: Received IO message from client: org.gradle.launcher.daemon.protocol.CloseInput@5657e57b
13:18:11.791 [DEBUG] [org.gradle.launcher.daemon.server.exec.ExecuteBuild] The daemon has started executing the build.
13:18:11.791 [INFO] [org.gradle.launcher.daemon.server.exec.ForwardClientInput] Closing daemon's stdin at end of input.
13:18:11.791 [INFO] [org.gradle.launcher.daemon.server.exec.ExecuteBuild] Executing build with daemon context: DefaultDaemonContext[uid=5456ba46-d716-4dea-bd48-7cd84f065c3d,javaHome=C:\Program Files\Java\jdk1.8.0_101,daemonRegistryDir=C:\Users\TIH\.gradle\daemon,pid=6604,idleTimeout=10800000,daemonOpts=-Xmx1536m,-Dfile.encoding=windows-1252,-Duser.country=US,-Duser.language=en,-Duser.variant]
13:18:11.791 [INFO] [org.gradle.launcher.daemon.server.exec.ForwardClientInput] The daemon will no longer process any standard input.
Configuration on demand is an incubating feature.
Incremental java compilation is an incubating feature.
:app:preBuild UP-TO-DATE
:app:preDebugBuild UP-TO-DATE
:app:checkDebugManifest
:app:preReleaseBuild UP-TO-DATE
:app:prepareComAndroidSupportAnimatedVectorDrawable2411Library UP-TO-DATE
:app:prepareComAndroidSupportAppcompatV72411Library UP-TO-DATE
:app:prepareComAndroidSupportSupportV42411Library UP-TO-DATE
:app:prepareComAndroidSupportSupportVectorDrawable2411Library UP-TO-DATE
:app:prepareDebugDependencies
:app:compileDebugAidl UP-TO-DATE
:app:compileDebugRenderscript UP-TO-DATE
:app:generateDebugBuildConfig UP-TO-DATE
:app:generateDebugResValues UP-TO-DATE
:app:generateDebugResources UP-TO-DATE
:app:mergeDebugResources UP-TO-DATE
:app:processDebugManifest UP-TO-DATE
:app:processDebugResources
:app:generateDebugSources
:app:mockableAndroidJar UP-TO-DATE
:app:preDebugUnitTestBuild UP-TO-DATE
:app:prepareDebugUnitTestDependencies
:app:preDebugAndroidTestBuild UP-TO-DATE
:app:prepareComAndroidSupportTestEspressoEspressoCore222Library UP-TO-DATE
:app:prepareComAndroidSupportTestEspressoEspressoIdlingResource222Library UP-TO-DATE
:app:prepareComAndroidSupportTestExposedInstrumentationApiPublish05Library UP-TO-DATE
:app:prepareComAndroidSupportTestRules05Library UP-TO-DATE
:app:prepareComAndroidSupportTestRunner05Library UP-TO-DATE
:app:prepareDebugAndroidTestDependencies
:app:compileDebugAndroidTestAidl UP-TO-DATE
:app:processDebugAndroidTestManifest UP-TO-DATE
:app:compileDebugAndroidTestRenderscript UP-TO-DATE
:app:generateDebugAndroidTestBuildConfig UP-TO-DATE
:app:generateDebugAndroidTestResValues UP-TO-DATE
:app:generateDebugAndroidTestResources UP-TO-DATE
:app:mergeDebugAndroidTestResources UP-TO-DATE
:app:processDebugAndroidTestResources UP-TO-DATE
:app:generateDebugAndroidTestSources UP-TO-DATE

BUILD SUCCESSFUL

Total time: 26.329 secs
13:18:38.054 [DEBUG] [org.gradle.cache.internal.btree.BTreePersistentIndexedCache] Closing cache fileHashes.bin (C:\Users\TIH\AndroidStudioProjects\Quiz3\.gradle\2.14.1\taskArtifacts\fileHashes.bin)
13:18:38.054 [DEBUG] [org.gradle.cache.internal.btree.BTreePersistentIndexedCache] Closing cache fileSnapshots.bin (C:\Users\TIH\AndroidStudioProjects\Quiz3\.gradle\2.14.1\taskArtifacts\fileSnapshots.bin)
13:18:38.054 [DEBUG] [org.gradle.cache.internal.btree.BTreePersistentIndexedCache] Closing cache fileSnapshotsToTreeSnapshotsIndex.bin (C:\Users\TIH\AndroidStudioProjects\Quiz3\.gradle\2.14.1\taskArtifacts\fileSnapshotsToTreeSnapshotsIndex.bin)
13:18:38.054 [DEBUG] [org.gradle.cache.internal.btree.BTreePersistentIndexedCache] Closing cache taskArtifacts.bin (C:\Users\TIH\AndroidStudioProjects\Quiz3\.gradle\2.14.1\taskArtifacts\taskArtifacts.bin)
13:18:38.054 [DEBUG] [org.gradle.cache.internal.DefaultFileLockManager] Releasing lock on task history cache (C:\Users\TIH\AndroidStudioProjects\Quiz3\.gradle\2.14.1\taskArtifacts).
13:18:38.054 [DEBUG] [org.gradle.api.internal.artifacts.ivyservice.resolveengine.store.CachedStoreFactory] Resolution result cache closed. Cache reads: 0, disk reads: 0 (avg: 0.0 secs, total: 0.0 secs)
13:18:38.054 [DEBUG] [org.gradle.api.internal.artifacts.ivyservice.resolveengine.store.CachedStoreFactory] Resolution result cache closed. Cache reads: 0, disk reads: 10 (avg: 0.001 secs, total: 0.016 secs)
13:18:38.054 [DEBUG] [org.gradle.api.internal.artifacts.ivyservice.resolveengine.store.ResolutionResultsStoreFactory] Deleted 2 resolution results binary files in 0.0 secs
13:18:38.054 [DEBUG] [org.gradle.api.internal.artifacts.ivyservice.ivyresolve.memcache.InMemoryCachedRepositoryFactory] In-memory dependency metadata cache closed. Repos cached: 52, cache instances: 5, modules served from cache: 170, artifacts: 66
13:18:38.054 [DEBUG] [org.gradle.cache.internal.DefaultCacheAccess] Cache Generated Gradle JARs cache (C:\Users\TIH\.gradle\caches\2.14.1\generated-gradle-jars) was closed 0 times.
13:18:38.054 [DEBUG] [org.gradle.cache.internal.DefaultCacheAccess] Cache artifact cache (C:\Users\TIH\.gradle\caches\modules-2) was closed 3 times.
13:18:38.054 [DEBUG] [org.gradle.cache.internal.DefaultCacheAccess] Cache Plugin Resolution Cache (C:\Users\TIH\.gradle\caches\2.14.1\plugin-resolution) was closed 0 times.
13:18:38.054 [DEBUG] [org.gradle.api.internal.tasks.compile.daemon.CompilerDaemonManager] Stopping 0 compiler daemon(s).
13:18:38.054 [INFO] [org.gradle.api.internal.tasks.compile.daemon.CompilerDaemonManager] Stopped 0 compiler daemon(s).
13:18:38.054 [DEBUG] [org.gradle.cache.internal.DefaultCacheAccess] Cache jars (C:\Users\TIH\.gradle\caches\jars-1) was closed 0 times.
13:18:38.054 [DEBUG] [org.gradle.launcher.daemon.server.exec.ExecuteBuild] The daemon has finished executing the build.
13:18:38.054 [DEBUG] [org.gradle.launcher.daemon.server.health.DaemonStatus] GC rate: 0.0/s
13:18:38.070 [DEBUG] [org.gradle.launcher.daemon.server.DaemonStateCoordinator] daemon is running. Sleeping until state changes.
13:18:38.070 [DEBUG] [org.gradle.launcher.daemon.server.DaemonStateCoordinator] Command execution: finished waiting for DaemonCommandExecution[command = Build{id=577e20b3-df07-42d3-a802-f9847a679b40.1, currentDir=C:\Users\TIH\AndroidStudioProjects\Quiz}, connection = org.gradle.launcher.daemon.server.DefaultDaemonConnection@4054c58c]. Result org.gradle.launcher.daemon.server.DaemonStateCoordinator@450d7eb0 with state Running
13:18:38.070 [DEBUG] [org.gradle.launcher.daemon.server.DaemonStateCoordinator] Command execution: completed DaemonCommandExecution[command = Build{id=577e20b3-df07-42d3-a802-f9847a679b40.1, currentDir=C:\Users\TIH\AndroidStudioProjects\Quiz}, connection = org.gradle.launcher.daemon.server.DefaultDaemonConnection@4054c58c]
13:18:38.070 [DEBUG] [org.gradle.launcher.daemon.server.DaemonStateCoordinator] updating lastActivityAt to 1475234318070
13:18:38.070 [INFO] [org.gradle.launcher.daemon.server.DomainRegistryUpdater] Marking the daemon as idle, address: [a274a207-7b66-4e05-8792-0be477d39a5b port:49328, addresses:[/127.0.0.1, /0:0:0:0:0:0:0:1]]
13:18:38.070 [DEBUG] [org.gradle.launcher.daemon.registry.PersistentDaemonRegistry] Marking idle by address: [a274a207-7b66-4e05-8792-0be477d39a5b port:49328, addresses:[/127.0.0.1, /0:0:0:0:0:0:0:1]]
13:18:38.070 [DEBUG] [org.gradle.cache.internal.DefaultFileLockManager] Waiting to acquire exclusive lock on daemon addresses registry.
13:18:38.070 [DEBUG] [org.gradle.cache.internal.DefaultFileLockManager] Lock acquired.
13:18:38.070 [DEBUG] [org.gradle.cache.internal.DefaultFileLockManager] Releasing lock on daemon addresses registry.
13:18:38.070 [DEBUG] [org.gradle.launcher.daemon.server.DaemonStateCoordinator] daemon is running. Sleeping until state changes.
13:18:38.070 [DEBUG] [org.gradle.launcher.daemon.server.exec.ReturnResult] Daemon is dispatching the build result: Success[value=org.gradle.tooling.internal.provider.BuildActionResult@6ce8a6ea]
13:18:38.070 [DEBUG] [org.gradle.launcher.daemon.server.SynchronizedDispatchConnection] thread 23: dispatching class org.gradle.launcher.daemon.protocol.Success
13:18:38.070 [DEBUG] [org.gradle.launcher.daemon.server.DefaultIncomingConnectionHandler] Finishing executing command: Build{id=577e20b3-df07-42d3-a802-f9847a679b40.1, currentDir=C:\Users\TIH\AndroidStudioProjects\Quiz}
13:18:38.070 [DEBUG] [org.gradle.launcher.daemon.server.SynchronizedDispatchConnection] thread 24: received class org.gradle.launcher.daemon.protocol.Finished
13:18:38.070 [DEBUG] [org.gradle.launcher.daemon.server.DefaultDaemonConnection] thread 24: Received non-IO message from client: org.gradle.launcher.daemon.protocol.Finished@7ddbcfc
13:18:38.070 [DEBUG] [org.gradle.launcher.daemon.server.DefaultIncomingConnectionHandler] Received finished message: org.gradle.launcher.daemon.protocol.Finished@7ddbcfc
13:18:38.070 [DEBUG] [org.gradle.internal.remote.internal.inet.SocketConnection] Discarding EOFException: java.io.EOFException
13:18:38.070 [DEBUG] [org.gradle.launcher.daemon.server.SynchronizedDispatchConnection] thread 24: received null
13:18:38.070 [DEBUG] [org.gradle.launcher.daemon.server.DefaultDaemonConnection] thread 24: Received end-of-input from client.
13:18:38.070 [DEBUG] [org.gradle.launcher.daemon.server.SynchronizedDispatchConnection] thread 23: stopping connection
13:18:38.070 [DEBUG] [org.gradle.launcher.daemon.server.SynchronizedDispatchConnection] thread 23: stopping connection
13:19:06.885 [DEBUG] [org.gradle.launcher.daemon.server.Daemon] DaemonExpirationPeriodicCheck running
13:19:06.885 [DEBUG] [org.gradle.launcher.daemon.server.health.DaemonStatus] GC rate: 0.0/s
13:19:06.885 [DEBUG] [org.gradle.cache.internal.DefaultFileLockManager] Waiting to acquire shared lock on daemon addresses registry.
13:19:06.885 [DEBUG] [org.gradle.cache.internal.DefaultFileLockManager] Lock acquired.
13:19:06.885 [DEBUG] [org.gradle.cache.internal.DefaultFileLockManager] Releasing lock on daemon addresses registry.
13:20:06.883 [DEBUG] [org.gradle.launcher.daemon.server.Daemon] DaemonExpirationPeriodicCheck running
13:20:06.883 [DEBUG] [org.gradle.launcher.daemon.server.health.DaemonStatus] GC rate: 0.0/s
13:20:06.883 [DEBUG] [org.gradle.cache.internal.DefaultFileLockManager] Waiting to acquire shared lock on daemon addresses registry.
13:20:06.883 [DEBUG] [org.gradle.cache.internal.DefaultFileLockManager] Lock acquired.
13:20:06.883 [DEBUG] [org.gradle.cache.internal.DefaultFileLockManager] Releasing lock on daemon addresses registry.
13:21:06.880 [DEBUG] [org.gradle.launcher.daemon.server.Daemon] DaemonExpirationPeriodicCheck running
13:21:06.880 [DEBUG] [org.gradle.launcher.daemon.server.health.DaemonStatus] GC rate: 0.0/s
13:21:06.880 [DEBUG] [org.gradle.cache.internal.DefaultFileLockManager] Waiting to acquire shared lock on daemon addresses registry.
13:21:06.880 [DEBUG] [org.gradle.cache.internal.DefaultFileLockManager] Lock acquired.
13:21:06.880 [DEBUG] [org.gradle.cache.internal.DefaultFileLockManager] Releasing lock on daemon addresses registry.
13:22:06.882 [DEBUG] [org.gradle.launcher.daemon.server.Daemon] DaemonExpirationPeriodicCheck running
13:22:06.882 [DEBUG] [org.gradle.launcher.daemon.server.health.DaemonStatus] GC rate: 0.0/s
13:22:06.882 [DEBUG] [org.gradle.cache.internal.DefaultFileLockManager] Waiting to acquire shared lock on daemon addresses registry.
13:22:06.882 [DEBUG] [org.gradle.cache.internal.DefaultFileLockManager] Lock acquired.
13:22:06.882 [DEBUG] [org.gradle.cache.internal.DefaultFileLockManager] Releasing lock on daemon addresses registry.
13:23:06.890 [DEBUG] [org.gradle.launcher.daemon.server.Daemon] DaemonExpirationPeriodicCheck running
13:23:06.890 [DEBUG] [org.gradle.launcher.daemon.server.health.DaemonStatus] GC rate: 0.0/s
13:23:06.890 [DEBUG] [org.gradle.cache.internal.DefaultFileLockManager] Waiting to acquire shared lock on daemon addresses registry.
13:23:06.890 [DEBUG] [org.gradle.cache.internal.DefaultFileLockManager] Lock acquired.
13:23:06.890 [DEBUG] [org.gradle.cache.internal.DefaultFileLockManager] Releasing lock on daemon addresses registry.
13:24:06.888 [DEBUG] [org.gradle.launcher.daemon.server.Daemon] DaemonExpirationPeriodicCheck running
13:24:06.888 [DEBUG] [org.gradle.launcher.daemon.server.health.DaemonStatus] GC rate: 0.0/s
13:24:06.888 [DEBUG] [org.gradle.cache.internal.DefaultFileLockManager] Waiting to acquire shared lock on daemon addresses registry.
13:24:06.888 [DEBUG] [org.gradle.cache.internal.DefaultFileLockManager] Lock acquired.
13:24:06.888 [DEBUG] [org.gradle.cache.internal.DefaultFileLockManager] Releasing lock on daemon addresses registry.
13:25:06.886 [DEBUG] [org.gradle.launcher.daemon.server.Daemon] DaemonExpirationPeriodicCheck running
13:25:06.886 [DEBUG] [org.gradle.launcher.daemon.server.health.DaemonStatus] GC rate: 0.0/s
13:25:06.886 [DEBUG] [org.gradle.cache.internal.DefaultFileLockManager] Waiting to acquire shared lock on daemon addresses registry.
13:25:06.886 [DEBUG] [org.gradle.cache.internal.DefaultFileLockManager] Lock acquired.
13:25:06.886 [DEBUG] [org.gradle.cache.internal.DefaultFileLockManager] Releasing lock on daemon addresses registry.
13:26:06.883 [DEBUG] [org.gradle.launcher.daemon.server.Daemon] DaemonExpirationPeriodicCheck running
13:26:06.883 [DEBUG] [org.gradle.launcher.daemon.server.health.DaemonStatus] GC rate: 0.0/s
13:26:06.883 [DEBUG] [org.gradle.cache.internal.DefaultFileLockManager] Waiting to acquire shared lock on daemon addresses registry.
13:26:06.883 [DEBUG] [org.gradle.cache.internal.DefaultFileLockManager] Lock acquired.
13:26:06.883 [DEBUG] [org.gradle.cache.internal.DefaultFileLockManager] Releasing lock on daemon addresses registry.
13:27:06.897 [DEBUG] [org.gradle.launcher.daemon.server.Daemon] DaemonExpirationPeriodicCheck running
13:27:06.897 [DEBUG] [org.gradle.launcher.daemon.server.health.DaemonStatus] GC rate: 0.0/s
13:27:06.897 [DEBUG] [org.gradle.cache.internal.DefaultFileLockManager] Waiting to acquire shared lock on daemon addresses registry.
13:27:06.897 [DEBUG] [org.gradle.cache.internal.DefaultFileLockManager] Lock acquired.
13:27:06.897 [DEBUG] [org.gradle.cache.internal.DefaultFileLockManager] Releasing lock on daemon addresses registry.
13:28:06.894 [DEBUG] [org.gradle.launcher.daemon.server.Daemon] DaemonExpirationPeriodicCheck running
13:28:06.894 [DEBUG] [org.gradle.launcher.daemon.server.health.DaemonStatus] GC rate: 0.0/s
13:28:06.894 [DEBUG] [org.gradle.cache.internal.DefaultFileLockManager] Waiting to acquire shared lock on daemon addresses registry.
13:28:06.894 [DEBUG] [org.gradle.cache.internal.DefaultFileLockManager] Lock acquired.
13:28:06.894 [DEBUG] [org.gradle.cache.internal.DefaultFileLockManager] Releasing lock on daemon addresses registry.
13:29:06.892 [DEBUG] [org.gradle.launcher.daemon.server.Daemon] DaemonExpirationPeriodicCheck running
13:29:06.892 [DEBUG] [org.gradle.launcher.daemon.server.health.DaemonStatus] GC rate: 0.0/s
13:29:06.892 [DEBUG] [org.gradle.cache.internal.DefaultFileLockManager] Waiting to acquire shared lock on daemon addresses registry.
13:29:06.892 [DEBUG] [org.gradle.cache.internal.DefaultFileLockManager] Lock acquired.
13:29:06.892 [DEBUG] [org.gradle.cache.internal.DefaultFileLockManager] Releasing lock on daemon addresses registry.
13:30:06.898 [DEBUG] [org.gradle.launcher.daemon.server.Daemon] DaemonExpirationPeriodicCheck running
13:30:06.898 [DEBUG] [org.gradle.launcher.daemon.server.health.DaemonStatus] GC rate: 0.0/s
13:30:06.898 [DEBUG] [org.gradle.cache.internal.DefaultFileLockManager] Waiting to acquire shared lock on daemon addresses registry.
13:30:06.898 [DEBUG] [org.gradle.cache.internal.DefaultFileLockManager] Lock acquired.
13:30:06.898 [DEBUG] [org.gradle.cache.internal.DefaultFileLockManager] Releasing lock on daemon addresses registry.
13:31:06.896 [DEBUG] [org.gradle.launcher.daemon.server.Daemon] DaemonExpirationPeriodicCheck running
13:31:06.896 [DEBUG] [org.gradle.launcher.daemon.server.health.DaemonStatus] GC rate: 0.0/s
13:31:06.896 [DEBUG] [org.gradle.cache.internal.DefaultFileLockManager] Waiting to acquire shared lock on daemon addresses registry.
13:31:06.896 [DEBUG] [org.gradle.cache.internal.DefaultFileLockManager] Lock acquired.
13:31:06.896 [DEBUG] [org.gradle.cache.internal.DefaultFileLockManager] Releasing lock on daemon addresses registry.
13:32:06.894 [DEBUG] [org.gradle.launcher.daemon.server.Daemon] DaemonExpirationPeriodicCheck running
13:32:06.894 [DEBUG] [org.gradle.launcher.daemon.server.health.DaemonStatus] GC rate: 0.0/s
13:32:06.894 [DEBUG] [org.gradle.cache.internal.DefaultFileLockManager] Waiting to acquire shared lock on daemon addresses registry.
13:32:06.894 [DEBUG] [org.gradle.cache.internal.DefaultFileLockManager] Lock acquired.
13:32:06.894 [DEBUG] [org.gradle.cache.internal.DefaultFileLockManager] Releasing lock on daemon addresses registry.
13:33:06.891 [DEBUG] [org.gradle.launcher.daemon.server.Daemon] DaemonExpirationPeriodicCheck running
13:33:06.891 [DEBUG] [org.gradle.launcher.daemon.server.health.DaemonStatus] GC rate: 0.0/s
13:33:06.891 [DEBUG] [org.gradle.cache.internal.DefaultFileLockManager] Waiting to acquire shared lock on daemon addresses registry.
13:33:06.891 [DEBUG] [org.gradle.cache.internal.DefaultFileLockManager] Lock acquired.
13:33:06.891 [DEBUG] [org.gradle.cache.internal.DefaultFileLockManager] Releasing lock on daemon addresses registry.
13:34:06.889 [DEBUG] [org.gradle.launcher.daemon.server.Daemon] DaemonExpirationPeriodicCheck running
13:34:06.889 [DEBUG] [org.gradle.launcher.daemon.server.health.DaemonStatus] GC rate: 0.0/s
13:34:06.889 [DEBUG] [org.gradle.cache.internal.DefaultFileLockManager] Waiting to acquire shared lock on daemon addresses registry.
13:34:06.889 [DEBUG] [org.gradle.cache.internal.DefaultFileLockManager] Lock acquired.
13:34:06.889 [DEBUG] [org.gradle.cache.internal.DefaultFileLockManager] Releasing lock on daemon addresses registry.
13:35:06.902 [DEBUG] [org.gradle.launcher.daemon.server.Daemon] DaemonExpirationPeriodicCheck running
13:35:06.902 [DEBUG] [org.gradle.launcher.daemon.server.health.DaemonStatus] GC rate: 0.0/s
13:35:06.902 [DEBUG] [org.gradle.cache.internal.DefaultFileLockManager] Waiting to acquire shared lock on daemon addresses registry.
13:35:06.902 [DEBUG] [org.gradle.cache.internal.DefaultFileLockManager] Lock acquired.
13:35:06.902 [DEBUG] [org.gradle.cache.internal.DefaultFileLockManager] Releasing lock on daemon addresses registry.
13:36:06.900 [DEBUG] [org.gradle.launcher.daemon.server.Daemon] DaemonExpirationPeriodicCheck running
13:36:06.900 [DEBUG] [org.gradle.launcher.daemon.server.health.DaemonStatus] GC rate: 0.0/s
13:36:06.900 [DEBUG] [org.gradle.cache.internal.DefaultFileLockManager] Waiting to acquire shared lock on daemon addresses registry.
13:36:06.900 [DEBUG] [org.gradle.cache.internal.DefaultFileLockManager] Lock acquired.
13:36:06.900 [DEBUG] [org.gradle.cache.internal.DefaultFileLockManager] Releasing lock on daemon addresses registry.
13:37:06.898 [DEBUG] [org.gradle.launcher.daemon.server.Daemon] DaemonExpirationPeriodicCheck running
13:37:06.898 [DEBUG] [org.gradle.launcher.daemon.server.health.DaemonStatus] GC rate: 0.0/s
13:37:06.898 [DEBUG] [org.gradle.cache.internal.DefaultFileLockManager] Waiting to acquire shared lock on daemon addresses registry.
13:37:06.898 [DEBUG] [org.gradle.cache.internal.DefaultFileLockManager] Lock acquired.
13:37:06.898 [DEBUG] [org.gradle.cache.internal.DefaultFileLockManager] Releasing lock on daemon addresses registry.
13:38:06.895 [DEBUG] [org.gradle.launcher.daemon.server.Daemon] DaemonExpirationPeriodicCheck running
13:38:06.895 [DEBUG] [org.gradle.launcher.daemon.server.health.DaemonStatus] GC rate: 0.0/s
13:38:06.895 [DEBUG] [org.gradle.cache.internal.DefaultFileLockManager] Waiting to acquire shared lock on daemon addresses registry.
13:38:06.895 [DEBUG] [org.gradle.cache.internal.DefaultFileLockManager] Lock acquired.
13:38:06.895 [DEBUG] [org.gradle.cache.internal.DefaultFileLockManager] Releasing lock on daemon addresses registry.
13:39:06.893 [DEBUG] [org.gradle.launcher.daemon.server.Daemon] DaemonExpirationPeriodicCheck running
13:39:06.893 [DEBUG] [org.gradle.launcher.daemon.server.health.DaemonStatus] GC rate: 0.0/s
13:39:06.893 [DEBUG] [org.gradle.cache.internal.DefaultFileLockManager] Waiting to acquire shared lock on daemon addresses registry.
13:39:06.893 [DEBUG] [org.gradle.cache.internal.DefaultFileLockManager] Lock acquired.
13:39:06.893 [DEBUG] [org.gradle.cache.internal.DefaultFileLockManager] Releasing lock on daemon addresses registry.
13:40:06.906 [DEBUG] [org.gradle.launcher.daemon.server.Daemon] DaemonExpirationPeriodicCheck running
13:40:06.906 [DEBUG] [org.gradle.launcher.daemon.server.health.DaemonStatus] GC rate: 0.0/s
13:40:06.906 [DEBUG] [org.gradle.cache.internal.DefaultFileLockManager] Waiting to acquire shared lock on daemon addresses registry.
13:40:06.906 [DEBUG] [org.gradle.cache.internal.DefaultFileLockManager] Lock acquired.
13:40:06.906 [DEBUG] [org.gradle.cache.internal.DefaultFileLockManager] Releasing lock on daemon addresses registry.
13:41:06.904 [DEBUG] [org.gradle.launcher.daemon.server.Daemon] DaemonExpirationPeriodicCheck running
13:41:06.904 [DEBUG] [org.gradle.launcher.daemon.server.health.DaemonStatus] GC rate: 0.0/s
13:41:06.904 [DEBUG] [org.gradle.cache.internal.DefaultFileLockManager] Waiting to acquire shared lock on daemon addresses registry.
13:41:06.904 [DEBUG] [org.gradle.cache.internal.DefaultFileLockManager] Lock acquired.
13:41:06.904 [DEBUG] [org.gradle.cache.internal.DefaultFileLockManager] Releasing lock on daemon addresses registry.
13:42:06.902 [DEBUG] [org.gradle.launcher.daemon.server.Daemon] DaemonExpirationPeriodicCheck running
13:42:06.902 [DEBUG] [org.gradle.launcher.daemon.server.health.DaemonStatus] GC rate: 0.0/s
13:42:06.902 [DEBUG] [org.gradle.cache.internal.DefaultFileLockManager] Waiting to acquire shared lock on daemon addresses registry.
13:42:06.902 [DEBUG] [org.gradle.cache.internal.DefaultFileLockManager] Lock acquired.
13:42:06.902 [DEBUG] [org.gradle.cache.internal.DefaultFileLockManager] Releasing lock on daemon addresses registry.
13:43:06.900 [DEBUG] [org.gradle.launcher.daemon.server.Daemon] DaemonExpirationPeriodicCheck running
13:43:06.900 [DEBUG] [org.gradle.launcher.daemon.server.health.DaemonStatus] GC rate: 0.0/s
13:43:06.900 [DEBUG] [org.gradle.cache.internal.DefaultFileLockManager] Waiting to acquire shared lock on daemon addresses registry.
13:43:06.900 [DEBUG] [org.gradle.cache.internal.DefaultFileLockManager] Lock acquired.
13:43:06.900 [DEBUG] [org.gradle.cache.internal.DefaultFileLockManager] Releasing lock on daemon addresses registry.
13:44:06.897 [DEBUG] [org.gradle.launcher.daemon.server.Daemon] DaemonExpirationPeriodicCheck running
13:44:06.897 [DEBUG] [org.gradle.launcher.daemon.server.health.DaemonStatus] GC rate: 0.0/s
13:44:06.897 [DEBUG] [org.gradle.cache.internal.DefaultFileLockManager] Waiting to acquire shared lock on daemon addresses registry.
13:44:06.897 [DEBUG] [org.gradle.cache.internal.DefaultFileLockManager] Lock acquired.
13:44:06.897 [DEBUG] [org.gradle.cache.internal.DefaultFileLockManager] Releasing lock on daemon addresses registry.
13:45:06.895 [DEBUG] [org.gradle.launcher.daemon.server.Daemon] DaemonExpirationPeriodicCheck running
13:45:06.895 [DEBUG] [org.gradle.launcher.daemon.server.health.DaemonStatus] GC rate: 0.0/s
13:45:06.895 [DEBUG] [org.gradle.cache.internal.DefaultFileLockManager] Waiting to acquire shared lock on daemon addresses registry.
13:45:06.895 [DEBUG] [org.gradle.cache.internal.DefaultFileLockManager] Lock acquired.
13:45:06.895 [DEBUG] [org.gradle.cache.internal.DefaultFileLockManager] Releasing lock on daemon addresses registry.
13:46:06.908 [DEBUG] [org.gradle.launcher.daemon.server.Daemon] DaemonExpirationPeriodicCheck running
13:46:06.908 [DEBUG] [org.gradle.launcher.daemon.server.health.DaemonStatus] GC rate: 0.0/s
13:46:06.908 [DEBUG] [org.gradle.cache.internal.DefaultFileLockManager] Waiting to acquire shared lock on daemon addresses registry.
13:46:06.908 [DEBUG] [org.gradle.cache.internal.DefaultFileLockManager] Lock acquired.
13:46:06.908 [DEBUG] [org.gradle.cache.internal.DefaultFileLockManager] Releasing lock on daemon addresses registry.
13:47:06.906 [DEBUG] [org.gradle.launcher.daemon.server.Daemon] DaemonExpirationPeriodicCheck running
13:47:06.906 [DEBUG] [org.gradle.launcher.daemon.server.health.DaemonStatus] GC rate: 0.0/s
13:47:06.906 [DEBUG] [org.gradle.cache.internal.DefaultFileLockManager] Waiting to acquire shared lock on daemon addresses registry.
13:47:06.906 [DEBUG] [org.gradle.cache.internal.DefaultFileLockManager] Lock acquired.
13:47:06.906 [DEBUG] [org.gradle.cache.internal.DefaultFileLockManager] Releasing lock on daemon addresses registry.
13:48:06.904 [DEBUG] [org.gradle.launcher.daemon.server.Daemon] DaemonExpirationPeriodicCheck running
13:48:06.904 [DEBUG] [org.gradle.launcher.daemon.server.health.DaemonStatus] GC rate: 0.0/s
13:48:06.904 [DEBUG] [org.gradle.cache.internal.DefaultFileLockManager] Waiting to acquire shared lock on daemon addresses registry.
13:48:06.904 [DEBUG] [org.gradle.cache.internal.DefaultFileLockManager] Lock acquired.
13:48:06.904 [DEBUG] [org.gradle.cache.internal.DefaultFileLockManager] Releasing lock on daemon addresses registry.
13:49:06.901 [DEBUG] [org.gradle.launcher.daemon.server.Daemon] DaemonExpirationPeriodicCheck running
13:49:06.901 [DEBUG] [org.gradle.launcher.daemon.server.health.DaemonStatus] GC rate: 0.0/s
13:49:06.901 [DEBUG] [org.gradle.cache.internal.DefaultFileLockManager] Waiting to acquire shared lock on daemon addresses registry.
13:49:06.901 [DEBUG] [org.gradle.cache.internal.DefaultFileLockManager] Lock acquired.
13:49:06.901 [DEBUG] [org.gradle.cache.internal.DefaultFileLockManager] Releasing lock on daemon addresses registry.
13:50:06.899 [DEBUG] [org.gradle.launcher.daemon.server.Daemon] DaemonExpirationPeriodicCheck running
13:50:06.899 [DEBUG] [org.gradle.launcher.daemon.server.health.DaemonStatus] GC rate: 0.0/s
13:50:06.899 [DEBUG] [org.gradle.cache.internal.DefaultFileLockManager] Waiting to acquire shared lock on daemon addresses registry.
13:50:06.899 [DEBUG] [org.gradle.cache.internal.DefaultFileLockManager] Lock acquired.
13:50:06.899 [DEBUG] [org.gradle.cache.internal.DefaultFileLockManager] Releasing lock on daemon addresses registry.
13:51:06.912 [DEBUG] [org.gradle.launcher.daemon.server.Daemon] DaemonExpirationPeriodicCheck running
13:51:06.912 [DEBUG] [org.gradle.launcher.daemon.server.health.DaemonStatus] GC rate: 0.0/s
13:51:06.912 [DEBUG] [org.gradle.cache.internal.DefaultFileLockManager] Waiting to acquire shared lock on daemon addresses registry.
13:51:06.912 [DEBUG] [org.gradle.cache.internal.DefaultFileLockManager] Lock acquired.
13:51:06.912 [DEBUG] [org.gradle.cache.internal.DefaultFileLockManager] Releasing lock on daemon addresses registry.
13:52:06.913 [DEBUG] [org.gradle.launcher.daemon.server.Daemon] DaemonExpirationPeriodicCheck running
13:52:06.913 [DEBUG] [org.gradle.launcher.daemon.server.health.DaemonStatus] GC rate: 0.0/s
13:52:06.913 [DEBUG] [org.gradle.cache.internal.DefaultFileLockManager] Waiting to acquire shared lock on daemon addresses registry.
13:52:06.913 [DEBUG] [org.gradle.cache.internal.DefaultFileLockManager] Lock acquired.
13:52:06.913 [DEBUG] [org.gradle.cache.internal.DefaultFileLockManager] Releasing lock on daemon addresses registry.
13:53:06.908 [DEBUG] [org.gradle.launcher.daemon.server.Daemon] DaemonExpirationPeriodicCheck running
13:53:06.908 [DEBUG] [org.gradle.launcher.daemon.server.health.DaemonStatus] GC rate: 0.0/s
13:53:06.908 [DEBUG] [org.gradle.cache.internal.DefaultFileLockManager] Waiting to acquire shared lock on daemon addresses registry.
13:53:06.908 [DEBUG] [org.gradle.cache.internal.DefaultFileLockManager] Lock acquired.
13:53:06.908 [DEBUG] [org.gradle.cache.internal.DefaultFileLockManager] Releasing lock on daemon addresses registry.
13:54:06.906 [DEBUG] [org.gradle.launcher.daemon.server.Daemon] DaemonExpirationPeriodicCheck running
13:54:06.906 [DEBUG] [org.gradle.launcher.daemon.server.health.DaemonStatus] GC rate: 0.0/s
13:54:06.906 [DEBUG] [org.gradle.cache.internal.DefaultFileLockManager] Waiting to acquire shared lock on daemon addresses registry.
13:54:06.906 [DEBUG] [org.gradle.cache.internal.DefaultFileLockManager] Lock acquired.
13:54:06.906 [DEBUG] [org.gradle.cache.internal.DefaultFileLockManager] Releasing lock on daemon addresses registry.
13:55:06.904 [DEBUG] [org.gradle.launcher.daemon.server.Daemon] DaemonExpirationPeriodicCheck running
13:55:06.904 [DEBUG] [org.gradle.launcher.daemon.server.health.DaemonStatus] GC rate: 0.0/s
13:55:06.904 [DEBUG] [org.gradle.cache.internal.DefaultFileLockManager] Waiting to acquire shared lock on daemon addresses registry.
13:55:06.904 [DEBUG] [org.gradle.cache.internal.DefaultFileLockManager] Lock acquired.
13:55:06.904 [DEBUG] [org.gradle.cache.internal.DefaultFileLockManager] Releasing lock on daemon addresses registry.
13:56:06.902 [DEBUG] [org.gradle.launcher.daemon.server.Daemon] DaemonExpirationPeriodicCheck running
13:56:06.902 [DEBUG] [org.gradle.launcher.daemon.server.health.DaemonStatus] GC rate: 0.0/s
13:56:06.902 [DEBUG] [org.gradle.cache.internal.DefaultFileLockManager] Waiting to acquire shared lock on daemon addresses registry.
13:56:06.902 [DEBUG] [org.gradle.cache.internal.DefaultFileLockManager] Lock acquired.
13:56:06.902 [DEBUG] [org.gradle.cache.internal.DefaultFileLockManager] Releasing lock on daemon addresses registry.
13:57:06.915 [DEBUG] [org.gradle.launcher.daemon.server.Daemon] DaemonExpirationPeriodicCheck running
13:57:06.915 [DEBUG] [org.gradle.launcher.daemon.server.health.DaemonStatus] GC rate: 0.0/s
13:57:06.915 [DEBUG] [org.gradle.cache.internal.DefaultFileLockManager] Waiting to acquire shared lock on daemon addresses registry.
13:57:06.915 [DEBUG] [org.gradle.cache.internal.DefaultFileLockManager] Lock acquired.
13:57:06.915 [DEBUG] [org.gradle.cache.internal.DefaultFileLockManager] Releasing lock on daemon addresses registry.
13:58:06.913 [DEBUG] [org.gradle.launcher.daemon.server.Daemon] DaemonExpirationPeriodicCheck running
13:58:06.913 [DEBUG] [org.gradle.launcher.daemon.server.health.DaemonStatus] GC rate: 0.0/s
13:58:06.913 [DEBUG] [org.gradle.cache.internal.DefaultFileLockManager] Waiting to acquire shared lock on daemon addresses registry.
13:58:06.913 [DEBUG] [org.gradle.cache.internal.DefaultFileLockManager] Lock acquired.
13:58:06.913 [DEBUG] [org.gradle.cache.internal.DefaultFileLockManager] Releasing lock on daemon addresses registry.
13:59:06.910 [DEBUG] [org.gradle.launcher.daemon.server.Daemon] DaemonExpirationPeriodicCheck running
13:59:06.910 [DEBUG] [org.gradle.launcher.daemon.server.health.DaemonStatus] GC rate: 0.0/s
13:59:06.910 [DEBUG] [org.gradle.cache.internal.DefaultFileLockManager] Waiting to acquire shared lock on daemon addresses registry.
13:59:06.910 [DEBUG] [org.gradle.cache.internal.DefaultFileLockManager] Lock acquired.
13:59:06.910 [DEBUG] [org.gradle.cache.internal.DefaultFileLockManager] Releasing lock on daemon addresses registry.
14:00:06.908 [DEBUG] [org.gradle.launcher.daemon.server.Daemon] DaemonExpirationPeriodicCheck running
14:00:06.908 [DEBUG] [org.gradle.launcher.daemon.server.health.DaemonStatus] GC rate: 0.0/s
14:00:06.908 [DEBUG] [org.gradle.cache.internal.DefaultFileLockManager] Waiting to acquire shared lock on daemon addresses registry.
14:00:06.908 [DEBUG] [org.gradle.cache.internal.DefaultFileLockManager] Lock acquired.
14:00:06.908 [DEBUG] [org.gradle.cache.internal.DefaultFileLockManager] Releasing lock on daemon addresses registry.
14:01:06.906 [DEBUG] [org.gradle.launcher.daemon.server.Daemon] DaemonExpirationPeriodicCheck running
14:01:06.906 [DEBUG] [org.gradle.launcher.daemon.server.health.DaemonStatus] GC rate: 0.0/s
14:01:06.906 [DEBUG] [org.gradle.cache.internal.DefaultFileLockManager] Waiting to acquire shared lock on daemon addresses registry.
14:01:06.906 [DEBUG] [org.gradle.cache.internal.DefaultFileLockManager] Lock acquired.
14:01:06.906 [DEBUG] [org.gradle.cache.internal.DefaultFileLockManager] Releasing lock on daemon addresses registry.
14:02:06.919 [DEBUG] [org.gradle.launcher.daemon.server.Daemon] DaemonExpirationPeriodicCheck running
14:02:06.919 [DEBUG] [org.gradle.launcher.daemon.server.health.DaemonStatus] GC rate: 0.0/s
14:02:06.919 [DEBUG] [org.gradle.cache.internal.DefaultFileLockManager] Waiting to acquire shared lock on daemon addresses registry.
14:02:06.919 [DEBUG] [org.gradle.cache.internal.DefaultFileLockManager] Lock acquired.
14:02:06.919 [DEBUG] [org.gradle.cache.internal.DefaultFileLockManager] Releasing lock on daemon addresses registry.
14:03:06.917 [DEBUG] [org.gradle.launcher.daemon.server.Daemon] DaemonExpirationPeriodicCheck running
14:03:06.917 [DEBUG] [org.gradle.launcher.daemon.server.health.DaemonStatus] GC rate: 0.0/s
14:03:06.917 [DEBUG] [org.gradle.cache.internal.DefaultFileLockManager] Waiting to acquire shared lock on daemon addresses registry.
14:03:06.917 [DEBUG] [org.gradle.cache.internal.DefaultFileLockManager] Lock acquired.
14:03:06.917 [DEBUG] [org.gradle.cache.internal.DefaultFileLockManager] Releasing lock on daemon addresses registry.
14:04:06.914 [DEBUG] [org.gradle.launcher.daemon.server.Daemon] DaemonExpirationPeriodicCheck running
14:04:06.914 [DEBUG] [org.gradle.launcher.daemon.server.health.DaemonStatus] GC rate: 0.0/s
14:04:06.914 [INFO] [org.gradle.launcher.daemon.server.DaemonIdleTimeoutExpirationStrategy] Idle timeout: daemon has been idle for 2728844 milliseconds. Expiring.
14:04:06.914 [DEBUG] [org.gradle.cache.internal.DefaultFileLockManager] Waiting to acquire shared lock on daemon addresses registry.
14:04:06.914 [DEBUG] [org.gradle.cache.internal.DefaultFileLockManager] Lock acquired.
14:04:06.914 [DEBUG] [org.gradle.cache.internal.DefaultFileLockManager] Releasing lock on daemon addresses registry.
14:05:06.907 [DEBUG] [org.gradle.launcher.daemon.server.Daemon] DaemonExpirationPeriodicCheck running
14:05:06.907 [DEBUG] [org.gradle.launcher.daemon.server.health.DaemonStatus] GC rate: 0.0/s
14:05:06.907 [INFO] [org.gradle.launcher.daemon.server.DaemonIdleTimeoutExpirationStrategy] Idle timeout: daemon has been idle for 2788837 milliseconds. Expiring.
14:05:06.910 [DEBUG] [org.gradle.cache.internal.DefaultFileLockManager] Waiting to acquire shared lock on daemon addresses registry.
14:05:06.910 [DEBUG] [org.gradle.cache.internal.DefaultFileLockManager] Lock acquired.
14:05:06.911 [DEBUG] [org.gradle.cache.internal.DefaultFileLockManager] Releasing lock on daemon addresses registry.
14:06:06.908 [DEBUG] [org.gradle.launcher.daemon.server.Daemon] DaemonExpirationPeriodicCheck running
14:06:06.908 [DEBUG] [org.gradle.launcher.daemon.server.health.DaemonStatus] GC rate: 0.0/s
14:06:06.909 [INFO] [org.gradle.launcher.daemon.server.DaemonIdleTimeoutExpirationStrategy] Idle timeout: daemon has been idle for 2848839 milliseconds. Expiring.
14:06:06.910 [INFO] [org.gradle.launcher.daemon.server.Daemon] Daemon expiration criteria met, requesting stop
14:06:06.910 [LIFECYCLE] [org.gradle.launcher.daemon.server.Daemon] Daemon stopping because daemon has been idle for 2848839 milliseconds and Free system memory (1478086656 bytes) is below threshold of 1674786406 bytes
14:06:06.911 [DEBUG] [org.gradle.launcher.daemon.server.DaemonStateCoordinator] Stop as soon as idle requested. The daemon is busy: false
14:06:06.911 [DEBUG] [org.gradle.launcher.daemon.server.DaemonStateCoordinator] Marking daemon stopped due to stop requested and daemon idle. The daemon is running a build: false
14:06:06.912 [DEBUG] [org.gradle.launcher.daemon.server.DaemonStateCoordinator] daemon has stopped.
14:06:06.912 [DEBUG] [org.gradle.launcher.daemon.server.Daemon] stop() called on daemon
14:06:06.912 [INFO] [org.gradle.launcher.daemon.server.Daemon] Stop requested. Daemon is removing its presence from the registry...
14:06:06.913 [DEBUG] [org.gradle.launcher.daemon.server.DomainRegistryUpdater] Removing our presence to clients, eg. removing this address from the registry: [a274a207-7b66-4e05-8792-0be477d39a5b port:49328, addresses:[/127.0.0.1, /0:0:0:0:0:0:0:1]]
14:06:06.913 [DEBUG] [org.gradle.launcher.daemon.registry.PersistentDaemonRegistry] Removing daemon address: [a274a207-7b66-4e05-8792-0be477d39a5b port:49328, addresses:[/127.0.0.1, /0:0:0:0:0:0:0:1]]
14:06:06.917 [DEBUG] [org.gradle.cache.internal.DefaultFileLockManager] Waiting to acquire exclusive lock on daemon addresses registry.
14:06:06.918 [DEBUG] [org.gradle.cache.internal.DefaultFileLockManager] Lock acquired.
14:06:06.924 [DEBUG] [org.gradle.cache.internal.DefaultFileLockManager] Releasing lock on daemon addresses registry.
14:06:06.925 [DEBUG] [org.gradle.launcher.daemon.server.DomainRegistryUpdater] Address removed from registry.
Daemon vm is shutting down... The daemon has exited normally or was terminated in response to a user interrupt.
14:06:06.949 [DEBUG] [org.gradle.launcher.daemon.registry.PersistentDaemonRegistry] Removing daemon address: [a274a207-7b66-4e05-8792-0be477d39a5b port:49328, addresses:[/127.0.0.1, /0:0:0:0:0:0:0:1]]
14:06:06.951 [DEBUG] [org.gradle.cache.internal.DefaultFileLockManager] Waiting to acquire exclusive lock on daemon addresses registry.
14:06:06.952 [DEBUG] [org.gradle.cache.internal.DefaultFileLockManager] Lock acquired.
14:06:06.957 [DEBUG] [org.gradle.cache.internal.DefaultFileLockManager] Releasing lock on daemon addresses registry.
