11:35:52.893 [DEBUG] [org.gradle.internal.nativeintegration.services.NativeServices] Native-platform posix files is not available.  Continuing with fallback.
11:35:52.901 [DEBUG] [org.gradle.internal.nativeintegration.filesystem.services.FileSystemServices] Using JDK 7 file service org.gradle.internal.nativeintegration.filesystem.jdk7.WindowsJdk7Symlink
11:35:58.368 [INFO] [org.gradle.launcher.daemon.server.Daemon] start() called on daemon - DefaultDaemonContext[uid=ab7b99f0-5b7b-453f-a8b6-8021ed22f8c6,javaHome=C:\Program Files\Java\jdk1.8.0_101,daemonRegistryDir=C:\Users\TIH\.gradle\daemon,pid=8876,idleTimeout=10800000,daemonOpts=-Xmx1536m,-Dfile.encoding=windows-1252,-Duser.country=US,-Duser.language=en,-Duser.variant]
11:35:58.504 [DEBUG] [org.gradle.launcher.daemon.server.DaemonStateCoordinator] updating lastActivityAt to 1485768958504
11:36:02.995 [DEBUG] [org.gradle.internal.remote.internal.inet.InetAddressFactory] Adding IP addresses for network interface Software Loopback Interface 1
11:36:03.017 [DEBUG] [org.gradle.internal.remote.internal.inet.InetAddressFactory] Is this a loopback interface? true
11:36:03.025 [DEBUG] [org.gradle.internal.remote.internal.inet.InetAddressFactory] Is this a multicast interface? true
11:36:03.027 [DEBUG] [org.gradle.internal.remote.internal.inet.InetAddressFactory] Adding loopback address /127.0.0.1
11:36:03.027 [DEBUG] [org.gradle.internal.remote.internal.inet.InetAddressFactory] Adding loopback address /0:0:0:0:0:0:0:1
11:36:03.028 [DEBUG] [org.gradle.internal.remote.internal.inet.InetAddressFactory] Adding loopback multicast interface Software Loopback Interface 1
11:36:03.028 [DEBUG] [org.gradle.internal.remote.internal.inet.InetAddressFactory] Adding IP addresses for network interface WAN Miniport (SSTP)
11:36:03.031 [DEBUG] [org.gradle.internal.remote.internal.inet.InetAddressFactory] Is this a loopback interface? false
11:36:03.037 [DEBUG] [org.gradle.internal.remote.internal.inet.InetAddressFactory] Is this a multicast interface? true
11:36:03.038 [DEBUG] [org.gradle.internal.remote.internal.inet.InetAddressFactory] Adding loopback multicast interface WAN Miniport (SSTP)
11:36:03.038 [DEBUG] [org.gradle.internal.remote.internal.inet.InetAddressFactory] Adding IP addresses for network interface WAN Miniport (L2TP)
11:36:03.042 [DEBUG] [org.gradle.internal.remote.internal.inet.InetAddressFactory] Is this a loopback interface? false
11:36:03.049 [DEBUG] [org.gradle.internal.remote.internal.inet.InetAddressFactory] Is this a multicast interface? true
11:36:03.050 [DEBUG] [org.gradle.internal.remote.internal.inet.InetAddressFactory] Adding loopback multicast interface WAN Miniport (L2TP)
11:36:03.050 [DEBUG] [org.gradle.internal.remote.internal.inet.InetAddressFactory] Adding IP addresses for network interface WAN Miniport (PPTP)
11:36:03.054 [DEBUG] [org.gradle.internal.remote.internal.inet.InetAddressFactory] Is this a loopback interface? false
11:36:03.058 [DEBUG] [org.gradle.internal.remote.internal.inet.InetAddressFactory] Is this a multicast interface? true
11:36:03.059 [DEBUG] [org.gradle.internal.remote.internal.inet.InetAddressFactory] Adding loopback multicast interface WAN Miniport (PPTP)
11:36:03.059 [DEBUG] [org.gradle.internal.remote.internal.inet.InetAddressFactory] Adding IP addresses for network interface WAN Miniport (PPPOE)
11:36:03.066 [DEBUG] [org.gradle.internal.remote.internal.inet.InetAddressFactory] Is this a loopback interface? false
11:36:03.071 [DEBUG] [org.gradle.internal.remote.internal.inet.InetAddressFactory] Is this a multicast interface? true
11:36:03.071 [DEBUG] [org.gradle.internal.remote.internal.inet.InetAddressFactory] Adding loopback multicast interface WAN Miniport (PPPOE)
11:36:03.072 [DEBUG] [org.gradle.internal.remote.internal.inet.InetAddressFactory] Adding IP addresses for network interface WAN Miniport (IPv6)
11:36:03.075 [DEBUG] [org.gradle.internal.remote.internal.inet.InetAddressFactory] Is this a loopback interface? false
11:36:03.078 [DEBUG] [org.gradle.internal.remote.internal.inet.InetAddressFactory] Is this a multicast interface? true
11:36:03.080 [DEBUG] [org.gradle.internal.remote.internal.inet.InetAddressFactory] Adding loopback multicast interface WAN Miniport (IPv6)
11:36:03.081 [DEBUG] [org.gradle.internal.remote.internal.inet.InetAddressFactory] Adding IP addresses for network interface WAN Miniport (Network Monitor)
11:36:03.084 [DEBUG] [org.gradle.internal.remote.internal.inet.InetAddressFactory] Is this a loopback interface? false
11:36:03.089 [DEBUG] [org.gradle.internal.remote.internal.inet.InetAddressFactory] Is this a multicast interface? true
11:36:03.089 [DEBUG] [org.gradle.internal.remote.internal.inet.InetAddressFactory] Adding loopback multicast interface WAN Miniport (Network Monitor)
11:36:03.090 [DEBUG] [org.gradle.internal.remote.internal.inet.InetAddressFactory] Adding IP addresses for network interface WAN Miniport (IP)
11:36:03.112 [DEBUG] [org.gradle.internal.remote.internal.inet.InetAddressFactory] Is this a loopback interface? false
11:36:03.115 [DEBUG] [org.gradle.internal.remote.internal.inet.InetAddressFactory] Is this a multicast interface? true
11:36:03.116 [DEBUG] [org.gradle.internal.remote.internal.inet.InetAddressFactory] Adding loopback multicast interface WAN Miniport (IP)
11:36:03.116 [DEBUG] [org.gradle.internal.remote.internal.inet.InetAddressFactory] Adding IP addresses for network interface RAS Async Adapter
11:36:03.119 [DEBUG] [org.gradle.internal.remote.internal.inet.InetAddressFactory] Is this a loopback interface? false
11:36:03.122 [DEBUG] [org.gradle.internal.remote.internal.inet.InetAddressFactory] Is this a multicast interface? true
11:36:03.123 [DEBUG] [org.gradle.internal.remote.internal.inet.InetAddressFactory] Adding loopback multicast interface RAS Async Adapter
11:36:03.123 [DEBUG] [org.gradle.internal.remote.internal.inet.InetAddressFactory] Adding IP addresses for network interface WAN Miniport (IKEv2)
11:36:03.129 [DEBUG] [org.gradle.internal.remote.internal.inet.InetAddressFactory] Is this a loopback interface? false
11:36:03.133 [DEBUG] [org.gradle.internal.remote.internal.inet.InetAddressFactory] Is this a multicast interface? true
11:36:03.134 [DEBUG] [org.gradle.internal.remote.internal.inet.InetAddressFactory] Adding loopback multicast interface WAN Miniport (IKEv2)
11:36:03.134 [DEBUG] [org.gradle.internal.remote.internal.inet.InetAddressFactory] Adding IP addresses for network interface Intel(R) Ethernet Connection I217-LM
11:36:03.137 [DEBUG] [org.gradle.internal.remote.internal.inet.InetAddressFactory] Is this a loopback interface? false
11:36:03.144 [DEBUG] [org.gradle.internal.remote.internal.inet.InetAddressFactory] Is this a multicast interface? true
11:36:03.144 [DEBUG] [org.gradle.internal.remote.internal.inet.InetAddressFactory] Adding remote address /192.168.1.25
11:36:03.144 [DEBUG] [org.gradle.internal.remote.internal.inet.InetAddressFactory] Adding remote address /fe80:0:0:0:2cef:80cc:b40:5c91%eth3
11:36:03.145 [DEBUG] [org.gradle.internal.remote.internal.inet.InetAddressFactory] Adding remote multicast interface Intel(R) Ethernet Connection I217-LM
11:36:03.145 [DEBUG] [org.gradle.internal.remote.internal.inet.InetAddressFactory] Adding IP addresses for network interface Microsoft 6to4 Adapter
11:36:03.148 [DEBUG] [org.gradle.internal.remote.internal.inet.InetAddressFactory] Is this a loopback interface? false
11:36:03.151 [DEBUG] [org.gradle.internal.remote.internal.inet.InetAddressFactory] Is this a multicast interface? false
11:36:03.152 [DEBUG] [org.gradle.internal.remote.internal.inet.InetAddressFactory] Adding IP addresses for network interface Bluetooth Device (RFCOMM Protocol TDI) #2
11:36:03.156 [DEBUG] [org.gradle.internal.remote.internal.inet.InetAddressFactory] Is this a loopback interface? false
11:36:03.159 [DEBUG] [org.gradle.internal.remote.internal.inet.InetAddressFactory] Is this a multicast interface? true
11:36:03.160 [DEBUG] [org.gradle.internal.remote.internal.inet.InetAddressFactory] Adding loopback multicast interface Bluetooth Device (RFCOMM Protocol TDI) #2
11:36:03.160 [DEBUG] [org.gradle.internal.remote.internal.inet.InetAddressFactory] Adding IP addresses for network interface Bluetooth Device (Personal Area Network) #2
11:36:03.163 [DEBUG] [org.gradle.internal.remote.internal.inet.InetAddressFactory] Is this a loopback interface? false
11:36:03.169 [DEBUG] [org.gradle.internal.remote.internal.inet.InetAddressFactory] Is this a multicast interface? true
11:36:03.169 [DEBUG] [org.gradle.internal.remote.internal.inet.InetAddressFactory] Adding remote address /fe80:0:0:0:1c53:e74b:d4ec:2c4b%eth4
11:36:03.170 [DEBUG] [org.gradle.internal.remote.internal.inet.InetAddressFactory] Adding remote multicast interface Bluetooth Device (Personal Area Network) #2
11:36:03.170 [DEBUG] [org.gradle.internal.remote.internal.inet.InetAddressFactory] Adding IP addresses for network interface Intel(R) Centrino(R) Advanced-N 6235
11:36:03.174 [DEBUG] [org.gradle.internal.remote.internal.inet.InetAddressFactory] Is this a loopback interface? false
11:36:03.178 [DEBUG] [org.gradle.internal.remote.internal.inet.InetAddressFactory] Is this a multicast interface? true
11:36:03.179 [DEBUG] [org.gradle.internal.remote.internal.inet.InetAddressFactory] Adding remote address /fe80:0:0:0:3d30:1059:778:5402%wlan0
11:36:03.179 [DEBUG] [org.gradle.internal.remote.internal.inet.InetAddressFactory] Adding remote multicast interface Intel(R) Centrino(R) Advanced-N 6235
11:36:03.179 [DEBUG] [org.gradle.internal.remote.internal.inet.InetAddressFactory] Adding IP addresses for network interface Microsoft Virtual WiFi Miniport Adapter
11:36:03.183 [DEBUG] [org.gradle.internal.remote.internal.inet.InetAddressFactory] Is this a loopback interface? false
11:36:03.189 [DEBUG] [org.gradle.internal.remote.internal.inet.InetAddressFactory] Is this a multicast interface? true
11:36:03.190 [DEBUG] [org.gradle.internal.remote.internal.inet.InetAddressFactory] Adding remote address /fe80:0:0:0:953:8a37:1fc8:de1%wlan1
11:36:03.190 [DEBUG] [org.gradle.internal.remote.internal.inet.InetAddressFactory] Adding remote multicast interface Microsoft Virtual WiFi Miniport Adapter
11:36:03.190 [DEBUG] [org.gradle.internal.remote.internal.inet.InetAddressFactory] Adding IP addresses for network interface Microsoft Virtual WiFi Miniport Adapter #2
11:36:03.195 [DEBUG] [org.gradle.internal.remote.internal.inet.InetAddressFactory] Is this a loopback interface? false
11:36:03.364 [DEBUG] [org.gradle.internal.remote.internal.inet.InetAddressFactory] Is this a multicast interface? true
11:36:03.365 [DEBUG] [org.gradle.internal.remote.internal.inet.InetAddressFactory] Adding remote address /fe80:0:0:0:8487:45b4:637e:5939%wlan2
11:36:03.365 [DEBUG] [org.gradle.internal.remote.internal.inet.InetAddressFactory] Adding remote multicast interface Microsoft Virtual WiFi Miniport Adapter #2
11:36:03.365 [DEBUG] [org.gradle.internal.remote.internal.inet.InetAddressFactory] Adding IP addresses for network interface VirtualBox Host-Only Ethernet Adapter
11:36:03.373 [DEBUG] [org.gradle.internal.remote.internal.inet.InetAddressFactory] Is this a loopback interface? false
11:36:03.433 [DEBUG] [org.gradle.internal.remote.internal.inet.InetAddressFactory] Is this a multicast interface? true
11:36:03.434 [DEBUG] [org.gradle.internal.remote.internal.inet.InetAddressFactory] Adding remote address /192.168.56.1
11:36:03.434 [DEBUG] [org.gradle.internal.remote.internal.inet.InetAddressFactory] Adding remote address /fe80:0:0:0:7863:3c16:9d58:eb2e%eth5
11:36:03.434 [DEBUG] [org.gradle.internal.remote.internal.inet.InetAddressFactory] Adding remote multicast interface VirtualBox Host-Only Ethernet Adapter
11:36:03.434 [DEBUG] [org.gradle.internal.remote.internal.inet.InetAddressFactory] Adding IP addresses for network interface Microsoft ISATAP Adapter #6
11:36:03.450 [DEBUG] [org.gradle.internal.remote.internal.inet.InetAddressFactory] Is this a loopback interface? false
11:36:03.484 [DEBUG] [org.gradle.internal.remote.internal.inet.InetAddressFactory] Is this a multicast interface? false
11:36:03.485 [DEBUG] [org.gradle.internal.remote.internal.inet.InetAddressFactory] Adding remote address /fe80:0:0:0:0:5efe:c0a8:3801%net6
11:36:03.485 [DEBUG] [org.gradle.internal.remote.internal.inet.InetAddressFactory] Adding IP addresses for network interface VirtualBox Host-Only Ethernet Adapter #2
11:36:03.511 [DEBUG] [org.gradle.internal.remote.internal.inet.InetAddressFactory] Is this a loopback interface? false
11:36:03.516 [DEBUG] [org.gradle.internal.remote.internal.inet.InetAddressFactory] Is this a multicast interface? true
11:36:03.517 [DEBUG] [org.gradle.internal.remote.internal.inet.InetAddressFactory] Adding remote address /192.168.211.2
11:36:03.517 [DEBUG] [org.gradle.internal.remote.internal.inet.InetAddressFactory] Adding remote address /fe80:0:0:0:ac9f:31f1:38d5:108d%eth6
11:36:03.517 [DEBUG] [org.gradle.internal.remote.internal.inet.InetAddressFactory] Adding remote multicast interface VirtualBox Host-Only Ethernet Adapter #2
11:36:03.517 [DEBUG] [org.gradle.internal.remote.internal.inet.InetAddressFactory] Adding IP addresses for network interface Microsoft ISATAP Adapter #7
11:36:03.554 [DEBUG] [org.gradle.internal.remote.internal.inet.InetAddressFactory] Is this a loopback interface? false
11:36:03.557 [DEBUG] [org.gradle.internal.remote.internal.inet.InetAddressFactory] Is this a multicast interface? false
11:36:03.558 [DEBUG] [org.gradle.internal.remote.internal.inet.InetAddressFactory] Adding remote address /fe80:0:0:0:0:5efe:c0a8:d302%net7
11:36:03.558 [DEBUG] [org.gradle.internal.remote.internal.inet.InetAddressFactory] Adding IP addresses for network interface Microsoft ISATAP Adapter #5
11:36:03.564 [DEBUG] [org.gradle.internal.remote.internal.inet.InetAddressFactory] Is this a loopback interface? false
11:36:03.575 [DEBUG] [org.gradle.internal.remote.internal.inet.InetAddressFactory] Is this a multicast interface? false
11:36:03.575 [DEBUG] [org.gradle.internal.remote.internal.inet.InetAddressFactory] Adding remote address /fe80:0:0:0:0:5efe:c0a8:119%net8
11:36:03.576 [DEBUG] [org.gradle.internal.remote.internal.inet.InetAddressFactory] Adding IP addresses for network interface Microsoft ISATAP Adapter
11:36:03.579 [DEBUG] [org.gradle.internal.remote.internal.inet.InetAddressFactory] Is this a loopback interface? false
11:36:03.582 [DEBUG] [org.gradle.internal.remote.internal.inet.InetAddressFactory] Is this a multicast interface? false
11:36:03.582 [DEBUG] [org.gradle.internal.remote.internal.inet.InetAddressFactory] Adding IP addresses for network interface Microsoft ISATAP Adapter #4
11:36:03.607 [DEBUG] [org.gradle.internal.remote.internal.inet.InetAddressFactory] Is this a loopback interface? false
11:36:03.611 [DEBUG] [org.gradle.internal.remote.internal.inet.InetAddressFactory] Is this a multicast interface? false
11:36:03.611 [DEBUG] [org.gradle.internal.remote.internal.inet.InetAddressFactory] Adding IP addresses for network interface Microsoft ISATAP Adapter #2
11:36:03.614 [DEBUG] [org.gradle.internal.remote.internal.inet.InetAddressFactory] Is this a loopback interface? false
11:36:03.618 [DEBUG] [org.gradle.internal.remote.internal.inet.InetAddressFactory] Is this a multicast interface? false
11:36:03.618 [DEBUG] [org.gradle.internal.remote.internal.inet.InetAddressFactory] Adding IP addresses for network interface Intel(R) Ethernet Connection I217-LM-VirtualBox NDIS Light-Weight Filter-0000
11:36:03.621 [DEBUG] [org.gradle.internal.remote.internal.inet.InetAddressFactory] Is this a loopback interface? false
11:36:03.625 [DEBUG] [org.gradle.internal.remote.internal.inet.InetAddressFactory] Is this a multicast interface? true
11:36:03.625 [DEBUG] [org.gradle.internal.remote.internal.inet.InetAddressFactory] Adding loopback multicast interface Intel(R) Ethernet Connection I217-LM-VirtualBox NDIS Light-Weight Filter-0000
11:36:03.626 [DEBUG] [org.gradle.internal.remote.internal.inet.InetAddressFactory] Adding IP addresses for network interface Intel(R) Ethernet Connection I217-LM-QoS Packet Scheduler-0000
11:36:03.629 [DEBUG] [org.gradle.internal.remote.internal.inet.InetAddressFactory] Is this a loopback interface? false
11:36:03.634 [DEBUG] [org.gradle.internal.remote.internal.inet.InetAddressFactory] Is this a multicast interface? true
11:36:03.634 [DEBUG] [org.gradle.internal.remote.internal.inet.InetAddressFactory] Adding loopback multicast interface Intel(R) Ethernet Connection I217-LM-QoS Packet Scheduler-0000
11:36:03.634 [DEBUG] [org.gradle.internal.remote.internal.inet.InetAddressFactory] Adding IP addresses for network interface Intel(R) Ethernet Connection I217-LM-WFP LightWeight Filter-0000
11:36:03.641 [DEBUG] [org.gradle.internal.remote.internal.inet.InetAddressFactory] Is this a loopback interface? false
11:36:03.644 [DEBUG] [org.gradle.internal.remote.internal.inet.InetAddressFactory] Is this a multicast interface? true
11:36:03.645 [DEBUG] [org.gradle.internal.remote.internal.inet.InetAddressFactory] Adding loopback multicast interface Intel(R) Ethernet Connection I217-LM-WFP LightWeight Filter-0000
11:36:03.645 [DEBUG] [org.gradle.internal.remote.internal.inet.InetAddressFactory] Adding IP addresses for network interface Intel(R) Centrino(R) Advanced-N 6235-VirtualBox NDIS Light-Weight Filter-0000
11:36:03.651 [DEBUG] [org.gradle.internal.remote.internal.inet.InetAddressFactory] Is this a loopback interface? false
11:36:03.656 [DEBUG] [org.gradle.internal.remote.internal.inet.InetAddressFactory] Is this a multicast interface? true
11:36:03.656 [DEBUG] [org.gradle.internal.remote.internal.inet.InetAddressFactory] Adding loopback multicast interface Intel(R) Centrino(R) Advanced-N 6235-VirtualBox NDIS Light-Weight Filter-0000
11:36:03.657 [DEBUG] [org.gradle.internal.remote.internal.inet.InetAddressFactory] Adding IP addresses for network interface Intel(R) Centrino(R) Advanced-N 6235-QoS Packet Scheduler-0000
11:36:03.662 [DEBUG] [org.gradle.internal.remote.internal.inet.InetAddressFactory] Is this a loopback interface? false
11:36:03.665 [DEBUG] [org.gradle.internal.remote.internal.inet.InetAddressFactory] Is this a multicast interface? true
11:36:03.665 [DEBUG] [org.gradle.internal.remote.internal.inet.InetAddressFactory] Adding loopback multicast interface Intel(R) Centrino(R) Advanced-N 6235-QoS Packet Scheduler-0000
11:36:03.666 [DEBUG] [org.gradle.internal.remote.internal.inet.InetAddressFactory] Adding IP addresses for network interface Intel(R) Centrino(R) Advanced-N 6235-Virtual WiFi Filter Driver-0000
11:36:03.686 [DEBUG] [org.gradle.internal.remote.internal.inet.InetAddressFactory] Is this a loopback interface? false
11:36:03.689 [DEBUG] [org.gradle.internal.remote.internal.inet.InetAddressFactory] Is this a multicast interface? true
11:36:03.690 [DEBUG] [org.gradle.internal.remote.internal.inet.InetAddressFactory] Adding loopback multicast interface Intel(R) Centrino(R) Advanced-N 6235-Virtual WiFi Filter Driver-0000
11:36:03.690 [DEBUG] [org.gradle.internal.remote.internal.inet.InetAddressFactory] Adding IP addresses for network interface WAN Miniport (IPv6)-QoS Packet Scheduler-0000
11:36:03.694 [DEBUG] [org.gradle.internal.remote.internal.inet.InetAddressFactory] Is this a loopback interface? false
11:36:03.716 [DEBUG] [org.gradle.internal.remote.internal.inet.InetAddressFactory] Is this a multicast interface? true
11:36:03.717 [DEBUG] [org.gradle.internal.remote.internal.inet.InetAddressFactory] Adding loopback multicast interface WAN Miniport (IPv6)-QoS Packet Scheduler-0000
11:36:03.717 [DEBUG] [org.gradle.internal.remote.internal.inet.InetAddressFactory] Adding IP addresses for network interface WAN Miniport (IP)-QoS Packet Scheduler-0000
11:36:03.728 [DEBUG] [org.gradle.internal.remote.internal.inet.InetAddressFactory] Is this a loopback interface? false
11:36:03.734 [DEBUG] [org.gradle.internal.remote.internal.inet.InetAddressFactory] Is this a multicast interface? true
11:36:03.734 [DEBUG] [org.gradle.internal.remote.internal.inet.InetAddressFactory] Adding loopback multicast interface WAN Miniport (IP)-QoS Packet Scheduler-0000
11:36:03.734 [DEBUG] [org.gradle.internal.remote.internal.inet.InetAddressFactory] Adding IP addresses for network interface WAN Miniport (Network Monitor)-QoS Packet Scheduler-0000
11:36:03.740 [DEBUG] [org.gradle.internal.remote.internal.inet.InetAddressFactory] Is this a loopback interface? false
11:36:03.744 [DEBUG] [org.gradle.internal.remote.internal.inet.InetAddressFactory] Is this a multicast interface? true
11:36:03.744 [DEBUG] [org.gradle.internal.remote.internal.inet.InetAddressFactory] Adding loopback multicast interface WAN Miniport (Network Monitor)-QoS Packet Scheduler-0000
11:36:03.744 [DEBUG] [org.gradle.internal.remote.internal.inet.InetAddressFactory] Adding IP addresses for network interface VirtualBox Host-Only Ethernet Adapter-VirtualBox NDIS Light-Weight Filter-0000
11:36:03.747 [DEBUG] [org.gradle.internal.remote.internal.inet.InetAddressFactory] Is this a loopback interface? false
11:36:03.750 [DEBUG] [org.gradle.internal.remote.internal.inet.InetAddressFactory] Is this a multicast interface? true
11:36:03.751 [DEBUG] [org.gradle.internal.remote.internal.inet.InetAddressFactory] Adding loopback multicast interface VirtualBox Host-Only Ethernet Adapter-VirtualBox NDIS Light-Weight Filter-0000
11:36:03.751 [DEBUG] [org.gradle.internal.remote.internal.inet.InetAddressFactory] Adding IP addresses for network interface VirtualBox Host-Only Ethernet Adapter-QoS Packet Scheduler-0000
11:36:03.753 [DEBUG] [org.gradle.internal.remote.internal.inet.InetAddressFactory] Is this a loopback interface? false
11:36:03.757 [DEBUG] [org.gradle.internal.remote.internal.inet.InetAddressFactory] Is this a multicast interface? true
11:36:03.757 [DEBUG] [org.gradle.internal.remote.internal.inet.InetAddressFactory] Adding loopback multicast interface VirtualBox Host-Only Ethernet Adapter-QoS Packet Scheduler-0000
11:36:03.757 [DEBUG] [org.gradle.internal.remote.internal.inet.InetAddressFactory] Adding IP addresses for network interface VirtualBox Host-Only Ethernet Adapter-WFP LightWeight Filter-0000
11:36:03.763 [DEBUG] [org.gradle.internal.remote.internal.inet.InetAddressFactory] Is this a loopback interface? false
11:36:03.769 [DEBUG] [org.gradle.internal.remote.internal.inet.InetAddressFactory] Is this a multicast interface? true
11:36:03.769 [DEBUG] [org.gradle.internal.remote.internal.inet.InetAddressFactory] Adding loopback multicast interface VirtualBox Host-Only Ethernet Adapter-WFP LightWeight Filter-0000
11:36:03.769 [DEBUG] [org.gradle.internal.remote.internal.inet.InetAddressFactory] Adding IP addresses for network interface VirtualBox Host-Only Ethernet Adapter #2-VirtualBox NDIS Light-Weight Filter-0000
11:36:03.772 [DEBUG] [org.gradle.internal.remote.internal.inet.InetAddressFactory] Is this a loopback interface? false
11:36:03.779 [DEBUG] [org.gradle.internal.remote.internal.inet.InetAddressFactory] Is this a multicast interface? true
11:36:03.780 [DEBUG] [org.gradle.internal.remote.internal.inet.InetAddressFactory] Adding loopback multicast interface VirtualBox Host-Only Ethernet Adapter #2-VirtualBox NDIS Light-Weight Filter-0000
11:36:03.780 [DEBUG] [org.gradle.internal.remote.internal.inet.InetAddressFactory] Adding IP addresses for network interface VirtualBox Host-Only Ethernet Adapter #2-QoS Packet Scheduler-0000
11:36:03.783 [DEBUG] [org.gradle.internal.remote.internal.inet.InetAddressFactory] Is this a loopback interface? false
11:36:03.786 [DEBUG] [org.gradle.internal.remote.internal.inet.InetAddressFactory] Is this a multicast interface? true
11:36:03.786 [DEBUG] [org.gradle.internal.remote.internal.inet.InetAddressFactory] Adding loopback multicast interface VirtualBox Host-Only Ethernet Adapter #2-QoS Packet Scheduler-0000
11:36:03.787 [DEBUG] [org.gradle.internal.remote.internal.inet.InetAddressFactory] Adding IP addresses for network interface VirtualBox Host-Only Ethernet Adapter #2-WFP LightWeight Filter-0000
11:36:03.789 [DEBUG] [org.gradle.internal.remote.internal.inet.InetAddressFactory] Is this a loopback interface? false
11:36:03.792 [DEBUG] [org.gradle.internal.remote.internal.inet.InetAddressFactory] Is this a multicast interface? true
11:36:03.793 [DEBUG] [org.gradle.internal.remote.internal.inet.InetAddressFactory] Adding loopback multicast interface VirtualBox Host-Only Ethernet Adapter #2-WFP LightWeight Filter-0000
11:36:03.793 [DEBUG] [org.gradle.internal.remote.internal.inet.InetAddressFactory] Adding IP addresses for network interface Intel(R) Centrino(R) Advanced-N 6235-Native WiFi Filter Driver-0000
11:36:03.825 [DEBUG] [org.gradle.internal.remote.internal.inet.InetAddressFactory] Is this a loopback interface? false
11:36:03.859 [DEBUG] [org.gradle.internal.remote.internal.inet.InetAddressFactory] Is this a multicast interface? true
11:36:03.859 [DEBUG] [org.gradle.internal.remote.internal.inet.InetAddressFactory] Adding loopback multicast interface Intel(R) Centrino(R) Advanced-N 6235-Native WiFi Filter Driver-0000
11:36:03.859 [DEBUG] [org.gradle.internal.remote.internal.inet.InetAddressFactory] Adding IP addresses for network interface Intel(R) Centrino(R) Advanced-N 6235-WFP LightWeight Filter-0000
11:36:03.865 [DEBUG] [org.gradle.internal.remote.internal.inet.InetAddressFactory] Is this a loopback interface? false
11:36:03.880 [DEBUG] [org.gradle.internal.remote.internal.inet.InetAddressFactory] Is this a multicast interface? true
11:36:03.881 [DEBUG] [org.gradle.internal.remote.internal.inet.InetAddressFactory] Adding loopback multicast interface Intel(R) Centrino(R) Advanced-N 6235-WFP LightWeight Filter-0000
11:36:03.881 [DEBUG] [org.gradle.internal.remote.internal.inet.InetAddressFactory] Adding IP addresses for network interface Microsoft Virtual WiFi Miniport Adapter-Native WiFi Filter Driver-0000
11:36:03.889 [DEBUG] [org.gradle.internal.remote.internal.inet.InetAddressFactory] Is this a loopback interface? false
11:36:03.892 [DEBUG] [org.gradle.internal.remote.internal.inet.InetAddressFactory] Is this a multicast interface? true
11:36:03.893 [DEBUG] [org.gradle.internal.remote.internal.inet.InetAddressFactory] Adding loopback multicast interface Microsoft Virtual WiFi Miniport Adapter-Native WiFi Filter Driver-0000
11:36:03.893 [DEBUG] [org.gradle.internal.remote.internal.inet.InetAddressFactory] Adding IP addresses for network interface Microsoft Virtual WiFi Miniport Adapter-VirtualBox NDIS Light-Weight Filter-0000
11:36:03.896 [DEBUG] [org.gradle.internal.remote.internal.inet.InetAddressFactory] Is this a loopback interface? false
11:36:03.899 [DEBUG] [org.gradle.internal.remote.internal.inet.InetAddressFactory] Is this a multicast interface? true
11:36:03.899 [DEBUG] [org.gradle.internal.remote.internal.inet.InetAddressFactory] Adding loopback multicast interface Microsoft Virtual WiFi Miniport Adapter-VirtualBox NDIS Light-Weight Filter-0000
11:36:03.899 [DEBUG] [org.gradle.internal.remote.internal.inet.InetAddressFactory] Adding IP addresses for network interface Microsoft Virtual WiFi Miniport Adapter-QoS Packet Scheduler-0000
11:36:03.902 [DEBUG] [org.gradle.internal.remote.internal.inet.InetAddressFactory] Is this a loopback interface? false
11:36:03.909 [DEBUG] [org.gradle.internal.remote.internal.inet.InetAddressFactory] Is this a multicast interface? true
11:36:03.909 [DEBUG] [org.gradle.internal.remote.internal.inet.InetAddressFactory] Adding loopback multicast interface Microsoft Virtual WiFi Miniport Adapter-QoS Packet Scheduler-0000
11:36:03.910 [DEBUG] [org.gradle.internal.remote.internal.inet.InetAddressFactory] Adding IP addresses for network interface Microsoft Virtual WiFi Miniport Adapter-WFP LightWeight Filter-0000
11:36:03.917 [DEBUG] [org.gradle.internal.remote.internal.inet.InetAddressFactory] Is this a loopback interface? false
11:36:03.921 [DEBUG] [org.gradle.internal.remote.internal.inet.InetAddressFactory] Is this a multicast interface? true
11:36:03.921 [DEBUG] [org.gradle.internal.remote.internal.inet.InetAddressFactory] Adding loopback multicast interface Microsoft Virtual WiFi Miniport Adapter-WFP LightWeight Filter-0000
11:36:03.922 [DEBUG] [org.gradle.internal.remote.internal.inet.InetAddressFactory] Adding IP addresses for network interface Microsoft Virtual WiFi Miniport Adapter #2-Native WiFi Filter Driver-0000
11:36:03.924 [DEBUG] [org.gradle.internal.remote.internal.inet.InetAddressFactory] Is this a loopback interface? false
11:36:03.929 [DEBUG] [org.gradle.internal.remote.internal.inet.InetAddressFactory] Is this a multicast interface? true
11:36:03.929 [DEBUG] [org.gradle.internal.remote.internal.inet.InetAddressFactory] Adding loopback multicast interface Microsoft Virtual WiFi Miniport Adapter #2-Native WiFi Filter Driver-0000
11:36:03.929 [DEBUG] [org.gradle.internal.remote.internal.inet.InetAddressFactory] Adding IP addresses for network interface Microsoft Virtual WiFi Miniport Adapter #2-VirtualBox NDIS Light-Weight Filter-0000
11:36:03.932 [DEBUG] [org.gradle.internal.remote.internal.inet.InetAddressFactory] Is this a loopback interface? false
11:36:03.935 [DEBUG] [org.gradle.internal.remote.internal.inet.InetAddressFactory] Is this a multicast interface? true
11:36:03.936 [DEBUG] [org.gradle.internal.remote.internal.inet.InetAddressFactory] Adding loopback multicast interface Microsoft Virtual WiFi Miniport Adapter #2-VirtualBox NDIS Light-Weight Filter-0000
11:36:03.936 [DEBUG] [org.gradle.internal.remote.internal.inet.InetAddressFactory] Adding IP addresses for network interface Microsoft Virtual WiFi Miniport Adapter #2-QoS Packet Scheduler-0000
11:36:03.939 [DEBUG] [org.gradle.internal.remote.internal.inet.InetAddressFactory] Is this a loopback interface? false
11:36:03.943 [DEBUG] [org.gradle.internal.remote.internal.inet.InetAddressFactory] Is this a multicast interface? true
11:36:03.943 [DEBUG] [org.gradle.internal.remote.internal.inet.InetAddressFactory] Adding loopback multicast interface Microsoft Virtual WiFi Miniport Adapter #2-QoS Packet Scheduler-0000
11:36:03.943 [DEBUG] [org.gradle.internal.remote.internal.inet.InetAddressFactory] Adding IP addresses for network interface Microsoft Virtual WiFi Miniport Adapter #2-WFP LightWeight Filter-0000
11:36:03.949 [DEBUG] [org.gradle.internal.remote.internal.inet.InetAddressFactory] Is this a loopback interface? false
11:36:03.952 [DEBUG] [org.gradle.internal.remote.internal.inet.InetAddressFactory] Is this a multicast interface? true
11:36:03.952 [DEBUG] [org.gradle.internal.remote.internal.inet.InetAddressFactory] Adding loopback multicast interface Microsoft Virtual WiFi Miniport Adapter #2-WFP LightWeight Filter-0000
11:36:03.953 [DEBUG] [org.gradle.internal.remote.internal.inet.InetAddressFactory] Adding IP addresses for network interface Microsoft ISATAP Adapter #3
11:36:03.967 [DEBUG] [org.gradle.internal.remote.internal.inet.InetAddressFactory] Is this a loopback interface? false
11:36:03.979 [DEBUG] [org.gradle.internal.remote.internal.inet.InetAddressFactory] Is this a multicast interface? false
11:36:03.982 [DEBUG] [org.gradle.internal.remote.internal.inet.TcpIncomingConnector] Listening on [76503d49-8ac8-463e-bcba-0a2b2b7abe1b port:51748, addresses:[/127.0.0.1, /0:0:0:0:0:0:0:1]].
11:36:03.986 [DEBUG] [org.gradle.launcher.daemon.server.Daemon] Daemon starting at: Mon Jan 30 11:36:03 CAT 2017, with address: [76503d49-8ac8-463e-bcba-0a2b2b7abe1b port:51748, addresses:[/127.0.0.1, /0:0:0:0:0:0:0:1]]
11:36:03.987 [INFO] [org.gradle.launcher.daemon.server.DomainRegistryUpdater] Advertising the daemon address to the clients: [76503d49-8ac8-463e-bcba-0a2b2b7abe1b port:51748, addresses:[/127.0.0.1, /0:0:0:0:0:0:0:1]]
11:36:03.987 [DEBUG] [org.gradle.launcher.daemon.server.DomainRegistryUpdater] Advertised daemon context: DefaultDaemonContext[uid=ab7b99f0-5b7b-453f-a8b6-8021ed22f8c6,javaHome=C:\Program Files\Java\jdk1.8.0_101,daemonRegistryDir=C:\Users\TIH\.gradle\daemon,pid=8876,idleTimeout=10800000,daemonOpts=-Xmx1536m,-Dfile.encoding=windows-1252,-Duser.country=US,-Duser.language=en,-Duser.variant]
11:36:03.989 [DEBUG] [org.gradle.launcher.daemon.registry.PersistentDaemonRegistry] Storing daemon address: [76503d49-8ac8-463e-bcba-0a2b2b7abe1b port:51748, addresses:[/127.0.0.1, /0:0:0:0:0:0:0:1]], context: DefaultDaemonContext[uid=ab7b99f0-5b7b-453f-a8b6-8021ed22f8c6,javaHome=C:\Program Files\Java\jdk1.8.0_101,daemonRegistryDir=C:\Users\TIH\.gradle\daemon,pid=8876,idleTimeout=10800000,daemonOpts=-Xmx1536m,-Dfile.encoding=windows-1252,-Duser.country=US,-Duser.language=en,-Duser.variant]
11:36:04.002 [DEBUG] [org.gradle.cache.internal.DefaultFileLockManager] Waiting to acquire exclusive lock on daemon addresses registry.
11:36:04.004 [DEBUG] [org.gradle.cache.internal.DefaultFileLockManager] The file lock is held by a different Gradle process (pid: 9928, operation: ). Will attempt to ping owner at port 49946
11:36:04.206 [DEBUG] [org.gradle.cache.internal.DefaultFileLockManager] The file lock is held by a different Gradle process (pid: 9928, operation: ). Will attempt to ping owner at port 49946
11:36:04.416 [DEBUG] [org.gradle.cache.internal.DefaultFileLockManager] The file lock is held by a different Gradle process (pid: 9928, operation: ). Will attempt to ping owner at port 49946
11:36:04.658 [DEBUG] [org.gradle.cache.internal.DefaultFileLockManager] Lock acquired.
11:36:04.784 [DEBUG] [org.gradle.cache.internal.DefaultFileLockManager] Releasing lock on daemon addresses registry.
11:36:04.786 [LIFECYCLE] [org.gradle.launcher.daemon.server.Daemon] Daemon server started.
11:36:04.789 [DEBUG] [org.gradle.launcher.daemon.bootstrap.DaemonStartupCommunication] Completed writing the daemon greeting. Closing streams...
11:36:04.795 [DEBUG] [org.gradle.launcher.daemon.server.Daemon] stopOnExpiration() called on daemon
11:36:04.795 [DEBUG] [org.gradle.launcher.daemon.server.Daemon] awaitExpiration() called on daemon
11:36:04.796 [DEBUG] [org.gradle.launcher.daemon.server.DaemonStateCoordinator] daemon is running. Sleeping until state changes.
11:36:04.924 [DEBUG] [org.gradle.internal.remote.internal.inet.TcpIncomingConnector] Accepted connection from /127.0.0.1:51759 to /127.0.0.1:51748.
11:36:05.051 [DEBUG] [org.gradle.launcher.daemon.server.SynchronizedDispatchConnection] thread 17: received class org.gradle.launcher.daemon.protocol.Build
11:36:05.052 [DEBUG] [org.gradle.launcher.daemon.server.DefaultDaemonConnection] thread 17: Received non-IO message from client: Build{id=86f1a311-36c4-4dc2-84ee-7623ee68f01f.1, currentDir=C:\Users\TIH\Desktop\Pharmacee}
11:36:05.052 [INFO] [org.gradle.launcher.daemon.server.DefaultIncomingConnectionHandler] Received command: Build{id=86f1a311-36c4-4dc2-84ee-7623ee68f01f.1, currentDir=C:\Users\TIH\Desktop\Pharmacee}.
11:36:05.053 [DEBUG] [org.gradle.launcher.daemon.server.DefaultIncomingConnectionHandler] Starting executing command: Build{id=86f1a311-36c4-4dc2-84ee-7623ee68f01f.1, currentDir=C:\Users\TIH\Desktop\Pharmacee} with connection: socket connection from /127.0.0.1:51748 to /127.0.0.1:51759.
11:36:05.104 [DEBUG] [org.gradle.launcher.daemon.server.DaemonStateCoordinator] Command execution: started DaemonCommandExecution[command = Build{id=86f1a311-36c4-4dc2-84ee-7623ee68f01f.1, currentDir=C:\Users\TIH\Desktop\Pharmacee}, connection = org.gradle.launcher.daemon.server.DefaultDaemonConnection@3fbe5294] after 0.0 minutes of idle
11:36:05.105 [INFO] [org.gradle.launcher.daemon.server.DomainRegistryUpdater] Marking the daemon as busy, address: [76503d49-8ac8-463e-bcba-0a2b2b7abe1b port:51748, addresses:[/127.0.0.1, /0:0:0:0:0:0:0:1]]
11:36:05.105 [DEBUG] [org.gradle.launcher.daemon.registry.PersistentDaemonRegistry] Marking busy by address: [76503d49-8ac8-463e-bcba-0a2b2b7abe1b port:51748, addresses:[/127.0.0.1, /0:0:0:0:0:0:0:1]]
11:36:05.111 [DEBUG] [org.gradle.cache.internal.DefaultFileLockManager] Waiting to acquire exclusive lock on daemon addresses registry.
11:36:05.111 [DEBUG] [org.gradle.cache.internal.DefaultFileLockManager] Lock acquired.
11:36:05.130 [DEBUG] [org.gradle.cache.internal.DefaultFileLockManager] Releasing lock on daemon addresses registry.
11:36:05.131 [DEBUG] [org.gradle.launcher.daemon.server.DaemonStateCoordinator] updating lastActivityAt to 1485768965131
11:36:05.132 [DEBUG] [org.gradle.launcher.daemon.server.DaemonStateCoordinator] daemon is running. Sleeping until state changes.
11:36:05.133 [INFO] [org.gradle.launcher.daemon.server.exec.StartBuildOrRespondWithBusy] Daemon is about to start building Build{id=86f1a311-36c4-4dc2-84ee-7623ee68f01f.1, currentDir=C:\Users\TIH\Desktop\Pharmacee}. Dispatching build started information...
11:36:05.133 [DEBUG] [org.gradle.launcher.daemon.server.SynchronizedDispatchConnection] thread 19: dispatching class org.gradle.launcher.daemon.protocol.BuildStarted
11:36:05.159 [DEBUG] [org.gradle.launcher.daemon.server.exec.EstablishBuildEnvironment] Configuring env variables: {configsetroot=C:\Windows\ConfigSetRoot, PROCESSOR_LEVEL=6, FP_NO_HOST_CHECK=NO, SESSIONNAME=Console, ALLUSERSPROFILE=C:\ProgramData, TVTCOMMON=C:\Program Files (x86)\Common Files\Lenovo, PROCESSOR_ARCHITECTURE=AMD64, PSModulePath=C:\Windows\system32\WindowsPowerShell\v1.0\Modules\, SystemDrive=C:, COMMPath=C:\Program Files\Lenovo\Communications Utility, TVT=C:\Program Files (x86)\Lenovo, SWSHARE=C:\SWSHARE, USERNAME=TIH, ProgramFiles(x86)=C:\Program Files (x86), PATHEXT=.COM;.EXE;.BAT;.CMD;.VBS;.VBE;.JS;.JSE;.WSF;.WSH;.MSC, UOIPME_REG_PATH=C:\Program Files\Intel Corporation\USB over IP, ProgramData=C:\ProgramData, ProgramW6432=C:\Program Files, HOMEPATH=\Users\TIH, PROCESSOR_IDENTIFIER=Intel64 Family 6 Model 60 Stepping 3, GenuineIntel, ALCKPath=C:\Program Files\Lenovo\AutoLock, ProgramFiles=C:\Program Files, PUBLIC=C:\Users\Public, windir=C:\Windows, =::=::\, PowerMgrPath=C:\Program Files (x86)\Lenovo\PowerMgr, LOCALAPPDATA=C:\Users\TIH\AppData\Local, USERDOMAIN=TIH-PC, LOGONSERVER=\\TIH-PC, APPDATA=C:\Users\TIH\AppData\Roaming, READYAPPS=C:\SWTOOLS\ReadyApps, windows_tracing_logfile=C:\BVTBin\Tests\installpackage\csilogfile.log, VBOX_MSI_INSTALL_PATH=C:\Program Files\Oracle\VirtualBox\, CommonProgramFiles=C:\Program Files\Common Files, Path=C:\ProgramData\Oracle\Java\javapath;C:\Program Files (x86)\Intel\iCLS Client\;C:\Program Files\Intel\iCLS Client\;C:\Windows\system32;C:\Windows;C:\Windows\System32\Wbem;C:\Windows\System32\WindowsPowerShell\v1.0\;C:\Program Files\Intel\Intel(R) Management Engine Components\DAL;C:\Program Files\Intel\Intel(R) Management Engine Components\IPT;C:\Program Files (x86)\Intel\Intel(R) Management Engine Components\DAL;C:\Program Files (x86)\Intel\Intel(R) Management Engine Components\IPT;C:\Program Files\Intel\WiFi\bin\;C:\Program Files\Common Files\Intel\WirelessCommon\;C:\SWTOOLS\ReadyApps;C:\Program Files (x86)\Common Files\Lenovo;C:\Program Files (x86)\Common Files\lenovo\easyplussdk\bin;C:\Program Files\Git\cmd, OS=Windows_NT, windows_tracing_flags=3, COMPUTERNAME=TIH-PC, PROCESSOR_REVISION=3c03, CommonProgramW6432=C:\Program Files\Common Files, ComSpec=C:\Windows\system32\cmd.exe, SystemRoot=C:\Windows, TEMP=C:\Users\TIH\AppData\Local\Temp, HOMEDRIVE=C:, USERPROFILE=C:\Users\TIH, TMP=C:\Users\TIH\AppData\Local\Temp, BREAKPAD_DUMP_LOCATION=C:\Program Files (x86)\Goldleaf\Reports\Dump, easyplussdk="C:\Program Files (x86)\Common Files\lenovo\easyplussdk\bin", CommonProgramFiles(x86)=C:\Program Files (x86)\Common Files, NUMBER_OF_PROCESSORS=8}
11:36:05.169 [DEBUG] [org.gradle.launcher.daemon.server.SynchronizedDispatchConnection] thread 17: received class org.gradle.launcher.daemon.protocol.CloseInput
11:36:05.169 [DEBUG] [org.gradle.launcher.daemon.server.DefaultDaemonConnection] thread 17: Received IO message from client: org.gradle.launcher.daemon.protocol.CloseInput@5e6185d2
11:36:05.216 [DEBUG] [org.gradle.launcher.daemon.server.exec.LogToClient] About to start relaying all logs to the client via the connection.
11:36:05.216 [INFO] [org.gradle.launcher.daemon.server.exec.LogToClient] The client will now receive all logging from the daemon (pid: 8876). The daemon log file: C:\Users\TIH\.gradle\daemon\2.14.1\daemon-8876.out.log
11:36:05.326 [INFO] [org.gradle.launcher.daemon.server.health.DaemonHealthTracker] Starting build in new daemon [memory: 1.4 GB]
11:36:05.333 [INFO] [org.gradle.launcher.daemon.server.exec.ForwardClientInput] Closing daemon's stdin at end of input.
11:36:05.333 [INFO] [org.gradle.launcher.daemon.server.exec.ForwardClientInput] The daemon will no longer process any standard input.
11:36:05.339 [DEBUG] [org.gradle.launcher.daemon.server.exec.ExecuteBuild] The daemon has started executing the build.
11:36:05.340 [INFO] [org.gradle.launcher.daemon.server.exec.ExecuteBuild] Executing build with daemon context: DefaultDaemonContext[uid=ab7b99f0-5b7b-453f-a8b6-8021ed22f8c6,javaHome=C:\Program Files\Java\jdk1.8.0_101,daemonRegistryDir=C:\Users\TIH\.gradle\daemon,pid=8876,idleTimeout=10800000,daemonOpts=-Xmx1536m,-Dfile.encoding=windows-1252,-Duser.country=US,-Duser.language=en,-Duser.variant]
Incremental java compilation is an incubating feature.

CONFIGURE SUCCESSFUL

Total time: 1 mins 46.776 secs
The Test.testSrcDirs property has been deprecated and is scheduled to be removed in Gradle 3.0. Support for TestNG Javadoc annotations will be removed in Gradle 3.0.
11:37:30.091 [DEBUG] [org.gradle.api.internal.artifacts.ivyservice.resolveengine.store.CachedStoreFactory] Resolution result cache closed. Cache reads: 0, disk reads: 0 (avg: 0.0 secs, total: 0.0 secs)
11:37:30.303 [DEBUG] [org.gradle.api.internal.artifacts.ivyservice.resolveengine.store.CachedStoreFactory] Resolution result cache closed. Cache reads: 4, disk reads: 8 (avg: 0.006 secs, total: 0.052 secs)
11:37:30.304 [DEBUG] [org.gradle.api.internal.artifacts.ivyservice.resolveengine.store.ResolutionResultsStoreFactory] Deleted 2 resolution results binary files in 0.486 secs
11:37:30.304 [DEBUG] [org.gradle.api.internal.artifacts.ivyservice.ivyresolve.memcache.InMemoryCachedRepositoryFactory] In-memory dependency metadata cache closed. Repos cached: 49, cache instances: 5, modules served from cache: 309, artifacts: 86
11:37:30.305 [DEBUG] [org.gradle.cache.internal.DefaultCacheAccess] Cache Generated Gradle JARs cache (C:\Users\TIH\.gradle\caches\2.14.1\generated-gradle-jars) was closed 0 times.
11:37:30.305 [DEBUG] [org.gradle.cache.internal.DefaultCacheAccess] Cache artifact cache (C:\Users\TIH\.gradle\caches\modules-2) was closed 9 times.
11:37:30.306 [DEBUG] [org.gradle.cache.internal.DefaultCacheAccess] Cache Plugin Resolution Cache (C:\Users\TIH\.gradle\caches\2.14.1\plugin-resolution) was closed 0 times.
11:37:30.306 [DEBUG] [org.gradle.api.internal.tasks.compile.daemon.CompilerDaemonManager] Stopping 0 compiler daemon(s).
11:37:30.306 [INFO] [org.gradle.api.internal.tasks.compile.daemon.CompilerDaemonManager] Stopped 0 compiler daemon(s).
11:37:30.307 [DEBUG] [org.gradle.cache.internal.DefaultCacheAccess] Cache jars (C:\Users\TIH\.gradle\caches\jars-1) was closed 2 times.
11:37:30.307 [DEBUG] [org.gradle.launcher.daemon.server.exec.ExecuteBuild] The daemon has finished executing the build.
11:37:30.308 [DEBUG] [org.gradle.launcher.daemon.server.health.DaemonStatus] GC rate: 0.0/s
11:37:31.835 [DEBUG] [org.gradle.launcher.daemon.server.DaemonStateCoordinator] daemon is running. Sleeping until state changes.
11:37:31.848 [DEBUG] [org.gradle.launcher.daemon.server.DaemonStateCoordinator] Command execution: finished waiting for DaemonCommandExecution[command = Build{id=86f1a311-36c4-4dc2-84ee-7623ee68f01f.1, currentDir=C:\Users\TIH\Desktop\Pharmacee}, connection = org.gradle.launcher.daemon.server.DefaultDaemonConnection@3fbe5294]. Result org.gradle.launcher.daemon.server.DaemonStateCoordinator@692dff51 with state Running
11:37:31.848 [DEBUG] [org.gradle.launcher.daemon.server.DaemonStateCoordinator] Command execution: completed DaemonCommandExecution[command = Build{id=86f1a311-36c4-4dc2-84ee-7623ee68f01f.1, currentDir=C:\Users\TIH\Desktop\Pharmacee}, connection = org.gradle.launcher.daemon.server.DefaultDaemonConnection@3fbe5294]
11:37:31.848 [DEBUG] [org.gradle.launcher.daemon.server.DaemonStateCoordinator] updating lastActivityAt to 1485769051848
11:37:31.848 [INFO] [org.gradle.launcher.daemon.server.DomainRegistryUpdater] Marking the daemon as idle, address: [76503d49-8ac8-463e-bcba-0a2b2b7abe1b port:51748, addresses:[/127.0.0.1, /0:0:0:0:0:0:0:1]]
11:37:31.849 [DEBUG] [org.gradle.launcher.daemon.registry.PersistentDaemonRegistry] Marking idle by address: [76503d49-8ac8-463e-bcba-0a2b2b7abe1b port:51748, addresses:[/127.0.0.1, /0:0:0:0:0:0:0:1]]
11:37:32.533 [DEBUG] [org.gradle.cache.internal.DefaultFileLockManager] Waiting to acquire exclusive lock on daemon addresses registry.
11:37:32.534 [DEBUG] [org.gradle.cache.internal.DefaultFileLockManager] Lock acquired.
11:37:32.551 [DEBUG] [org.gradle.cache.internal.DefaultFileLockManager] Releasing lock on daemon addresses registry.
11:37:32.552 [DEBUG] [org.gradle.launcher.daemon.server.DaemonStateCoordinator] daemon is running. Sleeping until state changes.
11:37:32.552 [DEBUG] [org.gradle.launcher.daemon.server.exec.ReturnResult] Daemon is dispatching the build result: Success[value=org.gradle.tooling.internal.provider.BuildActionResult@525200da]
11:37:32.552 [DEBUG] [org.gradle.launcher.daemon.server.SynchronizedDispatchConnection] thread 16: dispatching class org.gradle.launcher.daemon.protocol.Success
11:37:32.588 [DEBUG] [org.gradle.launcher.daemon.server.DefaultIncomingConnectionHandler] Finishing executing command: Build{id=86f1a311-36c4-4dc2-84ee-7623ee68f01f.1, currentDir=C:\Users\TIH\Desktop\Pharmacee}
11:37:32.589 [DEBUG] [org.gradle.launcher.daemon.server.SynchronizedDispatchConnection] thread 17: received class org.gradle.launcher.daemon.protocol.Finished
11:37:32.589 [DEBUG] [org.gradle.launcher.daemon.server.DefaultDaemonConnection] thread 17: Received non-IO message from client: org.gradle.launcher.daemon.protocol.Finished@59f54615
11:37:32.590 [DEBUG] [org.gradle.launcher.daemon.server.DefaultIncomingConnectionHandler] Received finished message: org.gradle.launcher.daemon.protocol.Finished@59f54615
11:37:32.591 [DEBUG] [org.gradle.launcher.daemon.server.SynchronizedDispatchConnection] thread 16: stopping connection
11:37:32.591 [DEBUG] [org.gradle.internal.remote.internal.inet.SocketConnection] Discarding EOFException: java.io.EOFException
11:37:32.591 [DEBUG] [org.gradle.launcher.daemon.server.SynchronizedDispatchConnection] thread 17: received null
11:37:32.591 [DEBUG] [org.gradle.launcher.daemon.server.DefaultDaemonConnection] thread 17: Received end-of-input from client.
11:37:32.592 [DEBUG] [org.gradle.launcher.daemon.server.SynchronizedDispatchConnection] thread 16: stopping connection
11:38:01.158 [DEBUG] [org.gradle.internal.remote.internal.inet.TcpIncomingConnector] Accepted connection from /127.0.0.1:52487 to /127.0.0.1:51748.
11:38:01.178 [DEBUG] [org.gradle.launcher.daemon.server.SynchronizedDispatchConnection] thread 23: received class org.gradle.launcher.daemon.protocol.Build
11:38:01.179 [DEBUG] [org.gradle.launcher.daemon.server.DefaultDaemonConnection] thread 23: Received non-IO message from client: Build{id=0eeee333-b70a-425c-84ff-ba7d9e823f14.1, currentDir=C:\Users\TIH\Desktop\Pharmacee}
11:38:01.179 [INFO] [org.gradle.launcher.daemon.server.DefaultIncomingConnectionHandler] Received command: Build{id=0eeee333-b70a-425c-84ff-ba7d9e823f14.1, currentDir=C:\Users\TIH\Desktop\Pharmacee}.
11:38:01.179 [DEBUG] [org.gradle.launcher.daemon.server.DefaultIncomingConnectionHandler] Starting executing command: Build{id=0eeee333-b70a-425c-84ff-ba7d9e823f14.1, currentDir=C:\Users\TIH\Desktop\Pharmacee} with connection: socket connection from /127.0.0.1:51748 to /127.0.0.1:52487.
11:38:01.181 [DEBUG] [org.gradle.launcher.daemon.server.DaemonStateCoordinator] Command execution: started DaemonCommandExecution[command = Build{id=0eeee333-b70a-425c-84ff-ba7d9e823f14.1, currentDir=C:\Users\TIH\Desktop\Pharmacee}, connection = org.gradle.launcher.daemon.server.DefaultDaemonConnection@28084ea1] after 0.0 minutes of idle
11:38:01.181 [INFO] [org.gradle.launcher.daemon.server.DomainRegistryUpdater] Marking the daemon as busy, address: [76503d49-8ac8-463e-bcba-0a2b2b7abe1b port:51748, addresses:[/127.0.0.1, /0:0:0:0:0:0:0:1]]
11:38:01.181 [DEBUG] [org.gradle.launcher.daemon.registry.PersistentDaemonRegistry] Marking busy by address: [76503d49-8ac8-463e-bcba-0a2b2b7abe1b port:51748, addresses:[/127.0.0.1, /0:0:0:0:0:0:0:1]]
11:38:01.184 [DEBUG] [org.gradle.cache.internal.DefaultFileLockManager] Waiting to acquire exclusive lock on daemon addresses registry.
11:38:01.184 [DEBUG] [org.gradle.cache.internal.DefaultFileLockManager] Lock acquired.
11:38:01.191 [DEBUG] [org.gradle.cache.internal.DefaultFileLockManager] Releasing lock on daemon addresses registry.
11:38:01.192 [DEBUG] [org.gradle.launcher.daemon.server.DaemonStateCoordinator] updating lastActivityAt to 1485769081192
11:38:01.193 [INFO] [org.gradle.launcher.daemon.server.exec.StartBuildOrRespondWithBusy] Daemon is about to start building Build{id=0eeee333-b70a-425c-84ff-ba7d9e823f14.1, currentDir=C:\Users\TIH\Desktop\Pharmacee}. Dispatching build started information...
11:38:01.193 [DEBUG] [org.gradle.launcher.daemon.server.SynchronizedDispatchConnection] thread 19: dispatching class org.gradle.launcher.daemon.protocol.BuildStarted
11:38:01.194 [DEBUG] [org.gradle.launcher.daemon.server.exec.EstablishBuildEnvironment] Configuring env variables: {configsetroot=C:\Windows\ConfigSetRoot, PROCESSOR_LEVEL=6, FP_NO_HOST_CHECK=NO, SESSIONNAME=Console, ALLUSERSPROFILE=C:\ProgramData, TVTCOMMON=C:\Program Files (x86)\Common Files\Lenovo, PROCESSOR_ARCHITECTURE=AMD64, PSModulePath=C:\Windows\system32\WindowsPowerShell\v1.0\Modules\, SystemDrive=C:, COMMPath=C:\Program Files\Lenovo\Communications Utility, TVT=C:\Program Files (x86)\Lenovo, SWSHARE=C:\SWSHARE, USERNAME=TIH, ProgramFiles(x86)=C:\Program Files (x86), PATHEXT=.COM;.EXE;.BAT;.CMD;.VBS;.VBE;.JS;.JSE;.WSF;.WSH;.MSC, UOIPME_REG_PATH=C:\Program Files\Intel Corporation\USB over IP, ProgramData=C:\ProgramData, ProgramW6432=C:\Program Files, HOMEPATH=\Users\TIH, PROCESSOR_IDENTIFIER=Intel64 Family 6 Model 60 Stepping 3, GenuineIntel, ALCKPath=C:\Program Files\Lenovo\AutoLock, ProgramFiles=C:\Program Files, PUBLIC=C:\Users\Public, windir=C:\Windows, =::=::\, PowerMgrPath=C:\Program Files (x86)\Lenovo\PowerMgr, LOCALAPPDATA=C:\Users\TIH\AppData\Local, USERDOMAIN=TIH-PC, LOGONSERVER=\\TIH-PC, APPDATA=C:\Users\TIH\AppData\Roaming, READYAPPS=C:\SWTOOLS\ReadyApps, windows_tracing_logfile=C:\BVTBin\Tests\installpackage\csilogfile.log, VBOX_MSI_INSTALL_PATH=C:\Program Files\Oracle\VirtualBox\, CommonProgramFiles=C:\Program Files\Common Files, Path=C:\ProgramData\Oracle\Java\javapath;C:\Program Files (x86)\Intel\iCLS Client\;C:\Program Files\Intel\iCLS Client\;C:\Windows\system32;C:\Windows;C:\Windows\System32\Wbem;C:\Windows\System32\WindowsPowerShell\v1.0\;C:\Program Files\Intel\Intel(R) Management Engine Components\DAL;C:\Program Files\Intel\Intel(R) Management Engine Components\IPT;C:\Program Files (x86)\Intel\Intel(R) Management Engine Components\DAL;C:\Program Files (x86)\Intel\Intel(R) Management Engine Components\IPT;C:\Program Files\Intel\WiFi\bin\;C:\Program Files\Common Files\Intel\WirelessCommon\;C:\SWTOOLS\ReadyApps;C:\Program Files (x86)\Common Files\Lenovo;C:\Program Files (x86)\Common Files\lenovo\easyplussdk\bin;C:\Program Files\Git\cmd, OS=Windows_NT, windows_tracing_flags=3, COMPUTERNAME=TIH-PC, PROCESSOR_REVISION=3c03, CommonProgramW6432=C:\Program Files\Common Files, ComSpec=C:\Windows\system32\cmd.exe, SystemRoot=C:\Windows, TEMP=C:\Users\TIH\AppData\Local\Temp, HOMEDRIVE=C:, USERPROFILE=C:\Users\TIH, TMP=C:\Users\TIH\AppData\Local\Temp, BREAKPAD_DUMP_LOCATION=C:\Program Files (x86)\Goldleaf\Reports\Dump, easyplussdk="C:\Program Files (x86)\Common Files\lenovo\easyplussdk\bin", CommonProgramFiles(x86)=C:\Program Files (x86)\Common Files, NUMBER_OF_PROCESSORS=8}
11:38:01.195 [DEBUG] [org.gradle.launcher.daemon.server.exec.LogToClient] About to start relaying all logs to the client via the connection.
11:38:01.196 [INFO] [org.gradle.launcher.daemon.server.exec.LogToClient] The client will now receive all logging from the daemon (pid: 8876). The daemon log file: C:\Users\TIH\.gradle\daemon\2.14.1\daemon-8876.out.log
11:38:01.197 [INFO] [org.gradle.launcher.daemon.server.health.DaemonHealthTracker] Starting 2nd build in daemon [uptime: 2 mins 4.517 secs, performance: 96%, no major garbage collections]
11:38:01.197 [DEBUG] [org.gradle.launcher.daemon.server.exec.ExecuteBuild] The daemon has started executing the build.
11:38:01.197 [INFO] [org.gradle.launcher.daemon.server.exec.ExecuteBuild] Executing build with daemon context: DefaultDaemonContext[uid=ab7b99f0-5b7b-453f-a8b6-8021ed22f8c6,javaHome=C:\Program Files\Java\jdk1.8.0_101,daemonRegistryDir=C:\Users\TIH\.gradle\daemon,pid=8876,idleTimeout=10800000,daemonOpts=-Xmx1536m,-Dfile.encoding=windows-1252,-Duser.country=US,-Duser.language=en,-Duser.variant]
Configuration on demand is an incubating feature.
Incremental java compilation is an incubating feature.
:app:preBuild UP-TO-DATE
:app:preDebugBuild UP-TO-DATE
:app:checkDebugManifest
:app:preReleaseBuild UP-TO-DATE
:app:prepareComAndroidSupportAnimatedVectorDrawable2411Library UP-TO-DATE
:app:prepareComAndroidSupportAppcompatV72411Library UP-TO-DATE
:app:prepareComAndroidSupportSupportV42411Library UP-TO-DATE
:app:prepareComAndroidSupportSupportVectorDrawable2411Library UP-TO-DATE
:app:prepareDebugDependencies
:app:compileDebugAidl UP-TO-DATE
:app:compileDebugRenderscript UP-TO-DATE
:app:generateDebugBuildConfig UP-TO-DATE
:app:generateDebugResValues UP-TO-DATE
:app:generateDebugResources UP-TO-DATE
:app:mergeDebugResources UP-TO-DATE
:app:processDebugManifest UP-TO-DATE
:app:processDebugResources UP-TO-DATE
:app:generateDebugSources UP-TO-DATE
:app:mockableAndroidJar UP-TO-DATE
:app:preDebugUnitTestBuild UP-TO-DATE
:app:prepareDebugUnitTestDependencies
:app:preDebugAndroidTestBuild UP-TO-DATE
:app:prepareComAndroidSupportTestEspressoEspressoCore222Library UP-TO-DATE
:app:prepareComAndroidSupportTestEspressoEspressoIdlingResource222Library UP-TO-DATE
:app:prepareComAndroidSupportTestExposedInstrumentationApiPublish05Library UP-TO-DATE
:app:prepareComAndroidSupportTestRules05Library UP-TO-DATE
:app:prepareComAndroidSupportTestRunner05Library UP-TO-DATE
:app:prepareDebugAndroidTestDependencies
:app:compileDebugAndroidTestAidl UP-TO-DATE
:app:processDebugAndroidTestManifest UP-TO-DATE
:app:compileDebugAndroidTestRenderscript UP-TO-DATE
:app:generateDebugAndroidTestBuildConfig UP-TO-DATE
:app:generateDebugAndroidTestResValues UP-TO-DATE
:app:generateDebugAndroidTestResources UP-TO-DATE
:app:mergeDebugAndroidTestResources UP-TO-DATE
:app:processDebugAndroidTestResources UP-TO-DATE
:app:generateDebugAndroidTestSources UP-TO-DATE

BUILD SUCCESSFUL

Total time: 36.866 secs
11:38:37.975 [DEBUG] [org.gradle.cache.internal.btree.BTreePersistentIndexedCache] Closing cache fileHashes.bin (C:\Users\TIH\AndroidStudioProjects\Miwork\.gradle\2.14.1\taskArtifacts\fileHashes.bin)
11:38:38.172 [DEBUG] [org.gradle.cache.internal.btree.BTreePersistentIndexedCache] Closing cache fileSnapshots.bin (C:\Users\TIH\AndroidStudioProjects\Miwork\.gradle\2.14.1\taskArtifacts\fileSnapshots.bin)
11:38:38.310 [DEBUG] [org.gradle.cache.internal.btree.BTreePersistentIndexedCache] Closing cache taskArtifacts.bin (C:\Users\TIH\AndroidStudioProjects\Miwork\.gradle\2.14.1\taskArtifacts\taskArtifacts.bin)
11:38:38.318 [DEBUG] [org.gradle.cache.internal.DefaultFileLockManager] Releasing lock on task history cache (C:\Users\TIH\AndroidStudioProjects\Miwork\.gradle\2.14.1\taskArtifacts).
11:38:38.324 [DEBUG] [org.gradle.api.internal.artifacts.ivyservice.resolveengine.store.CachedStoreFactory] Resolution result cache closed. Cache reads: 0, disk reads: 0 (avg: 0.0 secs, total: 0.0 secs)
11:38:38.326 [DEBUG] [org.gradle.api.internal.artifacts.ivyservice.resolveengine.store.CachedStoreFactory] Resolution result cache closed. Cache reads: 0, disk reads: 10 (avg: 0.282 secs, total: 2.82 secs)
11:38:38.326 [DEBUG] [org.gradle.api.internal.artifacts.ivyservice.resolveengine.store.ResolutionResultsStoreFactory] Deleted 2 resolution results binary files in 0.004 secs
11:38:38.327 [DEBUG] [org.gradle.api.internal.artifacts.ivyservice.ivyresolve.memcache.InMemoryCachedRepositoryFactory] In-memory dependency metadata cache closed. Repos cached: 52, cache instances: 5, modules served from cache: 170, artifacts: 66
11:38:38.327 [DEBUG] [org.gradle.cache.internal.DefaultCacheAccess] Cache Generated Gradle JARs cache (C:\Users\TIH\.gradle\caches\2.14.1\generated-gradle-jars) was closed 0 times.
11:38:38.327 [DEBUG] [org.gradle.cache.internal.btree.BTreePersistentIndexedCache] Closing cache module-metadata.bin (C:\Users\TIH\.gradle\caches\modules-2\metadata-2.16\module-metadata.bin)
11:38:38.329 [DEBUG] [org.gradle.cache.internal.btree.BTreePersistentIndexedCache] Closing cache artifact-at-repository.bin (C:\Users\TIH\.gradle\caches\modules-2\metadata-2.16\artifact-at-repository.bin)
11:38:38.333 [DEBUG] [org.gradle.cache.internal.DefaultFileLockManager] Releasing lock on artifact cache (C:\Users\TIH\.gradle\caches\modules-2).
11:38:38.335 [DEBUG] [org.gradle.cache.internal.DefaultCacheAccess] Cache artifact cache (C:\Users\TIH\.gradle\caches\modules-2) was closed 5 times.
11:38:38.335 [DEBUG] [org.gradle.cache.internal.DefaultCacheAccess] Cache Plugin Resolution Cache (C:\Users\TIH\.gradle\caches\2.14.1\plugin-resolution) was closed 0 times.
11:38:38.336 [DEBUG] [org.gradle.api.internal.tasks.compile.daemon.CompilerDaemonManager] Stopping 0 compiler daemon(s).
11:38:38.336 [INFO] [org.gradle.api.internal.tasks.compile.daemon.CompilerDaemonManager] Stopped 0 compiler daemon(s).
11:38:38.336 [DEBUG] [org.gradle.cache.internal.DefaultCacheAccess] Cache jars (C:\Users\TIH\.gradle\caches\jars-1) was closed 0 times.
11:38:38.336 [DEBUG] [org.gradle.launcher.daemon.server.exec.ExecuteBuild] The daemon has finished executing the build.
11:38:38.337 [DEBUG] [org.gradle.launcher.daemon.server.health.DaemonStatus] GC rate: 0.0/s
11:38:38.340 [DEBUG] [org.gradle.launcher.daemon.server.DaemonStateCoordinator] Command execution: finished waiting for DaemonCommandExecution[command = Build{id=0eeee333-b70a-425c-84ff-ba7d9e823f14.1, currentDir=C:\Users\TIH\Desktop\Pharmacee}, connection = org.gradle.launcher.daemon.server.DefaultDaemonConnection@28084ea1]. Result org.gradle.launcher.daemon.server.DaemonStateCoordinator@692dff51 with state Running
11:38:38.340 [DEBUG] [org.gradle.launcher.daemon.server.DaemonStateCoordinator] Command execution: completed DaemonCommandExecution[command = Build{id=0eeee333-b70a-425c-84ff-ba7d9e823f14.1, currentDir=C:\Users\TIH\Desktop\Pharmacee}, connection = org.gradle.launcher.daemon.server.DefaultDaemonConnection@28084ea1]
11:38:38.341 [DEBUG] [org.gradle.launcher.daemon.server.DaemonStateCoordinator] updating lastActivityAt to 1485769118341
11:38:38.341 [INFO] [org.gradle.launcher.daemon.server.DomainRegistryUpdater] Marking the daemon as idle, address: [76503d49-8ac8-463e-bcba-0a2b2b7abe1b port:51748, addresses:[/127.0.0.1, /0:0:0:0:0:0:0:1]]
11:38:38.341 [DEBUG] [org.gradle.launcher.daemon.registry.PersistentDaemonRegistry] Marking idle by address: [76503d49-8ac8-463e-bcba-0a2b2b7abe1b port:51748, addresses:[/127.0.0.1, /0:0:0:0:0:0:0:1]]
11:38:38.358 [DEBUG] [org.gradle.cache.internal.DefaultFileLockManager] Waiting to acquire exclusive lock on daemon addresses registry.
11:38:38.359 [DEBUG] [org.gradle.cache.internal.DefaultFileLockManager] Lock acquired.
11:38:38.369 [DEBUG] [org.gradle.cache.internal.DefaultFileLockManager] Releasing lock on daemon addresses registry.
11:38:38.370 [DEBUG] [org.gradle.launcher.daemon.server.DaemonStateCoordinator] daemon is running. Sleeping until state changes.
11:38:38.370 [DEBUG] [org.gradle.launcher.daemon.server.exec.ReturnResult] Daemon is dispatching the build result: Success[value=org.gradle.tooling.internal.provider.BuildActionResult@1662231d]
11:38:38.371 [DEBUG] [org.gradle.launcher.daemon.server.SynchronizedDispatchConnection] thread 16: dispatching class org.gradle.launcher.daemon.protocol.Success
11:38:38.384 [DEBUG] [org.gradle.launcher.daemon.server.DefaultIncomingConnectionHandler] Finishing executing command: Build{id=0eeee333-b70a-425c-84ff-ba7d9e823f14.1, currentDir=C:\Users\TIH\Desktop\Pharmacee}
11:38:38.389 [DEBUG] [org.gradle.launcher.daemon.server.SynchronizedDispatchConnection] thread 23: received class org.gradle.launcher.daemon.protocol.Finished
11:38:38.390 [DEBUG] [org.gradle.launcher.daemon.server.DefaultDaemonConnection] thread 23: Received non-IO message from client: org.gradle.launcher.daemon.protocol.Finished@b7bd6d8
11:38:38.390 [DEBUG] [org.gradle.launcher.daemon.server.DefaultIncomingConnectionHandler] Received finished message: org.gradle.launcher.daemon.protocol.Finished@b7bd6d8
11:38:38.390 [DEBUG] [org.gradle.launcher.daemon.server.SynchronizedDispatchConnection] thread 16: stopping connection
11:38:38.390 [DEBUG] [org.gradle.internal.remote.internal.inet.SocketConnection] Discarding EOFException: java.io.EOFException
11:38:38.390 [DEBUG] [org.gradle.launcher.daemon.server.SynchronizedDispatchConnection] thread 23: received null
11:38:38.390 [DEBUG] [org.gradle.launcher.daemon.server.DefaultDaemonConnection] thread 23: Received end-of-input from client.
11:38:38.396 [DEBUG] [org.gradle.launcher.daemon.server.SynchronizedDispatchConnection] thread 16: stopping connection
11:39:04.801 [DEBUG] [org.gradle.launcher.daemon.server.Daemon] DaemonExpirationPeriodicCheck running
11:39:04.801 [DEBUG] [org.gradle.launcher.daemon.server.health.DaemonStatus] GC rate: 0.0/s
11:39:04.825 [DEBUG] [org.gradle.cache.internal.DefaultFileLockManager] Waiting to acquire shared lock on daemon addresses registry.
11:39:04.825 [DEBUG] [org.gradle.cache.internal.DefaultFileLockManager] Lock acquired.
11:39:04.827 [DEBUG] [org.gradle.cache.internal.DefaultFileLockManager] Releasing lock on daemon addresses registry.
11:40:04.804 [DEBUG] [org.gradle.launcher.daemon.server.Daemon] DaemonExpirationPeriodicCheck running
11:40:04.805 [DEBUG] [org.gradle.launcher.daemon.server.health.DaemonStatus] GC rate: 0.0/s
11:40:04.807 [DEBUG] [org.gradle.cache.internal.DefaultFileLockManager] Waiting to acquire shared lock on daemon addresses registry.
11:40:04.807 [DEBUG] [org.gradle.cache.internal.DefaultFileLockManager] Lock acquired.
11:40:04.809 [DEBUG] [org.gradle.cache.internal.DefaultFileLockManager] Releasing lock on daemon addresses registry.
11:41:04.827 [DEBUG] [org.gradle.launcher.daemon.server.Daemon] DaemonExpirationPeriodicCheck running
11:41:04.827 [DEBUG] [org.gradle.launcher.daemon.server.health.DaemonStatus] GC rate: 0.0/s
11:41:04.836 [DEBUG] [org.gradle.cache.internal.DefaultFileLockManager] Waiting to acquire shared lock on daemon addresses registry.
11:41:04.836 [DEBUG] [org.gradle.cache.internal.DefaultFileLockManager] Lock acquired.
11:41:04.838 [DEBUG] [org.gradle.cache.internal.DefaultFileLockManager] Releasing lock on daemon addresses registry.
11:42:04.806 [DEBUG] [org.gradle.launcher.daemon.server.Daemon] DaemonExpirationPeriodicCheck running
11:42:04.807 [DEBUG] [org.gradle.launcher.daemon.server.health.DaemonStatus] GC rate: 0.0/s
11:42:04.809 [DEBUG] [org.gradle.cache.internal.DefaultFileLockManager] Waiting to acquire shared lock on daemon addresses registry.
11:42:04.810 [DEBUG] [org.gradle.cache.internal.DefaultFileLockManager] Lock acquired.
11:42:04.812 [DEBUG] [org.gradle.cache.internal.DefaultFileLockManager] Releasing lock on daemon addresses registry.
11:43:04.809 [DEBUG] [org.gradle.launcher.daemon.server.Daemon] DaemonExpirationPeriodicCheck running
11:43:04.809 [DEBUG] [org.gradle.launcher.daemon.server.health.DaemonStatus] GC rate: 0.0/s
11:43:04.914 [DEBUG] [org.gradle.cache.internal.DefaultFileLockManager] Waiting to acquire shared lock on daemon addresses registry.
11:43:04.914 [DEBUG] [org.gradle.cache.internal.DefaultFileLockManager] Lock acquired.
11:43:04.916 [DEBUG] [org.gradle.cache.internal.DefaultFileLockManager] Releasing lock on daemon addresses registry.
